;  LST file generated by mikroListExporter - v.2.0 
; Date/Time: 20/06/2019 17:00:47
;----------------------------------------------

;Address Opcode 	ASM
0x0000	0xF003EF16  	GOTO        1580
0x0004	0x0000      	NOP
0x0006	0x0000      	NOP
0x0008	0xF000EF00  	GOTO        0
0x000C	0x0000      	NOP
0x000E	0x0000      	NOP
0x0010	0x0000      	NOP
0x0012	0x0000      	NOP
0x0014	0x0000      	NOP
0x0016	0x0000      	NOP
0x0018	0xD7F3      	BRA         0
_Mul_32x32_U:
;__Lib_Math.c,1616 :: 		
;__Lib_Math.c,1631 :: 		
0x001C	0x0E22      	MOVLW       34
;__Lib_Math.c,1632 :: 		
0x001E	0x6E0C      	MOVWF       R12, 0
;__Lib_Math.c,1633 :: 		
0x0020	0x6A08      	CLRF        R8, 0
;__Lib_Math.c,1634 :: 		
0x0022	0x6A09      	CLRF        R9, 0
;__Lib_Math.c,1635 :: 		
0x0024	0x6A0A      	CLRF        R10, 0
;__Lib_Math.c,1636 :: 		
0x0026	0x6A0B      	CLRF        R11, 0
;__Lib_Math.c,1638 :: 		
_NEXT:
;__Lib_Math.c,1642 :: 		
0x0028	0x060C      	DECF        R12, 1, 0
;__Lib_Math.c,1643 :: 		
0x002A	0xB4D8      	BTFSC       STATUS, 2, 0
;__Lib_Math.c,1644 :: 		
0x002C	0xD01F      	BRA         _EXIT2
;__Lib_Math.c,1645 :: 		
0x002E	0x90D8      	BCF         STATUS, 0, 0
;__Lib_Math.c,1647 :: 		
_LOOP:
;__Lib_Math.c,1656 :: 		
0x0030	0x320B      	RRCF        R11, 1, 0
;__Lib_Math.c,1657 :: 		
0x0032	0x320A      	RRCF        R10, 1, 0
;__Lib_Math.c,1658 :: 		
0x0034	0x3209      	RRCF        R9, 1, 0
;__Lib_Math.c,1659 :: 		
0x0036	0x3208      	RRCF        R8, 1, 0
;__Lib_Math.c,1660 :: 		
0x0038	0x3203      	RRCF        R3, 1, 0
;__Lib_Math.c,1661 :: 		
0x003A	0x3202      	RRCF        R2, 1, 0
;__Lib_Math.c,1662 :: 		
0x003C	0x3201      	RRCF        R1, 1, 0
;__Lib_Math.c,1663 :: 		
0x003E	0x3200      	RRCF        R0, 1, 0
;__Lib_Math.c,1668 :: 		
0x0040	0xA0D8      	BTFSS       STATUS, 0, 0
;__Lib_Math.c,1669 :: 		
0x0042	0xD7F2      	BRA         _NEXT
;__Lib_Math.c,1670 :: 		
0x0044	0x060C      	DECF        R12, 1, 0
;__Lib_Math.c,1671 :: 		
0x0046	0xB4D8      	BTFSC       STATUS, 2, 0
;__Lib_Math.c,1672 :: 		
0x0048	0xD009      	BRA         _EXIT1
;__Lib_Math.c,1679 :: 		
0x004A	0x5004      	MOVF        R4, 0, 0
;__Lib_Math.c,1680 :: 		
0x004C	0x2608      	ADDWF       R8, 1, 0
;__Lib_Math.c,1681 :: 		
0x004E	0x5005      	MOVF        R5, 0, 0
;__Lib_Math.c,1684 :: 		
0x0050	0x2209      	ADDWFC      R9, 1, 0
;__Lib_Math.c,1685 :: 		
0x0052	0x5006      	MOVF        R6, 0, 0
;__Lib_Math.c,1688 :: 		
0x0054	0x220A      	ADDWFC      R10, 1, 0
;__Lib_Math.c,1689 :: 		
0x0056	0x5007      	MOVF        R7, 0, 0
;__Lib_Math.c,1692 :: 		
0x0058	0x220B      	ADDWFC      R11, 1, 0
;__Lib_Math.c,1694 :: 		
0x005A	0xD7EA      	BRA         _LOOP
;__Lib_Math.c,1696 :: 		
_EXIT1:
;__Lib_Math.c,1701 :: 		
0x005C	0x5004      	MOVF        R4, 0, 0
;__Lib_Math.c,1702 :: 		
0x005E	0x2608      	ADDWF       R8, 1, 0
;__Lib_Math.c,1703 :: 		
0x0060	0x5005      	MOVF        R5, 0, 0
;__Lib_Math.c,1706 :: 		
0x0062	0x2209      	ADDWFC      R9, 1, 0
;__Lib_Math.c,1707 :: 		
0x0064	0x5006      	MOVF        R6, 0, 0
;__Lib_Math.c,1710 :: 		
0x0066	0x220A      	ADDWFC      R10, 1, 0
;__Lib_Math.c,1711 :: 		
0x0068	0x5007      	MOVF        R7, 0, 0
;__Lib_Math.c,1714 :: 		
0x006A	0x220B      	ADDWFC      R11, 1, 0
;__Lib_Math.c,1717 :: 		
_EXIT2:
;__Lib_Math.c,1719 :: 		
L_end_Mul_32x32_U:
0x006C	0x0012      	RETURN      0
; end of _Mul_32x32_U
_Get_Fosc_kHz:
;__Lib_Delays.c,1 :: 		unsigned long Get_Fosc_kHz(){
;__Lib_Delays.c,3 :: 		return Clock_kHz();
0x006E	0x0E20      	MOVLW       32
0x0070	0x6E00      	MOVWF       R0 
0x0072	0x0E4E      	MOVLW       78
0x0074	0x6E01      	MOVWF       R1 
0x0076	0x0E00      	MOVLW       0
0x0078	0x6E02      	MOVWF       R2 
0x007A	0x6E03      	MOVWF       R3 
;__Lib_Delays.c,5 :: 		}
L_end_Get_Fosc_kHz:
0x007C	0x0012      	RETURN      0
; end of _Get_Fosc_kHz
_Delay_1us:
;__Lib_Delays.c,7 :: 		void Delay_1us() {
;__Lib_Delays.c,8 :: 		Delay_us(1);
0x007E	0x0000      	NOP
0x0080	0x0000      	NOP
0x0082	0x0000      	NOP
0x0084	0x0000      	NOP
0x0086	0x0000      	NOP
;__Lib_Delays.c,9 :: 		}
L_end_Delay_1us:
0x0088	0x0012      	RETURN      0
; end of _Delay_1us
_Delay_Cyc:
;__Lib_Delays.c,105 :: 		void Delay_Cyc(char cycles_div_by_10)  { // Cycles_div_by_10: min 3, max 255
;__Lib_Delays.c,106 :: 		--cycles_div_by_10;
0x008A	0x0650      	DECF        FARG_Delay_Cyc_cycles_div_by_10, 1 
;__Lib_Delays.c,107 :: 		--cycles_div_by_10;
0x008C	0x0650      	DECF        FARG_Delay_Cyc_cycles_div_by_10, 1 
;__Lib_Delays.c,108 :: 		while (cycles_div_by_10-- > 0) {
L_Delay_Cyc21:
0x008E	0xF001C050  	MOVFF       FARG_Delay_Cyc_cycles_div_by_10, R1
0x0092	0x0650      	DECF        FARG_Delay_Cyc_cycles_div_by_10, 1 
0x0094	0x5001      	MOVF        R1, 0 
0x0096	0x0800      	SUBLW       0
0x0098	0xE203      	BC          L_Delay_Cyc22
;__Lib_Delays.c,110 :: 		NOP
0x009A	0x0000      	NOP
;__Lib_Delays.c,111 :: 		NOP
0x009C	0x0000      	NOP
;__Lib_Delays.c,113 :: 		}
0x009E	0xD7F7      	BRA         L_Delay_Cyc21
L_Delay_Cyc22:
;__Lib_Delays.c,115 :: 		NOP
0x00A0	0x0000      	NOP
;__Lib_Delays.c,116 :: 		NOP
0x00A2	0x0000      	NOP
;__Lib_Delays.c,117 :: 		NOP
0x00A4	0x0000      	NOP
;__Lib_Delays.c,118 :: 		NOP
0x00A6	0x0000      	NOP
;__Lib_Delays.c,119 :: 		NOP
0x00A8	0x0000      	NOP
;__Lib_Delays.c,121 :: 		}
L_end_Delay_Cyc:
0x00AA	0x0012      	RETURN      0
; end of _Delay_Cyc
_Div_16X16_U:
;__Lib_Math.c,102 :: 		
;__Lib_Math.c,109 :: 		
0x00AC	0x6A08      	CLRF        R8, 0
;__Lib_Math.c,110 :: 		
0x00AE	0x6A09      	CLRF        R9, 0
;__Lib_Math.c,111 :: 		
0x00B0	0x0E10      	MOVLW       16
;__Lib_Math.c,112 :: 		
0x00B2	0x6E0C      	MOVWF       R12, 0
;__Lib_Math.c,113 :: 		
0x00B4	0x3401      	RLCF        R1, 0, 0
;__Lib_Math.c,114 :: 		
0x00B6	0x3608      	RLCF        R8, 1, 0
;__Lib_Math.c,115 :: 		
0x00B8	0x3609      	RLCF        R9, 1, 0
;__Lib_Math.c,116 :: 		
0x00BA	0x5004      	MOVF        R4, 0, 0
;__Lib_Math.c,117 :: 		
0x00BC	0x5E08      	SUBWF       R8, 1, 0
;__Lib_Math.c,118 :: 		
0x00BE	0x5005      	MOVF        R5, 0, 0
;__Lib_Math.c,119 :: 		
0x00C0	0xA0D8      	BTFSS       STATUS, 0, 0
;__Lib_Math.c,120 :: 		
0x00C2	0x3C05      	INCFSZ      R5, 0, 0
;__Lib_Math.c,121 :: 		
0x00C4	0x5E09      	SUBWF       R9, 1, 0
;__Lib_Math.c,122 :: 		
0x00C6	0xB0D8      	BTFSC       STATUS, 0, 0
;__Lib_Math.c,123 :: 		
0x00C8	0xD007      	BRA         $+16
;__Lib_Math.c,124 :: 		
0x00CA	0x5004      	MOVF        R4, 0, 0
;__Lib_Math.c,125 :: 		
0x00CC	0x2608      	ADDWF       R8, 1, 0
;__Lib_Math.c,126 :: 		
0x00CE	0x5005      	MOVF        R5, 0, 0
;__Lib_Math.c,127 :: 		
0x00D0	0xB0D8      	BTFSC       STATUS, 0, 0
;__Lib_Math.c,128 :: 		
0x00D2	0x3C05      	INCFSZ      R5, 0, 0
;__Lib_Math.c,129 :: 		
0x00D4	0x2609      	ADDWF       R9, 1, 0
;__Lib_Math.c,130 :: 		
0x00D6	0x90D8      	BCF         STATUS, 0, 0
;__Lib_Math.c,131 :: 		
0x00D8	0x3600      	RLCF        R0, 1, 0
;__Lib_Math.c,132 :: 		
0x00DA	0x3601      	RLCF        R1, 1, 0
;__Lib_Math.c,133 :: 		
0x00DC	0x2E0C      	DECFSZ      R12, 1, 0
;__Lib_Math.c,134 :: 		
0x00DE	0xD7EA      	BRA         $-42
;__Lib_Math.c,136 :: 		
L_end_Div_16X16_U:
0x00E0	0x0012      	RETURN      0
; end of _Div_16X16_U
_Div_32x32_U:
;__Lib_Math.c,1162 :: 		
;__Lib_Math.c,1173 :: 		
0x00E2	0x6A0B      	CLRF        R11, 0
;__Lib_Math.c,1174 :: 		
0x00E4	0x6A0A      	CLRF        R10, 0
;__Lib_Math.c,1175 :: 		
0x00E6	0x6A09      	CLRF        R9, 0
;__Lib_Math.c,1176 :: 		
0x00E8	0x6A08      	CLRF        R8, 0
;__Lib_Math.c,1178 :: 		
0x00EA	0x6A0E      	CLRF        R14, 0
;__Lib_Math.c,1180 :: 		
0x00EC	0x3403      	RLCF        R3, 0, 0
;__Lib_Math.c,1181 :: 		
0x00EE	0x3608      	RLCF        R8, 1, 0
;__Lib_Math.c,1182 :: 		
0x00F0	0x5004      	MOVF        R4, 0, 0
;__Lib_Math.c,1183 :: 		
0x00F2	0x5E08      	SUBWF       R8, 1, 0
;__Lib_Math.c,1184 :: 		
0x00F4	0x5005      	MOVF        R5, 0, 0
;__Lib_Math.c,1185 :: 		
0x00F6	0xA0D8      	BTFSS       STATUS, 0, 0
;__Lib_Math.c,1186 :: 		
0x00F8	0x3C05      	INCFSZ      R5, 0, 0
;__Lib_Math.c,1187 :: 		
0x00FA	0x5E09      	SUBWF       R9, 1, 0
;__Lib_Math.c,1188 :: 		
0x00FC	0x5006      	MOVF        R6, 0, 0
;__Lib_Math.c,1189 :: 		
0x00FE	0xA0D8      	BTFSS       STATUS, 0, 0
;__Lib_Math.c,1190 :: 		
0x0100	0x3C06      	INCFSZ      R6, 0, 0
;__Lib_Math.c,1191 :: 		
0x0102	0x5E0A      	SUBWF       R10, 1, 0
;__Lib_Math.c,1192 :: 		
0x0104	0x5007      	MOVF        R7, 0, 0
;__Lib_Math.c,1193 :: 		
0x0106	0xA0D8      	BTFSS       STATUS, 0, 0
;__Lib_Math.c,1194 :: 		
0x0108	0x3C07      	INCFSZ      R7, 0, 0
;__Lib_Math.c,1195 :: 		
0x010A	0x5E0B      	SUBWF       R11, 1, 0
;__Lib_Math.c,1197 :: 		
0x010C	0x6AE8      	CLRF        WREG, 0
;__Lib_Math.c,1198 :: 		
0x010E	0xA0D8      	BTFSS       STATUS, 0, 0
;__Lib_Math.c,1199 :: 		
0x0110	0x0E01      	MOVLW       1
;__Lib_Math.c,1200 :: 		
0x0112	0x5E0E      	SUBWF       R14, 1, 0
;__Lib_Math.c,1201 :: 		
0x0114	0x3603      	RLCF        R3, 1, 0
;__Lib_Math.c,1203 :: 		
0x0116	0x0E07      	MOVLW       7
;__Lib_Math.c,1204 :: 		
0x0118	0x6E0C      	MOVWF       R12, 0
;__Lib_Math.c,1206 :: 		
LOOPU3232A:
;__Lib_Math.c,1207 :: 		
0x011A	0x3403      	RLCF        R3, 0, 0
;__Lib_Math.c,1208 :: 		
0x011C	0x3608      	RLCF        R8, 1, 0
;__Lib_Math.c,1209 :: 		
0x011E	0x3609      	RLCF        R9, 1, 0
;__Lib_Math.c,1210 :: 		
0x0120	0x360A      	RLCF        R10, 1, 0
;__Lib_Math.c,1211 :: 		
0x0122	0x360B      	RLCF        R11, 1, 0
;__Lib_Math.c,1212 :: 		
0x0124	0x360E      	RLCF        R14, 1, 0
;__Lib_Math.c,1213 :: 		
0x0126	0x5004      	MOVF        R4, 0, 0
;__Lib_Math.c,1214 :: 		
0x0128	0xA003      	BTFSS       R3, 0, 0
;__Lib_Math.c,1215 :: 		
0x012A	0xD012      	BRA         UADD22LA
;__Lib_Math.c,1217 :: 		
0x012C	0x5E08      	SUBWF       R8, 1, 0
;__Lib_Math.c,1218 :: 		
0x012E	0x5005      	MOVF        R5, 0, 0
;__Lib_Math.c,1219 :: 		
0x0130	0xA0D8      	BTFSS       STATUS, 0, 0
;__Lib_Math.c,1220 :: 		
0x0132	0x3C05      	INCFSZ      R5, 0, 0
;__Lib_Math.c,1221 :: 		
0x0134	0x5E09      	SUBWF       R9, 1, 0
;__Lib_Math.c,1222 :: 		
0x0136	0x5006      	MOVF        R6, 0, 0
;__Lib_Math.c,1223 :: 		
0x0138	0xA0D8      	BTFSS       STATUS, 0, 0
;__Lib_Math.c,1224 :: 		
0x013A	0x3C06      	INCFSZ      R6, 0, 0
;__Lib_Math.c,1225 :: 		
0x013C	0x5E0A      	SUBWF       R10, 1, 0
;__Lib_Math.c,1226 :: 		
0x013E	0x5007      	MOVF        R7, 0, 0
;__Lib_Math.c,1227 :: 		
0x0140	0xA0D8      	BTFSS       STATUS, 0, 0
;__Lib_Math.c,1228 :: 		
0x0142	0x3C07      	INCFSZ      R7, 0, 0
;__Lib_Math.c,1229 :: 		
0x0144	0x5E0B      	SUBWF       R11, 1, 0
;__Lib_Math.c,1230 :: 		
0x0146	0x6AE8      	CLRF        WREG, 0
;__Lib_Math.c,1231 :: 		
0x0148	0xA0D8      	BTFSS       STATUS, 0, 0
;__Lib_Math.c,1232 :: 		
0x014A	0x0E01      	MOVLW       1
;__Lib_Math.c,1233 :: 		
0x014C	0x5E0E      	SUBWF       R14, 1, 0
;__Lib_Math.c,1234 :: 		
0x014E	0xD011      	BRA         UOK22LA
;__Lib_Math.c,1236 :: 		
UADD22LA:
;__Lib_Math.c,1237 :: 		
0x0150	0x2608      	ADDWF       R8, 1, 0
;__Lib_Math.c,1238 :: 		
0x0152	0x5005      	MOVF        R5, 0, 0
;__Lib_Math.c,1239 :: 		
0x0154	0xB0D8      	BTFSC       STATUS, 0, 0
;__Lib_Math.c,1240 :: 		
0x0156	0x3C05      	INCFSZ      R5, 0, 0
;__Lib_Math.c,1241 :: 		
0x0158	0x2609      	ADDWF       R9, 1, 0
;__Lib_Math.c,1242 :: 		
0x015A	0x5006      	MOVF        R6, 0, 0
;__Lib_Math.c,1243 :: 		
0x015C	0xB0D8      	BTFSC       STATUS, 0, 0
;__Lib_Math.c,1244 :: 		
0x015E	0x3C06      	INCFSZ      R6, 0, 0
;__Lib_Math.c,1245 :: 		
0x0160	0x260A      	ADDWF       R10, 1, 0
;__Lib_Math.c,1246 :: 		
0x0162	0x5007      	MOVF        R7, 0, 0
;__Lib_Math.c,1247 :: 		
0x0164	0xB0D8      	BTFSC       STATUS, 0, 0
;__Lib_Math.c,1248 :: 		
0x0166	0x3C07      	INCFSZ      R7, 0, 0
;__Lib_Math.c,1249 :: 		
0x0168	0x260B      	ADDWF       R11, 1, 0
;__Lib_Math.c,1250 :: 		
0x016A	0x6AE8      	CLRF        WREG, 0
;__Lib_Math.c,1251 :: 		
0x016C	0xB0D8      	BTFSC       STATUS, 0, 0
;__Lib_Math.c,1252 :: 		
0x016E	0x0E01      	MOVLW       1
;__Lib_Math.c,1253 :: 		
0x0170	0x260E      	ADDWF       R14, 1, 0
;__Lib_Math.c,1255 :: 		
UOK22LA:
;__Lib_Math.c,1256 :: 		
0x0172	0x3603      	RLCF        R3, 1, 0
;__Lib_Math.c,1258 :: 		
0x0174	0x2E0C      	DECFSZ      R12, 1, 0
;__Lib_Math.c,1259 :: 		
0x0176	0xD7D1      	BRA         LOOPU3232A
;__Lib_Math.c,1261 :: 		
0x0178	0x3402      	RLCF        R2, 0, 0
;__Lib_Math.c,1262 :: 		
0x017A	0x3608      	RLCF        R8, 1, 0
;__Lib_Math.c,1263 :: 		
0x017C	0x3609      	RLCF        R9, 1, 0
;__Lib_Math.c,1264 :: 		
0x017E	0x360A      	RLCF        R10, 1, 0
;__Lib_Math.c,1265 :: 		
0x0180	0x360B      	RLCF        R11, 1, 0
;__Lib_Math.c,1266 :: 		
0x0182	0x360E      	RLCF        R14, 1, 0
;__Lib_Math.c,1267 :: 		
0x0184	0x5004      	MOVF        R4, 0, 0
;__Lib_Math.c,1268 :: 		
0x0186	0xA003      	BTFSS       R3, 0, 0
;__Lib_Math.c,1269 :: 		
0x0188	0xD012      	BRA         UADD22L8
;__Lib_Math.c,1271 :: 		
0x018A	0x5E08      	SUBWF       R8, 1, 0
;__Lib_Math.c,1272 :: 		
0x018C	0x5005      	MOVF        R5, 0, 0
;__Lib_Math.c,1273 :: 		
0x018E	0xA0D8      	BTFSS       STATUS, 0, 0
;__Lib_Math.c,1274 :: 		
0x0190	0x3C05      	INCFSZ      R5, 0, 0
;__Lib_Math.c,1275 :: 		
0x0192	0x5E09      	SUBWF       R9, 1, 0
;__Lib_Math.c,1276 :: 		
0x0194	0x5006      	MOVF        R6, 0, 0
;__Lib_Math.c,1277 :: 		
0x0196	0xA0D8      	BTFSS       STATUS, 0, 0
;__Lib_Math.c,1278 :: 		
0x0198	0x3C06      	INCFSZ      R6, 0, 0
;__Lib_Math.c,1279 :: 		
0x019A	0x5E0A      	SUBWF       R10, 1, 0
;__Lib_Math.c,1280 :: 		
0x019C	0x5007      	MOVF        R7, 0, 0
;__Lib_Math.c,1281 :: 		
0x019E	0xA0D8      	BTFSS       STATUS, 0, 0
;__Lib_Math.c,1282 :: 		
0x01A0	0x3C07      	INCFSZ      R7, 0, 0
;__Lib_Math.c,1283 :: 		
0x01A2	0x5E0B      	SUBWF       R11, 1, 0
;__Lib_Math.c,1284 :: 		
0x01A4	0x6AE8      	CLRF        WREG, 0
;__Lib_Math.c,1285 :: 		
0x01A6	0xA0D8      	BTFSS       STATUS, 0, 0
;__Lib_Math.c,1286 :: 		
0x01A8	0x0E01      	MOVLW       1
;__Lib_Math.c,1287 :: 		
0x01AA	0x5E0E      	SUBWF       R14, 1, 0
;__Lib_Math.c,1288 :: 		
0x01AC	0xD011      	BRA         UOK22L8
;__Lib_Math.c,1290 :: 		
UADD22L8:
;__Lib_Math.c,1291 :: 		
0x01AE	0x2608      	ADDWF       R8, 1, 0
;__Lib_Math.c,1292 :: 		
0x01B0	0x5005      	MOVF        R5, 0, 0
;__Lib_Math.c,1293 :: 		
0x01B2	0xB0D8      	BTFSC       STATUS, 0, 0
;__Lib_Math.c,1294 :: 		
0x01B4	0x3C05      	INCFSZ      R5, 0, 0
;__Lib_Math.c,1295 :: 		
0x01B6	0x2609      	ADDWF       R9, 1, 0
;__Lib_Math.c,1296 :: 		
0x01B8	0x5006      	MOVF        R6, 0, 0
;__Lib_Math.c,1297 :: 		
0x01BA	0xB0D8      	BTFSC       STATUS, 0, 0
;__Lib_Math.c,1298 :: 		
0x01BC	0x3C06      	INCFSZ      R6, 0, 0
;__Lib_Math.c,1299 :: 		
0x01BE	0x260A      	ADDWF       R10, 1, 0
;__Lib_Math.c,1300 :: 		
0x01C0	0x5007      	MOVF        R7, 0, 0
;__Lib_Math.c,1301 :: 		
0x01C2	0xB0D8      	BTFSC       STATUS, 0, 0
;__Lib_Math.c,1302 :: 		
0x01C4	0x3C07      	INCFSZ      R7, 0, 0
;__Lib_Math.c,1303 :: 		
0x01C6	0x260B      	ADDWF       R11, 1, 0
;__Lib_Math.c,1304 :: 		
0x01C8	0x6AE8      	CLRF        WREG, 0
;__Lib_Math.c,1305 :: 		
0x01CA	0xB0D8      	BTFSC       STATUS, 0, 0
;__Lib_Math.c,1306 :: 		
0x01CC	0x0E01      	MOVLW       1
;__Lib_Math.c,1307 :: 		
0x01CE	0x260E      	ADDWF       R14, 1, 0
;__Lib_Math.c,1309 :: 		
UOK22L8:
;__Lib_Math.c,1310 :: 		
0x01D0	0x3602      	RLCF        R2, 1, 0
;__Lib_Math.c,1312 :: 		
0x01D2	0x0E07      	MOVLW       7
;__Lib_Math.c,1313 :: 		
0x01D4	0x6E0C      	MOVWF       R12, 0
;__Lib_Math.c,1315 :: 		
LOOPU3232B:
;__Lib_Math.c,1316 :: 		
0x01D6	0x3402      	RLCF        R2, 0, 0
;__Lib_Math.c,1317 :: 		
0x01D8	0x3608      	RLCF        R8, 1, 0
;__Lib_Math.c,1318 :: 		
0x01DA	0x3609      	RLCF        R9, 1, 0
;__Lib_Math.c,1319 :: 		
0x01DC	0x360A      	RLCF        R10, 1, 0
;__Lib_Math.c,1320 :: 		
0x01DE	0x360B      	RLCF        R11, 1, 0
;__Lib_Math.c,1321 :: 		
0x01E0	0x360E      	RLCF        R14, 1, 0
;__Lib_Math.c,1322 :: 		
0x01E2	0x5004      	MOVF        R4, 0, 0
;__Lib_Math.c,1323 :: 		
0x01E4	0xA002      	BTFSS       R2, 0, 0
;__Lib_Math.c,1324 :: 		
0x01E6	0xD012      	BRA         UADD22LB
;__Lib_Math.c,1326 :: 		
0x01E8	0x5E08      	SUBWF       R8, 1, 0
;__Lib_Math.c,1327 :: 		
0x01EA	0x5005      	MOVF        R5, 0, 0
;__Lib_Math.c,1328 :: 		
0x01EC	0xA0D8      	BTFSS       STATUS, 0, 0
;__Lib_Math.c,1329 :: 		
0x01EE	0x3C05      	INCFSZ      R5, 0, 0
;__Lib_Math.c,1330 :: 		
0x01F0	0x5E09      	SUBWF       R9, 1, 0
;__Lib_Math.c,1331 :: 		
0x01F2	0x5006      	MOVF        R6, 0, 0
;__Lib_Math.c,1332 :: 		
0x01F4	0xA0D8      	BTFSS       STATUS, 0, 0
;__Lib_Math.c,1333 :: 		
0x01F6	0x3C06      	INCFSZ      R6, 0, 0
;__Lib_Math.c,1334 :: 		
0x01F8	0x5E0A      	SUBWF       R10, 1, 0
;__Lib_Math.c,1335 :: 		
0x01FA	0x5007      	MOVF        R7, 0, 0
;__Lib_Math.c,1336 :: 		
0x01FC	0xA0D8      	BTFSS       STATUS, 0, 0
;__Lib_Math.c,1337 :: 		
0x01FE	0x3C07      	INCFSZ      R7, 0, 0
;__Lib_Math.c,1338 :: 		
0x0200	0x5E0B      	SUBWF       R11, 1, 0
;__Lib_Math.c,1339 :: 		
0x0202	0x6AE8      	CLRF        WREG, 0
;__Lib_Math.c,1340 :: 		
0x0204	0xA0D8      	BTFSS       STATUS, 0, 0
;__Lib_Math.c,1341 :: 		
0x0206	0x0E01      	MOVLW       1
;__Lib_Math.c,1342 :: 		
0x0208	0x5E0E      	SUBWF       R14, 1, 0
;__Lib_Math.c,1343 :: 		
0x020A	0xD011      	BRA         UOK22LB
;__Lib_Math.c,1345 :: 		
UADD22LB:
;__Lib_Math.c,1346 :: 		
0x020C	0x2608      	ADDWF       R8, 1, 0
;__Lib_Math.c,1347 :: 		
0x020E	0x5005      	MOVF        R5, 0, 0
;__Lib_Math.c,1348 :: 		
0x0210	0xB0D8      	BTFSC       STATUS, 0, 0
;__Lib_Math.c,1349 :: 		
0x0212	0x3C05      	INCFSZ      R5, 0, 0
;__Lib_Math.c,1350 :: 		
0x0214	0x2609      	ADDWF       R9, 1, 0
;__Lib_Math.c,1351 :: 		
0x0216	0x5006      	MOVF        R6, 0, 0
;__Lib_Math.c,1352 :: 		
0x0218	0xB0D8      	BTFSC       STATUS, 0, 0
;__Lib_Math.c,1353 :: 		
0x021A	0x3C06      	INCFSZ      R6, 0, 0
;__Lib_Math.c,1354 :: 		
0x021C	0x260A      	ADDWF       R10, 1, 0
;__Lib_Math.c,1355 :: 		
0x021E	0x5007      	MOVF        R7, 0, 0
;__Lib_Math.c,1356 :: 		
0x0220	0xB0D8      	BTFSC       STATUS, 0, 0
;__Lib_Math.c,1357 :: 		
0x0222	0x3C07      	INCFSZ      R7, 0, 0
;__Lib_Math.c,1358 :: 		
0x0224	0x260B      	ADDWF       R11, 1, 0
;__Lib_Math.c,1359 :: 		
0x0226	0x6AE8      	CLRF        WREG, 0
;__Lib_Math.c,1360 :: 		
0x0228	0xB0D8      	BTFSC       STATUS, 0, 0
;__Lib_Math.c,1361 :: 		
0x022A	0x0E01      	MOVLW       1
;__Lib_Math.c,1362 :: 		
0x022C	0x260E      	ADDWF       R14, 1, 0
;__Lib_Math.c,1364 :: 		
UOK22LB:
;__Lib_Math.c,1365 :: 		
0x022E	0x3602      	RLCF        R2, 1, 0
;__Lib_Math.c,1367 :: 		
0x0230	0x2E0C      	DECFSZ      R12, 1, 0
;__Lib_Math.c,1368 :: 		
0x0232	0xD7D1      	BRA         LOOPU3232B
;__Lib_Math.c,1370 :: 		
0x0234	0x3401      	RLCF        R1, 0, 0
;__Lib_Math.c,1371 :: 		
0x0236	0x3608      	RLCF        R8, 1, 0
;__Lib_Math.c,1372 :: 		
0x0238	0x3609      	RLCF        R9, 1, 0
;__Lib_Math.c,1373 :: 		
0x023A	0x360A      	RLCF        R10, 1, 0
;__Lib_Math.c,1374 :: 		
0x023C	0x360B      	RLCF        R11, 1, 0
;__Lib_Math.c,1375 :: 		
0x023E	0x360E      	RLCF        R14, 1, 0
;__Lib_Math.c,1376 :: 		
0x0240	0x5004      	MOVF        R4, 0, 0
;__Lib_Math.c,1377 :: 		
0x0242	0xA002      	BTFSS       R2, 0, 0
;__Lib_Math.c,1378 :: 		
0x0244	0xD012      	BRA         UADD22L16
;__Lib_Math.c,1380 :: 		
0x0246	0x5E08      	SUBWF       R8, 1, 0
;__Lib_Math.c,1381 :: 		
0x0248	0x5005      	MOVF        R5, 0, 0
;__Lib_Math.c,1382 :: 		
0x024A	0xA0D8      	BTFSS       STATUS, 0, 0
;__Lib_Math.c,1383 :: 		
0x024C	0x3C05      	INCFSZ      R5, 0, 0
;__Lib_Math.c,1384 :: 		
0x024E	0x5E09      	SUBWF       R9, 1, 0
;__Lib_Math.c,1385 :: 		
0x0250	0x5006      	MOVF        R6, 0, 0
;__Lib_Math.c,1386 :: 		
0x0252	0xA0D8      	BTFSS       STATUS, 0, 0
;__Lib_Math.c,1387 :: 		
0x0254	0x3C06      	INCFSZ      R6, 0, 0
;__Lib_Math.c,1388 :: 		
0x0256	0x5E0A      	SUBWF       R10, 1, 0
;__Lib_Math.c,1389 :: 		
0x0258	0x5007      	MOVF        R7, 0, 0
;__Lib_Math.c,1390 :: 		
0x025A	0xA0D8      	BTFSS       STATUS, 0, 0
;__Lib_Math.c,1391 :: 		
0x025C	0x3C07      	INCFSZ      R7, 0, 0
;__Lib_Math.c,1392 :: 		
0x025E	0x5E0B      	SUBWF       R11, 1, 0
;__Lib_Math.c,1393 :: 		
0x0260	0x6AE8      	CLRF        WREG, 0
;__Lib_Math.c,1394 :: 		
0x0262	0xA0D8      	BTFSS       STATUS, 0, 0
;__Lib_Math.c,1395 :: 		
0x0264	0x0E01      	MOVLW       1
;__Lib_Math.c,1396 :: 		
0x0266	0x5E0E      	SUBWF       R14, 1, 0
;__Lib_Math.c,1397 :: 		
0x0268	0xD011      	BRA         UOK22L16
;__Lib_Math.c,1399 :: 		
UADD22L16:
;__Lib_Math.c,1400 :: 		
0x026A	0x2608      	ADDWF       R8, 1, 0
;__Lib_Math.c,1401 :: 		
0x026C	0x5005      	MOVF        R5, 0, 0
;__Lib_Math.c,1402 :: 		
0x026E	0xB0D8      	BTFSC       STATUS, 0, 0
;__Lib_Math.c,1403 :: 		
0x0270	0x3C05      	INCFSZ      R5, 0, 0
;__Lib_Math.c,1404 :: 		
0x0272	0x2609      	ADDWF       R9, 1, 0
;__Lib_Math.c,1405 :: 		
0x0274	0x5006      	MOVF        R6, 0, 0
;__Lib_Math.c,1406 :: 		
0x0276	0xB0D8      	BTFSC       STATUS, 0, 0
;__Lib_Math.c,1407 :: 		
0x0278	0x3C06      	INCFSZ      R6, 0, 0
;__Lib_Math.c,1408 :: 		
0x027A	0x260A      	ADDWF       R10, 1, 0
;__Lib_Math.c,1409 :: 		
0x027C	0x5007      	MOVF        R7, 0, 0
;__Lib_Math.c,1410 :: 		
0x027E	0xB0D8      	BTFSC       STATUS, 0, 0
;__Lib_Math.c,1411 :: 		
0x0280	0x3C07      	INCFSZ      R7, 0, 0
;__Lib_Math.c,1412 :: 		
0x0282	0x260B      	ADDWF       R11, 1, 0
;__Lib_Math.c,1413 :: 		
0x0284	0x6AE8      	CLRF        WREG, 0
;__Lib_Math.c,1414 :: 		
0x0286	0xB0D8      	BTFSC       STATUS, 0, 0
;__Lib_Math.c,1415 :: 		
0x0288	0x0E01      	MOVLW       1
;__Lib_Math.c,1416 :: 		
0x028A	0x260E      	ADDWF       R14, 1, 0
;__Lib_Math.c,1418 :: 		
UOK22L16:
;__Lib_Math.c,1419 :: 		
0x028C	0x3601      	RLCF        R1, 1, 0
;__Lib_Math.c,1421 :: 		
0x028E	0x0E07      	MOVLW       7
;__Lib_Math.c,1422 :: 		
0x0290	0x6E0C      	MOVWF       R12, 0
;__Lib_Math.c,1424 :: 		
LOOPU3232C:
;__Lib_Math.c,1425 :: 		
0x0292	0x3401      	RLCF        R1, 0, 0
;__Lib_Math.c,1426 :: 		
0x0294	0x3608      	RLCF        R8, 1, 0
;__Lib_Math.c,1427 :: 		
0x0296	0x3609      	RLCF        R9, 1, 0
;__Lib_Math.c,1428 :: 		
0x0298	0x360A      	RLCF        R10, 1, 0
;__Lib_Math.c,1429 :: 		
0x029A	0x360B      	RLCF        R11, 1, 0
;__Lib_Math.c,1430 :: 		
0x029C	0x360E      	RLCF        R14, 1, 0
;__Lib_Math.c,1431 :: 		
0x029E	0x5004      	MOVF        R4, 0, 0
;__Lib_Math.c,1432 :: 		
0x02A0	0xA001      	BTFSS       R1, 0, 0
;__Lib_Math.c,1433 :: 		
0x02A2	0xD012      	BRA         UADD22LC
;__Lib_Math.c,1435 :: 		
0x02A4	0x5E08      	SUBWF       R8, 1, 0
;__Lib_Math.c,1436 :: 		
0x02A6	0x5005      	MOVF        R5, 0, 0
;__Lib_Math.c,1437 :: 		
0x02A8	0xA0D8      	BTFSS       STATUS, 0, 0
;__Lib_Math.c,1438 :: 		
0x02AA	0x3C05      	INCFSZ      R5, 0, 0
;__Lib_Math.c,1439 :: 		
0x02AC	0x5E09      	SUBWF       R9, 1, 0
;__Lib_Math.c,1440 :: 		
0x02AE	0x5006      	MOVF        R6, 0, 0
;__Lib_Math.c,1441 :: 		
0x02B0	0xA0D8      	BTFSS       STATUS, 0, 0
;__Lib_Math.c,1442 :: 		
0x02B2	0x3C06      	INCFSZ      R6, 0, 0
;__Lib_Math.c,1443 :: 		
0x02B4	0x5E0A      	SUBWF       R10, 1, 0
;__Lib_Math.c,1444 :: 		
0x02B6	0x5007      	MOVF        R7, 0, 0
;__Lib_Math.c,1445 :: 		
0x02B8	0xA0D8      	BTFSS       STATUS, 0, 0
;__Lib_Math.c,1446 :: 		
0x02BA	0x3C07      	INCFSZ      R7, 0, 0
;__Lib_Math.c,1447 :: 		
0x02BC	0x5E0B      	SUBWF       R11, 1, 0
;__Lib_Math.c,1448 :: 		
0x02BE	0x6AE8      	CLRF        WREG, 0
;__Lib_Math.c,1449 :: 		
0x02C0	0xA0D8      	BTFSS       STATUS, 0, 0
;__Lib_Math.c,1450 :: 		
0x02C2	0x0E01      	MOVLW       1
;__Lib_Math.c,1451 :: 		
0x02C4	0x5E0E      	SUBWF       R14, 1, 0
;__Lib_Math.c,1452 :: 		
0x02C6	0xD011      	BRA         UOK22LC
;__Lib_Math.c,1454 :: 		
UADD22LC:
;__Lib_Math.c,1455 :: 		
0x02C8	0x2608      	ADDWF       R8, 1, 0
;__Lib_Math.c,1456 :: 		
0x02CA	0x5005      	MOVF        R5, 0, 0
;__Lib_Math.c,1457 :: 		
0x02CC	0xB0D8      	BTFSC       STATUS, 0, 0
;__Lib_Math.c,1458 :: 		
0x02CE	0x3C05      	INCFSZ      R5, 0, 0
;__Lib_Math.c,1459 :: 		
0x02D0	0x2609      	ADDWF       R9, 1, 0
;__Lib_Math.c,1460 :: 		
0x02D2	0x5006      	MOVF        R6, 0, 0
;__Lib_Math.c,1461 :: 		
0x02D4	0xB0D8      	BTFSC       STATUS, 0, 0
;__Lib_Math.c,1462 :: 		
0x02D6	0x3C06      	INCFSZ      R6, 0, 0
;__Lib_Math.c,1463 :: 		
0x02D8	0x260A      	ADDWF       R10, 1, 0
;__Lib_Math.c,1464 :: 		
0x02DA	0x5007      	MOVF        R7, 0, 0
;__Lib_Math.c,1465 :: 		
0x02DC	0xB0D8      	BTFSC       STATUS, 0, 0
;__Lib_Math.c,1466 :: 		
0x02DE	0x3C07      	INCFSZ      R7, 0, 0
;__Lib_Math.c,1467 :: 		
0x02E0	0x260B      	ADDWF       R11, 1, 0
;__Lib_Math.c,1468 :: 		
0x02E2	0x6AE8      	CLRF        WREG, 0
;__Lib_Math.c,1469 :: 		
0x02E4	0xB0D8      	BTFSC       STATUS, 0, 0
;__Lib_Math.c,1470 :: 		
0x02E6	0x0E01      	MOVLW       1
;__Lib_Math.c,1471 :: 		
0x02E8	0x260E      	ADDWF       R14, 1, 0
;__Lib_Math.c,1473 :: 		
UOK22LC:
;__Lib_Math.c,1474 :: 		
0x02EA	0x3601      	RLCF        R1, 1, 0
;__Lib_Math.c,1476 :: 		
0x02EC	0x2E0C      	DECFSZ      R12, 1, 0
;__Lib_Math.c,1477 :: 		
0x02EE	0xD7D1      	BRA         LOOPU3232C
;__Lib_Math.c,1479 :: 		
0x02F0	0x3400      	RLCF        R0, 0, 0
;__Lib_Math.c,1480 :: 		
0x02F2	0x3608      	RLCF        R8, 1, 0
;__Lib_Math.c,1481 :: 		
0x02F4	0x3609      	RLCF        R9, 1, 0
;__Lib_Math.c,1482 :: 		
0x02F6	0x360A      	RLCF        R10, 1, 0
;__Lib_Math.c,1483 :: 		
0x02F8	0x360B      	RLCF        R11, 1, 0
;__Lib_Math.c,1484 :: 		
0x02FA	0x360E      	RLCF        R14, 1, 0
;__Lib_Math.c,1485 :: 		
0x02FC	0x5004      	MOVF        R4, 0, 0
;__Lib_Math.c,1486 :: 		
0x02FE	0xA001      	BTFSS       R1, 0, 0
;__Lib_Math.c,1487 :: 		
0x0300	0xD012      	BRA         UADD22L24
;__Lib_Math.c,1489 :: 		
0x0302	0x5E08      	SUBWF       R8, 1, 0
;__Lib_Math.c,1490 :: 		
0x0304	0x5005      	MOVF        R5, 0, 0
;__Lib_Math.c,1491 :: 		
0x0306	0xA0D8      	BTFSS       STATUS, 0, 0
;__Lib_Math.c,1492 :: 		
0x0308	0x3C05      	INCFSZ      R5, 0, 0
;__Lib_Math.c,1493 :: 		
0x030A	0x5E09      	SUBWF       R9, 1, 0
;__Lib_Math.c,1494 :: 		
0x030C	0x5006      	MOVF        R6, 0, 0
;__Lib_Math.c,1495 :: 		
0x030E	0xA0D8      	BTFSS       STATUS, 0, 0
;__Lib_Math.c,1496 :: 		
0x0310	0x3C06      	INCFSZ      R6, 0, 0
;__Lib_Math.c,1497 :: 		
0x0312	0x5E0A      	SUBWF       R10, 1, 0
;__Lib_Math.c,1498 :: 		
0x0314	0x5007      	MOVF        R7, 0, 0
;__Lib_Math.c,1499 :: 		
0x0316	0xA0D8      	BTFSS       STATUS, 0, 0
;__Lib_Math.c,1500 :: 		
0x0318	0x3C07      	INCFSZ      R7, 0, 0
;__Lib_Math.c,1501 :: 		
0x031A	0x5E0B      	SUBWF       R11, 1, 0
;__Lib_Math.c,1502 :: 		
0x031C	0x6AE8      	CLRF        WREG, 0
;__Lib_Math.c,1503 :: 		
0x031E	0xA0D8      	BTFSS       STATUS, 0, 0
;__Lib_Math.c,1504 :: 		
0x0320	0x0E01      	MOVLW       1
;__Lib_Math.c,1505 :: 		
0x0322	0x5E0E      	SUBWF       R14, 1, 0
;__Lib_Math.c,1506 :: 		
0x0324	0xD011      	BRA         UOK22L24
;__Lib_Math.c,1508 :: 		
UADD22L24:
;__Lib_Math.c,1509 :: 		
0x0326	0x2608      	ADDWF       R8, 1, 0
;__Lib_Math.c,1510 :: 		
0x0328	0x5005      	MOVF        R5, 0, 0
;__Lib_Math.c,1511 :: 		
0x032A	0xB0D8      	BTFSC       STATUS, 0, 0
;__Lib_Math.c,1512 :: 		
0x032C	0x3C05      	INCFSZ      R5, 0, 0
;__Lib_Math.c,1513 :: 		
0x032E	0x2609      	ADDWF       R9, 1, 0
;__Lib_Math.c,1514 :: 		
0x0330	0x5006      	MOVF        R6, 0, 0
;__Lib_Math.c,1515 :: 		
0x0332	0xB0D8      	BTFSC       STATUS, 0, 0
;__Lib_Math.c,1516 :: 		
0x0334	0x3C06      	INCFSZ      R6, 0, 0
;__Lib_Math.c,1517 :: 		
0x0336	0x260A      	ADDWF       R10, 1, 0
;__Lib_Math.c,1518 :: 		
0x0338	0x5007      	MOVF        R7, 0, 0
;__Lib_Math.c,1519 :: 		
0x033A	0xB0D8      	BTFSC       STATUS, 0, 0
;__Lib_Math.c,1520 :: 		
0x033C	0x3C07      	INCFSZ      R7, 0, 0
;__Lib_Math.c,1521 :: 		
0x033E	0x260B      	ADDWF       R11, 1, 0
;__Lib_Math.c,1522 :: 		
0x0340	0x6AE8      	CLRF        WREG, 0
;__Lib_Math.c,1523 :: 		
0x0342	0xB0D8      	BTFSC       STATUS, 0, 0
;__Lib_Math.c,1524 :: 		
0x0344	0x0E01      	MOVLW       1
;__Lib_Math.c,1525 :: 		
0x0346	0x260E      	ADDWF       R14, 1, 0
;__Lib_Math.c,1527 :: 		
UOK22L24:
;__Lib_Math.c,1528 :: 		
0x0348	0x3600      	RLCF        R0, 1, 0
;__Lib_Math.c,1530 :: 		
0x034A	0x0E07      	MOVLW       7
;__Lib_Math.c,1531 :: 		
0x034C	0x6E0C      	MOVWF       R12, 0
;__Lib_Math.c,1533 :: 		
LOOPU3232D:
;__Lib_Math.c,1534 :: 		
0x034E	0x3400      	RLCF        R0, 0, 0
;__Lib_Math.c,1535 :: 		
0x0350	0x3608      	RLCF        R8, 1, 0
;__Lib_Math.c,1536 :: 		
0x0352	0x3609      	RLCF        R9, 1, 0
;__Lib_Math.c,1537 :: 		
0x0354	0x360A      	RLCF        R10, 1, 0
;__Lib_Math.c,1538 :: 		
0x0356	0x360B      	RLCF        R11, 1, 0
;__Lib_Math.c,1539 :: 		
0x0358	0x360E      	RLCF        R14, 1, 0
;__Lib_Math.c,1540 :: 		
0x035A	0x5004      	MOVF        R4, 0, 0
;__Lib_Math.c,1541 :: 		
0x035C	0xA000      	BTFSS       R0, 0, 0
;__Lib_Math.c,1542 :: 		
0x035E	0xD012      	BRA         UADD22LD
;__Lib_Math.c,1544 :: 		
0x0360	0x5E08      	SUBWF       R8, 1, 0
;__Lib_Math.c,1545 :: 		
0x0362	0x5005      	MOVF        R5, 0, 0
;__Lib_Math.c,1546 :: 		
0x0364	0xA0D8      	BTFSS       STATUS, 0, 0
;__Lib_Math.c,1547 :: 		
0x0366	0x3C05      	INCFSZ      R5, 0, 0
;__Lib_Math.c,1548 :: 		
0x0368	0x5E09      	SUBWF       R9, 1, 0
;__Lib_Math.c,1549 :: 		
0x036A	0x5006      	MOVF        R6, 0, 0
;__Lib_Math.c,1550 :: 		
0x036C	0xA0D8      	BTFSS       STATUS, 0, 0
;__Lib_Math.c,1551 :: 		
0x036E	0x3C06      	INCFSZ      R6, 0, 0
;__Lib_Math.c,1552 :: 		
0x0370	0x5E0A      	SUBWF       R10, 1, 0
;__Lib_Math.c,1553 :: 		
0x0372	0x5007      	MOVF        R7, 0, 0
;__Lib_Math.c,1554 :: 		
0x0374	0xA0D8      	BTFSS       STATUS, 0, 0
;__Lib_Math.c,1555 :: 		
0x0376	0x3C07      	INCFSZ      R7, 0, 0
;__Lib_Math.c,1556 :: 		
0x0378	0x5E0B      	SUBWF       R11, 1, 0
;__Lib_Math.c,1557 :: 		
0x037A	0x6AE8      	CLRF        WREG, 0
;__Lib_Math.c,1558 :: 		
0x037C	0xA0D8      	BTFSS       STATUS, 0, 0
;__Lib_Math.c,1559 :: 		
0x037E	0x0E01      	MOVLW       1
;__Lib_Math.c,1560 :: 		
0x0380	0x5E0E      	SUBWF       R14, 1, 0
;__Lib_Math.c,1561 :: 		
0x0382	0xD011      	BRA         UOK22LD
;__Lib_Math.c,1563 :: 		
UADD22LD:
;__Lib_Math.c,1564 :: 		
0x0384	0x2608      	ADDWF       R8, 1, 0
;__Lib_Math.c,1565 :: 		
0x0386	0x5005      	MOVF        R5, 0, 0
;__Lib_Math.c,1566 :: 		
0x0388	0xB0D8      	BTFSC       STATUS, 0, 0
;__Lib_Math.c,1567 :: 		
0x038A	0x3C05      	INCFSZ      R5, 0, 0
;__Lib_Math.c,1568 :: 		
0x038C	0x2609      	ADDWF       R9, 1, 0
;__Lib_Math.c,1569 :: 		
0x038E	0x5006      	MOVF        R6, 0, 0
;__Lib_Math.c,1570 :: 		
0x0390	0xB0D8      	BTFSC       STATUS, 0, 0
;__Lib_Math.c,1571 :: 		
0x0392	0x3C06      	INCFSZ      R6, 0, 0
;__Lib_Math.c,1572 :: 		
0x0394	0x260A      	ADDWF       R10, 1, 0
;__Lib_Math.c,1573 :: 		
0x0396	0x5007      	MOVF        R7, 0, 0
;__Lib_Math.c,1574 :: 		
0x0398	0xB0D8      	BTFSC       STATUS, 0, 0
;__Lib_Math.c,1575 :: 		
0x039A	0x3C07      	INCFSZ      R7, 0, 0
;__Lib_Math.c,1576 :: 		
0x039C	0x260B      	ADDWF       R11, 1, 0
;__Lib_Math.c,1577 :: 		
0x039E	0x6AE8      	CLRF        WREG, 0
;__Lib_Math.c,1578 :: 		
0x03A0	0xB0D8      	BTFSC       STATUS, 0, 0
;__Lib_Math.c,1579 :: 		
0x03A2	0x0E01      	MOVLW       1
;__Lib_Math.c,1580 :: 		
0x03A4	0x260E      	ADDWF       R14, 1, 0
;__Lib_Math.c,1582 :: 		
UOK22LD:
;__Lib_Math.c,1583 :: 		
0x03A6	0x3600      	RLCF        R0, 1, 0
;__Lib_Math.c,1585 :: 		
0x03A8	0x2E0C      	DECFSZ      R12, 1, 0
;__Lib_Math.c,1586 :: 		
0x03AA	0xD7D1      	BRA         LOOPU3232D
;__Lib_Math.c,1588 :: 		
0x03AC	0xB000      	BTFSC       R0, 0, 0
;__Lib_Math.c,1589 :: 		
0x03AE	0xD00E      	BRA         UOK22L
;__Lib_Math.c,1590 :: 		
0x03B0	0x5004      	MOVF        R4, 0, 0
;__Lib_Math.c,1591 :: 		
0x03B2	0x2608      	ADDWF       R8, 1, 0
;__Lib_Math.c,1592 :: 		
0x03B4	0x5005      	MOVF        R5, 0, 0
;__Lib_Math.c,1593 :: 		
0x03B6	0xB0D8      	BTFSC       STATUS, 0, 0
;__Lib_Math.c,1594 :: 		
0x03B8	0x3C05      	INCFSZ      R5, 0, 0
;__Lib_Math.c,1595 :: 		
0x03BA	0x2609      	ADDWF       R9, 1, 0
;__Lib_Math.c,1596 :: 		
0x03BC	0x5006      	MOVF        R6, 0, 0
;__Lib_Math.c,1597 :: 		
0x03BE	0xB0D8      	BTFSC       STATUS, 0, 0
;__Lib_Math.c,1598 :: 		
0x03C0	0x3C06      	INCFSZ      R6, 0, 0
;__Lib_Math.c,1599 :: 		
0x03C2	0x260A      	ADDWF       R10, 1, 0
;__Lib_Math.c,1600 :: 		
0x03C4	0x5007      	MOVF        R7, 0, 0
;__Lib_Math.c,1601 :: 		
0x03C6	0xB0D8      	BTFSC       STATUS, 0, 0
;__Lib_Math.c,1602 :: 		
0x03C8	0x3C07      	INCFSZ      R7, 0, 0
;__Lib_Math.c,1603 :: 		
0x03CA	0x260B      	ADDWF       R11, 1, 0
;__Lib_Math.c,1605 :: 		
UOK22L:
;__Lib_Math.c,1607 :: 		
L_end_Div_32x32_U:
0x03CC	0x0012      	RETURN      0
; end of _Div_32x32_U
_Keypad_Init:
;__Lib_Keypad4x4.c,34 :: 		
;__Lib_Keypad4x4.c,35 :: 		
0x03CE	0x0E12      	MOVLW       18
0x03D0	0x6E00      	MOVWF       R0 
0x03D2	0x0E00      	MOVLW       0
0x03D4	0x6E01      	MOVWF       R1 
0x03D6	0x0E83      	MOVLW       keypadPort
0x03D8	0x2400      	ADDWF       R0, 0 
0x03DA	0x6EE1      	MOVWF       FSR1L 
0x03DC	0x0E0F      	MOVLW       hi_addr(keypadPort)
0x03DE	0x2001      	ADDWFC      R1, 0 
0x03E0	0x6EE2      	MOVWF       FSR1H 
0x03E2	0x0EFF      	MOVLW       255
0x03E4	0x6EE6      	MOVWF       POSTINC1 
;__Lib_Keypad4x4.c,36 :: 		
L_end_Keypad_Init:
0x03E6	0x0012      	RETURN      0
; end of _Keypad_Init
___CC2DW:
;__Lib_System.c,21 :: 		
;__Lib_System.c,23 :: 		
_CC2DL_Loop1:
;__Lib_System.c,24 :: 		
0x03E8	0x0009      	TBLRD*+
;__Lib_System.c,25 :: 		
0x03EA	0xFFE6CFF5  	MOVFF       TABLAT, POSTINC1
;__Lib_System.c,26 :: 		
0x03EE	0x0600      	DECF        R0, 1, 0
;__Lib_System.c,27 :: 		
0x03F0	0xE1FB      	BNZ         _CC2DL_Loop1
;__Lib_System.c,28 :: 		
0x03F2	0x0601      	DECF        R1, 1, 0
;__Lib_System.c,29 :: 		
0x03F4	0xE1F9      	BNZ         _CC2DL_Loop1
;__Lib_System.c,31 :: 		
L_end___CC2DW:
0x03F6	0x0012      	RETURN      0
; end of ___CC2DW
_Sound_Init:
;__Lib_Sound.c,11 :: 		
;__Lib_Sound.c,13 :: 		
0x03F8	0xF041C044  	MOVFF       FARG_Sound_Init_snd_port, __Lib_Sound_soundPortAddr
0x03FC	0xF042C045  	MOVFF       FARG_Sound_Init_snd_port+1, __Lib_Sound_soundPortAddr+1
;__Lib_Sound.c,15 :: 		
0x0400	0xF001C046  	MOVFF       FARG_Sound_Init_snd_pin, R1
0x0404	0x0E01      	MOVLW       1
0x0406	0x6E00      	MOVWF       R0 
0x0408	0x5001      	MOVF        R1, 0 
L__Sound_Init12:
0x040A	0xE004      	BZ          L__Sound_Init13
0x040C	0x3600      	RLCF        R0, 1 
0x040E	0x9000      	BCF         R0, 0 
0x0410	0x0FFF      	ADDLW       255
0x0412	0xD7FB      	BRA         L__Sound_Init12
L__Sound_Init13:
0x0414	0xF040C000  	MOVFF       R0, __Lib_Sound_pinMask1
;__Lib_Sound.c,16 :: 		
0x0418	0x1E00      	COMF        R0, 1 
0x041A	0xF03FC000  	MOVFF       R0, __Lib_Sound_pinMask0
;__Lib_Sound.c,20 :: 		
0x041E	0x0E12      	MOVLW       18
0x0420	0x2444      	ADDWF       FARG_Sound_Init_snd_port, 0 
0x0422	0x6EE9      	MOVWF       FSR0L 
0x0424	0x0E00      	MOVLW       0
0x0426	0x2045      	ADDWFC      FARG_Sound_Init_snd_port+1, 0 
0x0428	0x6EEA      	MOVWF       FSR0H 
;__Lib_Sound.c,21 :: 		
0x042A	0x5000      	MOVF        R0, 0 
0x042C	0x16EF      	ANDWF       INDF0, 1 
;__Lib_Sound.c,23 :: 		
0x042E	0x0E12      	MOVLW       18
0x0430	0x5EE9      	SUBWF       FSR0L, 1 
;__Lib_Sound.c,24 :: 		
0x0432	0x5000      	MOVF        R0, 0 
0x0434	0x16EF      	ANDWF       INDF0, 1 
;__Lib_Sound.c,25 :: 		
L_end_Sound_Init:
0x0436	0x0012      	RETURN      0
; end of _Sound_Init
_Sound_Play:
;__Lib_Sound.c,28 :: 		
;__Lib_Sound.c,32 :: 		
0x0438	0xDE1A      	RCALL       _Get_Fosc_kHz
0x043A	0x0EE8      	MOVLW       232
0x043C	0x6E04      	MOVWF       R4 
0x043E	0x0E03      	MOVLW       3
0x0440	0x6E05      	MOVWF       R5 
0x0442	0x0E00      	MOVLW       0
0x0444	0x6E06      	MOVWF       R6 
0x0446	0x6E07      	MOVWF       R7 
0x0448	0xDDE9      	RCALL       _Mul_32x32_U
0x044A	0xF04CC000  	MOVFF       R0, Sound_Play_per_nc_L0
0x044E	0xF04DC001  	MOVFF       R1, Sound_Play_per_nc_L0+1
0x0452	0xF04EC002  	MOVFF       R2, Sound_Play_per_nc_L0+2
0x0456	0xF04FC003  	MOVFF       R3, Sound_Play_per_nc_L0+3
;__Lib_Sound.c,33 :: 		
0x045A	0xF004C044  	MOVFF       FARG_Sound_Play_freq_in_hz, R4
0x045E	0xF005C045  	MOVFF       FARG_Sound_Play_freq_in_hz+1, R5
0x0462	0x0E00      	MOVLW       0
0x0464	0x6E06      	MOVWF       R6 
0x0466	0x6E07      	MOVWF       R7 
0x0468	0xDE3C      	RCALL       _Div_32x32_U
0x046A	0xF04CC000  	MOVFF       R0, Sound_Play_per_nc_L0
0x046E	0xF04DC001  	MOVFF       R1, Sound_Play_per_nc_L0+1
0x0472	0xF04EC002  	MOVFF       R2, Sound_Play_per_nc_L0+2
0x0476	0xF04FC003  	MOVFF       R3, Sound_Play_per_nc_L0+3
;__Lib_Sound.c,34 :: 		
0x047A	0xF005C000  	MOVFF       R0, R5
0x047E	0xF006C001  	MOVFF       R1, R6
0x0482	0xF007C002  	MOVFF       R2, R7
0x0486	0xF008C003  	MOVFF       R3, R8
0x048A	0x3208      	RRCF        R8, 1 
0x048C	0x3207      	RRCF        R7, 1 
0x048E	0x3206      	RRCF        R6, 1 
0x0490	0x3205      	RRCF        R5, 1 
0x0492	0x9E08      	BCF         R8, 7 
0x0494	0x3208      	RRCF        R8, 1 
0x0496	0x3207      	RRCF        R7, 1 
0x0498	0x3206      	RRCF        R6, 1 
0x049A	0x3205      	RRCF        R5, 1 
0x049C	0x9E08      	BCF         R8, 7 
0x049E	0xF000C005  	MOVFF       R5, R0
0x04A2	0xF001C006  	MOVFF       R6, R1
0x04A6	0xF002C007  	MOVFF       R7, R2
0x04AA	0xF003C008  	MOVFF       R8, R3
0x04AE	0x3203      	RRCF        R3, 1 
0x04B0	0x3202      	RRCF        R2, 1 
0x04B2	0x3201      	RRCF        R1, 1 
0x04B4	0x3200      	RRCF        R0, 1 
0x04B6	0x9E03      	BCF         R3, 7 
0x04B8	0xF048C000  	MOVFF       R0, Sound_Play_nc_L0
0x04BC	0xF049C001  	MOVFF       R1, Sound_Play_nc_L0+1
;__Lib_Sound.c,37 :: 		
0x04C0	0xDDD6      	RCALL       _Get_Fosc_kHz
0x04C2	0xF004C046  	MOVFF       FARG_Sound_Play_duration_ms, R4
0x04C6	0xF005C047  	MOVFF       FARG_Sound_Play_duration_ms+1, R5
0x04CA	0x0E00      	MOVLW       0
0x04CC	0x6E06      	MOVWF       R6 
0x04CE	0x6E07      	MOVWF       R7 
0x04D0	0xDDA5      	RCALL       _Mul_32x32_U
0x04D2	0xF009C048  	MOVFF       Sound_Play_nc_L0, R9
0x04D6	0xF00AC049  	MOVFF       Sound_Play_nc_L0+1, R10
0x04DA	0x0E00      	MOVLW       0
0x04DC	0x6E0B      	MOVWF       R11 
0x04DE	0x6E0C      	MOVWF       R12 
0x04E0	0x0E03      	MOVLW       3
0x04E2	0x6E08      	MOVWF       R8 
0x04E4	0xF004C009  	MOVFF       R9, R4
0x04E8	0xF005C00A  	MOVFF       R10, R5
0x04EC	0xF006C00B  	MOVFF       R11, R6
0x04F0	0xF007C00C  	MOVFF       R12, R7
0x04F4	0x5008      	MOVF        R8, 0 
L__Sound_Play15:
0x04F6	0xE007      	BZ          L__Sound_Play16
0x04F8	0x3604      	RLCF        R4, 1 
0x04FA	0x9004      	BCF         R4, 0 
0x04FC	0x3605      	RLCF        R5, 1 
0x04FE	0x3606      	RLCF        R6, 1 
0x0500	0x3607      	RLCF        R7, 1 
0x0502	0x0FFF      	ADDLW       255
0x0504	0xD7F8      	BRA         L__Sound_Play15
L__Sound_Play16:
0x0506	0xDDED      	RCALL       _Div_32x32_U
0x0508	0xF04CC000  	MOVFF       R0, Sound_Play_per_nc_L0
0x050C	0xF04DC001  	MOVFF       R1, Sound_Play_per_nc_L0+1
0x0510	0xF04EC002  	MOVFF       R2, Sound_Play_per_nc_L0+2
0x0514	0xF04FC003  	MOVFF       R3, Sound_Play_per_nc_L0+3
;__Lib_Sound.c,39 :: 		
0x0518	0x0E0A      	MOVLW       10
0x051A	0x6E04      	MOVWF       R4 
0x051C	0x0E00      	MOVLW       0
0x051E	0x6E05      	MOVWF       R5 
0x0520	0xF000C048  	MOVFF       Sound_Play_nc_L0, R0
0x0524	0xF001C049  	MOVFF       Sound_Play_nc_L0+1, R1
0x0528	0xDDC1      	RCALL       _Div_16X16_U
0x052A	0xF048C000  	MOVFF       R0, Sound_Play_nc_L0
0x052E	0xF049C001  	MOVFF       R1, Sound_Play_nc_L0+1
;__Lib_Sound.c,40 :: 		
0x0532	0x0E00      	MOVLW       0
0x0534	0x5C01      	SUBWF       R1, 0 
0x0536	0xE102      	BNZ         L__Sound_Play17
0x0538	0x0E03      	MOVLW       3
0x053A	0x5C00      	SUBWF       R0, 0 
L__Sound_Play17:
0x053C	0xE201      	BC          L_Sound_Play0
0x053E	0xD041      	BRA         L_end_Sound_Play
L_Sound_Play0:
;__Lib_Sound.c,41 :: 		
0x0540	0xFFE9C041  	MOVFF       __Lib_Sound_soundPortAddr, FSR0L
0x0544	0xFFEAC042  	MOVFF       __Lib_Sound_soundPortAddr+1, FSR0H
;__Lib_Sound.c,42 :: 		
L_Sound_Play1:
0x0548	0x504F      	MOVF        Sound_Play_per_nc_L0+3, 0 
0x054A	0x0800      	SUBLW       0
0x054C	0xE108      	BNZ         L__Sound_Play18
0x054E	0x504E      	MOVF        Sound_Play_per_nc_L0+2, 0 
0x0550	0x0800      	SUBLW       0
0x0552	0xE105      	BNZ         L__Sound_Play18
0x0554	0x504D      	MOVF        Sound_Play_per_nc_L0+1, 0 
0x0556	0x0800      	SUBLW       0
0x0558	0xE102      	BNZ         L__Sound_Play18
0x055A	0x504C      	MOVF        Sound_Play_per_nc_L0, 0 
0x055C	0x0800      	SUBLW       0
L__Sound_Play18:
0x055E	0xE22F      	BC          L_Sound_Play2
;__Lib_Sound.c,44 :: 		
0x0560	0x5040      	MOVF        __Lib_Sound_pinMask1, 0 
0x0562	0x12EF      	IORWF       INDF0, 1 
;__Lib_Sound.c,46 :: 		
0x0564	0x5249      	MOVF        Sound_Play_nc_L0+1, 1 
0x0566	0xE00D      	BZ          L_Sound_Play3
;__Lib_Sound.c,47 :: 		
0x0568	0x6A4A      	CLRF        Sound_Play_i_L0 
0x056A	0x6A4B      	CLRF        Sound_Play_i_L0+1 
L_Sound_Play4:
0x056C	0x0E00      	MOVLW       0
0x056E	0x5C4B      	SUBWF       Sound_Play_i_L0+1, 0 
0x0570	0xE102      	BNZ         L__Sound_Play19
0x0572	0x5049      	MOVF        Sound_Play_nc_L0+1, 0 
0x0574	0x5C4A      	SUBWF       Sound_Play_i_L0, 0 
L__Sound_Play19:
0x0576	0xE205      	BC          L_Sound_Play5
;__Lib_Sound.c,48 :: 		
0x0578	0x6A50      	CLRF        FARG_Delay_Cyc_cycles_div_by_10 
0x057A	0xDD87      	RCALL       _Delay_Cyc
;__Lib_Sound.c,47 :: 		
0x057C	0x4A4A      	INFSNZ      Sound_Play_i_L0, 1 
0x057E	0x2A4B      	INCF        Sound_Play_i_L0+1, 1 
;__Lib_Sound.c,49 :: 		
0x0580	0xD7F5      	BRA         L_Sound_Play4
L_Sound_Play5:
;__Lib_Sound.c,50 :: 		
L_Sound_Play3:
;__Lib_Sound.c,51 :: 		
0x0582	0xF050C048  	MOVFF       Sound_Play_nc_L0, FARG_Delay_Cyc_cycles_div_by_10
0x0586	0xDD81      	RCALL       _Delay_Cyc
;__Lib_Sound.c,54 :: 		
0x0588	0x503F      	MOVF        __Lib_Sound_pinMask0, 0 
0x058A	0x16EF      	ANDWF       INDF0, 1 
;__Lib_Sound.c,56 :: 		
0x058C	0x5249      	MOVF        Sound_Play_nc_L0+1, 1 
0x058E	0xE00D      	BZ          L_Sound_Play7
;__Lib_Sound.c,57 :: 		
0x0590	0x6A4A      	CLRF        Sound_Play_i_L0 
0x0592	0x6A4B      	CLRF        Sound_Play_i_L0+1 
L_Sound_Play8:
0x0594	0x0E00      	MOVLW       0
0x0596	0x5C4B      	SUBWF       Sound_Play_i_L0+1, 0 
0x0598	0xE102      	BNZ         L__Sound_Play20
0x059A	0x5049      	MOVF        Sound_Play_nc_L0+1, 0 
0x059C	0x5C4A      	SUBWF       Sound_Play_i_L0, 0 
L__Sound_Play20:
0x059E	0xE205      	BC          L_Sound_Play9
;__Lib_Sound.c,58 :: 		
0x05A0	0x6A50      	CLRF        FARG_Delay_Cyc_cycles_div_by_10 
0x05A2	0xDD73      	RCALL       _Delay_Cyc
;__Lib_Sound.c,57 :: 		
0x05A4	0x4A4A      	INFSNZ      Sound_Play_i_L0, 1 
0x05A6	0x2A4B      	INCF        Sound_Play_i_L0+1, 1 
;__Lib_Sound.c,59 :: 		
0x05A8	0xD7F5      	BRA         L_Sound_Play8
L_Sound_Play9:
;__Lib_Sound.c,60 :: 		
L_Sound_Play7:
;__Lib_Sound.c,61 :: 		
0x05AA	0xF050C048  	MOVFF       Sound_Play_nc_L0, FARG_Delay_Cyc_cycles_div_by_10
0x05AE	0xDD6D      	RCALL       _Delay_Cyc
;__Lib_Sound.c,63 :: 		
0x05B0	0x0E01      	MOVLW       1
0x05B2	0x5E4C      	SUBWF       Sound_Play_per_nc_L0, 1 
0x05B4	0x0E00      	MOVLW       0
0x05B6	0x5A4D      	SUBWFB      Sound_Play_per_nc_L0+1, 1 
0x05B8	0x5A4E      	SUBWFB      Sound_Play_per_nc_L0+2, 1 
0x05BA	0x5A4F      	SUBWFB      Sound_Play_per_nc_L0+3, 1 
;__Lib_Sound.c,65 :: 		
0x05BC	0xD7C5      	BRA         L_Sound_Play1
L_Sound_Play2:
;__Lib_Sound.c,66 :: 		
0x05BE	0x503F      	MOVF        __Lib_Sound_pinMask0, 0 
0x05C0	0x16EF      	ANDWF       INDF0, 1 
;__Lib_Sound.c,67 :: 		
L_end_Sound_Play:
0x05C2	0x0012      	RETURN      0
; end of _Sound_Play
_Keypad_Key_Press:
;__Lib_Keypad4x4.c,39 :: 		
;__Lib_Keypad4x4.c,43 :: 		
0x05C4	0x6A44      	CLRF        Keypad_Key_Press_rslt_L0 
;__Lib_Keypad4x4.c,44 :: 		
0x05C6	0x6A46      	CLRF        Keypad_Key_Press_loc_L0 
;__Lib_Keypad4x4.c,45 :: 		
0x05C8	0x6A47      	CLRF        Keypad_Key_Press_rowcnt_L0 
;__Lib_Keypad4x4.c,46 :: 		
0x05CA	0x0E10      	MOVLW       16
0x05CC	0x6E48      	MOVWF       Keypad_Key_Press_shifter_L0 
;__Lib_Keypad4x4.c,48 :: 		
L_Keypad_Key_Press0:
0x05CE	0x0E04      	MOVLW       4
0x05D0	0x5C47      	SUBWF       Keypad_Key_Press_rowcnt_L0, 0 
0x05D2	0xE229      	BC          L_Keypad_Key_Press1
;__Lib_Keypad4x4.c,50 :: 		
0x05D4	0x0EF0      	MOVLW       240
0x05D6	0x6E83      	MOVWF       keypadPort 
;__Lib_Keypad4x4.c,51 :: 		
0x05D8	0x0E12      	MOVLW       18
0x05DA	0x6E00      	MOVWF       R0 
0x05DC	0x0E00      	MOVLW       0
0x05DE	0x6E01      	MOVWF       R1 
0x05E0	0x0E83      	MOVLW       keypadPort
0x05E2	0x2400      	ADDWF       R0, 0 
0x05E4	0x6EE1      	MOVWF       FSR1L 
0x05E6	0x0E0F      	MOVLW       hi_addr(keypadPort)
0x05E8	0x2001      	ADDWFC      R1, 0 
0x05EA	0x6EE2      	MOVWF       FSR1H 
0x05EC	0x1C48      	COMF        Keypad_Key_Press_shifter_L0, 0 
0x05EE	0x6E00      	MOVWF       R0 
0x05F0	0xFFE6C000  	MOVFF       R0, POSTINC1
;__Lib_Keypad4x4.c,55 :: 		
0x05F4	0xDD44      	RCALL       _Delay_1us
;__Lib_Keypad4x4.c,56 :: 		
0x05F6	0xDD43      	RCALL       _Delay_1us
;__Lib_Keypad4x4.c,57 :: 		
0x05F8	0x0E0F      	MOVLW       15
0x05FA	0x1483      	ANDWF       keypadPort, 0 
0x05FC	0x6E00      	MOVWF       R0 
0x05FE	0xF045C000  	MOVFF       R0, Keypad_Key_Press_kdata_L0
;__Lib_Keypad4x4.c,58 :: 		
0x0602	0x5200      	MOVF        R0, 1 
0x0604	0xE00A      	BZ          L_Keypad_Key_Press2
;__Lib_Keypad4x4.c,60 :: 		
0x0606	0xF044C046  	MOVFF       Keypad_Key_Press_loc_L0, Keypad_Key_Press_rslt_L0
;__Lib_Keypad4x4.c,61 :: 		
L_Keypad_Key_Press3:
0x060A	0x5245      	MOVF        Keypad_Key_Press_kdata_L0, 1 
0x060C	0xE004      	BZ          L_Keypad_Key_Press4
;__Lib_Keypad4x4.c,62 :: 		
0x060E	0x3245      	RRCF        Keypad_Key_Press_kdata_L0, 1 
0x0610	0x9E45      	BCF         Keypad_Key_Press_kdata_L0, 7 
;__Lib_Keypad4x4.c,63 :: 		
0x0612	0x2A44      	INCF        Keypad_Key_Press_rslt_L0, 1 
;__Lib_Keypad4x4.c,64 :: 		
0x0614	0xD7FA      	BRA         L_Keypad_Key_Press3
L_Keypad_Key_Press4:
;__Lib_Keypad4x4.c,66 :: 		
0x0616	0x0E04      	MOVLW       4
0x0618	0x6E47      	MOVWF       Keypad_Key_Press_rowcnt_L0 
;__Lib_Keypad4x4.c,67 :: 		
L_Keypad_Key_Press2:
;__Lib_Keypad4x4.c,68 :: 		
0x061A	0x3648      	RLCF        Keypad_Key_Press_shifter_L0, 1 
0x061C	0x9048      	BCF         Keypad_Key_Press_shifter_L0, 0 
;__Lib_Keypad4x4.c,69 :: 		
0x061E	0x0E04      	MOVLW       4
0x0620	0x2646      	ADDWF       Keypad_Key_Press_loc_L0, 1 
;__Lib_Keypad4x4.c,70 :: 		
0x0622	0x2A47      	INCF        Keypad_Key_Press_rowcnt_L0, 1 
;__Lib_Keypad4x4.c,71 :: 		
0x0624	0xD7D4      	BRA         L_Keypad_Key_Press0
L_Keypad_Key_Press1:
;__Lib_Keypad4x4.c,73 :: 		
0x0626	0xF000C044  	MOVFF       Keypad_Key_Press_rslt_L0, R0
;__Lib_Keypad4x4.c,74 :: 		
L_end_Keypad_Key_Press:
0x062A	0x0012      	RETURN      0
; end of _Keypad_Key_Press
_main:
0x062C	0xF003EC5F  	CALL        1726, 0
;EletronicOrgan.c,4 :: 		void main() {
;EletronicOrgan.c,6 :: 		ADCON1=0x0F;                                                                // Todas IOs são digitais
0x0630	0x0E0F      	MOVLW       15
0x0632	0x6EC1      	MOVWF       ADCON1 
;EletronicOrgan.c,7 :: 		Keypad_Init();                                                              // Initialize Keypad
0x0634	0xDECC      	RCALL       _Keypad_Init
;EletronicOrgan.c,8 :: 		Sound_Init(&PORTC, 3);
0x0636	0x0E82      	MOVLW       PORTC
0x0638	0x6E44      	MOVWF       FARG_Sound_Init_snd_port 
0x063A	0x0E0F      	MOVLW       hi_addr(PORTC)
0x063C	0x6E45      	MOVWF       FARG_Sound_Init_snd_port+1 
0x063E	0x0E03      	MOVLW       3
0x0640	0x6E46      	MOVWF       FARG_Sound_Init_snd_pin 
0x0642	0xDEDA      	RCALL       _Sound_Init
;EletronicOrgan.c,9 :: 		for(;;){                                                                    // Loop Infinito
L_main0:
;EletronicOrgan.c,10 :: 		do
L_main3:
;EletronicOrgan.c,11 :: 		key = Keypad_Key_Press();                                              // Retorna (1:16) dependendo da tecla pressionada, 0 se nenhuma estiver pressionada.
0x0644	0xDFBF      	RCALL       _Keypad_Key_Press
0x0646	0xF043C000  	MOVFF       R0, main_key_L0
;EletronicOrgan.c,12 :: 		while(key==0);
0x064A	0x5000      	MOVF        R0, 0 
0x064C	0x0A00      	XORLW       0
0x064E	0xE0FA      	BZ          L_main3
;EletronicOrgan.c,13 :: 		Sound_play(Notas[Index[key]],500);
0x0650	0x0E2F      	MOVLW       _Index
0x0652	0x6EE9      	MOVWF       FSR0L 
0x0654	0x0E00      	MOVLW       hi_addr(_Index)
0x0656	0x6EEA      	MOVWF       FSR0H 
0x0658	0x5043      	MOVF        main_key_L0, 0 
0x065A	0x26E9      	ADDWF       FSR0L, 1 
0x065C	0xB0D8      	BTFSC       STATUS, 0 
0x065E	0x2AEA      	INCF        FSR0H, 1 
0x0660	0xF003CFEE  	MOVFF       POSTINC0, R3
0x0664	0xF000C003  	MOVFF       R3, R0
0x0668	0x0E00      	MOVLW       0
0x066A	0x6E01      	MOVWF       R1 
0x066C	0x3600      	RLCF        R0, 1 
0x066E	0x9000      	BCF         R0, 0 
0x0670	0x3601      	RLCF        R1, 1 
0x0672	0x0E15      	MOVLW       _Notas
0x0674	0x2400      	ADDWF       R0, 0 
0x0676	0x6EE9      	MOVWF       FSR0L 
0x0678	0x0E00      	MOVLW       hi_addr(_Notas)
0x067A	0x2001      	ADDWFC      R1, 0 
0x067C	0x6EEA      	MOVWF       FSR0H 
0x067E	0xF044CFEE  	MOVFF       POSTINC0, FARG_Sound_Play_freq_in_hz
0x0682	0xF045CFEE  	MOVFF       POSTINC0, FARG_Sound_Play_freq_in_hz+1
0x0686	0x0EF4      	MOVLW       244
0x0688	0x6E46      	MOVWF       FARG_Sound_Play_duration_ms 
0x068A	0x0E01      	MOVLW       1
0x068C	0x6E47      	MOVWF       FARG_Sound_Play_duration_ms+1 
0x068E	0xDED4      	RCALL       _Sound_Play
;EletronicOrgan.c,14 :: 		}
0x0690	0xD7D9      	BRA         L_main0
;EletronicOrgan.c,15 :: 		}
L_end_main:
0x0692	0xD7FF      	BRA         $+0
; end of _main
0x06BE	0xF015EE10  	LFSR        1, 21
0x06C2	0x0E2A      	MOVLW       42
0x06C4	0x6E00      	MOVWF       R0 
0x06C6	0x0E01      	MOVLW       1
0x06C8	0x6E01      	MOVWF       R1 
0x06CA	0x0E94      	MOVLW       148
0x06CC	0x6EF6      	MOVWF       4086 
0x06CE	0x0E06      	MOVLW       6
0x06D0	0x6EF7      	MOVWF       TBLPTRH 
0x06D2	0x0E00      	MOVLW       0
0x06D4	0x6EF8      	MOVWF       TBLPTRU 
0x06D6	0xF001ECF4  	CALL        1000, 0
0x06DA	0x0012      	RETURN      0
;EletronicOrgan.c,0 :: ?ICS_Notas
0x0694	0x0000 ;?ICS_Notas+0
0x0696	0x0106 ;?ICS_Notas+2
0x0698	0x0126 ;?ICS_Notas+4
0x069A	0x014A ;?ICS_Notas+6
0x069C	0x015D ;?ICS_Notas+8
0x069E	0x0188 ;?ICS_Notas+10
0x06A0	0x01B8 ;?ICS_Notas+12
0x06A2	0x01EE ;?ICS_Notas+14
0x06A4	0x020C ;?ICS_Notas+16
0x06A6	0x0115 ;?ICS_Notas+18
0x06A8	0x0137 ;?ICS_Notas+20
0x06AA	0x0172 ;?ICS_Notas+22
0x06AC	0x019F ;?ICS_Notas+24
; end of ?ICS_Notas
;EletronicOrgan.c,0 :: ?ICS_Index
0x06AE	0x0100 ;?ICS_Index+0
0x06B0	0x0302 ;?ICS_Index+2
0x06B2	0x0400 ;?ICS_Index+4
0x06B4	0x0605 ;?ICS_Index+6
0x06B6	0x0700 ;?ICS_Index+8
0x06B8	0x0908 ;?ICS_Index+10
0x06BA	0x0A00 ;?ICS_Index+12
0x06BC	0x0C0B ;?ICS_Index+14
; end of ?ICS_Index
Symbol List:
//** Routines locations **
//ADDRESS    SIZE    PROCEDURE
//----------------------------------------------
0x001C      [82]    _Mul_32x32_U
0x006E      [16]    _Get_Fosc_kHz
0x007E      [12]    _Delay_1us
0x008A      [34]    _Delay_Cyc
0x00AC      [54]    _Div_16X16_U
0x00E2     [748]    _Div_32x32_U
0x03CE      [26]    _Keypad_Init
0x03E8      [16]    ___CC2DW
0x03F8      [64]    _Sound_Init
0x0438     [396]    _Sound_Play
0x05C4     [104]    _Keypad_Key_Press
0x062C     [104]    _main
//** Variables locations ** 
//ADDRESS    SIZE    VARIABLE
//----------------------------------------------
0x0000       [1]    R0
0x0000       [1]    EEPROM_Write_SaveINTCON_L0
0x0000       [1]    FLASH_Erase_64_SaveINTCON_L0
0x0000       [1]    UART1_Init_tmp_L0
0x0000       [1]    __Lib_SoftI2C_PutZerosToLATSda_temp_sda_L0
0x0000       [1]    SPI1_Write_tmp_L0
0x0000       [1]    __Lib_SoftI2C_PutZerosToLATScl_temp_scl_L0
0x0001       [2]    FLASH_Read_N_Bytes_i_L0
0x0001       [1]    __Lib_TFT_JPEG_FileRead_i_L0
0x0001       [1]    __Lib_TFT_JPEG_FileReadBytes_Result_L0
0x0001       [1]    __Lib_PS2_Wait_Falling_nsample_L0
0x0001       [1]    __Lib_TFT_16bit_JPEG_FileReadBytes_Result_L0
0x0001       [1]    FLASH_Write_64_i_L0
0x0001       [1]    __Lib_TFT_16bit_JPEG_FileRead_i_L0
0x0001       [1]    FLASH_Erase_Write_64_i_L0
0x0001       [1]    ispunct_rslt_L0
0x0001       [1]    UART1_Read___tmp_UART1_Read_L0
0x0001       [1]    R1
0x0002       [2]    strlen_cp_L0
0x0002       [2]    memcpy_dd_L0
0x0002       [1]    R2
0x0002       [1]    FLASH_Write_64_SaveINTCON_L0
0x0002       [2]    memset_pp_L0
0x0002       [1]    FLASH_Erase_Write_64_j_L0
0x0002       [2]    memchr_s_L0
0x0003       [1]    MM_Init_i_L0
0x0003       [1]    FLASH_Erase_Write_64_SaveINTCON_L0
0x0003       [1]    R3
0x0003       [2]    __Lib_MmcFat16_f16_toInt_l_L0
0x0003       [2]    memmove_tt_L0
0x0003       [2]    Ltrim_original_L0
0x0003       [1]    __Lib_Sprinti_?FLOC____Lib_Sprinti_Do_FillT29
0x0003       [2]    MM_TotalFreeMemSize_Tot_L0
0x0004       [2]    strcpy_cp_L0
0x0004       [2]    frexp_pom_L0
0x0004       [1]    __Lib_Sprinti_?FLOC____Lib_Sprinti_Do_FillT40
0x0004       [2]    strcat_cp_L0
0x0004       [1]    R4
0x0004       [2]    strncat_cp_L0
0x0004       [2]    memcpy_ss_L0
0x0004       [2]    strncpy_cp_L0
0x0004       [2]    __Lib_MemManager_MM_GetMemAlign_P_L0
0x0005       [2]    LongWordToHex_input_half_L0
0x0005       [1]    __Lib_Sprinti_?FLOC____Lib_Sprinti_Do_FillT54
0x0005       [2]    Ltrim_p_L0
0x0005       [1]    MM_TotalFreeMemSize_i_L0
0x0005       [2]    memmove_ff_L0
0x0005       [1]    R5
0x0005       [2]    LongIntToHex_input_half_L0
0x0006       [1]    __Lib_Sprinti_?FLOC____Lib_Sprinti_Do_FillT69
0x0006       [1]    R6
0x0006       [1]    __Lib_MemManager_MM_GetMemAlign_i_L0
0x0007       [1]    __Lib_TFT_16bit_JPEG_GenerateHuffmanTables_bLength_L0
0x0007       [1]    __Lib_TFT_JPEG_GenerateHuffmanTables_bLength_L0
0x0007       [1]    R7
0x0008       [1]    R8
0x0008       [1]    __Lib_TFT_JPEG_GenerateHuffmanTables_bTable_L0
0x0008       [1]    __Lib_TFT_16bit_JPEG_GenerateHuffmanTables_bTable_L0
0x0009       [4]    __Lib_MmcFat16_f16_toLong_l_L0
0x0009       [1]    R9
0x000A       [1]    R10
0x000B       [1]    R11
0x000C       [1]    R12
0x000D       [1]    R13
0x000E       [1]    R14
0x000F       [1]    R15
0x0010       [1]    R16
0x0011       [1]    R17
0x0012       [1]    R18
0x0013       [1]    R19
0x0014       [1]    R20
0x0015      [26]    _Notas
0x002F      [16]    _Index
0x003F       [1]    __Lib_Sound_pinMask0
0x0040       [1]    __Lib_Sound_pinMask1
0x0041       [2]    __Lib_Sound_soundPortAddr
0x0043       [1]    main_key_L0
0x0044       [2]    FARG_Sound_Play_freq_in_hz
0x0044       [2]    FARG_Sound_Init_snd_port
0x0044       [1]    Keypad_Key_Press_rslt_L0
0x0045       [1]    Keypad_Key_Press_kdata_L0
0x0046       [2]    FARG_Sound_Play_duration_ms
0x0046       [1]    Keypad_Key_Press_loc_L0
0x0046       [1]    FARG_Sound_Init_snd_pin
0x0047       [1]    Keypad_Key_Press_rowcnt_L0
0x0048       [2]    Sound_Play_nc_L0
0x0048       [1]    Keypad_Key_Press_shifter_L0
0x004A       [2]    Sound_Play_i_L0
0x004C       [4]    Sound_Play_per_nc_L0
0x0050       [1]    FARG_Delay_Cyc_cycles_div_by_10
0x0F82       [1]    PORTC
0x0F83       [1]    keypadPort
0x0F83       [1]    PORTD
0x0FC1       [1]    ADCON1
0x0FD8       [1]    STATUS
0x0FD9       [1]    FSR2L
0x0FDA       [1]    FSR2H
0x0FDE       [1]    POSTINC2
0x0FE0       [1]    BSR
0x0FE1       [1]    FSR1L
0x0FE2       [1]    FSR1H
0x0FE4       [1]    PREINC1
0x0FE6       [1]    POSTINC1
0x0FE7       [1]    INDF1
0x0FE8       [1]    WREG
0x0FE9       [2]    FSR0
0x0FE9       [1]    FSR0L
0x0FEA       [1]    FSR0H
0x0FEE       [1]    POSTINC0
0x0FEF       [1]    INDF0
0x0FF3       [1]    PRODL
0x0FF4       [1]    PRODH
0x0FF5       [1]    TABLAT
0x0FF6       [1]    TBLPTRL
0x0FF7       [1]    TBLPTRH
0x0FF8       [1]    TBLPTRU
//** Constants locations ** 
//ADDRESS    SIZE    CONSTANT
//----------------------------------------------
0x0694      [26]    ?ICS_Notas
0x06AE      [16]    ?ICS_Index
