;  LST file generated by mikroListExporter - v.2.0 
; Date/Time: 20/07/2019 20:34:19
;----------------------------------------------

;Address Opcode 	ASM
0x0000	0x2B33      	GOTO       819
_interrupt:
0x0004	0x00FF      	MOVWF      R15
0x0005	0x0E03      	SWAPF      STATUS, 0
0x0006	0x0183      	CLRF       STATUS
0x0007	0x00CC      	MOVWF      ___saveSTATUS
0x0008	0x080A      	MOVF       PCLATH, 0
0x0009	0x00CD      	MOVWF      ___savePCLATH
0x000A	0x018A      	CLRF       PCLATH
;frequencycounter.c,25 :: 		void interrupt(void){
;frequencycounter.c,26 :: 		if (INTCON.TMR0IF){
0x000B	0x1D0B      	BTFSS      INTCON, 2
0x000C	0x2813      	GOTO       L_interrupt0
;frequencycounter.c,27 :: 		TMR0=6;
0x000D	0x3006      	MOVLW      6
0x000E	0x0081      	MOVWF      TMR0
;frequencycounter.c,28 :: 		cnt0++;
0x000F	0x0AA1      	INCF       _cnt0, 1
0x0010	0x1903      	BTFSC      STATUS, 2
0x0011	0x0AA2      	INCF       _cnt0+1, 1
;frequencycounter.c,29 :: 		INTCON.TMR0IF=0;
0x0012	0x110B      	BCF        INTCON, 2
;frequencycounter.c,31 :: 		}
L_interrupt0:
;frequencycounter.c,32 :: 		if (PIR1.TMR1IF){
0x0013	0x1C0C      	BTFSS      PIR1, 0
0x0014	0x281B      	GOTO       L_interrupt1
;frequencycounter.c,33 :: 		TMR1H=0;// inicializa o high byte do timer 1;
0x0015	0x018F      	CLRF       TMR1H
;frequencycounter.c,34 :: 		TMR1L=0;  // inicializa o low byte do timer 1;
0x0016	0x018E      	CLRF       TMR1L
;frequencycounter.c,35 :: 		cnt1++;
0x0017	0x0AA3      	INCF       _cnt1, 1
0x0018	0x1903      	BTFSC      STATUS, 2
0x0019	0x0AA4      	INCF       _cnt1+1, 1
;frequencycounter.c,36 :: 		PIR1.TMR1IF=0;
0x001A	0x100C      	BCF        PIR1, 0
;frequencycounter.c,37 :: 		}
L_interrupt1:
;frequencycounter.c,38 :: 		}
L_end_interrupt:
L__interrupt9:
0x001B	0x084D      	MOVF       ___savePCLATH, 0
0x001C	0x008A      	MOVWF      PCLATH
0x001D	0x0E4C      	SWAPF      ___saveSTATUS, 0
0x001E	0x0083      	MOVWF      STATUS
0x001F	0x0EFF      	SWAPF      R15, 1
0x0020	0x0E7F      	SWAPF      R15, 0
0x0021	0x0009      	RETFIE
; end of _interrupt
_Delay_1us:
;__Lib_Delays.c,7 :: 		void Delay_1us() {
;__Lib_Delays.c,8 :: 		Delay_us(1);
0x0022	0x0000      	NOP
0x0023	0x0000      	NOP
0x0024	0x0000      	NOP
0x0025	0x0000      	NOP
0x0026	0x0000      	NOP
;__Lib_Delays.c,9 :: 		}
L_end_Delay_1us:
0x0027	0x0008      	RETURN
; end of _Delay_1us
_Delay_50us:
;__Lib_Delays.c,19 :: 		void Delay_50us() {
;__Lib_Delays.c,20 :: 		Delay_us(50);
0x0028	0x3053      	MOVLW      83
0x0029	0x1283      	BCF        STATUS, 5
0x002A	0x1303      	BCF        STATUS, 6
0x002B	0x00FD      	MOVWF      R13
L_Delay_50us2:
0x002C	0x0BFD      	DECFSZ     R13, 1
0x002D	0x282C      	GOTO       L_Delay_50us2
;__Lib_Delays.c,21 :: 		}
L_end_Delay_50us:
0x002E	0x0008      	RETURN
; end of _Delay_50us
_Delay_5500us:
;__Lib_Delays.c,31 :: 		void Delay_5500us() {
;__Lib_Delays.c,32 :: 		Delay_us(5500);
0x002F	0x3024      	MOVLW      36
0x0030	0x1283      	BCF        STATUS, 5
0x0031	0x1303      	BCF        STATUS, 6
0x0032	0x00FC      	MOVWF      R12
0x0033	0x30B5      	MOVLW      181
0x0034	0x00FD      	MOVWF      R13
L_Delay_5500us5:
0x0035	0x0BFD      	DECFSZ     R13, 1
0x0036	0x2835      	GOTO       L_Delay_5500us5
0x0037	0x0BFC      	DECFSZ     R12, 1
0x0038	0x2835      	GOTO       L_Delay_5500us5
0x0039	0x0000      	NOP
0x003A	0x0000      	NOP
;__Lib_Delays.c,33 :: 		}
L_end_Delay_5500us:
0x003B	0x0008      	RETURN
; end of _Delay_5500us
_Lcd_Cmd:
;__Lib_Lcd.c,18 :: 		
;__Lib_Lcd.c,20 :: 		
0x003C	0x1283      	BCF        STATUS, 5
0x003D	0x1303      	BCF        STATUS, 6
0x003E	0x1BE2      	BTFSC      FARG_Lcd_Cmd_out_char, 7
0x003F	0x2842      	GOTO       L__Lcd_Cmd21
0x0040	0x1186      	BCF        LCD_D7, BitPos(LCD_D7+0)
0x0041	0x2843      	GOTO       L__Lcd_Cmd22
L__Lcd_Cmd21:
0x0042	0x1586      	BSF        LCD_D7, BitPos(LCD_D7+0)
L__Lcd_Cmd22:
;__Lib_Lcd.c,21 :: 		
0x0043	0x1B62      	BTFSC      FARG_Lcd_Cmd_out_char, 6
0x0044	0x2847      	GOTO       L__Lcd_Cmd23
0x0045	0x1106      	BCF        LCD_D6, BitPos(LCD_D6+0)
0x0046	0x2848      	GOTO       L__Lcd_Cmd24
L__Lcd_Cmd23:
0x0047	0x1506      	BSF        LCD_D6, BitPos(LCD_D6+0)
L__Lcd_Cmd24:
;__Lib_Lcd.c,22 :: 		
0x0048	0x1AE2      	BTFSC      FARG_Lcd_Cmd_out_char, 5
0x0049	0x284C      	GOTO       L__Lcd_Cmd25
0x004A	0x1086      	BCF        LCD_D5, BitPos(LCD_D5+0)
0x004B	0x284D      	GOTO       L__Lcd_Cmd26
L__Lcd_Cmd25:
0x004C	0x1486      	BSF        LCD_D5, BitPos(LCD_D5+0)
L__Lcd_Cmd26:
;__Lib_Lcd.c,23 :: 		
0x004D	0x1A62      	BTFSC      FARG_Lcd_Cmd_out_char, 4
0x004E	0x2851      	GOTO       L__Lcd_Cmd27
0x004F	0x1006      	BCF        LCD_D4, BitPos(LCD_D4+0)
0x0050	0x2852      	GOTO       L__Lcd_Cmd28
L__Lcd_Cmd27:
0x0051	0x1406      	BSF        LCD_D4, BitPos(LCD_D4+0)
L__Lcd_Cmd28:
;__Lib_Lcd.c,25 :: 		
0x0052	0x184B      	BTFSC      __Lib_Lcd_cmd_status, BitPos(__Lib_Lcd_cmd_status+0)
0x0053	0x2856      	GOTO       L__Lcd_Cmd29
0x0054	0x1606      	BSF        LCD_RS, BitPos(LCD_RS+0)
0x0055	0x2857      	GOTO       L__Lcd_Cmd30
L__Lcd_Cmd29:
0x0056	0x1206      	BCF        LCD_RS, BitPos(LCD_RS+0)
L__Lcd_Cmd30:
;__Lib_Lcd.c,28 :: 		
0x0057	0x1686      	BSF        LCD_EN, BitPos(LCD_EN+0)
;__Lib_Lcd.c,29 :: 		
0x0058	0x2022      	CALL       _Delay_1us
;__Lib_Lcd.c,30 :: 		
0x0059	0x1286      	BCF        LCD_EN, BitPos(LCD_EN+0)
;__Lib_Lcd.c,33 :: 		
0x005A	0x19E2      	BTFSC      FARG_Lcd_Cmd_out_char, 3
0x005B	0x285E      	GOTO       L__Lcd_Cmd31
0x005C	0x1186      	BCF        LCD_D7, BitPos(LCD_D7+0)
0x005D	0x285F      	GOTO       L__Lcd_Cmd32
L__Lcd_Cmd31:
0x005E	0x1586      	BSF        LCD_D7, BitPos(LCD_D7+0)
L__Lcd_Cmd32:
;__Lib_Lcd.c,34 :: 		
0x005F	0x1962      	BTFSC      FARG_Lcd_Cmd_out_char, 2
0x0060	0x2863      	GOTO       L__Lcd_Cmd33
0x0061	0x1106      	BCF        LCD_D6, BitPos(LCD_D6+0)
0x0062	0x2864      	GOTO       L__Lcd_Cmd34
L__Lcd_Cmd33:
0x0063	0x1506      	BSF        LCD_D6, BitPos(LCD_D6+0)
L__Lcd_Cmd34:
;__Lib_Lcd.c,35 :: 		
0x0064	0x18E2      	BTFSC      FARG_Lcd_Cmd_out_char, 1
0x0065	0x2868      	GOTO       L__Lcd_Cmd35
0x0066	0x1086      	BCF        LCD_D5, BitPos(LCD_D5+0)
0x0067	0x2869      	GOTO       L__Lcd_Cmd36
L__Lcd_Cmd35:
0x0068	0x1486      	BSF        LCD_D5, BitPos(LCD_D5+0)
L__Lcd_Cmd36:
;__Lib_Lcd.c,36 :: 		
0x0069	0x1862      	BTFSC      FARG_Lcd_Cmd_out_char, 0
0x006A	0x286D      	GOTO       L__Lcd_Cmd37
0x006B	0x1006      	BCF        LCD_D4, BitPos(LCD_D4+0)
0x006C	0x286E      	GOTO       L__Lcd_Cmd38
L__Lcd_Cmd37:
0x006D	0x1406      	BSF        LCD_D4, BitPos(LCD_D4+0)
L__Lcd_Cmd38:
;__Lib_Lcd.c,38 :: 		
0x006E	0x184B      	BTFSC      __Lib_Lcd_cmd_status, BitPos(__Lib_Lcd_cmd_status+0)
0x006F	0x2872      	GOTO       L__Lcd_Cmd39
0x0070	0x1606      	BSF        LCD_RS, BitPos(LCD_RS+0)
0x0071	0x2873      	GOTO       L__Lcd_Cmd40
L__Lcd_Cmd39:
0x0072	0x1206      	BCF        LCD_RS, BitPos(LCD_RS+0)
L__Lcd_Cmd40:
;__Lib_Lcd.c,40 :: 		
0x0073	0x1686      	BSF        LCD_EN, BitPos(LCD_EN+0)
;__Lib_Lcd.c,41 :: 		
0x0074	0x2022      	CALL       _Delay_1us
;__Lib_Lcd.c,42 :: 		
0x0075	0x1286      	BCF        LCD_EN, BitPos(LCD_EN+0)
;__Lib_Lcd.c,44 :: 		
0x0076	0x1C4B      	BTFSS      __Lib_Lcd_cmd_status, BitPos(__Lib_Lcd_cmd_status+0)
0x0077	0x287A      	GOTO       L_Lcd_Cmd0
;__Lib_Lcd.c,45 :: 		
0x0078	0x202F      	CALL       _Delay_5500us
0x0079	0x287B      	GOTO       L_Lcd_Cmd1
L_Lcd_Cmd0:
;__Lib_Lcd.c,47 :: 		
0x007A	0x2028      	CALL       _Delay_50us
L_Lcd_Cmd1:
;__Lib_Lcd.c,48 :: 		
L_end_Lcd_Cmd:
0x007B	0x0008      	RETURN
; end of _Lcd_Cmd
_____DoICP:
;__Lib_System.c,6 :: 		
;__Lib_System.c,9 :: 		
0x007C	0x1283      	BCF        STATUS, 5
0x007D	0x1303      	BCF        STATUS, 6
0x007E	0x0846      	MOVF       ___DoICPAddr+1, 0
0x007F	0x008A      	MOVWF      PCLATH
;__Lib_System.c,10 :: 		
0x0080	0x0845      	MOVF       ___DoICPAddr, 0
0x0081	0x0082      	MOVWF      PCL
;__Lib_System.c,12 :: 		
L_end_____DoICP:
0x0082	0x0008      	RETURN
; end of _____DoICP
_Div_32x32_U:
;__Lib_Math.c,1317 :: 		
;__Lib_Math.c,1326 :: 		
;__Lib_Math.c,1328 :: 		
0x0083	0x1283      	BCF        STATUS, 5
;__Lib_Math.c,1329 :: 		
0x0084	0x1303      	BCF        STATUS, 6
;__Lib_Math.c,1330 :: 		
0x0085	0x01FB      	CLRF       R11
;__Lib_Math.c,1331 :: 		
0x0086	0x01FA      	CLRF       R10
;__Lib_Math.c,1332 :: 		
0x0087	0x01F9      	CLRF       R9
;__Lib_Math.c,1333 :: 		
0x0088	0x01F8      	CLRF       R8
;__Lib_Math.c,1335 :: 		
0x0089	0x01A0      	CLRF       ___math_tempb
;__Lib_Math.c,1337 :: 		
0x008A	0x0D73      	RLF        R3, 0
;__Lib_Math.c,1338 :: 		
0x008B	0x0DF8      	RLF        R8, 1
;__Lib_Math.c,1339 :: 		
0x008C	0x0874      	MOVF       R4, 0
;__Lib_Math.c,1340 :: 		
0x008D	0x02F8      	SUBWF      R8, 1
;__Lib_Math.c,1341 :: 		
0x008E	0x0875      	MOVF       R5, 0
;__Lib_Math.c,1342 :: 		
0x008F	0x1C03      	BTFSS      STATUS, 0
;__Lib_Math.c,1343 :: 		
0x0090	0x0F75      	INCFSZ     R5, 0
;__Lib_Math.c,1344 :: 		
0x0091	0x02F9      	SUBWF      R9, 1
;__Lib_Math.c,1345 :: 		
0x0092	0x0876      	MOVF       R6, 0
;__Lib_Math.c,1346 :: 		
0x0093	0x1C03      	BTFSS      STATUS, 0
;__Lib_Math.c,1347 :: 		
0x0094	0x0F76      	INCFSZ     R6, 0
;__Lib_Math.c,1348 :: 		
0x0095	0x02FA      	SUBWF      R10, 1
;__Lib_Math.c,1349 :: 		
0x0096	0x0877      	MOVF       R7, 0
;__Lib_Math.c,1350 :: 		
0x0097	0x1C03      	BTFSS      STATUS, 0
;__Lib_Math.c,1351 :: 		
0x0098	0x0F77      	INCFSZ     R7, 0
;__Lib_Math.c,1352 :: 		
0x0099	0x02FB      	SUBWF      R11, 1
;__Lib_Math.c,1354 :: 		
0x009A	0x0100      	CLRW
;__Lib_Math.c,1355 :: 		
0x009B	0x1C03      	BTFSS      STATUS, 0
;__Lib_Math.c,1356 :: 		
0x009C	0x3001      	MOVLW      1
;__Lib_Math.c,1357 :: 		
0x009D	0x02A0      	SUBWF      ___math_tempb, 1
;__Lib_Math.c,1358 :: 		
0x009E	0x0DF3      	RLF        R3, 1
;__Lib_Math.c,1360 :: 		
0x009F	0x3007      	MOVLW      7
;__Lib_Math.c,1361 :: 		
0x00A0	0x00FC      	MOVWF      R12
;__Lib_Math.c,1363 :: 		
LOOPU3232A:
;__Lib_Math.c,1364 :: 		
0x00A1	0x0D73      	RLF        R3, 0
;__Lib_Math.c,1365 :: 		
0x00A2	0x0DF8      	RLF        R8, 1
;__Lib_Math.c,1366 :: 		
0x00A3	0x0DF9      	RLF        R9, 1
;__Lib_Math.c,1367 :: 		
0x00A4	0x0DFA      	RLF        R10, 1
;__Lib_Math.c,1368 :: 		
0x00A5	0x0DFB      	RLF        R11, 1
;__Lib_Math.c,1369 :: 		
0x00A6	0x0DA0      	RLF        ___math_tempb, 1
;__Lib_Math.c,1370 :: 		
0x00A7	0x0874      	MOVF       R4, 0
;__Lib_Math.c,1371 :: 		
0x00A8	0x1C73      	BTFSS      R3, 0
;__Lib_Math.c,1372 :: 		
0x00A9	0x28BC      	GOTO       UADD22LA
;__Lib_Math.c,1374 :: 		
0x00AA	0x02F8      	SUBWF      R8, 1
;__Lib_Math.c,1375 :: 		
0x00AB	0x0875      	MOVF       R5, 0
;__Lib_Math.c,1376 :: 		
0x00AC	0x1C03      	BTFSS      STATUS, 0
;__Lib_Math.c,1377 :: 		
0x00AD	0x0F75      	INCFSZ     R5, 0
;__Lib_Math.c,1378 :: 		
0x00AE	0x02F9      	SUBWF      R9, 1
;__Lib_Math.c,1379 :: 		
0x00AF	0x0876      	MOVF       R6, 0
;__Lib_Math.c,1380 :: 		
0x00B0	0x1C03      	BTFSS      STATUS, 0
;__Lib_Math.c,1381 :: 		
0x00B1	0x0F76      	INCFSZ     R6, 0
;__Lib_Math.c,1382 :: 		
0x00B2	0x02FA      	SUBWF      R10, 1
;__Lib_Math.c,1383 :: 		
0x00B3	0x0877      	MOVF       R7, 0
;__Lib_Math.c,1384 :: 		
0x00B4	0x1C03      	BTFSS      STATUS, 0
;__Lib_Math.c,1385 :: 		
0x00B5	0x0F77      	INCFSZ     R7, 0
;__Lib_Math.c,1386 :: 		
0x00B6	0x02FB      	SUBWF      R11, 1
;__Lib_Math.c,1387 :: 		
0x00B7	0x0100      	CLRW
;__Lib_Math.c,1388 :: 		
0x00B8	0x1C03      	BTFSS      STATUS, 0
;__Lib_Math.c,1389 :: 		
0x00B9	0x3001      	MOVLW      1
;__Lib_Math.c,1390 :: 		
0x00BA	0x02A0      	SUBWF      ___math_tempb, 1
;__Lib_Math.c,1391 :: 		
0x00BB	0x28CD      	GOTO       UOK22LA
;__Lib_Math.c,1393 :: 		
UADD22LA:
;__Lib_Math.c,1394 :: 		
0x00BC	0x07F8      	ADDWF      R8, 1
;__Lib_Math.c,1395 :: 		
0x00BD	0x0875      	MOVF       R5, 0
;__Lib_Math.c,1396 :: 		
0x00BE	0x1803      	BTFSC      STATUS, 0
;__Lib_Math.c,1397 :: 		
0x00BF	0x0F75      	INCFSZ     R5, 0
;__Lib_Math.c,1398 :: 		
0x00C0	0x07F9      	ADDWF      R9, 1
;__Lib_Math.c,1399 :: 		
0x00C1	0x0876      	MOVF       R6, 0
;__Lib_Math.c,1400 :: 		
0x00C2	0x1803      	BTFSC      STATUS, 0
;__Lib_Math.c,1401 :: 		
0x00C3	0x0F76      	INCFSZ     R6, 0
;__Lib_Math.c,1402 :: 		
0x00C4	0x07FA      	ADDWF      R10, 1
;__Lib_Math.c,1403 :: 		
0x00C5	0x0877      	MOVF       R7, 0
;__Lib_Math.c,1404 :: 		
0x00C6	0x1803      	BTFSC      STATUS, 0
;__Lib_Math.c,1405 :: 		
0x00C7	0x0F77      	INCFSZ     R7, 0
;__Lib_Math.c,1406 :: 		
0x00C8	0x07FB      	ADDWF      R11, 1
;__Lib_Math.c,1407 :: 		
0x00C9	0x0100      	CLRW
;__Lib_Math.c,1408 :: 		
0x00CA	0x1803      	BTFSC      STATUS, 0
;__Lib_Math.c,1409 :: 		
0x00CB	0x3001      	MOVLW      1
;__Lib_Math.c,1410 :: 		
0x00CC	0x07A0      	ADDWF      ___math_tempb, 1
;__Lib_Math.c,1412 :: 		
UOK22LA:
;__Lib_Math.c,1413 :: 		
0x00CD	0x0DF3      	RLF        R3, 1
;__Lib_Math.c,1415 :: 		
0x00CE	0x0BFC      	DECFSZ     R12, 1
;__Lib_Math.c,1416 :: 		
0x00CF	0x28A1      	GOTO       LOOPU3232A
;__Lib_Math.c,1418 :: 		
0x00D0	0x0D72      	RLF        R2, 0
;__Lib_Math.c,1419 :: 		
0x00D1	0x0DF8      	RLF        R8, 1
;__Lib_Math.c,1420 :: 		
0x00D2	0x0DF9      	RLF        R9, 1
;__Lib_Math.c,1421 :: 		
0x00D3	0x0DFA      	RLF        R10, 1
;__Lib_Math.c,1422 :: 		
0x00D4	0x0DFB      	RLF        R11, 1
;__Lib_Math.c,1423 :: 		
0x00D5	0x0DA0      	RLF        ___math_tempb, 1
;__Lib_Math.c,1424 :: 		
0x00D6	0x0874      	MOVF       R4, 0
;__Lib_Math.c,1425 :: 		
0x00D7	0x1C73      	BTFSS      R3, 0
;__Lib_Math.c,1426 :: 		
0x00D8	0x28EB      	GOTO       UADD22L8
;__Lib_Math.c,1428 :: 		
0x00D9	0x02F8      	SUBWF      R8, 1
;__Lib_Math.c,1429 :: 		
0x00DA	0x0875      	MOVF       R5, 0
;__Lib_Math.c,1430 :: 		
0x00DB	0x1C03      	BTFSS      STATUS, 0
;__Lib_Math.c,1431 :: 		
0x00DC	0x0F75      	INCFSZ     R5, 0
;__Lib_Math.c,1432 :: 		
0x00DD	0x02F9      	SUBWF      R9, 1
;__Lib_Math.c,1433 :: 		
0x00DE	0x0876      	MOVF       R6, 0
;__Lib_Math.c,1434 :: 		
0x00DF	0x1C03      	BTFSS      STATUS, 0
;__Lib_Math.c,1435 :: 		
0x00E0	0x0F76      	INCFSZ     R6, 0
;__Lib_Math.c,1436 :: 		
0x00E1	0x02FA      	SUBWF      R10, 1
;__Lib_Math.c,1437 :: 		
0x00E2	0x0877      	MOVF       R7, 0
;__Lib_Math.c,1438 :: 		
0x00E3	0x1C03      	BTFSS      STATUS, 0
;__Lib_Math.c,1439 :: 		
0x00E4	0x0F77      	INCFSZ     R7, 0
;__Lib_Math.c,1440 :: 		
0x00E5	0x02FB      	SUBWF      R11, 1
;__Lib_Math.c,1441 :: 		
0x00E6	0x0100      	CLRW
;__Lib_Math.c,1442 :: 		
0x00E7	0x1C03      	BTFSS      STATUS, 0
;__Lib_Math.c,1443 :: 		
0x00E8	0x3001      	MOVLW      1
;__Lib_Math.c,1444 :: 		
0x00E9	0x02A0      	SUBWF      ___math_tempb, 1
;__Lib_Math.c,1445 :: 		
0x00EA	0x28FC      	GOTO       UOK22L8
;__Lib_Math.c,1447 :: 		
UADD22L8:
;__Lib_Math.c,1448 :: 		
0x00EB	0x07F8      	ADDWF      R8, 1
;__Lib_Math.c,1449 :: 		
0x00EC	0x0875      	MOVF       R5, 0
;__Lib_Math.c,1450 :: 		
0x00ED	0x1803      	BTFSC      STATUS, 0
;__Lib_Math.c,1451 :: 		
0x00EE	0x0F75      	INCFSZ     R5, 0
;__Lib_Math.c,1452 :: 		
0x00EF	0x07F9      	ADDWF      R9, 1
;__Lib_Math.c,1453 :: 		
0x00F0	0x0876      	MOVF       R6, 0
;__Lib_Math.c,1454 :: 		
0x00F1	0x1803      	BTFSC      STATUS, 0
;__Lib_Math.c,1455 :: 		
0x00F2	0x0F76      	INCFSZ     R6, 0
;__Lib_Math.c,1456 :: 		
0x00F3	0x07FA      	ADDWF      R10, 1
;__Lib_Math.c,1457 :: 		
0x00F4	0x0877      	MOVF       R7, 0
;__Lib_Math.c,1458 :: 		
0x00F5	0x1803      	BTFSC      STATUS, 0
;__Lib_Math.c,1459 :: 		
0x00F6	0x0F77      	INCFSZ     R7, 0
;__Lib_Math.c,1460 :: 		
0x00F7	0x07FB      	ADDWF      R11, 1
;__Lib_Math.c,1461 :: 		
0x00F8	0x0100      	CLRW
;__Lib_Math.c,1462 :: 		
0x00F9	0x1803      	BTFSC      STATUS, 0
;__Lib_Math.c,1463 :: 		
0x00FA	0x3001      	MOVLW      1
;__Lib_Math.c,1464 :: 		
0x00FB	0x07A0      	ADDWF      ___math_tempb, 1
;__Lib_Math.c,1466 :: 		
UOK22L8:
;__Lib_Math.c,1467 :: 		
0x00FC	0x0DF2      	RLF        R2, 1
;__Lib_Math.c,1469 :: 		
0x00FD	0x3007      	MOVLW      7
;__Lib_Math.c,1470 :: 		
0x00FE	0x00FC      	MOVWF      R12
;__Lib_Math.c,1472 :: 		
LOOPU3232B:
;__Lib_Math.c,1473 :: 		
0x00FF	0x0D72      	RLF        R2, 0
;__Lib_Math.c,1474 :: 		
0x0100	0x0DF8      	RLF        R8, 1
;__Lib_Math.c,1475 :: 		
0x0101	0x0DF9      	RLF        R9, 1
;__Lib_Math.c,1476 :: 		
0x0102	0x0DFA      	RLF        R10, 1
;__Lib_Math.c,1477 :: 		
0x0103	0x0DFB      	RLF        R11, 1
;__Lib_Math.c,1478 :: 		
0x0104	0x0DA0      	RLF        ___math_tempb, 1
;__Lib_Math.c,1479 :: 		
0x0105	0x0874      	MOVF       R4, 0
;__Lib_Math.c,1480 :: 		
0x0106	0x1C72      	BTFSS      R2, 0
;__Lib_Math.c,1481 :: 		
0x0107	0x291A      	GOTO       UADD22LB
;__Lib_Math.c,1483 :: 		
0x0108	0x02F8      	SUBWF      R8, 1
;__Lib_Math.c,1484 :: 		
0x0109	0x0875      	MOVF       R5, 0
;__Lib_Math.c,1485 :: 		
0x010A	0x1C03      	BTFSS      STATUS, 0
;__Lib_Math.c,1486 :: 		
0x010B	0x0F75      	INCFSZ     R5, 0
;__Lib_Math.c,1487 :: 		
0x010C	0x02F9      	SUBWF      R9, 1
;__Lib_Math.c,1488 :: 		
0x010D	0x0876      	MOVF       R6, 0
;__Lib_Math.c,1489 :: 		
0x010E	0x1C03      	BTFSS      STATUS, 0
;__Lib_Math.c,1490 :: 		
0x010F	0x0F76      	INCFSZ     R6, 0
;__Lib_Math.c,1491 :: 		
0x0110	0x02FA      	SUBWF      R10, 1
;__Lib_Math.c,1492 :: 		
0x0111	0x0877      	MOVF       R7, 0
;__Lib_Math.c,1493 :: 		
0x0112	0x1C03      	BTFSS      STATUS, 0
;__Lib_Math.c,1494 :: 		
0x0113	0x0F77      	INCFSZ     R7, 0
;__Lib_Math.c,1495 :: 		
0x0114	0x02FB      	SUBWF      R11, 1
;__Lib_Math.c,1496 :: 		
0x0115	0x0100      	CLRW
;__Lib_Math.c,1497 :: 		
0x0116	0x1C03      	BTFSS      STATUS, 0
;__Lib_Math.c,1498 :: 		
0x0117	0x3001      	MOVLW      1
;__Lib_Math.c,1499 :: 		
0x0118	0x02A0      	SUBWF      ___math_tempb, 1
;__Lib_Math.c,1500 :: 		
0x0119	0x292B      	GOTO       UOK22LB
;__Lib_Math.c,1502 :: 		
UADD22LB:
;__Lib_Math.c,1503 :: 		
0x011A	0x07F8      	ADDWF      R8, 1
;__Lib_Math.c,1504 :: 		
0x011B	0x0875      	MOVF       R5, 0
;__Lib_Math.c,1505 :: 		
0x011C	0x1803      	BTFSC      STATUS, 0
;__Lib_Math.c,1506 :: 		
0x011D	0x0F75      	INCFSZ     R5, 0
;__Lib_Math.c,1507 :: 		
0x011E	0x07F9      	ADDWF      R9, 1
;__Lib_Math.c,1508 :: 		
0x011F	0x0876      	MOVF       R6, 0
;__Lib_Math.c,1509 :: 		
0x0120	0x1803      	BTFSC      STATUS, 0
;__Lib_Math.c,1510 :: 		
0x0121	0x0F76      	INCFSZ     R6, 0
;__Lib_Math.c,1511 :: 		
0x0122	0x07FA      	ADDWF      R10, 1
;__Lib_Math.c,1512 :: 		
0x0123	0x0877      	MOVF       R7, 0
;__Lib_Math.c,1513 :: 		
0x0124	0x1803      	BTFSC      STATUS, 0
;__Lib_Math.c,1514 :: 		
0x0125	0x0F77      	INCFSZ     R7, 0
;__Lib_Math.c,1515 :: 		
0x0126	0x07FB      	ADDWF      R11, 1
;__Lib_Math.c,1516 :: 		
0x0127	0x0100      	CLRW
;__Lib_Math.c,1517 :: 		
0x0128	0x1803      	BTFSC      STATUS, 0
;__Lib_Math.c,1518 :: 		
0x0129	0x3001      	MOVLW      1
;__Lib_Math.c,1519 :: 		
0x012A	0x07A0      	ADDWF      ___math_tempb, 1
;__Lib_Math.c,1521 :: 		
UOK22LB:
;__Lib_Math.c,1522 :: 		
0x012B	0x0DF2      	RLF        R2, 1
;__Lib_Math.c,1524 :: 		
0x012C	0x0BFC      	DECFSZ     R12, 1
;__Lib_Math.c,1525 :: 		
0x012D	0x28FF      	GOTO       LOOPU3232B
;__Lib_Math.c,1527 :: 		
0x012E	0x0D71      	RLF        R1, 0
;__Lib_Math.c,1528 :: 		
0x012F	0x0DF8      	RLF        R8, 1
;__Lib_Math.c,1529 :: 		
0x0130	0x0DF9      	RLF        R9, 1
;__Lib_Math.c,1530 :: 		
0x0131	0x0DFA      	RLF        R10, 1
;__Lib_Math.c,1531 :: 		
0x0132	0x0DFB      	RLF        R11, 1
;__Lib_Math.c,1532 :: 		
0x0133	0x0DA0      	RLF        ___math_tempb, 1
;__Lib_Math.c,1533 :: 		
0x0134	0x0874      	MOVF       R4, 0
;__Lib_Math.c,1534 :: 		
0x0135	0x1C72      	BTFSS      R2, 0
;__Lib_Math.c,1535 :: 		
0x0136	0x2949      	GOTO       UADD22L16
;__Lib_Math.c,1537 :: 		
0x0137	0x02F8      	SUBWF      R8, 1
;__Lib_Math.c,1538 :: 		
0x0138	0x0875      	MOVF       R5, 0
;__Lib_Math.c,1539 :: 		
0x0139	0x1C03      	BTFSS      STATUS, 0
;__Lib_Math.c,1540 :: 		
0x013A	0x0F75      	INCFSZ     R5, 0
;__Lib_Math.c,1541 :: 		
0x013B	0x02F9      	SUBWF      R9, 1
;__Lib_Math.c,1542 :: 		
0x013C	0x0876      	MOVF       R6, 0
;__Lib_Math.c,1543 :: 		
0x013D	0x1C03      	BTFSS      STATUS, 0
;__Lib_Math.c,1544 :: 		
0x013E	0x0F76      	INCFSZ     R6, 0
;__Lib_Math.c,1545 :: 		
0x013F	0x02FA      	SUBWF      R10, 1
;__Lib_Math.c,1546 :: 		
0x0140	0x0877      	MOVF       R7, 0
;__Lib_Math.c,1547 :: 		
0x0141	0x1C03      	BTFSS      STATUS, 0
;__Lib_Math.c,1548 :: 		
0x0142	0x0F77      	INCFSZ     R7, 0
;__Lib_Math.c,1549 :: 		
0x0143	0x02FB      	SUBWF      R11, 1
;__Lib_Math.c,1550 :: 		
0x0144	0x0100      	CLRW
;__Lib_Math.c,1551 :: 		
0x0145	0x1C03      	BTFSS      STATUS, 0
;__Lib_Math.c,1552 :: 		
0x0146	0x3001      	MOVLW      1
;__Lib_Math.c,1553 :: 		
0x0147	0x02A0      	SUBWF      ___math_tempb, 1
;__Lib_Math.c,1554 :: 		
0x0148	0x295A      	GOTO       UOK22L16
;__Lib_Math.c,1556 :: 		
UADD22L16:
;__Lib_Math.c,1557 :: 		
0x0149	0x07F8      	ADDWF      R8, 1
;__Lib_Math.c,1558 :: 		
0x014A	0x0875      	MOVF       R5, 0
;__Lib_Math.c,1559 :: 		
0x014B	0x1803      	BTFSC      STATUS, 0
;__Lib_Math.c,1560 :: 		
0x014C	0x0F75      	INCFSZ     R5, 0
;__Lib_Math.c,1561 :: 		
0x014D	0x07F9      	ADDWF      R9, 1
;__Lib_Math.c,1562 :: 		
0x014E	0x0876      	MOVF       R6, 0
;__Lib_Math.c,1563 :: 		
0x014F	0x1803      	BTFSC      STATUS, 0
;__Lib_Math.c,1564 :: 		
0x0150	0x0F76      	INCFSZ     R6, 0
;__Lib_Math.c,1565 :: 		
0x0151	0x07FA      	ADDWF      R10, 1
;__Lib_Math.c,1566 :: 		
0x0152	0x0877      	MOVF       R7, 0
;__Lib_Math.c,1567 :: 		
0x0153	0x1803      	BTFSC      STATUS, 0
;__Lib_Math.c,1568 :: 		
0x0154	0x0F77      	INCFSZ     R7, 0
;__Lib_Math.c,1569 :: 		
0x0155	0x07FB      	ADDWF      R11, 1
;__Lib_Math.c,1570 :: 		
0x0156	0x0100      	CLRW
;__Lib_Math.c,1571 :: 		
0x0157	0x1803      	BTFSC      STATUS, 0
;__Lib_Math.c,1572 :: 		
0x0158	0x3001      	MOVLW      1
;__Lib_Math.c,1573 :: 		
0x0159	0x07A0      	ADDWF      ___math_tempb, 1
;__Lib_Math.c,1575 :: 		
UOK22L16:
;__Lib_Math.c,1576 :: 		
0x015A	0x0DF1      	RLF        R1, 1
;__Lib_Math.c,1578 :: 		
0x015B	0x3007      	MOVLW      7
;__Lib_Math.c,1579 :: 		
0x015C	0x00FC      	MOVWF      R12
;__Lib_Math.c,1581 :: 		
LOOPU3232C:
;__Lib_Math.c,1582 :: 		
0x015D	0x0D71      	RLF        R1, 0
;__Lib_Math.c,1583 :: 		
0x015E	0x0DF8      	RLF        R8, 1
;__Lib_Math.c,1584 :: 		
0x015F	0x0DF9      	RLF        R9, 1
;__Lib_Math.c,1585 :: 		
0x0160	0x0DFA      	RLF        R10, 1
;__Lib_Math.c,1586 :: 		
0x0161	0x0DFB      	RLF        R11, 1
;__Lib_Math.c,1587 :: 		
0x0162	0x0DA0      	RLF        ___math_tempb, 1
;__Lib_Math.c,1588 :: 		
0x0163	0x0874      	MOVF       R4, 0
;__Lib_Math.c,1589 :: 		
0x0164	0x1C71      	BTFSS      R1, 0
;__Lib_Math.c,1590 :: 		
0x0165	0x2978      	GOTO       UADD22LC
;__Lib_Math.c,1592 :: 		
0x0166	0x02F8      	SUBWF      R8, 1
;__Lib_Math.c,1593 :: 		
0x0167	0x0875      	MOVF       R5, 0
;__Lib_Math.c,1594 :: 		
0x0168	0x1C03      	BTFSS      STATUS, 0
;__Lib_Math.c,1595 :: 		
0x0169	0x0F75      	INCFSZ     R5, 0
;__Lib_Math.c,1596 :: 		
0x016A	0x02F9      	SUBWF      R9, 1
;__Lib_Math.c,1597 :: 		
0x016B	0x0876      	MOVF       R6, 0
;__Lib_Math.c,1598 :: 		
0x016C	0x1C03      	BTFSS      STATUS, 0
;__Lib_Math.c,1599 :: 		
0x016D	0x0F76      	INCFSZ     R6, 0
;__Lib_Math.c,1600 :: 		
0x016E	0x02FA      	SUBWF      R10, 1
;__Lib_Math.c,1601 :: 		
0x016F	0x0877      	MOVF       R7, 0
;__Lib_Math.c,1602 :: 		
0x0170	0x1C03      	BTFSS      STATUS, 0
;__Lib_Math.c,1603 :: 		
0x0171	0x0F77      	INCFSZ     R7, 0
;__Lib_Math.c,1604 :: 		
0x0172	0x02FB      	SUBWF      R11, 1
;__Lib_Math.c,1605 :: 		
0x0173	0x0100      	CLRW
;__Lib_Math.c,1606 :: 		
0x0174	0x1C03      	BTFSS      STATUS, 0
;__Lib_Math.c,1607 :: 		
0x0175	0x3001      	MOVLW      1
;__Lib_Math.c,1608 :: 		
0x0176	0x02A0      	SUBWF      ___math_tempb, 1
;__Lib_Math.c,1609 :: 		
0x0177	0x2989      	GOTO       UOK22LC
;__Lib_Math.c,1611 :: 		
UADD22LC:
;__Lib_Math.c,1612 :: 		
0x0178	0x07F8      	ADDWF      R8, 1
;__Lib_Math.c,1613 :: 		
0x0179	0x0875      	MOVF       R5, 0
;__Lib_Math.c,1614 :: 		
0x017A	0x1803      	BTFSC      STATUS, 0
;__Lib_Math.c,1615 :: 		
0x017B	0x0F75      	INCFSZ     R5, 0
;__Lib_Math.c,1616 :: 		
0x017C	0x07F9      	ADDWF      R9, 1
;__Lib_Math.c,1617 :: 		
0x017D	0x0876      	MOVF       R6, 0
;__Lib_Math.c,1618 :: 		
0x017E	0x1803      	BTFSC      STATUS, 0
;__Lib_Math.c,1619 :: 		
0x017F	0x0F76      	INCFSZ     R6, 0
;__Lib_Math.c,1620 :: 		
0x0180	0x07FA      	ADDWF      R10, 1
;__Lib_Math.c,1621 :: 		
0x0181	0x0877      	MOVF       R7, 0
;__Lib_Math.c,1622 :: 		
0x0182	0x1803      	BTFSC      STATUS, 0
;__Lib_Math.c,1623 :: 		
0x0183	0x0F77      	INCFSZ     R7, 0
;__Lib_Math.c,1624 :: 		
0x0184	0x07FB      	ADDWF      R11, 1
;__Lib_Math.c,1625 :: 		
0x0185	0x0100      	CLRW
;__Lib_Math.c,1626 :: 		
0x0186	0x1803      	BTFSC      STATUS, 0
;__Lib_Math.c,1627 :: 		
0x0187	0x3001      	MOVLW      1
;__Lib_Math.c,1628 :: 		
0x0188	0x07A0      	ADDWF      ___math_tempb, 1
;__Lib_Math.c,1630 :: 		
UOK22LC:
;__Lib_Math.c,1631 :: 		
0x0189	0x0DF1      	RLF        R1, 1
;__Lib_Math.c,1633 :: 		
0x018A	0x0BFC      	DECFSZ     R12, 1
;__Lib_Math.c,1634 :: 		
0x018B	0x295D      	GOTO       LOOPU3232C
;__Lib_Math.c,1636 :: 		
0x018C	0x0D70      	RLF        R0, 0
;__Lib_Math.c,1637 :: 		
0x018D	0x0DF8      	RLF        R8, 1
;__Lib_Math.c,1638 :: 		
0x018E	0x0DF9      	RLF        R9, 1
;__Lib_Math.c,1639 :: 		
0x018F	0x0DFA      	RLF        R10, 1
;__Lib_Math.c,1640 :: 		
0x0190	0x0DFB      	RLF        R11, 1
;__Lib_Math.c,1641 :: 		
0x0191	0x0DA0      	RLF        ___math_tempb, 1
;__Lib_Math.c,1642 :: 		
0x0192	0x0874      	MOVF       R4, 0
;__Lib_Math.c,1643 :: 		
0x0193	0x1C71      	BTFSS      R1, 0
;__Lib_Math.c,1644 :: 		
0x0194	0x29A7      	GOTO       UADD22L24
;__Lib_Math.c,1646 :: 		
0x0195	0x02F8      	SUBWF      R8, 1
;__Lib_Math.c,1647 :: 		
0x0196	0x0875      	MOVF       R5, 0
;__Lib_Math.c,1648 :: 		
0x0197	0x1C03      	BTFSS      STATUS, 0
;__Lib_Math.c,1649 :: 		
0x0198	0x0F75      	INCFSZ     R5, 0
;__Lib_Math.c,1650 :: 		
0x0199	0x02F9      	SUBWF      R9, 1
;__Lib_Math.c,1651 :: 		
0x019A	0x0876      	MOVF       R6, 0
;__Lib_Math.c,1652 :: 		
0x019B	0x1C03      	BTFSS      STATUS, 0
;__Lib_Math.c,1653 :: 		
0x019C	0x0F76      	INCFSZ     R6, 0
;__Lib_Math.c,1654 :: 		
0x019D	0x02FA      	SUBWF      R10, 1
;__Lib_Math.c,1655 :: 		
0x019E	0x0877      	MOVF       R7, 0
;__Lib_Math.c,1656 :: 		
0x019F	0x1C03      	BTFSS      STATUS, 0
;__Lib_Math.c,1657 :: 		
0x01A0	0x0F77      	INCFSZ     R7, 0
;__Lib_Math.c,1658 :: 		
0x01A1	0x02FB      	SUBWF      R11, 1
;__Lib_Math.c,1659 :: 		
0x01A2	0x0100      	CLRW
;__Lib_Math.c,1660 :: 		
0x01A3	0x1C03      	BTFSS      STATUS, 0
;__Lib_Math.c,1661 :: 		
0x01A4	0x3001      	MOVLW      1
;__Lib_Math.c,1662 :: 		
0x01A5	0x02A0      	SUBWF      ___math_tempb, 1
;__Lib_Math.c,1663 :: 		
0x01A6	0x29B8      	GOTO       UOK22L24
;__Lib_Math.c,1665 :: 		
UADD22L24:
;__Lib_Math.c,1666 :: 		
0x01A7	0x07F8      	ADDWF      R8, 1
;__Lib_Math.c,1667 :: 		
0x01A8	0x0875      	MOVF       R5, 0
;__Lib_Math.c,1668 :: 		
0x01A9	0x1803      	BTFSC      STATUS, 0
;__Lib_Math.c,1669 :: 		
0x01AA	0x0F75      	INCFSZ     R5, 0
;__Lib_Math.c,1670 :: 		
0x01AB	0x07F9      	ADDWF      R9, 1
;__Lib_Math.c,1671 :: 		
0x01AC	0x0876      	MOVF       R6, 0
;__Lib_Math.c,1672 :: 		
0x01AD	0x1803      	BTFSC      STATUS, 0
;__Lib_Math.c,1673 :: 		
0x01AE	0x0F76      	INCFSZ     R6, 0
;__Lib_Math.c,1674 :: 		
0x01AF	0x07FA      	ADDWF      R10, 1
;__Lib_Math.c,1675 :: 		
0x01B0	0x0877      	MOVF       R7, 0
;__Lib_Math.c,1676 :: 		
0x01B1	0x1803      	BTFSC      STATUS, 0
;__Lib_Math.c,1677 :: 		
0x01B2	0x0F77      	INCFSZ     R7, 0
;__Lib_Math.c,1678 :: 		
0x01B3	0x07FB      	ADDWF      R11, 1
;__Lib_Math.c,1679 :: 		
0x01B4	0x0100      	CLRW
;__Lib_Math.c,1680 :: 		
0x01B5	0x1803      	BTFSC      STATUS, 0
;__Lib_Math.c,1681 :: 		
0x01B6	0x3001      	MOVLW      1
;__Lib_Math.c,1682 :: 		
0x01B7	0x07A0      	ADDWF      ___math_tempb, 1
;__Lib_Math.c,1684 :: 		
UOK22L24:
;__Lib_Math.c,1685 :: 		
0x01B8	0x0DF0      	RLF        R0, 1
;__Lib_Math.c,1687 :: 		
0x01B9	0x3007      	MOVLW      7
;__Lib_Math.c,1688 :: 		
0x01BA	0x00FC      	MOVWF      R12
;__Lib_Math.c,1690 :: 		
LOOPU3232D:
;__Lib_Math.c,1691 :: 		
0x01BB	0x0D70      	RLF        R0, 0
;__Lib_Math.c,1692 :: 		
0x01BC	0x0DF8      	RLF        R8, 1
;__Lib_Math.c,1693 :: 		
0x01BD	0x0DF9      	RLF        R9, 1
;__Lib_Math.c,1694 :: 		
0x01BE	0x0DFA      	RLF        R10, 1
;__Lib_Math.c,1695 :: 		
0x01BF	0x0DFB      	RLF        R11, 1
;__Lib_Math.c,1696 :: 		
0x01C0	0x0DA0      	RLF        ___math_tempb, 1
;__Lib_Math.c,1697 :: 		
0x01C1	0x0874      	MOVF       R4, 0
;__Lib_Math.c,1698 :: 		
0x01C2	0x1C70      	BTFSS      R0, 0
;__Lib_Math.c,1699 :: 		
0x01C3	0x29D6      	GOTO       UADD22LD
;__Lib_Math.c,1701 :: 		
0x01C4	0x02F8      	SUBWF      R8, 1
;__Lib_Math.c,1702 :: 		
0x01C5	0x0875      	MOVF       R5, 0
;__Lib_Math.c,1703 :: 		
0x01C6	0x1C03      	BTFSS      STATUS, 0
;__Lib_Math.c,1704 :: 		
0x01C7	0x0F75      	INCFSZ     R5, 0
;__Lib_Math.c,1705 :: 		
0x01C8	0x02F9      	SUBWF      R9, 1
;__Lib_Math.c,1706 :: 		
0x01C9	0x0876      	MOVF       R6, 0
;__Lib_Math.c,1707 :: 		
0x01CA	0x1C03      	BTFSS      STATUS, 0
;__Lib_Math.c,1708 :: 		
0x01CB	0x0F76      	INCFSZ     R6, 0
;__Lib_Math.c,1709 :: 		
0x01CC	0x02FA      	SUBWF      R10, 1
;__Lib_Math.c,1710 :: 		
0x01CD	0x0877      	MOVF       R7, 0
;__Lib_Math.c,1711 :: 		
0x01CE	0x1C03      	BTFSS      STATUS, 0
;__Lib_Math.c,1712 :: 		
0x01CF	0x0F77      	INCFSZ     R7, 0
;__Lib_Math.c,1713 :: 		
0x01D0	0x02FB      	SUBWF      R11, 1
;__Lib_Math.c,1714 :: 		
0x01D1	0x0100      	CLRW
;__Lib_Math.c,1715 :: 		
0x01D2	0x1C03      	BTFSS      STATUS, 0
;__Lib_Math.c,1716 :: 		
0x01D3	0x3001      	MOVLW      1
;__Lib_Math.c,1717 :: 		
0x01D4	0x02A0      	SUBWF      ___math_tempb, 1
;__Lib_Math.c,1718 :: 		
0x01D5	0x29E7      	GOTO       UOK22LD
;__Lib_Math.c,1720 :: 		
UADD22LD:
;__Lib_Math.c,1721 :: 		
0x01D6	0x07F8      	ADDWF      R8, 1
;__Lib_Math.c,1722 :: 		
0x01D7	0x0875      	MOVF       R5, 0
;__Lib_Math.c,1723 :: 		
0x01D8	0x1803      	BTFSC      STATUS, 0
;__Lib_Math.c,1724 :: 		
0x01D9	0x0F75      	INCFSZ     R5, 0
;__Lib_Math.c,1725 :: 		
0x01DA	0x07F9      	ADDWF      R9, 1
;__Lib_Math.c,1726 :: 		
0x01DB	0x0876      	MOVF       R6, 0
;__Lib_Math.c,1727 :: 		
0x01DC	0x1803      	BTFSC      STATUS, 0
;__Lib_Math.c,1728 :: 		
0x01DD	0x0F76      	INCFSZ     R6, 0
;__Lib_Math.c,1729 :: 		
0x01DE	0x07FA      	ADDWF      R10, 1
;__Lib_Math.c,1730 :: 		
0x01DF	0x0877      	MOVF       R7, 0
;__Lib_Math.c,1731 :: 		
0x01E0	0x1803      	BTFSC      STATUS, 0
;__Lib_Math.c,1732 :: 		
0x01E1	0x0F77      	INCFSZ     R7, 0
;__Lib_Math.c,1733 :: 		
0x01E2	0x07FB      	ADDWF      R11, 1
;__Lib_Math.c,1734 :: 		
0x01E3	0x0100      	CLRW
;__Lib_Math.c,1735 :: 		
0x01E4	0x1803      	BTFSC      STATUS, 0
;__Lib_Math.c,1736 :: 		
0x01E5	0x3001      	MOVLW      1
;__Lib_Math.c,1737 :: 		
0x01E6	0x07A0      	ADDWF      ___math_tempb, 1
;__Lib_Math.c,1739 :: 		
UOK22LD:
;__Lib_Math.c,1740 :: 		
0x01E7	0x0DF0      	RLF        R0, 1
;__Lib_Math.c,1742 :: 		
0x01E8	0x0BFC      	DECFSZ     R12, 1
;__Lib_Math.c,1743 :: 		
0x01E9	0x29BB      	GOTO       LOOPU3232D
;__Lib_Math.c,1745 :: 		
0x01EA	0x1870      	BTFSC      R0, 0
;__Lib_Math.c,1746 :: 		
0x01EB	0x29FA      	GOTO       UOK22L
;__Lib_Math.c,1747 :: 		
0x01EC	0x0874      	MOVF       R4, 0
;__Lib_Math.c,1748 :: 		
0x01ED	0x07F8      	ADDWF      R8, 1
;__Lib_Math.c,1749 :: 		
0x01EE	0x0875      	MOVF       R5, 0
;__Lib_Math.c,1750 :: 		
0x01EF	0x1803      	BTFSC      STATUS, 0
;__Lib_Math.c,1751 :: 		
0x01F0	0x0F75      	INCFSZ     R5, 0
;__Lib_Math.c,1752 :: 		
0x01F1	0x07F9      	ADDWF      R9, 1
;__Lib_Math.c,1753 :: 		
0x01F2	0x0876      	MOVF       R6, 0
;__Lib_Math.c,1754 :: 		
0x01F3	0x1803      	BTFSC      STATUS, 0
;__Lib_Math.c,1755 :: 		
0x01F4	0x0F76      	INCFSZ     R6, 0
;__Lib_Math.c,1756 :: 		
0x01F5	0x07FA      	ADDWF      R10, 1
;__Lib_Math.c,1757 :: 		
0x01F6	0x0877      	MOVF       R7, 0
;__Lib_Math.c,1758 :: 		
0x01F7	0x1803      	BTFSC      STATUS, 0
;__Lib_Math.c,1759 :: 		
0x01F8	0x0F77      	INCFSZ     R7, 0
;__Lib_Math.c,1760 :: 		
0x01F9	0x07FB      	ADDWF      R11, 1
;__Lib_Math.c,1762 :: 		
UOK22L:
;__Lib_Math.c,1765 :: 		
L_end_Div_32x32_U:
0x01FA	0x0008      	RETURN
; end of _Div_32x32_U
_Lcd_Chr_CP:
;__Lib_Lcd.c,50 :: 		
;__Lib_Lcd.c,52 :: 		
0x01FB	0x1283      	BCF        STATUS, 5
0x01FC	0x1303      	BCF        STATUS, 6
0x01FD	0x104B      	BCF        __Lib_Lcd_cmd_status, BitPos(__Lib_Lcd_cmd_status+0)
;__Lib_Lcd.c,53 :: 		
0x01FE	0x0861      	MOVF       FARG_Lcd_Chr_CP_out_char, 0
0x01FF	0x00E2      	MOVWF      FARG_Lcd_Cmd_out_char
0x0200	0x203C      	CALL       _Lcd_Cmd
;__Lib_Lcd.c,54 :: 		
0x0201	0x144B      	BSF        __Lib_Lcd_cmd_status, BitPos(__Lib_Lcd_cmd_status+0)
;__Lib_Lcd.c,55 :: 		
L_end_Lcd_Chr_CP:
0x0202	0x0008      	RETURN
; end of _Lcd_Chr_CP
_Ltrim:
;__Lib_Conversions.c,421 :: 		
;__Lib_Conversions.c,425 :: 		
0x0203	0x1283      	BCF        STATUS, 5
0x0204	0x1303      	BCF        STATUS, 6
0x0205	0x01DA      	CLRF       Ltrim_trimmed_L0
0x0206	0x01DB      	CLRF       Ltrim_trimmed_L0+1
;__Lib_Conversions.c,426 :: 		
0x0207	0x0859      	MOVF       FARG_Ltrim_string, 0
0x0208	0x00F2      	MOVWF      R2
;__Lib_Conversions.c,427 :: 		
0x0209	0x0859      	MOVF       FARG_Ltrim_string, 0
0x020A	0x00F3      	MOVWF      R3
;__Lib_Conversions.c,428 :: 		
L_Ltrim84:
;__Lib_Conversions.c,429 :: 		
0x020B	0x0872      	MOVF       R2, 0
0x020C	0x0084      	MOVWF      FSR
0x020D	0x0800      	MOVF       INDF, 0
0x020E	0x3A20      	XORLW      32
0x020F	0x1D03      	BTFSS      STATUS, 2
0x0210	0x2A16      	GOTO       L__Ltrim147
0x0211	0x085A      	MOVF       Ltrim_trimmed_L0, 0
0x0212	0x045B      	IORWF      Ltrim_trimmed_L0+1, 0
0x0213	0x1D03      	BTFSS      STATUS, 2
0x0214	0x2A16      	GOTO       L__Ltrim147
0x0215	0x2A23      	GOTO       L_Ltrim89
L__Ltrim147:
;__Lib_Conversions.c,430 :: 		
0x0216	0x3001      	MOVLW      1
0x0217	0x00DA      	MOVWF      Ltrim_trimmed_L0
0x0218	0x3000      	MOVLW      0
0x0219	0x00DB      	MOVWF      Ltrim_trimmed_L0+1
;__Lib_Conversions.c,431 :: 		
0x021A	0x0872      	MOVF       R2, 0
0x021B	0x0084      	MOVWF      FSR
0x021C	0x0800      	MOVF       INDF, 0
0x021D	0x00F0      	MOVWF      R0
0x021E	0x0873      	MOVF       R3, 0
0x021F	0x0084      	MOVWF      FSR
0x0220	0x0870      	MOVF       R0, 0
0x0221	0x0080      	MOVWF      INDF
0x0222	0x0AF3      	INCF       R3, 1
;__Lib_Conversions.c,432 :: 		
L_Ltrim89:
;__Lib_Conversions.c,434 :: 		
0x0223	0x0872      	MOVF       R2, 0
0x0224	0x00F1      	MOVWF      R1
0x0225	0x0AF2      	INCF       R2, 1
0x0226	0x0871      	MOVF       R1, 0
0x0227	0x0084      	MOVWF      FSR
0x0228	0x0800      	MOVF       INDF, 0
0x0229	0x3A00      	XORLW      0
0x022A	0x1D03      	BTFSS      STATUS, 2
0x022B	0x2A0B      	GOTO       L_Ltrim84
;__Lib_Conversions.c,435 :: 		
0x022C	0x0859      	MOVF       FARG_Ltrim_string, 0
0x022D	0x00F0      	MOVWF      R0
;__Lib_Conversions.c,436 :: 		
L_end_Ltrim:
0x022E	0x0008      	RETURN
; end of _Ltrim
_Lcd_Out:
;__Lib_Lcd.c,184 :: 		
;__Lib_Lcd.c,187 :: 		
0x022F	0x2A41      	GOTO       L_Lcd_Out11
;__Lib_Lcd.c,188 :: 		
L_Lcd_Out13:
0x0230	0x3080      	MOVLW      128
0x0231	0x1283      	BCF        STATUS, 5
0x0232	0x1303      	BCF        STATUS, 6
0x0233	0x00D9      	MOVWF      FARG_Lcd_Out_row
0x0234	0x2A54      	GOTO       L_Lcd_Out12
;__Lib_Lcd.c,189 :: 		
L_Lcd_Out14:
0x0235	0x30C0      	MOVLW      192
0x0236	0x00D9      	MOVWF      FARG_Lcd_Out_row
0x0237	0x2A54      	GOTO       L_Lcd_Out12
;__Lib_Lcd.c,190 :: 		
L_Lcd_Out15:
0x0238	0x3094      	MOVLW      148
0x0239	0x00D9      	MOVWF      FARG_Lcd_Out_row
0x023A	0x2A54      	GOTO       L_Lcd_Out12
;__Lib_Lcd.c,191 :: 		
L_Lcd_Out16:
0x023B	0x30D4      	MOVLW      212
0x023C	0x00D9      	MOVWF      FARG_Lcd_Out_row
0x023D	0x2A54      	GOTO       L_Lcd_Out12
;__Lib_Lcd.c,192 :: 		
L_Lcd_Out17:
0x023E	0x3080      	MOVLW      128
0x023F	0x00D9      	MOVWF      FARG_Lcd_Out_row
;__Lib_Lcd.c,193 :: 		
0x0240	0x2A54      	GOTO       L_Lcd_Out12
L_Lcd_Out11:
0x0241	0x1283      	BCF        STATUS, 5
0x0242	0x1303      	BCF        STATUS, 6
0x0243	0x0859      	MOVF       FARG_Lcd_Out_row, 0
0x0244	0x3A01      	XORLW      1
0x0245	0x1903      	BTFSC      STATUS, 2
0x0246	0x2A30      	GOTO       L_Lcd_Out13
0x0247	0x0859      	MOVF       FARG_Lcd_Out_row, 0
0x0248	0x3A02      	XORLW      2
0x0249	0x1903      	BTFSC      STATUS, 2
0x024A	0x2A35      	GOTO       L_Lcd_Out14
0x024B	0x0859      	MOVF       FARG_Lcd_Out_row, 0
0x024C	0x3A03      	XORLW      3
0x024D	0x1903      	BTFSC      STATUS, 2
0x024E	0x2A38      	GOTO       L_Lcd_Out15
0x024F	0x0859      	MOVF       FARG_Lcd_Out_row, 0
0x0250	0x3A04      	XORLW      4
0x0251	0x1903      	BTFSC      STATUS, 2
0x0252	0x2A3B      	GOTO       L_Lcd_Out16
0x0253	0x2A3E      	GOTO       L_Lcd_Out17
L_Lcd_Out12:
;__Lib_Lcd.c,194 :: 		
0x0254	0x035A      	DECF       FARG_Lcd_Out_column, 0
0x0255	0x00F0      	MOVWF      R0
0x0256	0x0859      	MOVF       FARG_Lcd_Out_row, 0
0x0257	0x07F0      	ADDWF      R0, 1
0x0258	0x0870      	MOVF       R0, 0
0x0259	0x00D9      	MOVWF      FARG_Lcd_Out_row
;__Lib_Lcd.c,196 :: 		
0x025A	0x0870      	MOVF       R0, 0
0x025B	0x00E2      	MOVWF      FARG_Lcd_Cmd_out_char
0x025C	0x203C      	CALL       _Lcd_Cmd
;__Lib_Lcd.c,197 :: 		
0x025D	0x104B      	BCF        __Lib_Lcd_cmd_status, BitPos(__Lib_Lcd_cmd_status+0)
;__Lib_Lcd.c,198 :: 		
0x025E	0x01DC      	CLRF       Lcd_Out_i_L0
;__Lib_Lcd.c,199 :: 		
L_Lcd_Out18:
0x025F	0x085C      	MOVF       Lcd_Out_i_L0, 0
0x0260	0x075B      	ADDWF      FARG_Lcd_Out_text, 0
0x0261	0x0084      	MOVWF      FSR
0x0262	0x0800      	MOVF       INDF, 0
0x0263	0x1903      	BTFSC      STATUS, 2
0x0264	0x2A6D      	GOTO       L_Lcd_Out19
;__Lib_Lcd.c,200 :: 		
0x0265	0x085C      	MOVF       Lcd_Out_i_L0, 0
0x0266	0x075B      	ADDWF      FARG_Lcd_Out_text, 0
0x0267	0x0084      	MOVWF      FSR
0x0268	0x0800      	MOVF       INDF, 0
0x0269	0x00E1      	MOVWF      FARG_Lcd_Chr_CP_out_char
0x026A	0x21FB      	CALL       _Lcd_Chr_CP
0x026B	0x0ADC      	INCF       Lcd_Out_i_L0, 1
0x026C	0x2A5F      	GOTO       L_Lcd_Out18
L_Lcd_Out19:
;__Lib_Lcd.c,201 :: 		
0x026D	0x144B      	BSF        __Lib_Lcd_cmd_status, BitPos(__Lib_Lcd_cmd_status+0)
;__Lib_Lcd.c,202 :: 		
L_end_Lcd_Out:
0x026E	0x0008      	RETURN
; end of _Lcd_Out
_LongWordToStr:
;__Lib_Conversions.c,258 :: 		
;__Lib_Conversions.c,261 :: 		
0x026F	0x1283      	BCF        STATUS, 5
0x0270	0x1303      	BCF        STATUS, 6
0x0271	0x01DE      	CLRF       LongWordToStr_len_L0
0x0272	0x01DF      	CLRF       LongWordToStr_len_L0+1
L_LongWordToStr52:
0x0273	0x3000      	MOVLW      0
0x0274	0x025F      	SUBWF      LongWordToStr_len_L0+1, 0
0x0275	0x1D03      	BTFSS      STATUS, 2
0x0276	0x2A79      	GOTO       L__LongWordToStr174
0x0277	0x300A      	MOVLW      10
0x0278	0x025E      	SUBWF      LongWordToStr_len_L0, 0
L__LongWordToStr174:
0x0279	0x1803      	BTFSC      STATUS, 0
0x027A	0x2A84      	GOTO       L_LongWordToStr53
;__Lib_Conversions.c,262 :: 		
0x027B	0x085E      	MOVF       LongWordToStr_len_L0, 0
0x027C	0x075D      	ADDWF      FARG_LongWordToStr_output, 0
0x027D	0x0084      	MOVWF      FSR
0x027E	0x3020      	MOVLW      32
0x027F	0x0080      	MOVWF      INDF
;__Lib_Conversions.c,261 :: 		
0x0280	0x0ADE      	INCF       LongWordToStr_len_L0, 1
0x0281	0x1903      	BTFSC      STATUS, 2
0x0282	0x0ADF      	INCF       LongWordToStr_len_L0+1, 1
;__Lib_Conversions.c,262 :: 		
0x0283	0x2A73      	GOTO       L_LongWordToStr52
L_LongWordToStr53:
;__Lib_Conversions.c,263 :: 		
0x0284	0x085E      	MOVF       LongWordToStr_len_L0, 0
0x0285	0x075D      	ADDWF      FARG_LongWordToStr_output, 0
0x0286	0x0084      	MOVWF      FSR
0x0287	0x0180      	CLRF       INDF
0x0288	0x3001      	MOVLW      1
0x0289	0x02DE      	SUBWF      LongWordToStr_len_L0, 1
0x028A	0x1C03      	BTFSS      STATUS, 0
0x028B	0x03DF      	DECF       LongWordToStr_len_L0+1, 1
;__Lib_Conversions.c,265 :: 		
L_LongWordToStr55:
;__Lib_Conversions.c,266 :: 		
0x028C	0x085E      	MOVF       LongWordToStr_len_L0, 0
0x028D	0x075D      	ADDWF      FARG_LongWordToStr_output, 0
0x028E	0x00E0      	MOVWF      FLOC__LongWordToStr
0x028F	0x300A      	MOVLW      10
0x0290	0x00F4      	MOVWF      R4
0x0291	0x01F5      	CLRF       R4+1
0x0292	0x01F6      	CLRF       R4+2
0x0293	0x01F7      	CLRF       R4+3
0x0294	0x0859      	MOVF       FARG_LongWordToStr_input, 0
0x0295	0x00F0      	MOVWF      R0
0x0296	0x085A      	MOVF       FARG_LongWordToStr_input+1, 0
0x0297	0x00F1      	MOVWF      R0+1
0x0298	0x085B      	MOVF       FARG_LongWordToStr_input+2, 0
0x0299	0x00F2      	MOVWF      R0+2
0x029A	0x085C      	MOVF       FARG_LongWordToStr_input+3, 0
0x029B	0x00F3      	MOVWF      R0+3
0x029C	0x2083      	CALL       _Div_32x32_U
0x029D	0x0878      	MOVF       R8, 0
0x029E	0x00F0      	MOVWF      R0
0x029F	0x0879      	MOVF       R8+1, 0
0x02A0	0x00F1      	MOVWF      R0+1
0x02A1	0x087A      	MOVF       R8+2, 0
0x02A2	0x00F2      	MOVWF      R0+2
0x02A3	0x087B      	MOVF       R8+3, 0
0x02A4	0x00F3      	MOVWF      R0+3
0x02A5	0x3030      	MOVLW      48
0x02A6	0x07F0      	ADDWF      R0, 1
0x02A7	0x0860      	MOVF       FLOC__LongWordToStr, 0
0x02A8	0x0084      	MOVWF      FSR
0x02A9	0x0870      	MOVF       R0, 0
0x02AA	0x0080      	MOVWF      INDF
;__Lib_Conversions.c,267 :: 		
0x02AB	0x300A      	MOVLW      10
0x02AC	0x00F4      	MOVWF      R4
0x02AD	0x01F5      	CLRF       R4+1
0x02AE	0x01F6      	CLRF       R4+2
0x02AF	0x01F7      	CLRF       R4+3
0x02B0	0x0859      	MOVF       FARG_LongWordToStr_input, 0
0x02B1	0x00F0      	MOVWF      R0
0x02B2	0x085A      	MOVF       FARG_LongWordToStr_input+1, 0
0x02B3	0x00F1      	MOVWF      R0+1
0x02B4	0x085B      	MOVF       FARG_LongWordToStr_input+2, 0
0x02B5	0x00F2      	MOVWF      R0+2
0x02B6	0x085C      	MOVF       FARG_LongWordToStr_input+3, 0
0x02B7	0x00F3      	MOVWF      R0+3
0x02B8	0x2083      	CALL       _Div_32x32_U
0x02B9	0x0870      	MOVF       R0, 0
0x02BA	0x00D9      	MOVWF      FARG_LongWordToStr_input
0x02BB	0x0871      	MOVF       R0+1, 0
0x02BC	0x00DA      	MOVWF      FARG_LongWordToStr_input+1
0x02BD	0x0872      	MOVF       R0+2, 0
0x02BE	0x00DB      	MOVWF      FARG_LongWordToStr_input+2
0x02BF	0x0873      	MOVF       R0+3, 0
0x02C0	0x00DC      	MOVWF      FARG_LongWordToStr_input+3
;__Lib_Conversions.c,268 :: 		
0x02C1	0x3000      	MOVLW      0
0x02C2	0x00F4      	MOVWF      R4
0x02C3	0x0673      	XORWF      R0+3, 0
0x02C4	0x1D03      	BTFSS      STATUS, 2
0x02C5	0x2AD0      	GOTO       L__LongWordToStr175
0x02C6	0x0874      	MOVF       R4, 0
0x02C7	0x0672      	XORWF      R0+2, 0
0x02C8	0x1D03      	BTFSS      STATUS, 2
0x02C9	0x2AD0      	GOTO       L__LongWordToStr175
0x02CA	0x0874      	MOVF       R4, 0
0x02CB	0x0671      	XORWF      R0+1, 0
0x02CC	0x1D03      	BTFSS      STATUS, 2
0x02CD	0x2AD0      	GOTO       L__LongWordToStr175
0x02CE	0x0870      	MOVF       R0, 0
0x02CF	0x3A00      	XORLW      0
L__LongWordToStr175:
0x02D0	0x1D03      	BTFSS      STATUS, 2
0x02D1	0x2AD3      	GOTO       L_LongWordToStr57
;__Lib_Conversions.c,269 :: 		
0x02D2	0x2AD8      	GOTO       L_LongWordToStr56
L_LongWordToStr57:
;__Lib_Conversions.c,270 :: 		
0x02D3	0x3001      	MOVLW      1
0x02D4	0x02DE      	SUBWF      LongWordToStr_len_L0, 1
0x02D5	0x1C03      	BTFSS      STATUS, 0
0x02D6	0x03DF      	DECF       LongWordToStr_len_L0+1, 1
;__Lib_Conversions.c,271 :: 		
0x02D7	0x2A8C      	GOTO       L_LongWordToStr55
L_LongWordToStr56:
;__Lib_Conversions.c,272 :: 		
L_end_LongWordToStr:
0x02D8	0x0008      	RETURN
; end of _LongWordToStr
_Lcd_Init:
;__Lib_Lcd.c,84 :: 		
;__Lib_Lcd.c,86 :: 		
0x02D9	0x1683      	BSF        STATUS, 5
0x02DA	0x1303      	BCF        STATUS, 6
0x02DB	0x1286      	BCF        LCD_EN_Direction, BitPos(LCD_EN_Direction+0)
;__Lib_Lcd.c,87 :: 		
0x02DC	0x1206      	BCF        LCD_RS_Direction, BitPos(LCD_RS_Direction+0)
;__Lib_Lcd.c,88 :: 		
0x02DD	0x1006      	BCF        LCD_D4_Direction, BitPos(LCD_D4_Direction+0)
;__Lib_Lcd.c,89 :: 		
0x02DE	0x1086      	BCF        LCD_D5_Direction, BitPos(LCD_D5_Direction+0)
;__Lib_Lcd.c,90 :: 		
0x02DF	0x1106      	BCF        LCD_D6_Direction, BitPos(LCD_D6_Direction+0)
;__Lib_Lcd.c,91 :: 		
0x02E0	0x1186      	BCF        LCD_D7_Direction, BitPos(LCD_D7_Direction+0)
;__Lib_Lcd.c,93 :: 		
0x02E1	0x1283      	BCF        STATUS, 5
0x02E2	0x1286      	BCF        LCD_EN, BitPos(LCD_EN+0)
;__Lib_Lcd.c,94 :: 		
0x02E3	0x1206      	BCF        LCD_RS, BitPos(LCD_RS+0)
;__Lib_Lcd.c,95 :: 		
0x02E4	0x1186      	BCF        LCD_D7, BitPos(LCD_D7+0)
;__Lib_Lcd.c,96 :: 		
0x02E5	0x1106      	BCF        LCD_D6, BitPos(LCD_D6+0)
;__Lib_Lcd.c,97 :: 		
0x02E6	0x1086      	BCF        LCD_D5, BitPos(LCD_D5+0)
;__Lib_Lcd.c,98 :: 		
0x02E7	0x1006      	BCF        LCD_D4, BitPos(LCD_D4+0)
;__Lib_Lcd.c,100 :: 		
0x02E8	0x202F      	CALL       _Delay_5500us
;__Lib_Lcd.c,101 :: 		
0x02E9	0x202F      	CALL       _Delay_5500us
;__Lib_Lcd.c,102 :: 		
0x02EA	0x202F      	CALL       _Delay_5500us
;__Lib_Lcd.c,105 :: 		
0x02EB	0x1486      	BSF        LCD_D5, BitPos(LCD_D5+0)
;__Lib_Lcd.c,106 :: 		
0x02EC	0x1406      	BSF        LCD_D4, BitPos(LCD_D4+0)
;__Lib_Lcd.c,107 :: 		
0x02ED	0x1686      	BSF        LCD_EN, BitPos(LCD_EN+0)
;__Lib_Lcd.c,108 :: 		
0x02EE	0x2022      	CALL       _Delay_1us
;__Lib_Lcd.c,109 :: 		
0x02EF	0x1286      	BCF        LCD_EN, BitPos(LCD_EN+0)
;__Lib_Lcd.c,110 :: 		
0x02F0	0x202F      	CALL       _Delay_5500us
;__Lib_Lcd.c,112 :: 		
0x02F1	0x1686      	BSF        LCD_EN, BitPos(LCD_EN+0)
;__Lib_Lcd.c,113 :: 		
0x02F2	0x2022      	CALL       _Delay_1us
;__Lib_Lcd.c,114 :: 		
0x02F3	0x1286      	BCF        LCD_EN, BitPos(LCD_EN+0)
;__Lib_Lcd.c,115 :: 		
0x02F4	0x202F      	CALL       _Delay_5500us
;__Lib_Lcd.c,117 :: 		
0x02F5	0x1686      	BSF        LCD_EN, BitPos(LCD_EN+0)
;__Lib_Lcd.c,118 :: 		
0x02F6	0x2022      	CALL       _Delay_1us
;__Lib_Lcd.c,119 :: 		
0x02F7	0x1286      	BCF        LCD_EN, BitPos(LCD_EN+0)
;__Lib_Lcd.c,120 :: 		
0x02F8	0x202F      	CALL       _Delay_5500us
;__Lib_Lcd.c,123 :: 		
0x02F9	0x1006      	BCF        LCD_D4, BitPos(LCD_D4+0)
;__Lib_Lcd.c,124 :: 		
0x02FA	0x1686      	BSF        LCD_EN, BitPos(LCD_EN+0)
;__Lib_Lcd.c,125 :: 		
0x02FB	0x2022      	CALL       _Delay_1us
;__Lib_Lcd.c,126 :: 		
0x02FC	0x1286      	BCF        LCD_EN, BitPos(LCD_EN+0)
;__Lib_Lcd.c,127 :: 		
0x02FD	0x202F      	CALL       _Delay_5500us
;__Lib_Lcd.c,130 :: 		
0x02FE	0x1686      	BSF        LCD_EN, BitPos(LCD_EN+0)
;__Lib_Lcd.c,131 :: 		
0x02FF	0x2022      	CALL       _Delay_1us
;__Lib_Lcd.c,132 :: 		
0x0300	0x1286      	BCF        LCD_EN, BitPos(LCD_EN+0)
;__Lib_Lcd.c,134 :: 		
0x0301	0x1086      	BCF        LCD_D5, BitPos(LCD_D5+0)
;__Lib_Lcd.c,135 :: 		
0x0302	0x1586      	BSF        LCD_D7, BitPos(LCD_D7+0)
;__Lib_Lcd.c,136 :: 		
0x0303	0x1686      	BSF        LCD_EN, BitPos(LCD_EN+0)
;__Lib_Lcd.c,137 :: 		
0x0304	0x2022      	CALL       _Delay_1us
;__Lib_Lcd.c,138 :: 		
0x0305	0x1286      	BCF        LCD_EN, BitPos(LCD_EN+0)
;__Lib_Lcd.c,139 :: 		
0x0306	0x202F      	CALL       _Delay_5500us
;__Lib_Lcd.c,142 :: 		
0x0307	0x1186      	BCF        LCD_D7, BitPos(LCD_D7+0)
;__Lib_Lcd.c,143 :: 		
0x0308	0x1406      	BSF        LCD_D4, BitPos(LCD_D4+0)
;__Lib_Lcd.c,144 :: 		
0x0309	0x1686      	BSF        LCD_EN, BitPos(LCD_EN+0)
;__Lib_Lcd.c,145 :: 		
0x030A	0x2022      	CALL       _Delay_1us
;__Lib_Lcd.c,146 :: 		
0x030B	0x1286      	BCF        LCD_EN, BitPos(LCD_EN+0)
;__Lib_Lcd.c,148 :: 		
0x030C	0x1006      	BCF        LCD_D4, BitPos(LCD_D4+0)
;__Lib_Lcd.c,149 :: 		
0x030D	0x1686      	BSF        LCD_EN, BitPos(LCD_EN+0)
;__Lib_Lcd.c,150 :: 		
0x030E	0x2022      	CALL       _Delay_1us
;__Lib_Lcd.c,151 :: 		
0x030F	0x1286      	BCF        LCD_EN, BitPos(LCD_EN+0)
;__Lib_Lcd.c,152 :: 		
0x0310	0x202F      	CALL       _Delay_5500us
;__Lib_Lcd.c,155 :: 		
0x0311	0x1686      	BSF        LCD_EN, BitPos(LCD_EN+0)
;__Lib_Lcd.c,156 :: 		
0x0312	0x2022      	CALL       _Delay_1us
;__Lib_Lcd.c,157 :: 		
0x0313	0x1286      	BCF        LCD_EN, BitPos(LCD_EN+0)
;__Lib_Lcd.c,159 :: 		
0x0314	0x1406      	BSF        LCD_D4, BitPos(LCD_D4+0)
;__Lib_Lcd.c,160 :: 		
0x0315	0x1686      	BSF        LCD_EN, BitPos(LCD_EN+0)
;__Lib_Lcd.c,161 :: 		
0x0316	0x2022      	CALL       _Delay_1us
;__Lib_Lcd.c,162 :: 		
0x0317	0x1286      	BCF        LCD_EN, BitPos(LCD_EN+0)
;__Lib_Lcd.c,163 :: 		
0x0318	0x202F      	CALL       _Delay_5500us
;__Lib_Lcd.c,166 :: 		
0x0319	0x1006      	BCF        LCD_D4, BitPos(LCD_D4+0)
;__Lib_Lcd.c,167 :: 		
0x031A	0x1686      	BSF        LCD_EN, BitPos(LCD_EN+0)
;__Lib_Lcd.c,168 :: 		
0x031B	0x2022      	CALL       _Delay_1us
;__Lib_Lcd.c,169 :: 		
0x031C	0x1286      	BCF        LCD_EN, BitPos(LCD_EN+0)
;__Lib_Lcd.c,171 :: 		
0x031D	0x1586      	BSF        LCD_D7, BitPos(LCD_D7+0)
;__Lib_Lcd.c,172 :: 		
0x031E	0x1506      	BSF        LCD_D6, BitPos(LCD_D6+0)
;__Lib_Lcd.c,173 :: 		
0x031F	0x1486      	BSF        LCD_D5, BitPos(LCD_D5+0)
;__Lib_Lcd.c,174 :: 		
0x0320	0x1406      	BSF        LCD_D4, BitPos(LCD_D4+0)
;__Lib_Lcd.c,175 :: 		
0x0321	0x1686      	BSF        LCD_EN, BitPos(LCD_EN+0)
;__Lib_Lcd.c,176 :: 		
0x0322	0x2022      	CALL       _Delay_1us
;__Lib_Lcd.c,177 :: 		
0x0323	0x1286      	BCF        LCD_EN, BitPos(LCD_EN+0)
;__Lib_Lcd.c,179 :: 		
0x0324	0x202F      	CALL       _Delay_5500us
;__Lib_Lcd.c,181 :: 		
0x0325	0x144B      	BSF        __Lib_Lcd_cmd_status, BitPos(__Lib_Lcd_cmd_status+0)
;__Lib_Lcd.c,182 :: 		
L_end_Lcd_Init:
0x0326	0x0008      	RETURN
; end of _Lcd_Init
___CC2DW:
;__Lib_System.c,134 :: 		
;__Lib_System.c,137 :: 		
_CC2D_Loop1:
;__Lib_System.c,139 :: 		
0x0327	0x207C      	CALL       _____DoICP
0x0328	0x118A      	BCF        PCLATH, 3
0x0329	0x120A      	BCF        PCLATH, 4
;__Lib_System.c,141 :: 		
0x032A	0x0080      	MOVWF      INDF
;__Lib_System.c,142 :: 		
0x032B	0x0A84      	INCF       FSR, 1
;__Lib_System.c,143 :: 		
0x032C	0x0AC5      	INCF       ___DoICPAddr, 1
;__Lib_System.c,145 :: 		
0x032D	0x1903      	BTFSC      STATUS, 2
;__Lib_System.c,146 :: 		
0x032E	0x0AC6      	INCF       ___DoICPAddr+1, 1
;__Lib_System.c,147 :: 		
0x032F	0x03F0      	DECF       R0, 1
;__Lib_System.c,149 :: 		
0x0330	0x1D03      	BTFSS      STATUS, 2
;__Lib_System.c,150 :: 		
0x0331	0x2B27      	GOTO       _CC2D_Loop1
;__Lib_System.c,152 :: 		
L_end___CC2DW:
0x0332	0x0008      	RETURN
; end of ___CC2DW
_main:
0x0333	0x240A      	CALL       1034
;frequencycounter.c,40 :: 		void main() {
;frequencycounter.c,46 :: 		TRISC.RC0=1;   // pino para ler a forma de onda que se vai medir a frequencia t1ckl
0x0334	0x1683      	BSF        STATUS, 5
0x0335	0x1303      	BCF        STATUS, 6
0x0336	0x1407      	BSF        TRISC, 0
;frequencycounter.c,47 :: 		ADCON1=0x0E;      //configurao de portas como digitais - AN0  analgica
0x0337	0x300E      	MOVLW      14
0x0338	0x009F      	MOVWF      ADCON1
;frequencycounter.c,50 :: 		Lcd_Init(); // LCD  conectado ao PORTB
0x0339	0x22D9      	CALL       _Lcd_Init
;frequencycounter.c,51 :: 		Lcd_Cmd(_LCD_CLEAR); // Limpa o lcd
0x033A	0x3001      	MOVLW      1
0x033B	0x00E2      	MOVWF      FARG_Lcd_Cmd_out_char
0x033C	0x203C      	CALL       _Lcd_Cmd
;frequencycounter.c,52 :: 		Lcd_Cmd(_LCD_CURSOR_OFF);
0x033D	0x300C      	MOVLW      12
0x033E	0x00E2      	MOVWF      FARG_Lcd_Cmd_out_char
0x033F	0x203C      	CALL       _Lcd_Cmd
;frequencycounter.c,53 :: 		Lcd_Out(1,1,"Frequency"); // Escreve na posio 1,1
0x0340	0x3001      	MOVLW      1
0x0341	0x00D9      	MOVWF      FARG_Lcd_Out_row
0x0342	0x3001      	MOVLW      1
0x0343	0x00DA      	MOVWF      FARG_Lcd_Out_column
0x0344	0x303B      	MOVLW      ?lstr1_frequencycounter
0x0345	0x00DB      	MOVWF      FARG_Lcd_Out_text
0x0346	0x222F      	CALL       _Lcd_Out
;frequencycounter.c,54 :: 		Lcd_Out(2,1,"Counter"); // Escreve na posio 1,1
0x0347	0x3002      	MOVLW      2
0x0348	0x00D9      	MOVWF      FARG_Lcd_Out_row
0x0349	0x3001      	MOVLW      1
0x034A	0x00DA      	MOVWF      FARG_Lcd_Out_column
0x034B	0x3033      	MOVLW      ?lstr2_frequencycounter
0x034C	0x00DB      	MOVWF      FARG_Lcd_Out_text
0x034D	0x222F      	CALL       _Lcd_Out
;frequencycounter.c,55 :: 		Delay_ms(1000);
0x034E	0x301A      	MOVLW      26
0x034F	0x00FB      	MOVWF      R11
0x0350	0x305E      	MOVLW      94
0x0351	0x00FC      	MOVWF      R12
0x0352	0x306E      	MOVLW      110
0x0353	0x00FD      	MOVWF      R13
L_main2:
0x0354	0x0BFD      	DECFSZ     R13, 1
0x0355	0x2B54      	GOTO       L_main2
0x0356	0x0BFC      	DECFSZ     R12, 1
0x0357	0x2B54      	GOTO       L_main2
0x0358	0x0BFB      	DECFSZ     R11, 1
0x0359	0x2B54      	GOTO       L_main2
0x035A	0x0000      	NOP
;frequencycounter.c,56 :: 		Lcd_Cmd(_LCD_CLEAR); // Limpa o lcd
0x035B	0x3001      	MOVLW      1
0x035C	0x00E2      	MOVWF      FARG_Lcd_Cmd_out_char
0x035D	0x203C      	CALL       _Lcd_Cmd
;frequencycounter.c,59 :: 		OPTION_REG=0xC4; // overflow do timer 0 a cada 1.6ms    x625 = 1s
0x035E	0x30C4      	MOVLW      196
0x035F	0x1683      	BSF        STATUS, 5
0x0360	0x0081      	MOVWF      OPTION_REG
;frequencycounter.c,60 :: 		T1CON= 0x06;  // configura o timer 1 como contador no pino t1ckl
0x0361	0x3006      	MOVLW      6
0x0362	0x1283      	BCF        STATUS, 5
0x0363	0x0090      	MOVWF      T1CON
;frequencycounter.c,63 :: 		INTCON=0xE0; // habilita a interrupo pelo overflow do timer0
0x0364	0x30E0      	MOVLW      224
0x0365	0x008B      	MOVWF      INTCON
;frequencycounter.c,64 :: 		PIE1=0x01; // habilita a interrupo pelo overflow do timer 1
0x0366	0x3001      	MOVLW      1
0x0367	0x1683      	BSF        STATUS, 5
0x0368	0x008C      	MOVWF      PIE1
;frequencycounter.c,67 :: 		for (;;){
L_main3:
;frequencycounter.c,68 :: 		TMR1H=0;// inicializa o high byte do timer 1;
0x0369	0x1283      	BCF        STATUS, 5
0x036A	0x018F      	CLRF       TMR1H
;frequencycounter.c,69 :: 		TMR1L=0;  // inicializa o low byte do timer 1;
0x036B	0x018E      	CLRF       TMR1L
;frequencycounter.c,70 :: 		cnt1=0;
0x036C	0x01A3      	CLRF       _cnt1
0x036D	0x01A4      	CLRF       _cnt1+1
;frequencycounter.c,71 :: 		cnt0=0;
0x036E	0x01A1      	CLRF       _cnt0
0x036F	0x01A2      	CLRF       _cnt0+1
;frequencycounter.c,72 :: 		TMR0=6; // inicializa o timer 0;
0x0370	0x3006      	MOVLW      6
0x0371	0x0081      	MOVWF      TMR0
;frequencycounter.c,73 :: 		T1CON.TMR1ON=1; // liga a contagem do timer 1
0x0372	0x1410      	BSF        T1CON, 0
;frequencycounter.c,74 :: 		while(cnt0<624); // segura at dar 1s 624 pois foi calibrado por
L_main6:
0x0373	0x3002      	MOVLW      2
0x0374	0x0222      	SUBWF      _cnt0+1, 0
0x0375	0x1D03      	BTFSS      STATUS, 2
0x0376	0x2B79      	GOTO       L__main11
0x0377	0x3070      	MOVLW      112
0x0378	0x0221      	SUBWF      _cnt0, 0
L__main11:
0x0379	0x1803      	BTFSC      STATUS, 0
0x037A	0x2B7C      	GOTO       L_main7
0x037B	0x2B73      	GOTO       L_main6
L_main7:
;frequencycounter.c,75 :: 		T1CON.TMR1ON=0; // desliga a contagem do timer 1
0x037C	0x1010      	BCF        T1CON, 0
;frequencycounter.c,76 :: 		frequency=TMR1H;
0x037D	0x080F      	MOVF       TMR1H, 0
0x037E	0x00C7      	MOVWF      _frequency
0x037F	0x01C8      	CLRF       _frequency+1
0x0380	0x01C9      	CLRF       _frequency+2
0x0381	0x01CA      	CLRF       _frequency+3
;frequencycounter.c,77 :: 		frequency=frequency*256+TMR1L;
0x0382	0x0849      	MOVF       _frequency+2, 0
0x0383	0x00F3      	MOVWF      R0+3
0x0384	0x0848      	MOVF       _frequency+1, 0
0x0385	0x00F2      	MOVWF      R0+2
0x0386	0x0847      	MOVF       _frequency, 0
0x0387	0x00F1      	MOVWF      R0+1
0x0388	0x01F0      	CLRF       R0
0x0389	0x080E      	MOVF       TMR1L, 0
0x038A	0x00F5      	MOVWF      R5
0x038B	0x01F6      	CLRF       R5+1
0x038C	0x01F7      	CLRF       R5+2
0x038D	0x01F8      	CLRF       R5+3
0x038E	0x0870      	MOVF       R0, 0
0x038F	0x07F5      	ADDWF      R5, 1
0x0390	0x0871      	MOVF       R0+1, 0
0x0391	0x1803      	BTFSC      STATUS, 0
0x0392	0x0F71      	INCFSZ     R0+1, 0
0x0393	0x07F6      	ADDWF      R5+1, 1
0x0394	0x0872      	MOVF       R0+2, 0
0x0395	0x1803      	BTFSC      STATUS, 0
0x0396	0x0F72      	INCFSZ     R0+2, 0
0x0397	0x07F7      	ADDWF      R5+2, 1
0x0398	0x0873      	MOVF       R0+3, 0
0x0399	0x1803      	BTFSC      STATUS, 0
0x039A	0x0F73      	INCFSZ     R0+3, 0
0x039B	0x07F8      	ADDWF      R5+3, 1
0x039C	0x0875      	MOVF       R5, 0
0x039D	0x00C7      	MOVWF      _frequency
0x039E	0x0876      	MOVF       R5+1, 0
0x039F	0x00C8      	MOVWF      _frequency+1
0x03A0	0x0877      	MOVF       R5+2, 0
0x03A1	0x00C9      	MOVWF      _frequency+2
0x03A2	0x0878      	MOVF       R5+3, 0
0x03A3	0x00CA      	MOVWF      _frequency+3
;frequencycounter.c,78 :: 		frequency=65536*cnt1+frequency;
0x03A4	0x0824      	MOVF       _cnt1+1, 0
0x03A5	0x00F3      	MOVWF      R0+3
0x03A6	0x0823      	MOVF       _cnt1, 0
0x03A7	0x00F2      	MOVWF      R0+2
0x03A8	0x01F0      	CLRF       R0
0x03A9	0x01F1      	CLRF       R0+1
0x03AA	0x0875      	MOVF       R5, 0
0x03AB	0x07F0      	ADDWF      R0, 1
0x03AC	0x0876      	MOVF       R5+1, 0
0x03AD	0x1803      	BTFSC      STATUS, 0
0x03AE	0x0F76      	INCFSZ     R5+1, 0
0x03AF	0x07F1      	ADDWF      R0+1, 1
0x03B0	0x0877      	MOVF       R5+2, 0
0x03B1	0x1803      	BTFSC      STATUS, 0
0x03B2	0x0F77      	INCFSZ     R5+2, 0
0x03B3	0x07F2      	ADDWF      R0+2, 1
0x03B4	0x0878      	MOVF       R5+3, 0
0x03B5	0x1803      	BTFSC      STATUS, 0
0x03B6	0x0F78      	INCFSZ     R5+3, 0
0x03B7	0x07F3      	ADDWF      R0+3, 1
0x03B8	0x0870      	MOVF       R0, 0
0x03B9	0x00C7      	MOVWF      _frequency
0x03BA	0x0871      	MOVF       R0+1, 0
0x03BB	0x00C8      	MOVWF      _frequency+1
0x03BC	0x0872      	MOVF       R0+2, 0
0x03BD	0x00C9      	MOVWF      _frequency+2
0x03BE	0x0873      	MOVF       R0+3, 0
0x03BF	0x00CA      	MOVWF      _frequency+3
;frequencycounter.c,79 :: 		LongWordToStr(frequency,txt);
0x03C0	0x0870      	MOVF       R0, 0
0x03C1	0x00D9      	MOVWF      FARG_LongWordToStr_input
0x03C2	0x0871      	MOVF       R0+1, 0
0x03C3	0x00DA      	MOVWF      FARG_LongWordToStr_input+1
0x03C4	0x0872      	MOVF       R0+2, 0
0x03C5	0x00DB      	MOVWF      FARG_LongWordToStr_input+2
0x03C6	0x0873      	MOVF       R0+3, 0
0x03C7	0x00DC      	MOVWF      FARG_LongWordToStr_input+3
0x03C8	0x304E      	MOVLW      main_txt_L0
0x03C9	0x00DD      	MOVWF      FARG_LongWordToStr_output
0x03CA	0x226F      	CALL       _LongWordToStr
;frequencycounter.c,80 :: 		Lcd_Cmd(_LCD_CLEAR);
0x03CB	0x3001      	MOVLW      1
0x03CC	0x00E2      	MOVWF      FARG_Lcd_Cmd_out_char
0x03CD	0x203C      	CALL       _Lcd_Cmd
;frequencycounter.c,81 :: 		Lcd_Out(1,1,"Frequency(Hz)"); // Escreve na posio 1,1
0x03CE	0x3001      	MOVLW      1
0x03CF	0x00D9      	MOVWF      FARG_Lcd_Out_row
0x03D0	0x3001      	MOVLW      1
0x03D1	0x00DA      	MOVWF      FARG_Lcd_Out_column
0x03D2	0x3025      	MOVLW      ?lstr3_frequencycounter
0x03D3	0x00DB      	MOVWF      FARG_Lcd_Out_text
0x03D4	0x222F      	CALL       _Lcd_Out
;frequencycounter.c,82 :: 		point=ltrim(txt);
0x03D5	0x304E      	MOVLW      main_txt_L0
0x03D6	0x00D9      	MOVWF      FARG_Ltrim_string
0x03D7	0x2203      	CALL       _Ltrim
;frequencycounter.c,83 :: 		Lcd_Out(2,1,point);
0x03D8	0x3002      	MOVLW      2
0x03D9	0x00D9      	MOVWF      FARG_Lcd_Out_row
0x03DA	0x3001      	MOVLW      1
0x03DB	0x00DA      	MOVWF      FARG_Lcd_Out_column
0x03DC	0x0870      	MOVF       R0, 0
0x03DD	0x00DB      	MOVWF      FARG_Lcd_Out_text
0x03DE	0x222F      	CALL       _Lcd_Out
;frequencycounter.c,85 :: 		}
0x03DF	0x2B69      	GOTO       L_main3
;frequencycounter.c,86 :: 		}
L_end_main:
0x03E0	0x2BE0      	GOTO       $+0
; end of _main
0x040A	0x3021      	MOVLW      33
0x040B	0x0084      	MOVWF      FSR
0x040C	0x3024      	MOVLW      36
0x040D	0x1283      	BCF        STATUS, 5
0x040E	0x1303      	BCF        STATUS, 6
0x040F	0x00F0      	MOVWF      R0
0x0410	0x30E6      	MOVLW      230
0x0411	0x00C5      	MOVWF      ___DoICPAddr
0x0412	0x3003      	MOVLW      3
0x0413	0x00C6      	MOVWF      70
0x0414	0x2327      	CALL       807
0x0415	0x0008      	RETURN
;frequencycounter.c,0 :: ?ICS_cnt0
0x03E6	0x3400 ;?ICS_cnt0+0
0x03E7	0x3400 ;?ICS_cnt0+1
; end of ?ICS_cnt0
;frequencycounter.c,0 :: ?ICS_cnt1
0x03E8	0x3400 ;?ICS_cnt1+0
0x03E9	0x3400 ;?ICS_cnt1+1
; end of ?ICS_cnt1
;frequencycounter.c,0 :: ?ICS?lstr3_frequencycounter
0x03EA	0x3446 ;?ICS?lstr3_frequencycounter+0
0x03EB	0x3472 ;?ICS?lstr3_frequencycounter+1
0x03EC	0x3465 ;?ICS?lstr3_frequencycounter+2
0x03ED	0x3471 ;?ICS?lstr3_frequencycounter+3
0x03EE	0x3475 ;?ICS?lstr3_frequencycounter+4
0x03EF	0x3465 ;?ICS?lstr3_frequencycounter+5
0x03F0	0x346E ;?ICS?lstr3_frequencycounter+6
0x03F1	0x3463 ;?ICS?lstr3_frequencycounter+7
0x03F2	0x3479 ;?ICS?lstr3_frequencycounter+8
0x03F3	0x3428 ;?ICS?lstr3_frequencycounter+9
0x03F4	0x3448 ;?ICS?lstr3_frequencycounter+10
0x03F5	0x347A ;?ICS?lstr3_frequencycounter+11
0x03F6	0x3429 ;?ICS?lstr3_frequencycounter+12
0x03F7	0x3400 ;?ICS?lstr3_frequencycounter+13
; end of ?ICS?lstr3_frequencycounter
;frequencycounter.c,0 :: ?ICS?lstr2_frequencycounter
0x03F8	0x3443 ;?ICS?lstr2_frequencycounter+0
0x03F9	0x346F ;?ICS?lstr2_frequencycounter+1
0x03FA	0x3475 ;?ICS?lstr2_frequencycounter+2
0x03FB	0x346E ;?ICS?lstr2_frequencycounter+3
0x03FC	0x3474 ;?ICS?lstr2_frequencycounter+4
0x03FD	0x3465 ;?ICS?lstr2_frequencycounter+5
0x03FE	0x3472 ;?ICS?lstr2_frequencycounter+6
0x03FF	0x3400 ;?ICS?lstr2_frequencycounter+7
; end of ?ICS?lstr2_frequencycounter
;frequencycounter.c,0 :: ?ICS?lstr1_frequencycounter
0x0400	0x3446 ;?ICS?lstr1_frequencycounter+0
0x0401	0x3472 ;?ICS?lstr1_frequencycounter+1
0x0402	0x3465 ;?ICS?lstr1_frequencycounter+2
0x0403	0x3471 ;?ICS?lstr1_frequencycounter+3
0x0404	0x3475 ;?ICS?lstr1_frequencycounter+4
0x0405	0x3465 ;?ICS?lstr1_frequencycounter+5
0x0406	0x346E ;?ICS?lstr1_frequencycounter+6
0x0407	0x3463 ;?ICS?lstr1_frequencycounter+7
0x0408	0x3479 ;?ICS?lstr1_frequencycounter+8
0x0409	0x3400 ;?ICS?lstr1_frequencycounter+9
; end of ?ICS?lstr1_frequencycounter
Symbol List:
//** Routines locations **
//ADDRESS    SIZE    PROCEDURE
//----------------------------------------------
0x0004      [30]    _interrupt
0x0022       [6]    _Delay_1us
0x0028       [7]    _Delay_50us
0x002F      [13]    _Delay_5500us
0x003C      [64]    _Lcd_Cmd
0x007C       [7]    _____DoICP
0x0083     [376]    _Div_32x32_U
0x01FB       [8]    _Lcd_Chr_CP
0x0203      [44]    _Ltrim
0x022F      [64]    _Lcd_Out
0x026F     [106]    _LongWordToStr
0x02D9      [78]    _Lcd_Init
0x0327      [12]    ___CC2DW
0x0333     [173]    _main
//** Variables locations ** 
//ADDRESS    SIZE    VARIABLE
//----------------------------------------------
0x0000       [1]    INDF
0x0001       [1]    TMR0
0x0002       [1]    PCL
0x0003       [1]    STATUS
0x0004       [1]    FSR
0x0006       [0]    RB5_bit
0x0006       [0]    LCD_RS
0x0006       [0]    RB3_bit
0x0006       [0]    RB1_bit
0x0006       [0]    RB4_bit
0x0006       [0]    RB2_bit
0x0006       [0]    RB0_bit
0x0006       [0]    LCD_D5
0x0006       [0]    LCD_D6
0x0006       [0]    LCD_D7
0x0006       [0]    LCD_D4
0x0006       [0]    LCD_EN
0x000A       [1]    PCLATH
0x000B       [1]    INTCON
0x000C       [1]    PIR1
0x000E       [1]    TMR1L
0x000F       [1]    TMR1H
0x0010       [1]    T1CON
0x0020       [1]    ___math_tempb
0x0021       [2]    _cnt0
0x0023       [2]    _cnt1
0x0025      [14]    ?lstr3_frequencycounter
0x0033       [8]    ?lstr2_frequencycounter
0x003B      [10]    ?lstr1_frequencycounter
0x0045       [2]    ___DoICPAddr
0x0047       [4]    _frequency
0x004B       [0]    __Lib_Lcd_cmd_status
0x004C       [1]    ___saveSTATUS
0x004D       [1]    ___savePCLATH
0x004E      [11]    main_txt_L0
0x0059       [1]    FARG_Lcd_Out_row
0x0059       [1]    FARG_Ltrim_string
0x0059       [4]    FARG_LongWordToStr_input
0x005A       [1]    FARG_Lcd_Out_column
0x005A       [2]    Ltrim_trimmed_L0
0x005B       [1]    FARG_Lcd_Out_text
0x005C       [1]    Lcd_Out_i_L0
0x005D       [1]    FARG_LongWordToStr_output
0x005E       [2]    LongWordToStr_len_L0
0x0060       [1]    FLOC__LongWordToStr
0x0061       [1]    FARG_Lcd_Chr_CP_out_char
0x0062       [1]    FARG_Lcd_Cmd_out_char
0x0070       [1]    R0
0x0071       [1]    R1
0x0072       [1]    R2
0x0073       [1]    R3
0x0074       [1]    R4
0x0075       [1]    R5
0x0076       [1]    R6
0x0077       [1]    R7
0x0078       [1]    R8
0x0079       [1]    R9
0x007A       [1]    R10
0x007B       [1]    R11
0x007C       [1]    R12
0x007D       [1]    R13
0x007E       [1]    R14
0x007F       [1]    R15
0x0081       [1]    OPTION_REG
0x0086       [0]    TRISB0_bit
0x0086       [0]    TRISB1_bit
0x0086       [0]    LCD_D4_Direction
0x0086       [0]    TRISB4_bit
0x0086       [0]    TRISB5_bit
0x0086       [0]    TRISB2_bit
0x0086       [0]    TRISB3_bit
0x0086       [0]    LCD_EN_Direction
0x0086       [0]    LCD_RS_Direction
0x0086       [0]    LCD_D7_Direction
0x0086       [0]    LCD_D5_Direction
0x0086       [0]    LCD_D6_Direction
0x0087       [1]    TRISC
0x008C       [1]    PIE1
0x009F       [1]    ADCON1
//** Constants locations ** 
//ADDRESS    SIZE    CONSTANT
//----------------------------------------------
0x03E6       [2]    ?ICS_cnt0
0x03E8       [2]    ?ICS_cnt1
0x03EA      [14]    ?ICS?lstr3_frequencycounter
0x03F8       [8]    ?ICS?lstr2_frequencycounter
0x0400      [10]    ?ICS?lstr1_frequencycounter
