;  LST file generated by mikroListExporter - v.2.0 
; Date/Time: 15/11/2019 21:46:43
;----------------------------------------------

;Address Opcode 	ASM
0x0000	0xF003EFAC  	GOTO        1880
0x0004	0x0000      	NOP
0x0006	0x0000      	NOP
0x0008	0xF000EF00  	GOTO        0
0x000C	0x0000      	NOP
0x000E	0x0000      	NOP
0x0010	0x0000      	NOP
0x0012	0x0000      	NOP
0x0014	0x0000      	NOP
0x0016	0x0000      	NOP
0x0018	0xD7F3      	BRA         0
_Delay_5500us:
;__Lib_Delays.c,31 :: 		void Delay_5500us() {
;__Lib_Delays.c,32 :: 		Delay_us(5500);
0x001C	0x0E0F      	MOVLW       15
0x001E	0x6E0C      	MOVWF       R12, 0
0x0020	0x0E47      	MOVLW       71
0x0022	0x6E0D      	MOVWF       R13, 0
L_Delay_5500us5:
0x0024	0x2E0D      	DECFSZ      R13, 1, 0
0x0026	0xD7FE      	BRA         L_Delay_5500us5
0x0028	0x2E0C      	DECFSZ      R12, 1, 0
0x002A	0xD7FC      	BRA         L_Delay_5500us5
0x002C	0x0000      	NOP
0x002E	0x0000      	NOP
;__Lib_Delays.c,33 :: 		}
L_end_Delay_5500us:
0x0030	0x0012      	RETURN      0
; end of _Delay_5500us
_Delay_50us:
;__Lib_Delays.c,19 :: 		void Delay_50us() {
;__Lib_Delays.c,20 :: 		Delay_us(50);
0x0032	0x0E21      	MOVLW       33
0x0034	0x6E0D      	MOVWF       R13, 0
L_Delay_50us2:
0x0036	0x2E0D      	DECFSZ      R13, 1, 0
0x0038	0xD7FE      	BRA         L_Delay_50us2
;__Lib_Delays.c,21 :: 		}
L_end_Delay_50us:
0x003A	0x0012      	RETURN      0
; end of _Delay_50us
_Delay_1us:
;__Lib_Delays.c,7 :: 		void Delay_1us() {
;__Lib_Delays.c,8 :: 		Delay_us(1);
0x003C	0x0000      	NOP
0x003E	0x0000      	NOP
;__Lib_Delays.c,9 :: 		}
L_end_Delay_1us:
0x0040	0x0012      	RETURN      0
; end of _Delay_1us
_Lcd_Cmd:
;__Lib_Lcd.c,18 :: 		
;__Lib_Lcd.c,20 :: 		
0x0042	0xBE5E      	BTFSC       FARG_Lcd_Cmd_out_char, 7 
0x0044	0xD002      	BRA         L__Lcd_Cmd21
0x0046	0x9681      	BCF         LCD_D7, BitPos(LCD_D7+0) 
0x0048	0xD001      	BRA         L__Lcd_Cmd22
L__Lcd_Cmd21:
0x004A	0x8681      	BSF         LCD_D7, BitPos(LCD_D7+0) 
L__Lcd_Cmd22:
;__Lib_Lcd.c,21 :: 		
0x004C	0xBC5E      	BTFSC       FARG_Lcd_Cmd_out_char, 6 
0x004E	0xD002      	BRA         L__Lcd_Cmd23
0x0050	0x9481      	BCF         LCD_D6, BitPos(LCD_D6+0) 
0x0052	0xD001      	BRA         L__Lcd_Cmd24
L__Lcd_Cmd23:
0x0054	0x8481      	BSF         LCD_D6, BitPos(LCD_D6+0) 
L__Lcd_Cmd24:
;__Lib_Lcd.c,22 :: 		
0x0056	0xBA5E      	BTFSC       FARG_Lcd_Cmd_out_char, 5 
0x0058	0xD002      	BRA         L__Lcd_Cmd25
0x005A	0x9281      	BCF         LCD_D5, BitPos(LCD_D5+0) 
0x005C	0xD001      	BRA         L__Lcd_Cmd26
L__Lcd_Cmd25:
0x005E	0x8281      	BSF         LCD_D5, BitPos(LCD_D5+0) 
L__Lcd_Cmd26:
;__Lib_Lcd.c,23 :: 		
0x0060	0xB85E      	BTFSC       FARG_Lcd_Cmd_out_char, 4 
0x0062	0xD002      	BRA         L__Lcd_Cmd27
0x0064	0x9081      	BCF         LCD_D4, BitPos(LCD_D4+0) 
0x0066	0xD001      	BRA         L__Lcd_Cmd28
L__Lcd_Cmd27:
0x0068	0x8081      	BSF         LCD_D4, BitPos(LCD_D4+0) 
L__Lcd_Cmd28:
;__Lib_Lcd.c,25 :: 		
0x006A	0xB03A      	BTFSC       __Lib_Lcd_cmd_status, BitPos(__Lib_Lcd_cmd_status+0) 
0x006C	0xD002      	BRA         L__Lcd_Cmd29
0x006E	0x8881      	BSF         LCD_RS, BitPos(LCD_RS+0) 
0x0070	0xD001      	BRA         L__Lcd_Cmd30
L__Lcd_Cmd29:
0x0072	0x9881      	BCF         LCD_RS, BitPos(LCD_RS+0) 
L__Lcd_Cmd30:
;__Lib_Lcd.c,28 :: 		
0x0074	0x8A81      	BSF         LCD_EN, BitPos(LCD_EN+0) 
;__Lib_Lcd.c,29 :: 		
0x0076	0xDFE2      	RCALL       _Delay_1us
;__Lib_Lcd.c,30 :: 		
0x0078	0x9A81      	BCF         LCD_EN, BitPos(LCD_EN+0) 
;__Lib_Lcd.c,33 :: 		
0x007A	0xB65E      	BTFSC       FARG_Lcd_Cmd_out_char, 3 
0x007C	0xD002      	BRA         L__Lcd_Cmd31
0x007E	0x9681      	BCF         LCD_D7, BitPos(LCD_D7+0) 
0x0080	0xD001      	BRA         L__Lcd_Cmd32
L__Lcd_Cmd31:
0x0082	0x8681      	BSF         LCD_D7, BitPos(LCD_D7+0) 
L__Lcd_Cmd32:
;__Lib_Lcd.c,34 :: 		
0x0084	0xB45E      	BTFSC       FARG_Lcd_Cmd_out_char, 2 
0x0086	0xD002      	BRA         L__Lcd_Cmd33
0x0088	0x9481      	BCF         LCD_D6, BitPos(LCD_D6+0) 
0x008A	0xD001      	BRA         L__Lcd_Cmd34
L__Lcd_Cmd33:
0x008C	0x8481      	BSF         LCD_D6, BitPos(LCD_D6+0) 
L__Lcd_Cmd34:
;__Lib_Lcd.c,35 :: 		
0x008E	0xB25E      	BTFSC       FARG_Lcd_Cmd_out_char, 1 
0x0090	0xD002      	BRA         L__Lcd_Cmd35
0x0092	0x9281      	BCF         LCD_D5, BitPos(LCD_D5+0) 
0x0094	0xD001      	BRA         L__Lcd_Cmd36
L__Lcd_Cmd35:
0x0096	0x8281      	BSF         LCD_D5, BitPos(LCD_D5+0) 
L__Lcd_Cmd36:
;__Lib_Lcd.c,36 :: 		
0x0098	0xB05E      	BTFSC       FARG_Lcd_Cmd_out_char, 0 
0x009A	0xD002      	BRA         L__Lcd_Cmd37
0x009C	0x9081      	BCF         LCD_D4, BitPos(LCD_D4+0) 
0x009E	0xD001      	BRA         L__Lcd_Cmd38
L__Lcd_Cmd37:
0x00A0	0x8081      	BSF         LCD_D4, BitPos(LCD_D4+0) 
L__Lcd_Cmd38:
;__Lib_Lcd.c,38 :: 		
0x00A2	0xB03A      	BTFSC       __Lib_Lcd_cmd_status, BitPos(__Lib_Lcd_cmd_status+0) 
0x00A4	0xD002      	BRA         L__Lcd_Cmd39
0x00A6	0x8881      	BSF         LCD_RS, BitPos(LCD_RS+0) 
0x00A8	0xD001      	BRA         L__Lcd_Cmd40
L__Lcd_Cmd39:
0x00AA	0x9881      	BCF         LCD_RS, BitPos(LCD_RS+0) 
L__Lcd_Cmd40:
;__Lib_Lcd.c,40 :: 		
0x00AC	0x8A81      	BSF         LCD_EN, BitPos(LCD_EN+0) 
;__Lib_Lcd.c,41 :: 		
0x00AE	0xDFC6      	RCALL       _Delay_1us
;__Lib_Lcd.c,42 :: 		
0x00B0	0x9A81      	BCF         LCD_EN, BitPos(LCD_EN+0) 
;__Lib_Lcd.c,44 :: 		
0x00B2	0xA03A      	BTFSS       __Lib_Lcd_cmd_status, BitPos(__Lib_Lcd_cmd_status+0) 
0x00B4	0xD002      	BRA         L_Lcd_Cmd0
;__Lib_Lcd.c,45 :: 		
0x00B6	0xDFB2      	RCALL       _Delay_5500us
0x00B8	0xD001      	BRA         L_Lcd_Cmd1
L_Lcd_Cmd0:
;__Lib_Lcd.c,47 :: 		
0x00BA	0xDFBB      	RCALL       _Delay_50us
L_Lcd_Cmd1:
;__Lib_Lcd.c,48 :: 		
L_end_Lcd_Cmd:
0x00BC	0x0012      	RETURN      0
; end of _Lcd_Cmd
_Lcd_Chr_CP:
;__Lib_Lcd.c,50 :: 		
;__Lib_Lcd.c,52 :: 		
0x00BE	0x903A      	BCF         __Lib_Lcd_cmd_status, BitPos(__Lib_Lcd_cmd_status+0) 
;__Lib_Lcd.c,53 :: 		
0x00C0	0xF05EC05D  	MOVFF       FARG_Lcd_Chr_CP_out_char, FARG_Lcd_Cmd_out_char
0x00C4	0xDFBE      	RCALL       _Lcd_Cmd
;__Lib_Lcd.c,54 :: 		
0x00C6	0x803A      	BSF         __Lib_Lcd_cmd_status, BitPos(__Lib_Lcd_cmd_status+0) 
;__Lib_Lcd.c,55 :: 		
L_end_Lcd_Chr_CP:
0x00C8	0x0012      	RETURN      0
; end of _Lcd_Chr_CP
_Div_16X16_U:
;__Lib_Math.c,102 :: 		
;__Lib_Math.c,109 :: 		
0x00CA	0x6A08      	CLRF        R8, 0
;__Lib_Math.c,110 :: 		
0x00CC	0x6A09      	CLRF        R9, 0
;__Lib_Math.c,111 :: 		
0x00CE	0x0E10      	MOVLW       16
;__Lib_Math.c,112 :: 		
0x00D0	0x6E0C      	MOVWF       R12, 0
;__Lib_Math.c,113 :: 		
0x00D2	0x3401      	RLCF        R1, 0, 0
;__Lib_Math.c,114 :: 		
0x00D4	0x3608      	RLCF        R8, 1, 0
;__Lib_Math.c,115 :: 		
0x00D6	0x3609      	RLCF        R9, 1, 0
;__Lib_Math.c,116 :: 		
0x00D8	0x5004      	MOVF        R4, 0, 0
;__Lib_Math.c,117 :: 		
0x00DA	0x5E08      	SUBWF       R8, 1, 0
;__Lib_Math.c,118 :: 		
0x00DC	0x5005      	MOVF        R5, 0, 0
;__Lib_Math.c,119 :: 		
0x00DE	0xA0D8      	BTFSS       STATUS, 0, 0
;__Lib_Math.c,120 :: 		
0x00E0	0x3C05      	INCFSZ      R5, 0, 0
;__Lib_Math.c,121 :: 		
0x00E2	0x5E09      	SUBWF       R9, 1, 0
;__Lib_Math.c,122 :: 		
0x00E4	0xB0D8      	BTFSC       STATUS, 0, 0
;__Lib_Math.c,123 :: 		
0x00E6	0xD007      	BRA         $+16
;__Lib_Math.c,124 :: 		
0x00E8	0x5004      	MOVF        R4, 0, 0
;__Lib_Math.c,125 :: 		
0x00EA	0x2608      	ADDWF       R8, 1, 0
;__Lib_Math.c,126 :: 		
0x00EC	0x5005      	MOVF        R5, 0, 0
;__Lib_Math.c,127 :: 		
0x00EE	0xB0D8      	BTFSC       STATUS, 0, 0
;__Lib_Math.c,128 :: 		
0x00F0	0x3C05      	INCFSZ      R5, 0, 0
;__Lib_Math.c,129 :: 		
0x00F2	0x2609      	ADDWF       R9, 1, 0
;__Lib_Math.c,130 :: 		
0x00F4	0x90D8      	BCF         STATUS, 0, 0
;__Lib_Math.c,131 :: 		
0x00F6	0x3600      	RLCF        R0, 1, 0
;__Lib_Math.c,132 :: 		
0x00F8	0x3601      	RLCF        R1, 1, 0
;__Lib_Math.c,133 :: 		
0x00FA	0x2E0C      	DECFSZ      R12, 1, 0
;__Lib_Math.c,134 :: 		
0x00FC	0xD7EA      	BRA         $-42
;__Lib_Math.c,136 :: 		
L_end_Div_16X16_U:
0x00FE	0x0012      	RETURN      0
; end of _Div_16X16_U
_Div_32x32_U:
;__Lib_Math.c,1162 :: 		
;__Lib_Math.c,1173 :: 		
0x0100	0x6A0B      	CLRF        R11, 0
;__Lib_Math.c,1174 :: 		
0x0102	0x6A0A      	CLRF        R10, 0
;__Lib_Math.c,1175 :: 		
0x0104	0x6A09      	CLRF        R9, 0
;__Lib_Math.c,1176 :: 		
0x0106	0x6A08      	CLRF        R8, 0
;__Lib_Math.c,1178 :: 		
0x0108	0x6A0E      	CLRF        R14, 0
;__Lib_Math.c,1180 :: 		
0x010A	0x3403      	RLCF        R3, 0, 0
;__Lib_Math.c,1181 :: 		
0x010C	0x3608      	RLCF        R8, 1, 0
;__Lib_Math.c,1182 :: 		
0x010E	0x5004      	MOVF        R4, 0, 0
;__Lib_Math.c,1183 :: 		
0x0110	0x5E08      	SUBWF       R8, 1, 0
;__Lib_Math.c,1184 :: 		
0x0112	0x5005      	MOVF        R5, 0, 0
;__Lib_Math.c,1185 :: 		
0x0114	0xA0D8      	BTFSS       STATUS, 0, 0
;__Lib_Math.c,1186 :: 		
0x0116	0x3C05      	INCFSZ      R5, 0, 0
;__Lib_Math.c,1187 :: 		
0x0118	0x5E09      	SUBWF       R9, 1, 0
;__Lib_Math.c,1188 :: 		
0x011A	0x5006      	MOVF        R6, 0, 0
;__Lib_Math.c,1189 :: 		
0x011C	0xA0D8      	BTFSS       STATUS, 0, 0
;__Lib_Math.c,1190 :: 		
0x011E	0x3C06      	INCFSZ      R6, 0, 0
;__Lib_Math.c,1191 :: 		
0x0120	0x5E0A      	SUBWF       R10, 1, 0
;__Lib_Math.c,1192 :: 		
0x0122	0x5007      	MOVF        R7, 0, 0
;__Lib_Math.c,1193 :: 		
0x0124	0xA0D8      	BTFSS       STATUS, 0, 0
;__Lib_Math.c,1194 :: 		
0x0126	0x3C07      	INCFSZ      R7, 0, 0
;__Lib_Math.c,1195 :: 		
0x0128	0x5E0B      	SUBWF       R11, 1, 0
;__Lib_Math.c,1197 :: 		
0x012A	0x6AE8      	CLRF        WREG, 0
;__Lib_Math.c,1198 :: 		
0x012C	0xA0D8      	BTFSS       STATUS, 0, 0
;__Lib_Math.c,1199 :: 		
0x012E	0x0E01      	MOVLW       1
;__Lib_Math.c,1200 :: 		
0x0130	0x5E0E      	SUBWF       R14, 1, 0
;__Lib_Math.c,1201 :: 		
0x0132	0x3603      	RLCF        R3, 1, 0
;__Lib_Math.c,1203 :: 		
0x0134	0x0E07      	MOVLW       7
;__Lib_Math.c,1204 :: 		
0x0136	0x6E0C      	MOVWF       R12, 0
;__Lib_Math.c,1206 :: 		
LOOPU3232A:
;__Lib_Math.c,1207 :: 		
0x0138	0x3403      	RLCF        R3, 0, 0
;__Lib_Math.c,1208 :: 		
0x013A	0x3608      	RLCF        R8, 1, 0
;__Lib_Math.c,1209 :: 		
0x013C	0x3609      	RLCF        R9, 1, 0
;__Lib_Math.c,1210 :: 		
0x013E	0x360A      	RLCF        R10, 1, 0
;__Lib_Math.c,1211 :: 		
0x0140	0x360B      	RLCF        R11, 1, 0
;__Lib_Math.c,1212 :: 		
0x0142	0x360E      	RLCF        R14, 1, 0
;__Lib_Math.c,1213 :: 		
0x0144	0x5004      	MOVF        R4, 0, 0
;__Lib_Math.c,1214 :: 		
0x0146	0xA003      	BTFSS       R3, 0, 0
;__Lib_Math.c,1215 :: 		
0x0148	0xD012      	BRA         UADD22LA
;__Lib_Math.c,1217 :: 		
0x014A	0x5E08      	SUBWF       R8, 1, 0
;__Lib_Math.c,1218 :: 		
0x014C	0x5005      	MOVF        R5, 0, 0
;__Lib_Math.c,1219 :: 		
0x014E	0xA0D8      	BTFSS       STATUS, 0, 0
;__Lib_Math.c,1220 :: 		
0x0150	0x3C05      	INCFSZ      R5, 0, 0
;__Lib_Math.c,1221 :: 		
0x0152	0x5E09      	SUBWF       R9, 1, 0
;__Lib_Math.c,1222 :: 		
0x0154	0x5006      	MOVF        R6, 0, 0
;__Lib_Math.c,1223 :: 		
0x0156	0xA0D8      	BTFSS       STATUS, 0, 0
;__Lib_Math.c,1224 :: 		
0x0158	0x3C06      	INCFSZ      R6, 0, 0
;__Lib_Math.c,1225 :: 		
0x015A	0x5E0A      	SUBWF       R10, 1, 0
;__Lib_Math.c,1226 :: 		
0x015C	0x5007      	MOVF        R7, 0, 0
;__Lib_Math.c,1227 :: 		
0x015E	0xA0D8      	BTFSS       STATUS, 0, 0
;__Lib_Math.c,1228 :: 		
0x0160	0x3C07      	INCFSZ      R7, 0, 0
;__Lib_Math.c,1229 :: 		
0x0162	0x5E0B      	SUBWF       R11, 1, 0
;__Lib_Math.c,1230 :: 		
0x0164	0x6AE8      	CLRF        WREG, 0
;__Lib_Math.c,1231 :: 		
0x0166	0xA0D8      	BTFSS       STATUS, 0, 0
;__Lib_Math.c,1232 :: 		
0x0168	0x0E01      	MOVLW       1
;__Lib_Math.c,1233 :: 		
0x016A	0x5E0E      	SUBWF       R14, 1, 0
;__Lib_Math.c,1234 :: 		
0x016C	0xD011      	BRA         UOK22LA
;__Lib_Math.c,1236 :: 		
UADD22LA:
;__Lib_Math.c,1237 :: 		
0x016E	0x2608      	ADDWF       R8, 1, 0
;__Lib_Math.c,1238 :: 		
0x0170	0x5005      	MOVF        R5, 0, 0
;__Lib_Math.c,1239 :: 		
0x0172	0xB0D8      	BTFSC       STATUS, 0, 0
;__Lib_Math.c,1240 :: 		
0x0174	0x3C05      	INCFSZ      R5, 0, 0
;__Lib_Math.c,1241 :: 		
0x0176	0x2609      	ADDWF       R9, 1, 0
;__Lib_Math.c,1242 :: 		
0x0178	0x5006      	MOVF        R6, 0, 0
;__Lib_Math.c,1243 :: 		
0x017A	0xB0D8      	BTFSC       STATUS, 0, 0
;__Lib_Math.c,1244 :: 		
0x017C	0x3C06      	INCFSZ      R6, 0, 0
;__Lib_Math.c,1245 :: 		
0x017E	0x260A      	ADDWF       R10, 1, 0
;__Lib_Math.c,1246 :: 		
0x0180	0x5007      	MOVF        R7, 0, 0
;__Lib_Math.c,1247 :: 		
0x0182	0xB0D8      	BTFSC       STATUS, 0, 0
;__Lib_Math.c,1248 :: 		
0x0184	0x3C07      	INCFSZ      R7, 0, 0
;__Lib_Math.c,1249 :: 		
0x0186	0x260B      	ADDWF       R11, 1, 0
;__Lib_Math.c,1250 :: 		
0x0188	0x6AE8      	CLRF        WREG, 0
;__Lib_Math.c,1251 :: 		
0x018A	0xB0D8      	BTFSC       STATUS, 0, 0
;__Lib_Math.c,1252 :: 		
0x018C	0x0E01      	MOVLW       1
;__Lib_Math.c,1253 :: 		
0x018E	0x260E      	ADDWF       R14, 1, 0
;__Lib_Math.c,1255 :: 		
UOK22LA:
;__Lib_Math.c,1256 :: 		
0x0190	0x3603      	RLCF        R3, 1, 0
;__Lib_Math.c,1258 :: 		
0x0192	0x2E0C      	DECFSZ      R12, 1, 0
;__Lib_Math.c,1259 :: 		
0x0194	0xD7D1      	BRA         LOOPU3232A
;__Lib_Math.c,1261 :: 		
0x0196	0x3402      	RLCF        R2, 0, 0
;__Lib_Math.c,1262 :: 		
0x0198	0x3608      	RLCF        R8, 1, 0
;__Lib_Math.c,1263 :: 		
0x019A	0x3609      	RLCF        R9, 1, 0
;__Lib_Math.c,1264 :: 		
0x019C	0x360A      	RLCF        R10, 1, 0
;__Lib_Math.c,1265 :: 		
0x019E	0x360B      	RLCF        R11, 1, 0
;__Lib_Math.c,1266 :: 		
0x01A0	0x360E      	RLCF        R14, 1, 0
;__Lib_Math.c,1267 :: 		
0x01A2	0x5004      	MOVF        R4, 0, 0
;__Lib_Math.c,1268 :: 		
0x01A4	0xA003      	BTFSS       R3, 0, 0
;__Lib_Math.c,1269 :: 		
0x01A6	0xD012      	BRA         UADD22L8
;__Lib_Math.c,1271 :: 		
0x01A8	0x5E08      	SUBWF       R8, 1, 0
;__Lib_Math.c,1272 :: 		
0x01AA	0x5005      	MOVF        R5, 0, 0
;__Lib_Math.c,1273 :: 		
0x01AC	0xA0D8      	BTFSS       STATUS, 0, 0
;__Lib_Math.c,1274 :: 		
0x01AE	0x3C05      	INCFSZ      R5, 0, 0
;__Lib_Math.c,1275 :: 		
0x01B0	0x5E09      	SUBWF       R9, 1, 0
;__Lib_Math.c,1276 :: 		
0x01B2	0x5006      	MOVF        R6, 0, 0
;__Lib_Math.c,1277 :: 		
0x01B4	0xA0D8      	BTFSS       STATUS, 0, 0
;__Lib_Math.c,1278 :: 		
0x01B6	0x3C06      	INCFSZ      R6, 0, 0
;__Lib_Math.c,1279 :: 		
0x01B8	0x5E0A      	SUBWF       R10, 1, 0
;__Lib_Math.c,1280 :: 		
0x01BA	0x5007      	MOVF        R7, 0, 0
;__Lib_Math.c,1281 :: 		
0x01BC	0xA0D8      	BTFSS       STATUS, 0, 0
;__Lib_Math.c,1282 :: 		
0x01BE	0x3C07      	INCFSZ      R7, 0, 0
;__Lib_Math.c,1283 :: 		
0x01C0	0x5E0B      	SUBWF       R11, 1, 0
;__Lib_Math.c,1284 :: 		
0x01C2	0x6AE8      	CLRF        WREG, 0
;__Lib_Math.c,1285 :: 		
0x01C4	0xA0D8      	BTFSS       STATUS, 0, 0
;__Lib_Math.c,1286 :: 		
0x01C6	0x0E01      	MOVLW       1
;__Lib_Math.c,1287 :: 		
0x01C8	0x5E0E      	SUBWF       R14, 1, 0
;__Lib_Math.c,1288 :: 		
0x01CA	0xD011      	BRA         UOK22L8
;__Lib_Math.c,1290 :: 		
UADD22L8:
;__Lib_Math.c,1291 :: 		
0x01CC	0x2608      	ADDWF       R8, 1, 0
;__Lib_Math.c,1292 :: 		
0x01CE	0x5005      	MOVF        R5, 0, 0
;__Lib_Math.c,1293 :: 		
0x01D0	0xB0D8      	BTFSC       STATUS, 0, 0
;__Lib_Math.c,1294 :: 		
0x01D2	0x3C05      	INCFSZ      R5, 0, 0
;__Lib_Math.c,1295 :: 		
0x01D4	0x2609      	ADDWF       R9, 1, 0
;__Lib_Math.c,1296 :: 		
0x01D6	0x5006      	MOVF        R6, 0, 0
;__Lib_Math.c,1297 :: 		
0x01D8	0xB0D8      	BTFSC       STATUS, 0, 0
;__Lib_Math.c,1298 :: 		
0x01DA	0x3C06      	INCFSZ      R6, 0, 0
;__Lib_Math.c,1299 :: 		
0x01DC	0x260A      	ADDWF       R10, 1, 0
;__Lib_Math.c,1300 :: 		
0x01DE	0x5007      	MOVF        R7, 0, 0
;__Lib_Math.c,1301 :: 		
0x01E0	0xB0D8      	BTFSC       STATUS, 0, 0
;__Lib_Math.c,1302 :: 		
0x01E2	0x3C07      	INCFSZ      R7, 0, 0
;__Lib_Math.c,1303 :: 		
0x01E4	0x260B      	ADDWF       R11, 1, 0
;__Lib_Math.c,1304 :: 		
0x01E6	0x6AE8      	CLRF        WREG, 0
;__Lib_Math.c,1305 :: 		
0x01E8	0xB0D8      	BTFSC       STATUS, 0, 0
;__Lib_Math.c,1306 :: 		
0x01EA	0x0E01      	MOVLW       1
;__Lib_Math.c,1307 :: 		
0x01EC	0x260E      	ADDWF       R14, 1, 0
;__Lib_Math.c,1309 :: 		
UOK22L8:
;__Lib_Math.c,1310 :: 		
0x01EE	0x3602      	RLCF        R2, 1, 0
;__Lib_Math.c,1312 :: 		
0x01F0	0x0E07      	MOVLW       7
;__Lib_Math.c,1313 :: 		
0x01F2	0x6E0C      	MOVWF       R12, 0
;__Lib_Math.c,1315 :: 		
LOOPU3232B:
;__Lib_Math.c,1316 :: 		
0x01F4	0x3402      	RLCF        R2, 0, 0
;__Lib_Math.c,1317 :: 		
0x01F6	0x3608      	RLCF        R8, 1, 0
;__Lib_Math.c,1318 :: 		
0x01F8	0x3609      	RLCF        R9, 1, 0
;__Lib_Math.c,1319 :: 		
0x01FA	0x360A      	RLCF        R10, 1, 0
;__Lib_Math.c,1320 :: 		
0x01FC	0x360B      	RLCF        R11, 1, 0
;__Lib_Math.c,1321 :: 		
0x01FE	0x360E      	RLCF        R14, 1, 0
;__Lib_Math.c,1322 :: 		
0x0200	0x5004      	MOVF        R4, 0, 0
;__Lib_Math.c,1323 :: 		
0x0202	0xA002      	BTFSS       R2, 0, 0
;__Lib_Math.c,1324 :: 		
0x0204	0xD012      	BRA         UADD22LB
;__Lib_Math.c,1326 :: 		
0x0206	0x5E08      	SUBWF       R8, 1, 0
;__Lib_Math.c,1327 :: 		
0x0208	0x5005      	MOVF        R5, 0, 0
;__Lib_Math.c,1328 :: 		
0x020A	0xA0D8      	BTFSS       STATUS, 0, 0
;__Lib_Math.c,1329 :: 		
0x020C	0x3C05      	INCFSZ      R5, 0, 0
;__Lib_Math.c,1330 :: 		
0x020E	0x5E09      	SUBWF       R9, 1, 0
;__Lib_Math.c,1331 :: 		
0x0210	0x5006      	MOVF        R6, 0, 0
;__Lib_Math.c,1332 :: 		
0x0212	0xA0D8      	BTFSS       STATUS, 0, 0
;__Lib_Math.c,1333 :: 		
0x0214	0x3C06      	INCFSZ      R6, 0, 0
;__Lib_Math.c,1334 :: 		
0x0216	0x5E0A      	SUBWF       R10, 1, 0
;__Lib_Math.c,1335 :: 		
0x0218	0x5007      	MOVF        R7, 0, 0
;__Lib_Math.c,1336 :: 		
0x021A	0xA0D8      	BTFSS       STATUS, 0, 0
;__Lib_Math.c,1337 :: 		
0x021C	0x3C07      	INCFSZ      R7, 0, 0
;__Lib_Math.c,1338 :: 		
0x021E	0x5E0B      	SUBWF       R11, 1, 0
;__Lib_Math.c,1339 :: 		
0x0220	0x6AE8      	CLRF        WREG, 0
;__Lib_Math.c,1340 :: 		
0x0222	0xA0D8      	BTFSS       STATUS, 0, 0
;__Lib_Math.c,1341 :: 		
0x0224	0x0E01      	MOVLW       1
;__Lib_Math.c,1342 :: 		
0x0226	0x5E0E      	SUBWF       R14, 1, 0
;__Lib_Math.c,1343 :: 		
0x0228	0xD011      	BRA         UOK22LB
;__Lib_Math.c,1345 :: 		
UADD22LB:
;__Lib_Math.c,1346 :: 		
0x022A	0x2608      	ADDWF       R8, 1, 0
;__Lib_Math.c,1347 :: 		
0x022C	0x5005      	MOVF        R5, 0, 0
;__Lib_Math.c,1348 :: 		
0x022E	0xB0D8      	BTFSC       STATUS, 0, 0
;__Lib_Math.c,1349 :: 		
0x0230	0x3C05      	INCFSZ      R5, 0, 0
;__Lib_Math.c,1350 :: 		
0x0232	0x2609      	ADDWF       R9, 1, 0
;__Lib_Math.c,1351 :: 		
0x0234	0x5006      	MOVF        R6, 0, 0
;__Lib_Math.c,1352 :: 		
0x0236	0xB0D8      	BTFSC       STATUS, 0, 0
;__Lib_Math.c,1353 :: 		
0x0238	0x3C06      	INCFSZ      R6, 0, 0
;__Lib_Math.c,1354 :: 		
0x023A	0x260A      	ADDWF       R10, 1, 0
;__Lib_Math.c,1355 :: 		
0x023C	0x5007      	MOVF        R7, 0, 0
;__Lib_Math.c,1356 :: 		
0x023E	0xB0D8      	BTFSC       STATUS, 0, 0
;__Lib_Math.c,1357 :: 		
0x0240	0x3C07      	INCFSZ      R7, 0, 0
;__Lib_Math.c,1358 :: 		
0x0242	0x260B      	ADDWF       R11, 1, 0
;__Lib_Math.c,1359 :: 		
0x0244	0x6AE8      	CLRF        WREG, 0
;__Lib_Math.c,1360 :: 		
0x0246	0xB0D8      	BTFSC       STATUS, 0, 0
;__Lib_Math.c,1361 :: 		
0x0248	0x0E01      	MOVLW       1
;__Lib_Math.c,1362 :: 		
0x024A	0x260E      	ADDWF       R14, 1, 0
;__Lib_Math.c,1364 :: 		
UOK22LB:
;__Lib_Math.c,1365 :: 		
0x024C	0x3602      	RLCF        R2, 1, 0
;__Lib_Math.c,1367 :: 		
0x024E	0x2E0C      	DECFSZ      R12, 1, 0
;__Lib_Math.c,1368 :: 		
0x0250	0xD7D1      	BRA         LOOPU3232B
;__Lib_Math.c,1370 :: 		
0x0252	0x3401      	RLCF        R1, 0, 0
;__Lib_Math.c,1371 :: 		
0x0254	0x3608      	RLCF        R8, 1, 0
;__Lib_Math.c,1372 :: 		
0x0256	0x3609      	RLCF        R9, 1, 0
;__Lib_Math.c,1373 :: 		
0x0258	0x360A      	RLCF        R10, 1, 0
;__Lib_Math.c,1374 :: 		
0x025A	0x360B      	RLCF        R11, 1, 0
;__Lib_Math.c,1375 :: 		
0x025C	0x360E      	RLCF        R14, 1, 0
;__Lib_Math.c,1376 :: 		
0x025E	0x5004      	MOVF        R4, 0, 0
;__Lib_Math.c,1377 :: 		
0x0260	0xA002      	BTFSS       R2, 0, 0
;__Lib_Math.c,1378 :: 		
0x0262	0xD012      	BRA         UADD22L16
;__Lib_Math.c,1380 :: 		
0x0264	0x5E08      	SUBWF       R8, 1, 0
;__Lib_Math.c,1381 :: 		
0x0266	0x5005      	MOVF        R5, 0, 0
;__Lib_Math.c,1382 :: 		
0x0268	0xA0D8      	BTFSS       STATUS, 0, 0
;__Lib_Math.c,1383 :: 		
0x026A	0x3C05      	INCFSZ      R5, 0, 0
;__Lib_Math.c,1384 :: 		
0x026C	0x5E09      	SUBWF       R9, 1, 0
;__Lib_Math.c,1385 :: 		
0x026E	0x5006      	MOVF        R6, 0, 0
;__Lib_Math.c,1386 :: 		
0x0270	0xA0D8      	BTFSS       STATUS, 0, 0
;__Lib_Math.c,1387 :: 		
0x0272	0x3C06      	INCFSZ      R6, 0, 0
;__Lib_Math.c,1388 :: 		
0x0274	0x5E0A      	SUBWF       R10, 1, 0
;__Lib_Math.c,1389 :: 		
0x0276	0x5007      	MOVF        R7, 0, 0
;__Lib_Math.c,1390 :: 		
0x0278	0xA0D8      	BTFSS       STATUS, 0, 0
;__Lib_Math.c,1391 :: 		
0x027A	0x3C07      	INCFSZ      R7, 0, 0
;__Lib_Math.c,1392 :: 		
0x027C	0x5E0B      	SUBWF       R11, 1, 0
;__Lib_Math.c,1393 :: 		
0x027E	0x6AE8      	CLRF        WREG, 0
;__Lib_Math.c,1394 :: 		
0x0280	0xA0D8      	BTFSS       STATUS, 0, 0
;__Lib_Math.c,1395 :: 		
0x0282	0x0E01      	MOVLW       1
;__Lib_Math.c,1396 :: 		
0x0284	0x5E0E      	SUBWF       R14, 1, 0
;__Lib_Math.c,1397 :: 		
0x0286	0xD011      	BRA         UOK22L16
;__Lib_Math.c,1399 :: 		
UADD22L16:
;__Lib_Math.c,1400 :: 		
0x0288	0x2608      	ADDWF       R8, 1, 0
;__Lib_Math.c,1401 :: 		
0x028A	0x5005      	MOVF        R5, 0, 0
;__Lib_Math.c,1402 :: 		
0x028C	0xB0D8      	BTFSC       STATUS, 0, 0
;__Lib_Math.c,1403 :: 		
0x028E	0x3C05      	INCFSZ      R5, 0, 0
;__Lib_Math.c,1404 :: 		
0x0290	0x2609      	ADDWF       R9, 1, 0
;__Lib_Math.c,1405 :: 		
0x0292	0x5006      	MOVF        R6, 0, 0
;__Lib_Math.c,1406 :: 		
0x0294	0xB0D8      	BTFSC       STATUS, 0, 0
;__Lib_Math.c,1407 :: 		
0x0296	0x3C06      	INCFSZ      R6, 0, 0
;__Lib_Math.c,1408 :: 		
0x0298	0x260A      	ADDWF       R10, 1, 0
;__Lib_Math.c,1409 :: 		
0x029A	0x5007      	MOVF        R7, 0, 0
;__Lib_Math.c,1410 :: 		
0x029C	0xB0D8      	BTFSC       STATUS, 0, 0
;__Lib_Math.c,1411 :: 		
0x029E	0x3C07      	INCFSZ      R7, 0, 0
;__Lib_Math.c,1412 :: 		
0x02A0	0x260B      	ADDWF       R11, 1, 0
;__Lib_Math.c,1413 :: 		
0x02A2	0x6AE8      	CLRF        WREG, 0
;__Lib_Math.c,1414 :: 		
0x02A4	0xB0D8      	BTFSC       STATUS, 0, 0
;__Lib_Math.c,1415 :: 		
0x02A6	0x0E01      	MOVLW       1
;__Lib_Math.c,1416 :: 		
0x02A8	0x260E      	ADDWF       R14, 1, 0
;__Lib_Math.c,1418 :: 		
UOK22L16:
;__Lib_Math.c,1419 :: 		
0x02AA	0x3601      	RLCF        R1, 1, 0
;__Lib_Math.c,1421 :: 		
0x02AC	0x0E07      	MOVLW       7
;__Lib_Math.c,1422 :: 		
0x02AE	0x6E0C      	MOVWF       R12, 0
;__Lib_Math.c,1424 :: 		
LOOPU3232C:
;__Lib_Math.c,1425 :: 		
0x02B0	0x3401      	RLCF        R1, 0, 0
;__Lib_Math.c,1426 :: 		
0x02B2	0x3608      	RLCF        R8, 1, 0
;__Lib_Math.c,1427 :: 		
0x02B4	0x3609      	RLCF        R9, 1, 0
;__Lib_Math.c,1428 :: 		
0x02B6	0x360A      	RLCF        R10, 1, 0
;__Lib_Math.c,1429 :: 		
0x02B8	0x360B      	RLCF        R11, 1, 0
;__Lib_Math.c,1430 :: 		
0x02BA	0x360E      	RLCF        R14, 1, 0
;__Lib_Math.c,1431 :: 		
0x02BC	0x5004      	MOVF        R4, 0, 0
;__Lib_Math.c,1432 :: 		
0x02BE	0xA001      	BTFSS       R1, 0, 0
;__Lib_Math.c,1433 :: 		
0x02C0	0xD012      	BRA         UADD22LC
;__Lib_Math.c,1435 :: 		
0x02C2	0x5E08      	SUBWF       R8, 1, 0
;__Lib_Math.c,1436 :: 		
0x02C4	0x5005      	MOVF        R5, 0, 0
;__Lib_Math.c,1437 :: 		
0x02C6	0xA0D8      	BTFSS       STATUS, 0, 0
;__Lib_Math.c,1438 :: 		
0x02C8	0x3C05      	INCFSZ      R5, 0, 0
;__Lib_Math.c,1439 :: 		
0x02CA	0x5E09      	SUBWF       R9, 1, 0
;__Lib_Math.c,1440 :: 		
0x02CC	0x5006      	MOVF        R6, 0, 0
;__Lib_Math.c,1441 :: 		
0x02CE	0xA0D8      	BTFSS       STATUS, 0, 0
;__Lib_Math.c,1442 :: 		
0x02D0	0x3C06      	INCFSZ      R6, 0, 0
;__Lib_Math.c,1443 :: 		
0x02D2	0x5E0A      	SUBWF       R10, 1, 0
;__Lib_Math.c,1444 :: 		
0x02D4	0x5007      	MOVF        R7, 0, 0
;__Lib_Math.c,1445 :: 		
0x02D6	0xA0D8      	BTFSS       STATUS, 0, 0
;__Lib_Math.c,1446 :: 		
0x02D8	0x3C07      	INCFSZ      R7, 0, 0
;__Lib_Math.c,1447 :: 		
0x02DA	0x5E0B      	SUBWF       R11, 1, 0
;__Lib_Math.c,1448 :: 		
0x02DC	0x6AE8      	CLRF        WREG, 0
;__Lib_Math.c,1449 :: 		
0x02DE	0xA0D8      	BTFSS       STATUS, 0, 0
;__Lib_Math.c,1450 :: 		
0x02E0	0x0E01      	MOVLW       1
;__Lib_Math.c,1451 :: 		
0x02E2	0x5E0E      	SUBWF       R14, 1, 0
;__Lib_Math.c,1452 :: 		
0x02E4	0xD011      	BRA         UOK22LC
;__Lib_Math.c,1454 :: 		
UADD22LC:
;__Lib_Math.c,1455 :: 		
0x02E6	0x2608      	ADDWF       R8, 1, 0
;__Lib_Math.c,1456 :: 		
0x02E8	0x5005      	MOVF        R5, 0, 0
;__Lib_Math.c,1457 :: 		
0x02EA	0xB0D8      	BTFSC       STATUS, 0, 0
;__Lib_Math.c,1458 :: 		
0x02EC	0x3C05      	INCFSZ      R5, 0, 0
;__Lib_Math.c,1459 :: 		
0x02EE	0x2609      	ADDWF       R9, 1, 0
;__Lib_Math.c,1460 :: 		
0x02F0	0x5006      	MOVF        R6, 0, 0
;__Lib_Math.c,1461 :: 		
0x02F2	0xB0D8      	BTFSC       STATUS, 0, 0
;__Lib_Math.c,1462 :: 		
0x02F4	0x3C06      	INCFSZ      R6, 0, 0
;__Lib_Math.c,1463 :: 		
0x02F6	0x260A      	ADDWF       R10, 1, 0
;__Lib_Math.c,1464 :: 		
0x02F8	0x5007      	MOVF        R7, 0, 0
;__Lib_Math.c,1465 :: 		
0x02FA	0xB0D8      	BTFSC       STATUS, 0, 0
;__Lib_Math.c,1466 :: 		
0x02FC	0x3C07      	INCFSZ      R7, 0, 0
;__Lib_Math.c,1467 :: 		
0x02FE	0x260B      	ADDWF       R11, 1, 0
;__Lib_Math.c,1468 :: 		
0x0300	0x6AE8      	CLRF        WREG, 0
;__Lib_Math.c,1469 :: 		
0x0302	0xB0D8      	BTFSC       STATUS, 0, 0
;__Lib_Math.c,1470 :: 		
0x0304	0x0E01      	MOVLW       1
;__Lib_Math.c,1471 :: 		
0x0306	0x260E      	ADDWF       R14, 1, 0
;__Lib_Math.c,1473 :: 		
UOK22LC:
;__Lib_Math.c,1474 :: 		
0x0308	0x3601      	RLCF        R1, 1, 0
;__Lib_Math.c,1476 :: 		
0x030A	0x2E0C      	DECFSZ      R12, 1, 0
;__Lib_Math.c,1477 :: 		
0x030C	0xD7D1      	BRA         LOOPU3232C
;__Lib_Math.c,1479 :: 		
0x030E	0x3400      	RLCF        R0, 0, 0
;__Lib_Math.c,1480 :: 		
0x0310	0x3608      	RLCF        R8, 1, 0
;__Lib_Math.c,1481 :: 		
0x0312	0x3609      	RLCF        R9, 1, 0
;__Lib_Math.c,1482 :: 		
0x0314	0x360A      	RLCF        R10, 1, 0
;__Lib_Math.c,1483 :: 		
0x0316	0x360B      	RLCF        R11, 1, 0
;__Lib_Math.c,1484 :: 		
0x0318	0x360E      	RLCF        R14, 1, 0
;__Lib_Math.c,1485 :: 		
0x031A	0x5004      	MOVF        R4, 0, 0
;__Lib_Math.c,1486 :: 		
0x031C	0xA001      	BTFSS       R1, 0, 0
;__Lib_Math.c,1487 :: 		
0x031E	0xD012      	BRA         UADD22L24
;__Lib_Math.c,1489 :: 		
0x0320	0x5E08      	SUBWF       R8, 1, 0
;__Lib_Math.c,1490 :: 		
0x0322	0x5005      	MOVF        R5, 0, 0
;__Lib_Math.c,1491 :: 		
0x0324	0xA0D8      	BTFSS       STATUS, 0, 0
;__Lib_Math.c,1492 :: 		
0x0326	0x3C05      	INCFSZ      R5, 0, 0
;__Lib_Math.c,1493 :: 		
0x0328	0x5E09      	SUBWF       R9, 1, 0
;__Lib_Math.c,1494 :: 		
0x032A	0x5006      	MOVF        R6, 0, 0
;__Lib_Math.c,1495 :: 		
0x032C	0xA0D8      	BTFSS       STATUS, 0, 0
;__Lib_Math.c,1496 :: 		
0x032E	0x3C06      	INCFSZ      R6, 0, 0
;__Lib_Math.c,1497 :: 		
0x0330	0x5E0A      	SUBWF       R10, 1, 0
;__Lib_Math.c,1498 :: 		
0x0332	0x5007      	MOVF        R7, 0, 0
;__Lib_Math.c,1499 :: 		
0x0334	0xA0D8      	BTFSS       STATUS, 0, 0
;__Lib_Math.c,1500 :: 		
0x0336	0x3C07      	INCFSZ      R7, 0, 0
;__Lib_Math.c,1501 :: 		
0x0338	0x5E0B      	SUBWF       R11, 1, 0
;__Lib_Math.c,1502 :: 		
0x033A	0x6AE8      	CLRF        WREG, 0
;__Lib_Math.c,1503 :: 		
0x033C	0xA0D8      	BTFSS       STATUS, 0, 0
;__Lib_Math.c,1504 :: 		
0x033E	0x0E01      	MOVLW       1
;__Lib_Math.c,1505 :: 		
0x0340	0x5E0E      	SUBWF       R14, 1, 0
;__Lib_Math.c,1506 :: 		
0x0342	0xD011      	BRA         UOK22L24
;__Lib_Math.c,1508 :: 		
UADD22L24:
;__Lib_Math.c,1509 :: 		
0x0344	0x2608      	ADDWF       R8, 1, 0
;__Lib_Math.c,1510 :: 		
0x0346	0x5005      	MOVF        R5, 0, 0
;__Lib_Math.c,1511 :: 		
0x0348	0xB0D8      	BTFSC       STATUS, 0, 0
;__Lib_Math.c,1512 :: 		
0x034A	0x3C05      	INCFSZ      R5, 0, 0
;__Lib_Math.c,1513 :: 		
0x034C	0x2609      	ADDWF       R9, 1, 0
;__Lib_Math.c,1514 :: 		
0x034E	0x5006      	MOVF        R6, 0, 0
;__Lib_Math.c,1515 :: 		
0x0350	0xB0D8      	BTFSC       STATUS, 0, 0
;__Lib_Math.c,1516 :: 		
0x0352	0x3C06      	INCFSZ      R6, 0, 0
;__Lib_Math.c,1517 :: 		
0x0354	0x260A      	ADDWF       R10, 1, 0
;__Lib_Math.c,1518 :: 		
0x0356	0x5007      	MOVF        R7, 0, 0
;__Lib_Math.c,1519 :: 		
0x0358	0xB0D8      	BTFSC       STATUS, 0, 0
;__Lib_Math.c,1520 :: 		
0x035A	0x3C07      	INCFSZ      R7, 0, 0
;__Lib_Math.c,1521 :: 		
0x035C	0x260B      	ADDWF       R11, 1, 0
;__Lib_Math.c,1522 :: 		
0x035E	0x6AE8      	CLRF        WREG, 0
;__Lib_Math.c,1523 :: 		
0x0360	0xB0D8      	BTFSC       STATUS, 0, 0
;__Lib_Math.c,1524 :: 		
0x0362	0x0E01      	MOVLW       1
;__Lib_Math.c,1525 :: 		
0x0364	0x260E      	ADDWF       R14, 1, 0
;__Lib_Math.c,1527 :: 		
UOK22L24:
;__Lib_Math.c,1528 :: 		
0x0366	0x3600      	RLCF        R0, 1, 0
;__Lib_Math.c,1530 :: 		
0x0368	0x0E07      	MOVLW       7
;__Lib_Math.c,1531 :: 		
0x036A	0x6E0C      	MOVWF       R12, 0
;__Lib_Math.c,1533 :: 		
LOOPU3232D:
;__Lib_Math.c,1534 :: 		
0x036C	0x3400      	RLCF        R0, 0, 0
;__Lib_Math.c,1535 :: 		
0x036E	0x3608      	RLCF        R8, 1, 0
;__Lib_Math.c,1536 :: 		
0x0370	0x3609      	RLCF        R9, 1, 0
;__Lib_Math.c,1537 :: 		
0x0372	0x360A      	RLCF        R10, 1, 0
;__Lib_Math.c,1538 :: 		
0x0374	0x360B      	RLCF        R11, 1, 0
;__Lib_Math.c,1539 :: 		
0x0376	0x360E      	RLCF        R14, 1, 0
;__Lib_Math.c,1540 :: 		
0x0378	0x5004      	MOVF        R4, 0, 0
;__Lib_Math.c,1541 :: 		
0x037A	0xA000      	BTFSS       R0, 0, 0
;__Lib_Math.c,1542 :: 		
0x037C	0xD012      	BRA         UADD22LD
;__Lib_Math.c,1544 :: 		
0x037E	0x5E08      	SUBWF       R8, 1, 0
;__Lib_Math.c,1545 :: 		
0x0380	0x5005      	MOVF        R5, 0, 0
;__Lib_Math.c,1546 :: 		
0x0382	0xA0D8      	BTFSS       STATUS, 0, 0
;__Lib_Math.c,1547 :: 		
0x0384	0x3C05      	INCFSZ      R5, 0, 0
;__Lib_Math.c,1548 :: 		
0x0386	0x5E09      	SUBWF       R9, 1, 0
;__Lib_Math.c,1549 :: 		
0x0388	0x5006      	MOVF        R6, 0, 0
;__Lib_Math.c,1550 :: 		
0x038A	0xA0D8      	BTFSS       STATUS, 0, 0
;__Lib_Math.c,1551 :: 		
0x038C	0x3C06      	INCFSZ      R6, 0, 0
;__Lib_Math.c,1552 :: 		
0x038E	0x5E0A      	SUBWF       R10, 1, 0
;__Lib_Math.c,1553 :: 		
0x0390	0x5007      	MOVF        R7, 0, 0
;__Lib_Math.c,1554 :: 		
0x0392	0xA0D8      	BTFSS       STATUS, 0, 0
;__Lib_Math.c,1555 :: 		
0x0394	0x3C07      	INCFSZ      R7, 0, 0
;__Lib_Math.c,1556 :: 		
0x0396	0x5E0B      	SUBWF       R11, 1, 0
;__Lib_Math.c,1557 :: 		
0x0398	0x6AE8      	CLRF        WREG, 0
;__Lib_Math.c,1558 :: 		
0x039A	0xA0D8      	BTFSS       STATUS, 0, 0
;__Lib_Math.c,1559 :: 		
0x039C	0x0E01      	MOVLW       1
;__Lib_Math.c,1560 :: 		
0x039E	0x5E0E      	SUBWF       R14, 1, 0
;__Lib_Math.c,1561 :: 		
0x03A0	0xD011      	BRA         UOK22LD
;__Lib_Math.c,1563 :: 		
UADD22LD:
;__Lib_Math.c,1564 :: 		
0x03A2	0x2608      	ADDWF       R8, 1, 0
;__Lib_Math.c,1565 :: 		
0x03A4	0x5005      	MOVF        R5, 0, 0
;__Lib_Math.c,1566 :: 		
0x03A6	0xB0D8      	BTFSC       STATUS, 0, 0
;__Lib_Math.c,1567 :: 		
0x03A8	0x3C05      	INCFSZ      R5, 0, 0
;__Lib_Math.c,1568 :: 		
0x03AA	0x2609      	ADDWF       R9, 1, 0
;__Lib_Math.c,1569 :: 		
0x03AC	0x5006      	MOVF        R6, 0, 0
;__Lib_Math.c,1570 :: 		
0x03AE	0xB0D8      	BTFSC       STATUS, 0, 0
;__Lib_Math.c,1571 :: 		
0x03B0	0x3C06      	INCFSZ      R6, 0, 0
;__Lib_Math.c,1572 :: 		
0x03B2	0x260A      	ADDWF       R10, 1, 0
;__Lib_Math.c,1573 :: 		
0x03B4	0x5007      	MOVF        R7, 0, 0
;__Lib_Math.c,1574 :: 		
0x03B6	0xB0D8      	BTFSC       STATUS, 0, 0
;__Lib_Math.c,1575 :: 		
0x03B8	0x3C07      	INCFSZ      R7, 0, 0
;__Lib_Math.c,1576 :: 		
0x03BA	0x260B      	ADDWF       R11, 1, 0
;__Lib_Math.c,1577 :: 		
0x03BC	0x6AE8      	CLRF        WREG, 0
;__Lib_Math.c,1578 :: 		
0x03BE	0xB0D8      	BTFSC       STATUS, 0, 0
;__Lib_Math.c,1579 :: 		
0x03C0	0x0E01      	MOVLW       1
;__Lib_Math.c,1580 :: 		
0x03C2	0x260E      	ADDWF       R14, 1, 0
;__Lib_Math.c,1582 :: 		
UOK22LD:
;__Lib_Math.c,1583 :: 		
0x03C4	0x3600      	RLCF        R0, 1, 0
;__Lib_Math.c,1585 :: 		
0x03C6	0x2E0C      	DECFSZ      R12, 1, 0
;__Lib_Math.c,1586 :: 		
0x03C8	0xD7D1      	BRA         LOOPU3232D
;__Lib_Math.c,1588 :: 		
0x03CA	0xB000      	BTFSC       R0, 0, 0
;__Lib_Math.c,1589 :: 		
0x03CC	0xD00E      	BRA         UOK22L
;__Lib_Math.c,1590 :: 		
0x03CE	0x5004      	MOVF        R4, 0, 0
;__Lib_Math.c,1591 :: 		
0x03D0	0x2608      	ADDWF       R8, 1, 0
;__Lib_Math.c,1592 :: 		
0x03D2	0x5005      	MOVF        R5, 0, 0
;__Lib_Math.c,1593 :: 		
0x03D4	0xB0D8      	BTFSC       STATUS, 0, 0
;__Lib_Math.c,1594 :: 		
0x03D6	0x3C05      	INCFSZ      R5, 0, 0
;__Lib_Math.c,1595 :: 		
0x03D8	0x2609      	ADDWF       R9, 1, 0
;__Lib_Math.c,1596 :: 		
0x03DA	0x5006      	MOVF        R6, 0, 0
;__Lib_Math.c,1597 :: 		
0x03DC	0xB0D8      	BTFSC       STATUS, 0, 0
;__Lib_Math.c,1598 :: 		
0x03DE	0x3C06      	INCFSZ      R6, 0, 0
;__Lib_Math.c,1599 :: 		
0x03E0	0x260A      	ADDWF       R10, 1, 0
;__Lib_Math.c,1600 :: 		
0x03E2	0x5007      	MOVF        R7, 0, 0
;__Lib_Math.c,1601 :: 		
0x03E4	0xB0D8      	BTFSC       STATUS, 0, 0
;__Lib_Math.c,1602 :: 		
0x03E6	0x3C07      	INCFSZ      R7, 0, 0
;__Lib_Math.c,1603 :: 		
0x03E8	0x260B      	ADDWF       R11, 1, 0
;__Lib_Math.c,1605 :: 		
UOK22L:
;__Lib_Math.c,1607 :: 		
L_end_Div_32x32_U:
0x03EA	0x0012      	RETURN      0
; end of _Div_32x32_U
_LongWordToStr:
;__Lib_Conversions.c,258 :: 		
;__Lib_Conversions.c,261 :: 		
0x03EC	0x6A59      	CLRF        LongWordToStr_len_L0 
0x03EE	0x6A5A      	CLRF        LongWordToStr_len_L0+1 
L_LongWordToStr52:
0x03F0	0x0E00      	MOVLW       0
0x03F2	0x5C5A      	SUBWF       LongWordToStr_len_L0+1, 0 
0x03F4	0xE102      	BNZ         L__LongWordToStr174
0x03F6	0x0E0A      	MOVLW       10
0x03F8	0x5C59      	SUBWF       LongWordToStr_len_L0, 0 
L__LongWordToStr174:
0x03FA	0xE20B      	BC          L_LongWordToStr53
;__Lib_Conversions.c,262 :: 		
0x03FC	0x5059      	MOVF        LongWordToStr_len_L0, 0 
0x03FE	0x2457      	ADDWF       FARG_LongWordToStr_output, 0 
0x0400	0x6EE1      	MOVWF       FSR1L 
0x0402	0x505A      	MOVF        LongWordToStr_len_L0+1, 0 
0x0404	0x2058      	ADDWFC      FARG_LongWordToStr_output+1, 0 
0x0406	0x6EE2      	MOVWF       FSR1H 
0x0408	0x0E20      	MOVLW       32
0x040A	0x6EE6      	MOVWF       POSTINC1 
;__Lib_Conversions.c,261 :: 		
0x040C	0x4A59      	INFSNZ      LongWordToStr_len_L0, 1 
0x040E	0x2A5A      	INCF        LongWordToStr_len_L0+1, 1 
;__Lib_Conversions.c,262 :: 		
0x0410	0xD7EF      	BRA         L_LongWordToStr52
L_LongWordToStr53:
;__Lib_Conversions.c,263 :: 		
0x0412	0x5059      	MOVF        LongWordToStr_len_L0, 0 
0x0414	0x2457      	ADDWF       FARG_LongWordToStr_output, 0 
0x0416	0x6EE1      	MOVWF       FSR1L 
0x0418	0x505A      	MOVF        LongWordToStr_len_L0+1, 0 
0x041A	0x2058      	ADDWFC      FARG_LongWordToStr_output+1, 0 
0x041C	0x6EE2      	MOVWF       FSR1H 
0x041E	0x6AE6      	CLRF        POSTINC1 
0x0420	0x0E01      	MOVLW       1
0x0422	0x5E59      	SUBWF       LongWordToStr_len_L0, 1 
0x0424	0x0E00      	MOVLW       0
0x0426	0x5A5A      	SUBWFB      LongWordToStr_len_L0+1, 1 
;__Lib_Conversions.c,265 :: 		
L_LongWordToStr55:
;__Lib_Conversions.c,266 :: 		
0x0428	0x5059      	MOVF        LongWordToStr_len_L0, 0 
0x042A	0x2457      	ADDWF       FARG_LongWordToStr_output, 0 
0x042C	0x6E5B      	MOVWF       FLOC__LongWordToStr 
0x042E	0x505A      	MOVF        LongWordToStr_len_L0+1, 0 
0x0430	0x2058      	ADDWFC      FARG_LongWordToStr_output+1, 0 
0x0432	0x6E5C      	MOVWF       FLOC__LongWordToStr+1 
0x0434	0x0E0A      	MOVLW       10
0x0436	0x6E04      	MOVWF       R4 
0x0438	0x0E00      	MOVLW       0
0x043A	0x6E05      	MOVWF       R5 
0x043C	0x6E06      	MOVWF       R6 
0x043E	0x6E07      	MOVWF       R7 
0x0440	0xF000C053  	MOVFF       FARG_LongWordToStr_input, R0
0x0444	0xF001C054  	MOVFF       FARG_LongWordToStr_input+1, R1
0x0448	0xF002C055  	MOVFF       FARG_LongWordToStr_input+2, R2
0x044C	0xF003C056  	MOVFF       FARG_LongWordToStr_input+3, R3
0x0450	0xDE57      	RCALL       _Div_32x32_U
0x0452	0xF000C008  	MOVFF       R8, R0
0x0456	0xF001C009  	MOVFF       R9, R1
0x045A	0xF002C00A  	MOVFF       R10, R2
0x045E	0xF003C00B  	MOVFF       R11, R3
0x0462	0x0E30      	MOVLW       48
0x0464	0x2600      	ADDWF       R0, 1 
0x0466	0xFFE1C05B  	MOVFF       FLOC__LongWordToStr, FSR1L
0x046A	0xFFE2C05C  	MOVFF       FLOC__LongWordToStr+1, FSR1H
0x046E	0xFFE6C000  	MOVFF       R0, POSTINC1
;__Lib_Conversions.c,267 :: 		
0x0472	0x0E0A      	MOVLW       10
0x0474	0x6E04      	MOVWF       R4 
0x0476	0x0E00      	MOVLW       0
0x0478	0x6E05      	MOVWF       R5 
0x047A	0x6E06      	MOVWF       R6 
0x047C	0x6E07      	MOVWF       R7 
0x047E	0xF000C053  	MOVFF       FARG_LongWordToStr_input, R0
0x0482	0xF001C054  	MOVFF       FARG_LongWordToStr_input+1, R1
0x0486	0xF002C055  	MOVFF       FARG_LongWordToStr_input+2, R2
0x048A	0xF003C056  	MOVFF       FARG_LongWordToStr_input+3, R3
0x048E	0xDE38      	RCALL       _Div_32x32_U
0x0490	0xF053C000  	MOVFF       R0, FARG_LongWordToStr_input
0x0494	0xF054C001  	MOVFF       R1, FARG_LongWordToStr_input+1
0x0498	0xF055C002  	MOVFF       R2, FARG_LongWordToStr_input+2
0x049C	0xF056C003  	MOVFF       R3, FARG_LongWordToStr_input+3
;__Lib_Conversions.c,268 :: 		
0x04A0	0x0E00      	MOVLW       0
0x04A2	0x6E04      	MOVWF       R4 
0x04A4	0x1803      	XORWF       R3, 0 
0x04A6	0xE108      	BNZ         L__LongWordToStr175
0x04A8	0x5004      	MOVF        R4, 0 
0x04AA	0x1802      	XORWF       R2, 0 
0x04AC	0xE105      	BNZ         L__LongWordToStr175
0x04AE	0x5004      	MOVF        R4, 0 
0x04B0	0x1801      	XORWF       R1, 0 
0x04B2	0xE102      	BNZ         L__LongWordToStr175
0x04B4	0x5000      	MOVF        R0, 0 
0x04B6	0x0A00      	XORLW       0
L__LongWordToStr175:
0x04B8	0xE101      	BNZ         L_LongWordToStr57
;__Lib_Conversions.c,269 :: 		
0x04BA	0xD005      	BRA         L_LongWordToStr56
L_LongWordToStr57:
;__Lib_Conversions.c,270 :: 		
0x04BC	0x0E01      	MOVLW       1
0x04BE	0x5E59      	SUBWF       LongWordToStr_len_L0, 1 
0x04C0	0x0E00      	MOVLW       0
0x04C2	0x5A5A      	SUBWFB      LongWordToStr_len_L0+1, 1 
;__Lib_Conversions.c,271 :: 		
0x04C4	0xD7B1      	BRA         L_LongWordToStr55
L_LongWordToStr56:
;__Lib_Conversions.c,272 :: 		
L_end_LongWordToStr:
0x04C6	0x0012      	RETURN      0
; end of _LongWordToStr
_Ltrim:
;__Lib_Conversions.c,421 :: 		
;__Lib_Conversions.c,425 :: 		
0x04C8	0x6A55      	CLRF        Ltrim_trimmed_L0 
0x04CA	0x6A56      	CLRF        Ltrim_trimmed_L0+1 
;__Lib_Conversions.c,426 :: 		
0x04CC	0xF003C053  	MOVFF       FARG_Ltrim_string, R3
0x04D0	0xF004C054  	MOVFF       FARG_Ltrim_string+1, R4
;__Lib_Conversions.c,427 :: 		
0x04D4	0xF005C053  	MOVFF       FARG_Ltrim_string, R5
0x04D8	0xF006C054  	MOVFF       FARG_Ltrim_string+1, R6
;__Lib_Conversions.c,428 :: 		
L_Ltrim84:
;__Lib_Conversions.c,429 :: 		
0x04DC	0xFFE9C003  	MOVFF       R3, FSR0L
0x04E0	0xFFEAC004  	MOVFF       R4, FSR0H
0x04E4	0x50EE      	MOVF        POSTINC0, 0 
0x04E6	0x0A20      	XORLW       32
0x04E8	0xE104      	BNZ         L__Ltrim147
0x04EA	0x5055      	MOVF        Ltrim_trimmed_L0, 0 
0x04EC	0x1056      	IORWF       Ltrim_trimmed_L0+1, 0 
0x04EE	0xE101      	BNZ         L__Ltrim147
0x04F0	0xD010      	BRA         L_Ltrim89
L__Ltrim147:
;__Lib_Conversions.c,430 :: 		
0x04F2	0x0E01      	MOVLW       1
0x04F4	0x6E55      	MOVWF       Ltrim_trimmed_L0 
0x04F6	0x0E00      	MOVLW       0
0x04F8	0x6E56      	MOVWF       Ltrim_trimmed_L0+1 
;__Lib_Conversions.c,431 :: 		
0x04FA	0xFFE9C003  	MOVFF       R3, FSR0L
0x04FE	0xFFEAC004  	MOVFF       R4, FSR0H
0x0502	0xFFE1C005  	MOVFF       R5, FSR1L
0x0506	0xFFE2C006  	MOVFF       R6, FSR1H
0x050A	0xFFE6CFEE  	MOVFF       POSTINC0, POSTINC1
0x050E	0x4A05      	INFSNZ      R5, 1 
0x0510	0x2A06      	INCF        R6, 1 
;__Lib_Conversions.c,432 :: 		
L_Ltrim89:
;__Lib_Conversions.c,434 :: 		
0x0512	0xF001C003  	MOVFF       R3, R1
0x0516	0xF002C004  	MOVFF       R4, R2
0x051A	0x4A03      	INFSNZ      R3, 1 
0x051C	0x2A04      	INCF        R4, 1 
0x051E	0xFFE9C001  	MOVFF       R1, FSR0L
0x0522	0xFFEAC002  	MOVFF       R2, FSR0H
0x0526	0x50EE      	MOVF        POSTINC0, 0 
0x0528	0x0A00      	XORLW       0
0x052A	0xE1D8      	BNZ         L_Ltrim84
;__Lib_Conversions.c,435 :: 		
0x052C	0xF000C053  	MOVFF       FARG_Ltrim_string, R0
0x0530	0xF001C054  	MOVFF       FARG_Ltrim_string+1, R1
;__Lib_Conversions.c,436 :: 		
L_end_Ltrim:
0x0534	0x0012      	RETURN      0
; end of _Ltrim
_UART1_Data_Ready:
;__Lib_UART_c67.c,34 :: 		
;__Lib_UART_c67.c,35 :: 		
0x0536	0x0E00      	MOVLW       0
0x0538	0xBA9E      	BTFSC       PIR1, 5 
0x053A	0x0E01      	MOVLW       1
0x053C	0x6E00      	MOVWF       R0 
;__Lib_UART_c67.c,36 :: 		
L_end_UART1_Data_Ready:
0x053E	0x0012      	RETURN      0
; end of _UART1_Data_Ready
_Lcd_Init:
;__Lib_Lcd.c,84 :: 		
;__Lib_Lcd.c,86 :: 		
0x0540	0x9A93      	BCF         LCD_EN_Direction, BitPos(LCD_EN_Direction+0) 
;__Lib_Lcd.c,87 :: 		
0x0542	0x9893      	BCF         LCD_RS_Direction, BitPos(LCD_RS_Direction+0) 
;__Lib_Lcd.c,88 :: 		
0x0544	0x9093      	BCF         LCD_D4_Direction, BitPos(LCD_D4_Direction+0) 
;__Lib_Lcd.c,89 :: 		
0x0546	0x9293      	BCF         LCD_D5_Direction, BitPos(LCD_D5_Direction+0) 
;__Lib_Lcd.c,90 :: 		
0x0548	0x9493      	BCF         LCD_D6_Direction, BitPos(LCD_D6_Direction+0) 
;__Lib_Lcd.c,91 :: 		
0x054A	0x9693      	BCF         LCD_D7_Direction, BitPos(LCD_D7_Direction+0) 
;__Lib_Lcd.c,93 :: 		
0x054C	0x9A81      	BCF         LCD_EN, BitPos(LCD_EN+0) 
;__Lib_Lcd.c,94 :: 		
0x054E	0x9881      	BCF         LCD_RS, BitPos(LCD_RS+0) 
;__Lib_Lcd.c,95 :: 		
0x0550	0x9681      	BCF         LCD_D7, BitPos(LCD_D7+0) 
;__Lib_Lcd.c,96 :: 		
0x0552	0x9481      	BCF         LCD_D6, BitPos(LCD_D6+0) 
;__Lib_Lcd.c,97 :: 		
0x0554	0x9281      	BCF         LCD_D5, BitPos(LCD_D5+0) 
;__Lib_Lcd.c,98 :: 		
0x0556	0x9081      	BCF         LCD_D4, BitPos(LCD_D4+0) 
;__Lib_Lcd.c,100 :: 		
0x0558	0xDD61      	RCALL       _Delay_5500us
;__Lib_Lcd.c,101 :: 		
0x055A	0xDD60      	RCALL       _Delay_5500us
;__Lib_Lcd.c,102 :: 		
0x055C	0xDD5F      	RCALL       _Delay_5500us
;__Lib_Lcd.c,105 :: 		
0x055E	0x8281      	BSF         LCD_D5, BitPos(LCD_D5+0) 
;__Lib_Lcd.c,106 :: 		
0x0560	0x8081      	BSF         LCD_D4, BitPos(LCD_D4+0) 
;__Lib_Lcd.c,107 :: 		
0x0562	0x8A81      	BSF         LCD_EN, BitPos(LCD_EN+0) 
;__Lib_Lcd.c,108 :: 		
0x0564	0xDD6B      	RCALL       _Delay_1us
;__Lib_Lcd.c,109 :: 		
0x0566	0x9A81      	BCF         LCD_EN, BitPos(LCD_EN+0) 
;__Lib_Lcd.c,110 :: 		
0x0568	0xDD59      	RCALL       _Delay_5500us
;__Lib_Lcd.c,112 :: 		
0x056A	0x8A81      	BSF         LCD_EN, BitPos(LCD_EN+0) 
;__Lib_Lcd.c,113 :: 		
0x056C	0xDD67      	RCALL       _Delay_1us
;__Lib_Lcd.c,114 :: 		
0x056E	0x9A81      	BCF         LCD_EN, BitPos(LCD_EN+0) 
;__Lib_Lcd.c,115 :: 		
0x0570	0xDD55      	RCALL       _Delay_5500us
;__Lib_Lcd.c,117 :: 		
0x0572	0x8A81      	BSF         LCD_EN, BitPos(LCD_EN+0) 
;__Lib_Lcd.c,118 :: 		
0x0574	0xDD63      	RCALL       _Delay_1us
;__Lib_Lcd.c,119 :: 		
0x0576	0x9A81      	BCF         LCD_EN, BitPos(LCD_EN+0) 
;__Lib_Lcd.c,120 :: 		
0x0578	0xDD51      	RCALL       _Delay_5500us
;__Lib_Lcd.c,123 :: 		
0x057A	0x9081      	BCF         LCD_D4, BitPos(LCD_D4+0) 
;__Lib_Lcd.c,124 :: 		
0x057C	0x8A81      	BSF         LCD_EN, BitPos(LCD_EN+0) 
;__Lib_Lcd.c,125 :: 		
0x057E	0xDD5E      	RCALL       _Delay_1us
;__Lib_Lcd.c,126 :: 		
0x0580	0x9A81      	BCF         LCD_EN, BitPos(LCD_EN+0) 
;__Lib_Lcd.c,127 :: 		
0x0582	0xDD4C      	RCALL       _Delay_5500us
;__Lib_Lcd.c,130 :: 		
0x0584	0x8A81      	BSF         LCD_EN, BitPos(LCD_EN+0) 
;__Lib_Lcd.c,131 :: 		
0x0586	0xDD5A      	RCALL       _Delay_1us
;__Lib_Lcd.c,132 :: 		
0x0588	0x9A81      	BCF         LCD_EN, BitPos(LCD_EN+0) 
;__Lib_Lcd.c,134 :: 		
0x058A	0x9281      	BCF         LCD_D5, BitPos(LCD_D5+0) 
;__Lib_Lcd.c,135 :: 		
0x058C	0x8681      	BSF         LCD_D7, BitPos(LCD_D7+0) 
;__Lib_Lcd.c,136 :: 		
0x058E	0x8A81      	BSF         LCD_EN, BitPos(LCD_EN+0) 
;__Lib_Lcd.c,137 :: 		
0x0590	0xDD55      	RCALL       _Delay_1us
;__Lib_Lcd.c,138 :: 		
0x0592	0x9A81      	BCF         LCD_EN, BitPos(LCD_EN+0) 
;__Lib_Lcd.c,139 :: 		
0x0594	0xDD43      	RCALL       _Delay_5500us
;__Lib_Lcd.c,142 :: 		
0x0596	0x9681      	BCF         LCD_D7, BitPos(LCD_D7+0) 
;__Lib_Lcd.c,143 :: 		
0x0598	0x8081      	BSF         LCD_D4, BitPos(LCD_D4+0) 
;__Lib_Lcd.c,144 :: 		
0x059A	0x8A81      	BSF         LCD_EN, BitPos(LCD_EN+0) 
;__Lib_Lcd.c,145 :: 		
0x059C	0xDD4F      	RCALL       _Delay_1us
;__Lib_Lcd.c,146 :: 		
0x059E	0x9A81      	BCF         LCD_EN, BitPos(LCD_EN+0) 
;__Lib_Lcd.c,148 :: 		
0x05A0	0x9081      	BCF         LCD_D4, BitPos(LCD_D4+0) 
;__Lib_Lcd.c,149 :: 		
0x05A2	0x8A81      	BSF         LCD_EN, BitPos(LCD_EN+0) 
;__Lib_Lcd.c,150 :: 		
0x05A4	0xDD4B      	RCALL       _Delay_1us
;__Lib_Lcd.c,151 :: 		
0x05A6	0x9A81      	BCF         LCD_EN, BitPos(LCD_EN+0) 
;__Lib_Lcd.c,152 :: 		
0x05A8	0xDD39      	RCALL       _Delay_5500us
;__Lib_Lcd.c,155 :: 		
0x05AA	0x8A81      	BSF         LCD_EN, BitPos(LCD_EN+0) 
;__Lib_Lcd.c,156 :: 		
0x05AC	0xDD47      	RCALL       _Delay_1us
;__Lib_Lcd.c,157 :: 		
0x05AE	0x9A81      	BCF         LCD_EN, BitPos(LCD_EN+0) 
;__Lib_Lcd.c,159 :: 		
0x05B0	0x8081      	BSF         LCD_D4, BitPos(LCD_D4+0) 
;__Lib_Lcd.c,160 :: 		
0x05B2	0x8A81      	BSF         LCD_EN, BitPos(LCD_EN+0) 
;__Lib_Lcd.c,161 :: 		
0x05B4	0xDD43      	RCALL       _Delay_1us
;__Lib_Lcd.c,162 :: 		
0x05B6	0x9A81      	BCF         LCD_EN, BitPos(LCD_EN+0) 
;__Lib_Lcd.c,163 :: 		
0x05B8	0xDD31      	RCALL       _Delay_5500us
;__Lib_Lcd.c,166 :: 		
0x05BA	0x9081      	BCF         LCD_D4, BitPos(LCD_D4+0) 
;__Lib_Lcd.c,167 :: 		
0x05BC	0x8A81      	BSF         LCD_EN, BitPos(LCD_EN+0) 
;__Lib_Lcd.c,168 :: 		
0x05BE	0xDD3E      	RCALL       _Delay_1us
;__Lib_Lcd.c,169 :: 		
0x05C0	0x9A81      	BCF         LCD_EN, BitPos(LCD_EN+0) 
;__Lib_Lcd.c,171 :: 		
0x05C2	0x8681      	BSF         LCD_D7, BitPos(LCD_D7+0) 
;__Lib_Lcd.c,172 :: 		
0x05C4	0x8481      	BSF         LCD_D6, BitPos(LCD_D6+0) 
;__Lib_Lcd.c,173 :: 		
0x05C6	0x8281      	BSF         LCD_D5, BitPos(LCD_D5+0) 
;__Lib_Lcd.c,174 :: 		
0x05C8	0x8081      	BSF         LCD_D4, BitPos(LCD_D4+0) 
;__Lib_Lcd.c,175 :: 		
0x05CA	0x8A81      	BSF         LCD_EN, BitPos(LCD_EN+0) 
;__Lib_Lcd.c,176 :: 		
0x05CC	0xDD37      	RCALL       _Delay_1us
;__Lib_Lcd.c,177 :: 		
0x05CE	0x9A81      	BCF         LCD_EN, BitPos(LCD_EN+0) 
;__Lib_Lcd.c,179 :: 		
0x05D0	0xDD25      	RCALL       _Delay_5500us
;__Lib_Lcd.c,181 :: 		
0x05D2	0x803A      	BSF         __Lib_Lcd_cmd_status, BitPos(__Lib_Lcd_cmd_status+0) 
;__Lib_Lcd.c,182 :: 		
L_end_Lcd_Init:
0x05D4	0x0012      	RETURN      0
; end of _Lcd_Init
_UART1_Init:
;__Lib_UART_c67.c,15 :: 		
;__Lib_UART_c67.c,18 :: 		
0x05D6	0x0EFF      	MOVLW       _UART1_Write
0x05D8	0x6E2A      	MOVWF       _UART_Wr_Ptr 
0x05DA	0x0EFF      	MOVLW       hi_addr(_UART1_Write)
0x05DC	0x6E2B      	MOVWF       _UART_Wr_Ptr+1 
0x05DE	0x0EFF      	MOVLW       FARG_UART1_Write_data_
0x05E0	0x6E2C      	MOVWF       _UART_Wr_Ptr+2 
0x05E2	0x0EFF      	MOVLW       hi_addr(FARG_UART1_Write_data_)
0x05E4	0x6E2D      	MOVWF       _UART_Wr_Ptr+3 
;__Lib_UART_c67.c,19 :: 		
0x05E6	0x0E46      	MOVLW       _UART1_Read
0x05E8	0x6E36      	MOVWF       _UART_Rd_Ptr 
0x05EA	0x0E07      	MOVLW       hi_addr(_UART1_Read)
0x05EC	0x6E37      	MOVWF       _UART_Rd_Ptr+1 
0x05EE	0x0E00      	MOVLW       0
0x05F0	0x6E38      	MOVWF       _UART_Rd_Ptr+2 
0x05F2	0x0E00      	MOVLW       0
0x05F4	0x6E39      	MOVWF       _UART_Rd_Ptr+3 
;__Lib_UART_c67.c,20 :: 		
0x05F6	0x0E36      	MOVLW       _UART1_Data_Ready
0x05F8	0x6E32      	MOVWF       _UART_Rdy_Ptr 
0x05FA	0x0E05      	MOVLW       hi_addr(_UART1_Data_Ready)
0x05FC	0x6E33      	MOVWF       _UART_Rdy_Ptr+1 
0x05FE	0x0E00      	MOVLW       0
0x0600	0x6E34      	MOVWF       _UART_Rdy_Ptr+2 
0x0602	0x0E00      	MOVLW       0
0x0604	0x6E35      	MOVWF       _UART_Rdy_Ptr+3 
;__Lib_UART_c67.c,21 :: 		
0x0606	0x0EFF      	MOVLW       _UART1_Tx_Idle
0x0608	0x6E2E      	MOVWF       _UART_Tx_Idle_Ptr 
0x060A	0x0EFF      	MOVLW       hi_addr(_UART1_Tx_Idle)
0x060C	0x6E2F      	MOVWF       _UART_Tx_Idle_Ptr+1 
0x060E	0x0E00      	MOVLW       0
0x0610	0x6E30      	MOVWF       _UART_Tx_Idle_Ptr+2 
0x0612	0x0E00      	MOVLW       0
0x0614	0x6E31      	MOVWF       _UART_Tx_Idle_Ptr+3 
;__Lib_UART_c67.c,23 :: 		
0x0616	0x8AAC      	BSF         TXSTA, 5 
;__Lib_UART_c67.c,24 :: 		
0x0618	0x0E90      	MOVLW       144
0x061A	0x6EAB      	MOVWF       RCSTA 
;__Lib_UART_c67.c,25 :: 		
0x061C	0x8E94      	BSF         TRISC7_bit, BitPos(TRISC7_bit+0) 
;__Lib_UART_c67.c,26 :: 		
0x061E	0x9C94      	BCF         TRISC6_bit, BitPos(TRISC6_bit+0) 
;__Lib_UART_c67.c,28 :: 		
L_UART1_Init0:
0x0620	0xAA9E      	BTFSS       PIR1, 5 
0x0622	0xD003      	BRA         L_UART1_Init1
;__Lib_UART_c67.c,29 :: 		
0x0624	0xF000CFAE  	MOVFF       RCREG, R0
0x0628	0xD7FB      	BRA         L_UART1_Init0
L_UART1_Init1:
;__Lib_UART_c67.c,30 :: 		
L_end_UART1_Init:
0x062A	0x0012      	RETURN      0
; end of _UART1_Init
___CC2DW:
;__Lib_System.c,21 :: 		
;__Lib_System.c,23 :: 		
_CC2DL_Loop1:
;__Lib_System.c,24 :: 		
0x062C	0x0009      	TBLRD*+
;__Lib_System.c,25 :: 		
0x062E	0xFFE6CFF5  	MOVFF       TABLAT, POSTINC1
;__Lib_System.c,26 :: 		
0x0632	0x0600      	DECF        R0, 1, 0
;__Lib_System.c,27 :: 		
0x0634	0xE1FB      	BNZ         _CC2DL_Loop1
;__Lib_System.c,28 :: 		
0x0636	0x0601      	DECF        R1, 1, 0
;__Lib_System.c,29 :: 		
0x0638	0xE1F9      	BNZ         _CC2DL_Loop1
;__Lib_System.c,31 :: 		
L_end___CC2DW:
0x063A	0x0012      	RETURN      0
; end of ___CC2DW
_WordToStr:
;__Lib_Conversions.c,98 :: 		
;__Lib_Conversions.c,103 :: 		
0x063C	0x6A57      	CLRF        WordToStr_len_L0 
L_WordToStr11:
0x063E	0x0E05      	MOVLW       5
0x0640	0x5C57      	SUBWF       WordToStr_len_L0, 0 
0x0642	0xE20A      	BC          L_WordToStr12
;__Lib_Conversions.c,104 :: 		
0x0644	0x5057      	MOVF        WordToStr_len_L0, 0 
0x0646	0x2455      	ADDWF       FARG_WordToStr_output, 0 
0x0648	0x6EE1      	MOVWF       FSR1L 
0x064A	0x0E00      	MOVLW       0
0x064C	0x2056      	ADDWFC      FARG_WordToStr_output+1, 0 
0x064E	0x6EE2      	MOVWF       FSR1H 
0x0650	0x0E20      	MOVLW       32
0x0652	0x6EE6      	MOVWF       POSTINC1 
;__Lib_Conversions.c,103 :: 		
0x0654	0x2A57      	INCF        WordToStr_len_L0, 1 
;__Lib_Conversions.c,104 :: 		
0x0656	0xD7F3      	BRA         L_WordToStr11
L_WordToStr12:
;__Lib_Conversions.c,105 :: 		
0x0658	0x5057      	MOVF        WordToStr_len_L0, 0 
0x065A	0x2455      	ADDWF       FARG_WordToStr_output, 0 
0x065C	0x6EE1      	MOVWF       FSR1L 
0x065E	0x0E00      	MOVLW       0
0x0660	0x2056      	ADDWFC      FARG_WordToStr_output+1, 0 
0x0662	0x6EE2      	MOVWF       FSR1H 
0x0664	0x6AE6      	CLRF        POSTINC1 
0x0666	0x0657      	DECF        WordToStr_len_L0, 1 
;__Lib_Conversions.c,107 :: 		
L_WordToStr14:
;__Lib_Conversions.c,108 :: 		
0x0668	0x5057      	MOVF        WordToStr_len_L0, 0 
0x066A	0x2455      	ADDWF       FARG_WordToStr_output, 0 
0x066C	0x6E58      	MOVWF       FLOC__WordToStr 
0x066E	0x0E00      	MOVLW       0
0x0670	0x2056      	ADDWFC      FARG_WordToStr_output+1, 0 
0x0672	0x6E59      	MOVWF       FLOC__WordToStr+1 
0x0674	0x0E0A      	MOVLW       10
0x0676	0x6E04      	MOVWF       R4 
0x0678	0x0E00      	MOVLW       0
0x067A	0x6E05      	MOVWF       R5 
0x067C	0xF000C053  	MOVFF       FARG_WordToStr_input, R0
0x0680	0xF001C054  	MOVFF       FARG_WordToStr_input+1, R1
0x0684	0xDD22      	RCALL       _Div_16X16_U
0x0686	0xF000C008  	MOVFF       R8, R0
0x068A	0xF001C009  	MOVFF       R9, R1
0x068E	0x0E30      	MOVLW       48
0x0690	0x2600      	ADDWF       R0, 1 
0x0692	0xFFE1C058  	MOVFF       FLOC__WordToStr, FSR1L
0x0696	0xFFE2C059  	MOVFF       FLOC__WordToStr+1, FSR1H
0x069A	0xFFE6C000  	MOVFF       R0, POSTINC1
;__Lib_Conversions.c,109 :: 		
0x069E	0x0E0A      	MOVLW       10
0x06A0	0x6E04      	MOVWF       R4 
0x06A2	0x0E00      	MOVLW       0
0x06A4	0x6E05      	MOVWF       R5 
0x06A6	0xF000C053  	MOVFF       FARG_WordToStr_input, R0
0x06AA	0xF001C054  	MOVFF       FARG_WordToStr_input+1, R1
0x06AE	0xDD0D      	RCALL       _Div_16X16_U
0x06B0	0xF053C000  	MOVFF       R0, FARG_WordToStr_input
0x06B4	0xF054C001  	MOVFF       R1, FARG_WordToStr_input+1
;__Lib_Conversions.c,110 :: 		
0x06B8	0x0E00      	MOVLW       0
0x06BA	0x1801      	XORWF       R1, 0 
0x06BC	0xE102      	BNZ         L__WordToStr159
0x06BE	0x0E00      	MOVLW       0
0x06C0	0x1800      	XORWF       R0, 0 
L__WordToStr159:
0x06C2	0xE101      	BNZ         L_WordToStr16
;__Lib_Conversions.c,111 :: 		
0x06C4	0xD002      	BRA         L_WordToStr15
L_WordToStr16:
;__Lib_Conversions.c,112 :: 		
0x06C6	0x0657      	DECF        WordToStr_len_L0, 1 
;__Lib_Conversions.c,113 :: 		
0x06C8	0xD7CF      	BRA         L_WordToStr14
L_WordToStr15:
;__Lib_Conversions.c,114 :: 		
L_end_WordToStr:
0x06CA	0x0012      	RETURN      0
; end of _WordToStr
_Lcd_Out:
;__Lib_Lcd.c,184 :: 		
;__Lib_Lcd.c,187 :: 		
0x06CC	0xD00F      	BRA         L_Lcd_Out11
;__Lib_Lcd.c,188 :: 		
L_Lcd_Out13:
0x06CE	0x0E80      	MOVLW       128
0x06D0	0x6E53      	MOVWF       FARG_Lcd_Out_row 
0x06D2	0xD019      	BRA         L_Lcd_Out12
;__Lib_Lcd.c,189 :: 		
L_Lcd_Out14:
0x06D4	0x0EC0      	MOVLW       192
0x06D6	0x6E53      	MOVWF       FARG_Lcd_Out_row 
0x06D8	0xD016      	BRA         L_Lcd_Out12
;__Lib_Lcd.c,190 :: 		
L_Lcd_Out15:
0x06DA	0x0E94      	MOVLW       148
0x06DC	0x6E53      	MOVWF       FARG_Lcd_Out_row 
0x06DE	0xD013      	BRA         L_Lcd_Out12
;__Lib_Lcd.c,191 :: 		
L_Lcd_Out16:
0x06E0	0x0ED4      	MOVLW       212
0x06E2	0x6E53      	MOVWF       FARG_Lcd_Out_row 
0x06E4	0xD010      	BRA         L_Lcd_Out12
;__Lib_Lcd.c,192 :: 		
L_Lcd_Out17:
0x06E6	0x0E80      	MOVLW       128
0x06E8	0x6E53      	MOVWF       FARG_Lcd_Out_row 
;__Lib_Lcd.c,193 :: 		
0x06EA	0xD00D      	BRA         L_Lcd_Out12
L_Lcd_Out11:
0x06EC	0x5053      	MOVF        FARG_Lcd_Out_row, 0 
0x06EE	0x0A01      	XORLW       1
0x06F0	0xE0EE      	BZ          L_Lcd_Out13
0x06F2	0x5053      	MOVF        FARG_Lcd_Out_row, 0 
0x06F4	0x0A02      	XORLW       2
0x06F6	0xE0EE      	BZ          L_Lcd_Out14
0x06F8	0x5053      	MOVF        FARG_Lcd_Out_row, 0 
0x06FA	0x0A03      	XORLW       3
0x06FC	0xE0EE      	BZ          L_Lcd_Out15
0x06FE	0x5053      	MOVF        FARG_Lcd_Out_row, 0 
0x0700	0x0A04      	XORLW       4
0x0702	0xE0EE      	BZ          L_Lcd_Out16
0x0704	0xD7F0      	BRA         L_Lcd_Out17
L_Lcd_Out12:
;__Lib_Lcd.c,194 :: 		
0x0706	0x0454      	DECF        FARG_Lcd_Out_column, 0 
0x0708	0x6E00      	MOVWF       R0 
0x070A	0x5053      	MOVF        FARG_Lcd_Out_row, 0 
0x070C	0x2600      	ADDWF       R0, 1 
0x070E	0xF053C000  	MOVFF       R0, FARG_Lcd_Out_row
;__Lib_Lcd.c,196 :: 		
0x0712	0xF05EC000  	MOVFF       R0, FARG_Lcd_Cmd_out_char
0x0716	0xDC95      	RCALL       _Lcd_Cmd
;__Lib_Lcd.c,197 :: 		
0x0718	0x903A      	BCF         __Lib_Lcd_cmd_status, BitPos(__Lib_Lcd_cmd_status+0) 
;__Lib_Lcd.c,198 :: 		
0x071A	0x6A57      	CLRF        Lcd_Out_i_L0 
;__Lib_Lcd.c,199 :: 		
L_Lcd_Out18:
0x071C	0x5057      	MOVF        Lcd_Out_i_L0, 0 
0x071E	0x2455      	ADDWF       FARG_Lcd_Out_text, 0 
0x0720	0x6EE9      	MOVWF       FSR0L 
0x0722	0x0E00      	MOVLW       0
0x0724	0x2056      	ADDWFC      FARG_Lcd_Out_text+1, 0 
0x0726	0x6EEA      	MOVWF       FSR0H 
0x0728	0x52EE      	MOVF        POSTINC0, 1 
0x072A	0xE00B      	BZ          L_Lcd_Out19
;__Lib_Lcd.c,200 :: 		
0x072C	0x5057      	MOVF        Lcd_Out_i_L0, 0 
0x072E	0x2455      	ADDWF       FARG_Lcd_Out_text, 0 
0x0730	0x6EE9      	MOVWF       FSR0L 
0x0732	0x0E00      	MOVLW       0
0x0734	0x2056      	ADDWFC      FARG_Lcd_Out_text+1, 0 
0x0736	0x6EEA      	MOVWF       FSR0H 
0x0738	0xF05DCFEE  	MOVFF       POSTINC0, FARG_Lcd_Chr_CP_out_char
0x073C	0xDCC0      	RCALL       _Lcd_Chr_CP
0x073E	0x2A57      	INCF        Lcd_Out_i_L0, 1 
0x0740	0xD7ED      	BRA         L_Lcd_Out18
L_Lcd_Out19:
;__Lib_Lcd.c,201 :: 		
0x0742	0x803A      	BSF         __Lib_Lcd_cmd_status, BitPos(__Lib_Lcd_cmd_status+0) 
;__Lib_Lcd.c,202 :: 		
L_end_Lcd_Out:
0x0744	0x0012      	RETURN      0
; end of _Lcd_Out
_UART1_Read:
;__Lib_UART_c67.c,39 :: 		
;__Lib_UART_c67.c,42 :: 		
0x0746	0xF001CFAE  	MOVFF       RCREG, R1
;__Lib_UART_c67.c,43 :: 		
0x074A	0xA2AB      	BTFSS       RCSTA, 1 
0x074C	0xD002      	BRA         L_UART1_Read2
;__Lib_UART_c67.c,44 :: 		
0x074E	0x98AB      	BCF         RCSTA, 4 
;__Lib_UART_c67.c,45 :: 		
0x0750	0x88AB      	BSF         RCSTA, 4 
;__Lib_UART_c67.c,46 :: 		
L_UART1_Read2:
;__Lib_UART_c67.c,47 :: 		
0x0752	0xF000C001  	MOVFF       R1, R0
;__Lib_UART_c67.c,48 :: 		
L_end_UART1_Read:
0x0756	0x0012      	RETURN      0
; end of _UART1_Read
_main:
0x0758	0xF004EC90  	CALL        2336, 0
;bajaweekend_receptor.c,18 :: 		void main() {
;bajaweekend_receptor.c,20 :: 		unsigned char b1, b2 = 0;
0x075C	0x6A4B      	CLRF        main_b2_L0 
0x075E	0x6A4C      	CLRF        main_motor_L0 
0x0760	0x6A4D      	CLRF        main_motor_L0+1 
0x0762	0x6A4E      	CLRF        main_motor_L0+2 
0x0764	0x6A4F      	CLRF        main_motor_L0+3 
0x0766	0x0E01      	MOVLW       1
0x0768	0x6E50      	MOVWF       main_tank_L0 
0x076A	0x6A51      	CLRF        main_freio_L0 
0x076C	0x6A52      	CLRF        main_freio_L0+1 
;bajaweekend_receptor.c,24 :: 		ADCON1=0x0F;      //configurao de portas como digitais - AN0  analgica
0x076E	0x0E0F      	MOVLW       15
0x0770	0x6EC1      	MOVWF       ADCON1 
;bajaweekend_receptor.c,25 :: 		UART1_Init(1200);//**************************
0x0772	0x86B8      	BSF         BAUDCON, 3, 0
0x0774	0x0E06      	MOVLW       6
0x0776	0x6EB0      	MOVWF       SPBRGH 
0x0778	0x0E82      	MOVLW       130
0x077A	0x6EAF      	MOVWF       SPBRG 
0x077C	0x84AC      	BSF         TXSTA, 2, 0
0x077E	0xDF2B      	RCALL       _UART1_Init
;bajaweekend_receptor.c,26 :: 		Delay_ms(100); //**************************
0x0780	0x0E02      	MOVLW       2
0x0782	0x6E0B      	MOVWF       R11, 0
0x0784	0x0E04      	MOVLW       4
0x0786	0x6E0C      	MOVWF       R12, 0
0x0788	0x0EBA      	MOVLW       186
0x078A	0x6E0D      	MOVWF       R13, 0
L_main0:
0x078C	0x2E0D      	DECFSZ      R13, 1, 0
0x078E	0xD7FE      	BRA         L_main0
0x0790	0x2E0C      	DECFSZ      R12, 1, 0
0x0792	0xD7FC      	BRA         L_main0
0x0794	0x2E0B      	DECFSZ      R11, 1, 0
0x0796	0xD7FA      	BRA         L_main0
0x0798	0x0000      	NOP
;bajaweekend_receptor.c,27 :: 		Lcd_Init(); // LCD  conectado ao PORTB
0x079A	0xDED2      	RCALL       _Lcd_Init
;bajaweekend_receptor.c,28 :: 		Lcd_Cmd(_LCD_CLEAR); // Limpa o lcd
0x079C	0x0E01      	MOVLW       1
0x079E	0x6E5E      	MOVWF       FARG_Lcd_Cmd_out_char 
0x07A0	0xDC50      	RCALL       _Lcd_Cmd
;bajaweekend_receptor.c,29 :: 		Lcd_Cmd(_LCD_CURSOR_OFF);
0x07A2	0x0E0C      	MOVLW       12
0x07A4	0x6E5E      	MOVWF       FARG_Lcd_Cmd_out_char 
0x07A6	0xDC4D      	RCALL       _Lcd_Cmd
;bajaweekend_receptor.c,30 :: 		for (;;){
L_main1:
;bajaweekend_receptor.c,31 :: 		while (1){
L_main4:
;bajaweekend_receptor.c,32 :: 		if ((UART1_Data_Ready()) &&  (b1 != 0x0D)){                           // Espera chagar dados na serial
0x07A8	0xDEC6      	RCALL       _UART1_Data_Ready
0x07AA	0x5200      	MOVF        R0, 1 
0x07AC	0xE006      	BZ          L_main8
0x07AE	0x504A      	MOVF        main_b1_L0, 0 
0x07B0	0x0A0D      	XORLW       13
0x07B2	0xE003      	BZ          L_main8
L__main38:
;bajaweekend_receptor.c,33 :: 		b1 = UART1_Read();
0x07B4	0xDFC8      	RCALL       _UART1_Read
0x07B6	0xF04AC000  	MOVFF       R0, main_b1_L0
;bajaweekend_receptor.c,34 :: 		}
L_main8:
;bajaweekend_receptor.c,35 :: 		if  ((b1 == 0x0D) && UART1_Data_Ready()){
0x07BA	0x504A      	MOVF        main_b1_L0, 0 
0x07BC	0x0A0D      	XORLW       13
0x07BE	0xE106      	BNZ         L_main11
0x07C0	0xDEBA      	RCALL       _UART1_Data_Ready
0x07C2	0x5200      	MOVF        R0, 1 
0x07C4	0xE003      	BZ          L_main11
L__main37:
;bajaweekend_receptor.c,36 :: 		b2 = UART1_Read();
0x07C6	0xDFBF      	RCALL       _UART1_Read
0x07C8	0xF04BC000  	MOVFF       R0, main_b2_L0
;bajaweekend_receptor.c,37 :: 		}
L_main11:
;bajaweekend_receptor.c,38 :: 		if ((b1 == 0x0D) && (b2 == 0x0A)){
0x07CC	0x504A      	MOVF        main_b1_L0, 0 
0x07CE	0x0A0D      	XORLW       13
0x07D0	0xE104      	BNZ         L_main14
0x07D2	0x504B      	MOVF        main_b2_L0, 0 
0x07D4	0x0A0A      	XORLW       10
0x07D6	0xE101      	BNZ         L_main14
L__main36:
;bajaweekend_receptor.c,39 :: 		break;
0x07D8	0xD009      	BRA         L_main5
;bajaweekend_receptor.c,40 :: 		}
L_main14:
;bajaweekend_receptor.c,41 :: 		else if ((b1 == 0x0D)&&(b2!=0)){
0x07DA	0x504A      	MOVF        main_b1_L0, 0 
0x07DC	0x0A0D      	XORLW       13
0x07DE	0xE105      	BNZ         L_main18
0x07E0	0x504B      	MOVF        main_b2_L0, 0 
0x07E2	0x0A00      	XORLW       0
0x07E4	0xE002      	BZ          L_main18
L__main35:
;bajaweekend_receptor.c,42 :: 		b1 = 0;
0x07E6	0x6A4A      	CLRF        main_b1_L0 
;bajaweekend_receptor.c,43 :: 		b2 = 0;
0x07E8	0x6A4B      	CLRF        main_b2_L0 
;bajaweekend_receptor.c,44 :: 		}
L_main18:
;bajaweekend_receptor.c,45 :: 		}
0x07EA	0xD7DE      	BRA         L_main4
L_main5:
;bajaweekend_receptor.c,46 :: 		while(!UART1_Data_Ready());
L_main19:
0x07EC	0xDEA4      	RCALL       _UART1_Data_Ready
0x07EE	0x5200      	MOVF        R0, 1 
0x07F0	0xE101      	BNZ         L_main20
0x07F2	0xD7FC      	BRA         L_main19
L_main20:
;bajaweekend_receptor.c,47 :: 		*((unsigned char*)&motor+3) =  UART1_Read();
0x07F4	0xDFA8      	RCALL       _UART1_Read
0x07F6	0xF04FC000  	MOVFF       R0, main_motor_L0+3
;bajaweekend_receptor.c,48 :: 		while(!UART1_Data_Ready());
L_main21:
0x07FA	0xDE9D      	RCALL       _UART1_Data_Ready
0x07FC	0x5200      	MOVF        R0, 1 
0x07FE	0xE101      	BNZ         L_main22
0x0800	0xD7FC      	BRA         L_main21
L_main22:
;bajaweekend_receptor.c,49 :: 		*((unsigned char*)&motor+2) =  UART1_Read();
0x0802	0xDFA1      	RCALL       _UART1_Read
0x0804	0xF04EC000  	MOVFF       R0, main_motor_L0+2
;bajaweekend_receptor.c,50 :: 		while(!UART1_Data_Ready());
L_main23:
0x0808	0xDE96      	RCALL       _UART1_Data_Ready
0x080A	0x5200      	MOVF        R0, 1 
0x080C	0xE101      	BNZ         L_main24
0x080E	0xD7FC      	BRA         L_main23
L_main24:
;bajaweekend_receptor.c,51 :: 		*((unsigned char*)&motor+1) =  UART1_Read();
0x0810	0xDF9A      	RCALL       _UART1_Read
0x0812	0xF04DC000  	MOVFF       R0, main_motor_L0+1
;bajaweekend_receptor.c,52 :: 		while(!UART1_Data_Ready());
L_main25:
0x0816	0xDE8F      	RCALL       _UART1_Data_Ready
0x0818	0x5200      	MOVF        R0, 1 
0x081A	0xE101      	BNZ         L_main26
0x081C	0xD7FC      	BRA         L_main25
L_main26:
;bajaweekend_receptor.c,53 :: 		*((unsigned char*)&motor) =    UART1_Read();
0x081E	0xDF93      	RCALL       _UART1_Read
0x0820	0xF04CC000  	MOVFF       R0, main_motor_L0
;bajaweekend_receptor.c,54 :: 		while(!UART1_Data_Ready());
L_main27:
0x0824	0xDE88      	RCALL       _UART1_Data_Ready
0x0826	0x5200      	MOVF        R0, 1 
0x0828	0xE101      	BNZ         L_main28
0x082A	0xD7FC      	BRA         L_main27
L_main28:
;bajaweekend_receptor.c,55 :: 		*((unsigned char*)&freio+1) =  UART1_Read();
0x082C	0xDF8C      	RCALL       _UART1_Read
0x082E	0xF052C000  	MOVFF       R0, main_freio_L0+1
;bajaweekend_receptor.c,56 :: 		while(!UART1_Data_Ready());
L_main29:
0x0832	0xDE81      	RCALL       _UART1_Data_Ready
0x0834	0x5200      	MOVF        R0, 1 
0x0836	0xE101      	BNZ         L_main30
0x0838	0xD7FC      	BRA         L_main29
L_main30:
;bajaweekend_receptor.c,57 :: 		*((unsigned char*)&freio) =   UART1_Read();
0x083A	0xDF85      	RCALL       _UART1_Read
0x083C	0xF051C000  	MOVFF       R0, main_freio_L0
;bajaweekend_receptor.c,58 :: 		while(!UART1_Data_Ready());
L_main31:
0x0840	0xDE7A      	RCALL       _UART1_Data_Ready
0x0842	0x5200      	MOVF        R0, 1 
0x0844	0xE101      	BNZ         L_main32
0x0846	0xD7FC      	BRA         L_main31
L_main32:
;bajaweekend_receptor.c,59 :: 		tank =  UART1_Read();
0x0848	0xDF7E      	RCALL       _UART1_Read
0x084A	0xF050C000  	MOVFF       R0, main_tank_L0
;bajaweekend_receptor.c,61 :: 		Lcd_out(1, 1, "Rt: ");
0x084E	0x0E01      	MOVLW       1
0x0850	0x6E53      	MOVWF       FARG_Lcd_Out_row 
0x0852	0x0E01      	MOVLW       1
0x0854	0x6E54      	MOVWF       FARG_Lcd_Out_column 
0x0856	0x0E15      	MOVLW       ?lstr1_bajaweekend_receptor
0x0858	0x6E55      	MOVWF       FARG_Lcd_Out_text 
0x085A	0x0E00      	MOVLW       hi_addr(?lstr1_bajaweekend_receptor)
0x085C	0x6E56      	MOVWF       FARG_Lcd_Out_text+1 
0x085E	0xDF36      	RCALL       _Lcd_Out
;bajaweekend_receptor.c,62 :: 		LongWordToStr(motor, txt);
0x0860	0xF053C04C  	MOVFF       main_motor_L0, FARG_LongWordToStr_input
0x0864	0xF054C04D  	MOVFF       main_motor_L0+1, FARG_LongWordToStr_input+1
0x0868	0xF055C04E  	MOVFF       main_motor_L0+2, FARG_LongWordToStr_input+2
0x086C	0xF056C04F  	MOVFF       main_motor_L0+3, FARG_LongWordToStr_input+3
0x0870	0x0E3B      	MOVLW       main_txt_L0
0x0872	0x6E57      	MOVWF       FARG_LongWordToStr_output 
0x0874	0x0E00      	MOVLW       hi_addr(main_txt_L0)
0x0876	0x6E58      	MOVWF       FARG_LongWordToStr_output+1 
0x0878	0xDDB9      	RCALL       _LongWordToStr
;bajaweekend_receptor.c,63 :: 		Lcd_out(1, 5, ltrim(txt));
0x087A	0x0E3B      	MOVLW       main_txt_L0
0x087C	0x6E53      	MOVWF       FARG_Ltrim_string 
0x087E	0x0E00      	MOVLW       hi_addr(main_txt_L0)
0x0880	0x6E54      	MOVWF       FARG_Ltrim_string+1 
0x0882	0xDE22      	RCALL       _Ltrim
0x0884	0xF055C000  	MOVFF       R0, FARG_Lcd_Out_text
0x0888	0xF056C001  	MOVFF       R1, FARG_Lcd_Out_text+1
0x088C	0x0E01      	MOVLW       1
0x088E	0x6E53      	MOVWF       FARG_Lcd_Out_row 
0x0890	0x0E05      	MOVLW       5
0x0892	0x6E54      	MOVWF       FARG_Lcd_Out_column 
0x0894	0xDF1B      	RCALL       _Lcd_Out
;bajaweekend_receptor.c,65 :: 		Lcd_out(2, 1, "Brk: ");
0x0896	0x0E02      	MOVLW       2
0x0898	0x6E53      	MOVWF       FARG_Lcd_Out_row 
0x089A	0x0E01      	MOVLW       1
0x089C	0x6E54      	MOVWF       FARG_Lcd_Out_column 
0x089E	0x0E24      	MOVLW       ?lstr2_bajaweekend_receptor
0x08A0	0x6E55      	MOVWF       FARG_Lcd_Out_text 
0x08A2	0x0E00      	MOVLW       hi_addr(?lstr2_bajaweekend_receptor)
0x08A4	0x6E56      	MOVWF       FARG_Lcd_Out_text+1 
0x08A6	0xDF12      	RCALL       _Lcd_Out
;bajaweekend_receptor.c,66 :: 		WordToStr(freio, txt);
0x08A8	0xF053C051  	MOVFF       main_freio_L0, FARG_WordToStr_input
0x08AC	0xF054C052  	MOVFF       main_freio_L0+1, FARG_WordToStr_input+1
0x08B0	0x0E3B      	MOVLW       main_txt_L0
0x08B2	0x6E55      	MOVWF       FARG_WordToStr_output 
0x08B4	0x0E00      	MOVLW       hi_addr(main_txt_L0)
0x08B6	0x6E56      	MOVWF       FARG_WordToStr_output+1 
0x08B8	0xDEC1      	RCALL       _WordToStr
;bajaweekend_receptor.c,67 :: 		Lcd_out(2, 6, ltrim(txt));
0x08BA	0x0E3B      	MOVLW       main_txt_L0
0x08BC	0x6E53      	MOVWF       FARG_Ltrim_string 
0x08BE	0x0E00      	MOVLW       hi_addr(main_txt_L0)
0x08C0	0x6E54      	MOVWF       FARG_Ltrim_string+1 
0x08C2	0xDE02      	RCALL       _Ltrim
0x08C4	0xF055C000  	MOVFF       R0, FARG_Lcd_Out_text
0x08C8	0xF056C001  	MOVFF       R1, FARG_Lcd_Out_text+1
0x08CC	0x0E02      	MOVLW       2
0x08CE	0x6E53      	MOVWF       FARG_Lcd_Out_row 
0x08D0	0x0E06      	MOVLW       6
0x08D2	0x6E54      	MOVWF       FARG_Lcd_Out_column 
0x08D4	0xDEFB      	RCALL       _Lcd_Out
;bajaweekend_receptor.c,69 :: 		if (tank == 1) lcd_out(2, 13,"Full");
0x08D6	0x5050      	MOVF        main_tank_L0, 0 
0x08D8	0x0A01      	XORLW       1
0x08DA	0xE109      	BNZ         L_main33
0x08DC	0x0E02      	MOVLW       2
0x08DE	0x6E53      	MOVWF       FARG_Lcd_Out_row 
0x08E0	0x0E0D      	MOVLW       13
0x08E2	0x6E54      	MOVWF       FARG_Lcd_Out_column 
0x08E4	0x0E1F      	MOVLW       ?lstr3_bajaweekend_receptor
0x08E6	0x6E55      	MOVWF       FARG_Lcd_Out_text 
0x08E8	0x0E00      	MOVLW       hi_addr(?lstr3_bajaweekend_receptor)
0x08EA	0x6E56      	MOVWF       FARG_Lcd_Out_text+1 
0x08EC	0xDEEF      	RCALL       _Lcd_Out
L_main33:
;bajaweekend_receptor.c,70 :: 		if (tank == 0) lcd_out(2, 13,"Epty");
0x08EE	0x5050      	MOVF        main_tank_L0, 0 
0x08F0	0x0A00      	XORLW       0
0x08F2	0xE109      	BNZ         L_main34
0x08F4	0x0E02      	MOVLW       2
0x08F6	0x6E53      	MOVWF       FARG_Lcd_Out_row 
0x08F8	0x0E0D      	MOVLW       13
0x08FA	0x6E54      	MOVWF       FARG_Lcd_Out_column 
0x08FC	0x0E1A      	MOVLW       ?lstr4_bajaweekend_receptor
0x08FE	0x6E55      	MOVWF       FARG_Lcd_Out_text 
0x0900	0x0E00      	MOVLW       hi_addr(?lstr4_bajaweekend_receptor)
0x0902	0x6E56      	MOVWF       FARG_Lcd_Out_text+1 
0x0904	0xDEE3      	RCALL       _Lcd_Out
L_main34:
;bajaweekend_receptor.c,72 :: 		}
0x0906	0xD750      	BRA         L_main1
;bajaweekend_receptor.c,73 :: 		}
L_end_main:
0x0908	0xD7FF      	BRA         $+0
; end of _main
0x0920	0xF015EE10  	LFSR        1, 21
0x0924	0x0E15      	MOVLW       21
0x0926	0x6E00      	MOVWF       R0 
0x0928	0x0E01      	MOVLW       1
0x092A	0x6E01      	MOVWF       R1 
0x092C	0x0E0A      	MOVLW       10
0x092E	0x6EF6      	MOVWF       4086 
0x0930	0x0E09      	MOVLW       9
0x0932	0x6EF7      	MOVWF       TBLPTRH 
0x0934	0x0E00      	MOVLW       0
0x0936	0x6EF8      	MOVWF       TBLPTRU 
0x0938	0xF003EC16  	CALL        1580, 0
0x093C	0x0012      	RETURN      0
;bajaweekend_receptor.c,0 :: ?ICS?lstr1_bajaweekend_receptor
0x090A	0x7452 ;?ICS?lstr1_bajaweekend_receptor+0
0x090C	0x203A ;?ICS?lstr1_bajaweekend_receptor+2
0x090E	0x00 ;?ICS?lstr1_bajaweekend_receptor+4
; end of ?ICS?lstr1_bajaweekend_receptor
;bajaweekend_receptor.c,0 :: ?ICS?lstr4_bajaweekend_receptor
0x090F	0x7045 ;?ICS?lstr4_bajaweekend_receptor+0
0x0911	0x7974 ;?ICS?lstr4_bajaweekend_receptor+2
0x0913	0x00 ;?ICS?lstr4_bajaweekend_receptor+4
; end of ?ICS?lstr4_bajaweekend_receptor
;bajaweekend_receptor.c,0 :: ?ICS?lstr3_bajaweekend_receptor
0x0914	0x7546 ;?ICS?lstr3_bajaweekend_receptor+0
0x0916	0x6C6C ;?ICS?lstr3_bajaweekend_receptor+2
0x0918	0x00 ;?ICS?lstr3_bajaweekend_receptor+4
; end of ?ICS?lstr3_bajaweekend_receptor
;bajaweekend_receptor.c,0 :: ?ICS?lstr2_bajaweekend_receptor
0x0919	0x7242 ;?ICS?lstr2_bajaweekend_receptor+0
0x091B	0x3A6B ;?ICS?lstr2_bajaweekend_receptor+2
0x091D	0x0020 ;?ICS?lstr2_bajaweekend_receptor+4
; end of ?ICS?lstr2_bajaweekend_receptor
Symbol List:
//** Routines locations **
//ADDRESS    SIZE    PROCEDURE
//----------------------------------------------
0x001C      [22]    _Delay_5500us
0x0032      [10]    _Delay_50us
0x003C       [6]    _Delay_1us
0x0042     [124]    _Lcd_Cmd
0x00BE      [12]    _Lcd_Chr_CP
0x00CA      [54]    _Div_16X16_U
0x0100     [748]    _Div_32x32_U
0x03EC     [220]    _LongWordToStr
0x04C8     [110]    _Ltrim
0x0536      [10]    _UART1_Data_Ready
0x0540     [150]    _Lcd_Init
0x05D6      [86]    _UART1_Init
0x062C      [16]    ___CC2DW
0x063C     [144]    _WordToStr
0x06CC     [122]    _Lcd_Out
0x0746      [18]    _UART1_Read
0x0758     [434]    _main
//** Variables locations ** 
//ADDRESS    SIZE    VARIABLE
//----------------------------------------------
0x0000       [1]    __Lib_SoftI2C_PutZerosToLATSda_temp_sda_L0
0x0000       [1]    R0
0x0000       [1]    SPI1_Write_tmp_L0
0x0000       [1]    __Lib_SoftI2C_PutZerosToLATScl_temp_scl_L0
0x0000       [1]    FLASH_Erase_64_SaveINTCON_L0
0x0000       [1]    UART1_Init_tmp_L0
0x0000       [1]    EEPROM_Write_SaveINTCON_L0
0x0001       [2]    FLASH_Read_N_Bytes_i_L0
0x0001       [1]    ispunct_rslt_L0
0x0001       [1]    FLASH_Write_64_i_L0
0x0001       [1]    FLASH_Erase_Write_64_i_L0
0x0001       [1]    UART1_Read___tmp_UART1_Read_L0
0x0001       [1]    R1
0x0001       [1]    __Lib_PS2_Wait_Falling_nsample_L0
0x0002       [2]    memset_pp_L0
0x0002       [1]    FLASH_Erase_Write_64_j_L0
0x0002       [2]    memchr_s_L0
0x0002       [2]    strlen_cp_L0
0x0002       [1]    FLASH_Write_64_SaveINTCON_L0
0x0002       [2]    memcpy_dd_L0
0x0002       [1]    R2
0x0003       [2]    Ltrim_original_L0
0x0003       [1]    FLASH_Erase_Write_64_SaveINTCON_L0
0x0003       [2]    MM_TotalFreeMemSize_Tot_L0
0x0003       [2]    memmove_tt_L0
0x0003       [1]    __Lib_Sprinti_?FLOC____Lib_Sprinti_Do_FillT29
0x0003       [1]    R3
0x0003       [1]    MM_Init_i_L0
0x0004       [2]    frexp_pom_L0
0x0004       [2]    strcat_cp_L0
0x0004       [2]    strcpy_cp_L0
0x0004       [1]    R4
0x0004       [2]    __Lib_MemManager_MM_GetMemAlign_P_L0
0x0004       [2]    strncpy_cp_L0
0x0004       [2]    memcpy_ss_L0
0x0004       [1]    __Lib_Sprinti_?FLOC____Lib_Sprinti_Do_FillT40
0x0004       [2]    strncat_cp_L0
0x0005       [1]    MM_TotalFreeMemSize_i_L0
0x0005       [2]    memmove_ff_L0
0x0005       [2]    LongWordToHex_input_half_L0
0x0005       [2]    Ltrim_p_L0
0x0005       [1]    __Lib_Sprinti_?FLOC____Lib_Sprinti_Do_FillT54
0x0005       [1]    R5
0x0005       [2]    LongIntToHex_input_half_L0
0x0006       [1]    __Lib_Sprinti_?FLOC____Lib_Sprinti_Do_FillT69
0x0006       [1]    R6
0x0006       [1]    __Lib_MemManager_MM_GetMemAlign_i_L0
0x0007       [1]    R7
0x0008       [1]    R8
0x0009       [1]    R9
0x000A       [1]    R10
0x000B       [1]    R11
0x000C       [1]    R12
0x000D       [1]    R13
0x000E       [1]    R14
0x000F       [1]    R15
0x0010       [1]    R16
0x0011       [1]    R17
0x0012       [1]    R18
0x0013       [1]    R19
0x0014       [1]    R20
0x0015       [5]    ?lstr1_bajaweekend_receptor
0x001A       [5]    ?lstr4_bajaweekend_receptor
0x001F       [5]    ?lstr3_bajaweekend_receptor
0x0024       [6]    ?lstr2_bajaweekend_receptor
0x002A       [4]    _UART_Wr_Ptr
0x002E       [4]    _UART_Tx_Idle_Ptr
0x0032       [4]    _UART_Rdy_Ptr
0x0036       [4]    _UART_Rd_Ptr
0x003A       [0]    __Lib_Lcd_cmd_status
0x003B      [15]    main_txt_L0
0x004A       [1]    main_b1_L0
0x004B       [1]    main_b2_L0
0x004C       [4]    main_motor_L0
0x0050       [1]    main_tank_L0
0x0051       [2]    main_freio_L0
0x0053       [4]    FARG_LongWordToStr_input
0x0053       [2]    FARG_WordToStr_input
0x0053       [2]    FARG_Ltrim_string
0x0053       [1]    FARG_Lcd_Out_row
0x0054       [1]    FARG_Lcd_Out_column
0x0055       [2]    FARG_WordToStr_output
0x0055       [2]    FARG_Lcd_Out_text
0x0055       [2]    Ltrim_trimmed_L0
0x0057       [1]    Lcd_Out_i_L0
0x0057       [2]    FARG_LongWordToStr_output
0x0057       [1]    WordToStr_len_L0
0x0058       [2]    FLOC__WordToStr
0x0059       [2]    LongWordToStr_len_L0
0x005B       [2]    FLOC__LongWordToStr
0x005D       [1]    FARG_Lcd_Chr_CP_out_char
0x005E       [1]    FARG_Lcd_Cmd_out_char
0x0F81       [0]    RB2_bit
0x0F81       [0]    RB3_bit
0x0F81       [0]    RB0_bit
0x0F81       [0]    RB1_bit
0x0F81       [0]    RB4_bit
0x0F81       [0]    RB5_bit
0x0F81       [0]    LCD_D7
0x0F81       [0]    LCD_RS
0x0F81       [0]    LCD_EN
0x0F81       [0]    LCD_D5
0x0F81       [0]    LCD_D4
0x0F81       [0]    LCD_D6
0x0F93       [0]    LCD_RS_Direction
0x0F93       [0]    LCD_D6_Direction
0x0F93       [0]    TRISB4_bit
0x0F93       [0]    LCD_D4_Direction
0x0F93       [0]    LCD_D5_Direction
0x0F93       [0]    LCD_EN_Direction
0x0F93       [0]    TRISB5_bit
0x0F93       [0]    TRISB0_bit
0x0F93       [0]    LCD_D7_Direction
0x0F93       [0]    TRISB1_bit
0x0F93       [0]    TRISB2_bit
0x0F93       [0]    TRISB3_bit
0x0F94       [0]    TRISC6_bit
0x0F94       [0]    TRISC7_bit
0x0F9E       [1]    PIR1
0x0FAB       [1]    RCSTA
0x0FAC       [1]    TXSTA
0x0FAE       [1]    RCREG
0x0FAF       [1]    SPBRG
0x0FB0       [1]    SPBRGH
0x0FB8       [1]    BAUDCON
0x0FC1       [1]    ADCON1
0x0FD8       [1]    STATUS
0x0FD9       [1]    FSR2L
0x0FDA       [1]    FSR2H
0x0FDE       [1]    POSTINC2
0x0FE0       [1]    BSR
0x0FE1       [1]    FSR1L
0x0FE2       [1]    FSR1H
0x0FE4       [1]    PREINC1
0x0FE6       [1]    POSTINC1
0x0FE7       [1]    INDF1
0x0FE8       [1]    WREG
0x0FE9       [1]    FSR0L
0x0FEA       [1]    FSR0H
0x0FEE       [1]    POSTINC0
0x0FF3       [1]    PRODL
0x0FF4       [1]    PRODH
0x0FF5       [1]    TABLAT
0x0FF6       [1]    TBLPTRL
0x0FF7       [1]    TBLPTRH
0x0FF8       [1]    TBLPTRU
//** Constants locations ** 
//ADDRESS    SIZE    CONSTANT
//----------------------------------------------
0x090A       [5]    ?ICS?lstr1_bajaweekend_receptor
0x090F       [5]    ?ICS?lstr4_bajaweekend_receptor
0x0914       [5]    ?ICS?lstr3_bajaweekend_receptor
0x0919       [6]    ?ICS?lstr2_bajaweekend_receptor
