;  LST file generated by mikroListExporter - v.2.0 
; Date/Time: 23/07/2019 03:48:41
;----------------------------------------------

;Address Opcode 	ASM
0x0000	0x29B3      	GOTO       435
_Delay_1us:
;__Lib_Delays.c,7 :: 		void Delay_1us() {
;__Lib_Delays.c,8 :: 		Delay_us(1);
0x0003	0x0000      	NOP
0x0004	0x0000      	NOP
0x0005	0x0000      	NOP
0x0006	0x0000      	NOP
0x0007	0x0000      	NOP
;__Lib_Delays.c,9 :: 		}
L_end_Delay_1us:
0x0008	0x0008      	RETURN
; end of _Delay_1us
_Delay_50us:
;__Lib_Delays.c,19 :: 		void Delay_50us() {
;__Lib_Delays.c,20 :: 		Delay_us(50);
0x0009	0x3053      	MOVLW      83
0x000A	0x1283      	BCF        STATUS, 5
0x000B	0x1303      	BCF        STATUS, 6
0x000C	0x00FD      	MOVWF      R13
L_Delay_50us2:
0x000D	0x0BFD      	DECFSZ     R13, 1
0x000E	0x280D      	GOTO       L_Delay_50us2
;__Lib_Delays.c,21 :: 		}
L_end_Delay_50us:
0x000F	0x0008      	RETURN
; end of _Delay_50us
_Delay_5500us:
;__Lib_Delays.c,31 :: 		void Delay_5500us() {
;__Lib_Delays.c,32 :: 		Delay_us(5500);
0x0010	0x3024      	MOVLW      36
0x0011	0x1283      	BCF        STATUS, 5
0x0012	0x1303      	BCF        STATUS, 6
0x0013	0x00FC      	MOVWF      R12
0x0014	0x30B5      	MOVLW      181
0x0015	0x00FD      	MOVWF      R13
L_Delay_5500us5:
0x0016	0x0BFD      	DECFSZ     R13, 1
0x0017	0x2816      	GOTO       L_Delay_5500us5
0x0018	0x0BFC      	DECFSZ     R12, 1
0x0019	0x2816      	GOTO       L_Delay_5500us5
0x001A	0x0000      	NOP
0x001B	0x0000      	NOP
;__Lib_Delays.c,33 :: 		}
L_end_Delay_5500us:
0x001C	0x0008      	RETURN
; end of _Delay_5500us
_Lcd_Cmd:
;__Lib_Lcd.c,18 :: 		
;__Lib_Lcd.c,20 :: 		
0x001D	0x1683      	BSF        STATUS, 5
0x001E	0x1303      	BCF        STATUS, 6
0x001F	0x1BC1      	BTFSC      FARG_Lcd_Cmd_out_char, 7
0x0020	0x2824      	GOTO       L__Lcd_Cmd21
0x0021	0x1283      	BCF        STATUS, 5
0x0022	0x1186      	BCF        LCD_D7, BitPos(LCD_D7+0)
0x0023	0x2826      	GOTO       L__Lcd_Cmd22
L__Lcd_Cmd21:
0x0024	0x1283      	BCF        STATUS, 5
0x0025	0x1586      	BSF        LCD_D7, BitPos(LCD_D7+0)
L__Lcd_Cmd22:
;__Lib_Lcd.c,21 :: 		
0x0026	0x1683      	BSF        STATUS, 5
0x0027	0x1B41      	BTFSC      FARG_Lcd_Cmd_out_char, 6
0x0028	0x282C      	GOTO       L__Lcd_Cmd23
0x0029	0x1283      	BCF        STATUS, 5
0x002A	0x1106      	BCF        LCD_D6, BitPos(LCD_D6+0)
0x002B	0x282E      	GOTO       L__Lcd_Cmd24
L__Lcd_Cmd23:
0x002C	0x1283      	BCF        STATUS, 5
0x002D	0x1506      	BSF        LCD_D6, BitPos(LCD_D6+0)
L__Lcd_Cmd24:
;__Lib_Lcd.c,22 :: 		
0x002E	0x1683      	BSF        STATUS, 5
0x002F	0x1AC1      	BTFSC      FARG_Lcd_Cmd_out_char, 5
0x0030	0x2834      	GOTO       L__Lcd_Cmd25
0x0031	0x1283      	BCF        STATUS, 5
0x0032	0x1086      	BCF        LCD_D5, BitPos(LCD_D5+0)
0x0033	0x2836      	GOTO       L__Lcd_Cmd26
L__Lcd_Cmd25:
0x0034	0x1283      	BCF        STATUS, 5
0x0035	0x1486      	BSF        LCD_D5, BitPos(LCD_D5+0)
L__Lcd_Cmd26:
;__Lib_Lcd.c,23 :: 		
0x0036	0x1683      	BSF        STATUS, 5
0x0037	0x1A41      	BTFSC      FARG_Lcd_Cmd_out_char, 4
0x0038	0x283C      	GOTO       L__Lcd_Cmd27
0x0039	0x1283      	BCF        STATUS, 5
0x003A	0x1006      	BCF        LCD_D4, BitPos(LCD_D4+0)
0x003B	0x283E      	GOTO       L__Lcd_Cmd28
L__Lcd_Cmd27:
0x003C	0x1283      	BCF        STATUS, 5
0x003D	0x1406      	BSF        LCD_D4, BitPos(LCD_D4+0)
L__Lcd_Cmd28:
;__Lib_Lcd.c,25 :: 		
0x003E	0x183B      	BTFSC      __Lib_Lcd_cmd_status, BitPos(__Lib_Lcd_cmd_status+0)
0x003F	0x2842      	GOTO       L__Lcd_Cmd29
0x0040	0x1606      	BSF        LCD_RS, BitPos(LCD_RS+0)
0x0041	0x2843      	GOTO       L__Lcd_Cmd30
L__Lcd_Cmd29:
0x0042	0x1206      	BCF        LCD_RS, BitPos(LCD_RS+0)
L__Lcd_Cmd30:
;__Lib_Lcd.c,28 :: 		
0x0043	0x1686      	BSF        LCD_EN, BitPos(LCD_EN+0)
;__Lib_Lcd.c,29 :: 		
0x0044	0x2003      	CALL       _Delay_1us
;__Lib_Lcd.c,30 :: 		
0x0045	0x1286      	BCF        LCD_EN, BitPos(LCD_EN+0)
;__Lib_Lcd.c,33 :: 		
0x0046	0x1683      	BSF        STATUS, 5
0x0047	0x19C1      	BTFSC      FARG_Lcd_Cmd_out_char, 3
0x0048	0x284C      	GOTO       L__Lcd_Cmd31
0x0049	0x1283      	BCF        STATUS, 5
0x004A	0x1186      	BCF        LCD_D7, BitPos(LCD_D7+0)
0x004B	0x284E      	GOTO       L__Lcd_Cmd32
L__Lcd_Cmd31:
0x004C	0x1283      	BCF        STATUS, 5
0x004D	0x1586      	BSF        LCD_D7, BitPos(LCD_D7+0)
L__Lcd_Cmd32:
;__Lib_Lcd.c,34 :: 		
0x004E	0x1683      	BSF        STATUS, 5
0x004F	0x1941      	BTFSC      FARG_Lcd_Cmd_out_char, 2
0x0050	0x2854      	GOTO       L__Lcd_Cmd33
0x0051	0x1283      	BCF        STATUS, 5
0x0052	0x1106      	BCF        LCD_D6, BitPos(LCD_D6+0)
0x0053	0x2856      	GOTO       L__Lcd_Cmd34
L__Lcd_Cmd33:
0x0054	0x1283      	BCF        STATUS, 5
0x0055	0x1506      	BSF        LCD_D6, BitPos(LCD_D6+0)
L__Lcd_Cmd34:
;__Lib_Lcd.c,35 :: 		
0x0056	0x1683      	BSF        STATUS, 5
0x0057	0x18C1      	BTFSC      FARG_Lcd_Cmd_out_char, 1
0x0058	0x285C      	GOTO       L__Lcd_Cmd35
0x0059	0x1283      	BCF        STATUS, 5
0x005A	0x1086      	BCF        LCD_D5, BitPos(LCD_D5+0)
0x005B	0x285E      	GOTO       L__Lcd_Cmd36
L__Lcd_Cmd35:
0x005C	0x1283      	BCF        STATUS, 5
0x005D	0x1486      	BSF        LCD_D5, BitPos(LCD_D5+0)
L__Lcd_Cmd36:
;__Lib_Lcd.c,36 :: 		
0x005E	0x1683      	BSF        STATUS, 5
0x005F	0x1841      	BTFSC      FARG_Lcd_Cmd_out_char, 0
0x0060	0x2864      	GOTO       L__Lcd_Cmd37
0x0061	0x1283      	BCF        STATUS, 5
0x0062	0x1006      	BCF        LCD_D4, BitPos(LCD_D4+0)
0x0063	0x2866      	GOTO       L__Lcd_Cmd38
L__Lcd_Cmd37:
0x0064	0x1283      	BCF        STATUS, 5
0x0065	0x1406      	BSF        LCD_D4, BitPos(LCD_D4+0)
L__Lcd_Cmd38:
;__Lib_Lcd.c,38 :: 		
0x0066	0x183B      	BTFSC      __Lib_Lcd_cmd_status, BitPos(__Lib_Lcd_cmd_status+0)
0x0067	0x286A      	GOTO       L__Lcd_Cmd39
0x0068	0x1606      	BSF        LCD_RS, BitPos(LCD_RS+0)
0x0069	0x286B      	GOTO       L__Lcd_Cmd40
L__Lcd_Cmd39:
0x006A	0x1206      	BCF        LCD_RS, BitPos(LCD_RS+0)
L__Lcd_Cmd40:
;__Lib_Lcd.c,40 :: 		
0x006B	0x1686      	BSF        LCD_EN, BitPos(LCD_EN+0)
;__Lib_Lcd.c,41 :: 		
0x006C	0x2003      	CALL       _Delay_1us
;__Lib_Lcd.c,42 :: 		
0x006D	0x1286      	BCF        LCD_EN, BitPos(LCD_EN+0)
;__Lib_Lcd.c,44 :: 		
0x006E	0x1C3B      	BTFSS      __Lib_Lcd_cmd_status, BitPos(__Lib_Lcd_cmd_status+0)
0x006F	0x2872      	GOTO       L_Lcd_Cmd0
;__Lib_Lcd.c,45 :: 		
0x0070	0x2010      	CALL       _Delay_5500us
0x0071	0x2873      	GOTO       L_Lcd_Cmd1
L_Lcd_Cmd0:
;__Lib_Lcd.c,47 :: 		
0x0072	0x2009      	CALL       _Delay_50us
L_Lcd_Cmd1:
;__Lib_Lcd.c,48 :: 		
L_end_Lcd_Cmd:
0x0073	0x0008      	RETURN
; end of _Lcd_Cmd
_UART1_Read:
;__Lib_UART_c67.c,21 :: 		
;__Lib_UART_c67.c,24 :: 		
0x0074	0x1283      	BCF        STATUS, 5
0x0075	0x1303      	BCF        STATUS, 6
0x0076	0x081A      	MOVF       RCREG, 0
0x0077	0x00F1      	MOVWF      R1
;__Lib_UART_c67.c,25 :: 		
0x0078	0x1C98      	BTFSS      RCSTA, 1
0x0079	0x287C      	GOTO       L_UART1_Read2
;__Lib_UART_c67.c,26 :: 		
0x007A	0x1218      	BCF        RCSTA, 4
;__Lib_UART_c67.c,27 :: 		
0x007B	0x1618      	BSF        RCSTA, 4
;__Lib_UART_c67.c,28 :: 		
L_UART1_Read2:
;__Lib_UART_c67.c,29 :: 		
0x007C	0x0871      	MOVF       R1, 0
0x007D	0x00F0      	MOVWF      R0
;__Lib_UART_c67.c,30 :: 		
L_end_UART1_Read:
0x007E	0x0008      	RETURN
; end of _UART1_Read
_UART1_Write:
;__Lib_UART_c67.c,39 :: 		
;__Lib_UART_c67.c,40 :: 		
L_UART1_Write3:
0x007F	0x1683      	BSF        STATUS, 5
0x0080	0x1303      	BCF        STATUS, 6
0x0081	0x1898      	BTFSC      TXSTA, 1
0x0082	0x2885      	GOTO       L_UART1_Write4
;__Lib_UART_c67.c,41 :: 		
0x0083	0x0000      	NOP
0x0084	0x287F      	GOTO       L_UART1_Write3
L_UART1_Write4:
;__Lib_UART_c67.c,42 :: 		
0x0085	0x0840      	MOVF       FARG_UART1_Write_data_, 0
0x0086	0x1283      	BCF        STATUS, 5
0x0087	0x0099      	MOVWF      TXREG
;__Lib_UART_c67.c,43 :: 		
L_end_UART1_Write:
0x0088	0x0008      	RETURN
; end of _UART1_Write
_UART1_Data_Ready:
;__Lib_UART_c67.c,16 :: 		
;__Lib_UART_c67.c,17 :: 		
0x0089	0x3000      	MOVLW      0
0x008A	0x1283      	BCF        STATUS, 5
0x008B	0x1303      	BCF        STATUS, 6
0x008C	0x1A8C      	BTFSC      PIR1, 5
0x008D	0x3001      	MOVLW      1
0x008E	0x00F0      	MOVWF      R0
;__Lib_UART_c67.c,18 :: 		
L_end_UART1_Data_Ready:
0x008F	0x0008      	RETURN
; end of _UART1_Data_Ready
_Lcd_Chr_CP:
;__Lib_Lcd.c,50 :: 		
;__Lib_Lcd.c,52 :: 		
0x0090	0x1283      	BCF        STATUS, 5
0x0091	0x1303      	BCF        STATUS, 6
0x0092	0x103B      	BCF        __Lib_Lcd_cmd_status, BitPos(__Lib_Lcd_cmd_status+0)
;__Lib_Lcd.c,53 :: 		
0x0093	0x1683      	BSF        STATUS, 5
0x0094	0x0840      	MOVF       FARG_Lcd_Chr_CP_out_char, 0
0x0095	0x00C1      	MOVWF      FARG_Lcd_Cmd_out_char
0x0096	0x201D      	CALL       _Lcd_Cmd
;__Lib_Lcd.c,54 :: 		
0x0097	0x143B      	BSF        __Lib_Lcd_cmd_status, BitPos(__Lib_Lcd_cmd_status+0)
;__Lib_Lcd.c,55 :: 		
L_end_Lcd_Chr_CP:
0x0098	0x0008      	RETURN
; end of _Lcd_Chr_CP
_____DoICP:
;__Lib_System.c,6 :: 		
;__Lib_System.c,9 :: 		
0x0099	0x1283      	BCF        STATUS, 5
0x009A	0x1303      	BCF        STATUS, 6
0x009B	0x083A      	MOVF       ___DoICPAddr+1, 0
0x009C	0x008A      	MOVWF      PCLATH
;__Lib_System.c,10 :: 		
0x009D	0x0839      	MOVF       ___DoICPAddr, 0
0x009E	0x0082      	MOVWF      PCL
;__Lib_System.c,12 :: 		
L_end_____DoICP:
0x009F	0x0008      	RETURN
; end of _____DoICP
_UART1_Read_Text:
;__Lib_UART_c67.c,59 :: 		
;__Lib_UART_c67.c,60 :: 		
0x00A0	0x1683      	BSF        STATUS, 5
0x00A1	0x1303      	BCF        STATUS, 6
0x00A2	0x01BE      	CLRF       UART1_Read_Text_out_idx_L0
0x00A3	0x01BF      	CLRF       UART1_Read_Text_delim_idx_L0
;__Lib_UART_c67.c,62 :: 		
L_UART1_Read_Text7:
0x00A4	0x1283      	BCF        STATUS, 5
0x00A5	0x086E      	MOVF       FARG_UART1_Read_Text_Attempts, 0
0x00A6	0x1903      	BTFSC      STATUS, 2
0x00A7	0x28EC      	GOTO       L_UART1_Read_Text8
;__Lib_UART_c67.c,64 :: 		
0x00A8	0x086E      	MOVF       FARG_UART1_Read_Text_Attempts, 0
0x00A9	0x3AFF      	XORLW      255
0x00AA	0x1903      	BTFSC      STATUS, 2
0x00AB	0x28AD      	GOTO       L_UART1_Read_Text9
;__Lib_UART_c67.c,65 :: 		
0x00AC	0x03EE      	DECF       FARG_UART1_Read_Text_Attempts, 1
L_UART1_Read_Text9:
;__Lib_UART_c67.c,67 :: 		
L_UART1_Read_Text10:
0x00AD	0x2089      	CALL       _UART1_Data_Ready
0x00AE	0x0870      	MOVF       R0, 0
0x00AF	0x3A00      	XORLW      0
0x00B0	0x1D03      	BTFSS      STATUS, 2
0x00B1	0x28B3      	GOTO       L_UART1_Read_Text11
;__Lib_UART_c67.c,68 :: 		
0x00B2	0x28AD      	GOTO       L_UART1_Read_Text10
L_UART1_Read_Text11:
;__Lib_UART_c67.c,70 :: 		
0x00B3	0x2074      	CALL       _UART1_Read
0x00B4	0x0870      	MOVF       R0, 0
0x00B5	0x00EF      	MOVWF      UART1_Read_Text_r_data_L0
;__Lib_UART_c67.c,71 :: 		
0x00B6	0x1683      	BSF        STATUS, 5
0x00B7	0x083E      	MOVF       UART1_Read_Text_out_idx_L0, 0
0x00B8	0x1283      	BCF        STATUS, 5
0x00B9	0x076C      	ADDWF      FARG_UART1_Read_Text_Output, 0
0x00BA	0x0084      	MOVWF      FSR
0x00BB	0x0870      	MOVF       R0, 0
0x00BC	0x0080      	MOVWF      INDF
0x00BD	0x1683      	BSF        STATUS, 5
0x00BE	0x0ABE      	INCF       UART1_Read_Text_out_idx_L0, 1
;__Lib_UART_c67.c,72 :: 		
0x00BF	0x083F      	MOVF       UART1_Read_Text_delim_idx_L0, 0
0x00C0	0x1283      	BCF        STATUS, 5
0x00C1	0x076D      	ADDWF      FARG_UART1_Read_Text_Delimiter, 0
0x00C2	0x0084      	MOVWF      FSR
0x00C3	0x0800      	MOVF       INDF, 0
0x00C4	0x066F      	XORWF      UART1_Read_Text_r_data_L0, 0
0x00C5	0x1D03      	BTFSS      STATUS, 2
0x00C6	0x28CA      	GOTO       L_UART1_Read_Text12
;__Lib_UART_c67.c,73 :: 		
0x00C7	0x1683      	BSF        STATUS, 5
0x00C8	0x0ABF      	INCF       UART1_Read_Text_delim_idx_L0, 1
;__Lib_UART_c67.c,74 :: 		
0x00C9	0x28D5      	GOTO       L_UART1_Read_Text13
L_UART1_Read_Text12:
0x00CA	0x1683      	BSF        STATUS, 5
;__Lib_UART_c67.c,76 :: 		
0x00CB	0x01BF      	CLRF       UART1_Read_Text_delim_idx_L0
;__Lib_UART_c67.c,77 :: 		
0x00CC	0x1283      	BCF        STATUS, 5
0x00CD	0x086D      	MOVF       FARG_UART1_Read_Text_Delimiter, 0
0x00CE	0x0084      	MOVWF      FSR
0x00CF	0x0800      	MOVF       INDF, 0
0x00D0	0x066F      	XORWF      UART1_Read_Text_r_data_L0, 0
0x00D1	0x1D03      	BTFSS      STATUS, 2
0x00D2	0x28D5      	GOTO       L_UART1_Read_Text14
;__Lib_UART_c67.c,78 :: 		
0x00D3	0x1683      	BSF        STATUS, 5
0x00D4	0x0ABF      	INCF       UART1_Read_Text_delim_idx_L0, 1
;__Lib_UART_c67.c,79 :: 		
L_UART1_Read_Text14:
;__Lib_UART_c67.c,80 :: 		
L_UART1_Read_Text13:
0x00D5	0x1683      	BSF        STATUS, 5
;__Lib_UART_c67.c,82 :: 		
0x00D6	0x083F      	MOVF       UART1_Read_Text_delim_idx_L0, 0
0x00D7	0x1283      	BCF        STATUS, 5
0x00D8	0x076D      	ADDWF      FARG_UART1_Read_Text_Delimiter, 0
0x00D9	0x0084      	MOVWF      FSR
0x00DA	0x0800      	MOVF       INDF, 0
0x00DB	0x3A00      	XORLW      0
0x00DC	0x1D03      	BTFSS      STATUS, 2
0x00DD	0x28EB      	GOTO       L_UART1_Read_Text15
;__Lib_UART_c67.c,83 :: 		
0x00DE	0x1683      	BSF        STATUS, 5
0x00DF	0x083F      	MOVF       UART1_Read_Text_delim_idx_L0, 0
0x00E0	0x023E      	SUBWF      UART1_Read_Text_out_idx_L0, 0
0x00E1	0x00F0      	MOVWF      R0
0x00E2	0x01F1      	CLRF       R0+1
0x00E3	0x1C03      	BTFSS      STATUS, 0
0x00E4	0x03F1      	DECF       R0+1, 1
0x00E5	0x0870      	MOVF       R0, 0
0x00E6	0x1283      	BCF        STATUS, 5
0x00E7	0x076C      	ADDWF      FARG_UART1_Read_Text_Output, 0
0x00E8	0x0084      	MOVWF      FSR
0x00E9	0x0180      	CLRF       INDF
;__Lib_UART_c67.c,84 :: 		
0x00EA	0x28EF      	GOTO       L_end_UART1_Read_Text
;__Lib_UART_c67.c,85 :: 		
L_UART1_Read_Text15:
;__Lib_UART_c67.c,87 :: 		
0x00EB	0x28A4      	GOTO       L_UART1_Read_Text7
L_UART1_Read_Text8:
;__Lib_UART_c67.c,88 :: 		
0x00EC	0x086C      	MOVF       FARG_UART1_Read_Text_Output, 0
0x00ED	0x0084      	MOVWF      FSR
0x00EE	0x0180      	CLRF       INDF
;__Lib_UART_c67.c,89 :: 		
L_end_UART1_Read_Text:
0x00EF	0x0008      	RETURN
; end of _UART1_Read_Text
_UART1_Write_Text:
;__Lib_UART_c67.c,47 :: 		
;__Lib_UART_c67.c,48 :: 		
0x00F0	0x1283      	BCF        STATUS, 5
0x00F1	0x1303      	BCF        STATUS, 6
0x00F2	0x01EE      	CLRF       UART1_Write_Text_counter_L0
;__Lib_UART_c67.c,50 :: 		
0x00F3	0x086C      	MOVF       FARG_UART1_Write_Text_uart_text, 0
0x00F4	0x0084      	MOVWF      FSR
0x00F5	0x0800      	MOVF       INDF, 0
0x00F6	0x00ED      	MOVWF      UART1_Write_Text_data__L0
;__Lib_UART_c67.c,51 :: 		
L_UART1_Write_Text5:
0x00F7	0x086D      	MOVF       UART1_Write_Text_data__L0, 0
0x00F8	0x3A00      	XORLW      0
0x00F9	0x1903      	BTFSC      STATUS, 2
0x00FA	0x2906      	GOTO       L_UART1_Write_Text6
;__Lib_UART_c67.c,52 :: 		
0x00FB	0x086D      	MOVF       UART1_Write_Text_data__L0, 0
0x00FC	0x1683      	BSF        STATUS, 5
0x00FD	0x00C0      	MOVWF      FARG_UART1_Write_data_
0x00FE	0x207F      	CALL       _UART1_Write
;__Lib_UART_c67.c,53 :: 		
0x00FF	0x0AEE      	INCF       UART1_Write_Text_counter_L0, 1
;__Lib_UART_c67.c,54 :: 		
0x0100	0x086E      	MOVF       UART1_Write_Text_counter_L0, 0
0x0101	0x076C      	ADDWF      FARG_UART1_Write_Text_uart_text, 0
0x0102	0x0084      	MOVWF      FSR
0x0103	0x0800      	MOVF       INDF, 0
0x0104	0x00ED      	MOVWF      UART1_Write_Text_data__L0
;__Lib_UART_c67.c,55 :: 		
0x0105	0x28F7      	GOTO       L_UART1_Write_Text5
L_UART1_Write_Text6:
;__Lib_UART_c67.c,56 :: 		
L_end_UART1_Write_Text:
0x0106	0x0008      	RETURN
; end of _UART1_Write_Text
_Lcd_Out:
;__Lib_Lcd.c,184 :: 		
;__Lib_Lcd.c,187 :: 		
0x0107	0x2919      	GOTO       L_Lcd_Out11
;__Lib_Lcd.c,188 :: 		
L_Lcd_Out13:
0x0108	0x3080      	MOVLW      128
0x0109	0x1283      	BCF        STATUS, 5
0x010A	0x1303      	BCF        STATUS, 6
0x010B	0x00EC      	MOVWF      FARG_Lcd_Out_row
0x010C	0x292C      	GOTO       L_Lcd_Out12
;__Lib_Lcd.c,189 :: 		
L_Lcd_Out14:
0x010D	0x30C0      	MOVLW      192
0x010E	0x00EC      	MOVWF      FARG_Lcd_Out_row
0x010F	0x292C      	GOTO       L_Lcd_Out12
;__Lib_Lcd.c,190 :: 		
L_Lcd_Out15:
0x0110	0x3094      	MOVLW      148
0x0111	0x00EC      	MOVWF      FARG_Lcd_Out_row
0x0112	0x292C      	GOTO       L_Lcd_Out12
;__Lib_Lcd.c,191 :: 		
L_Lcd_Out16:
0x0113	0x30D4      	MOVLW      212
0x0114	0x00EC      	MOVWF      FARG_Lcd_Out_row
0x0115	0x292C      	GOTO       L_Lcd_Out12
;__Lib_Lcd.c,192 :: 		
L_Lcd_Out17:
0x0116	0x3080      	MOVLW      128
0x0117	0x00EC      	MOVWF      FARG_Lcd_Out_row
;__Lib_Lcd.c,193 :: 		
0x0118	0x292C      	GOTO       L_Lcd_Out12
L_Lcd_Out11:
0x0119	0x1283      	BCF        STATUS, 5
0x011A	0x1303      	BCF        STATUS, 6
0x011B	0x086C      	MOVF       FARG_Lcd_Out_row, 0
0x011C	0x3A01      	XORLW      1
0x011D	0x1903      	BTFSC      STATUS, 2
0x011E	0x2908      	GOTO       L_Lcd_Out13
0x011F	0x086C      	MOVF       FARG_Lcd_Out_row, 0
0x0120	0x3A02      	XORLW      2
0x0121	0x1903      	BTFSC      STATUS, 2
0x0122	0x290D      	GOTO       L_Lcd_Out14
0x0123	0x086C      	MOVF       FARG_Lcd_Out_row, 0
0x0124	0x3A03      	XORLW      3
0x0125	0x1903      	BTFSC      STATUS, 2
0x0126	0x2910      	GOTO       L_Lcd_Out15
0x0127	0x086C      	MOVF       FARG_Lcd_Out_row, 0
0x0128	0x3A04      	XORLW      4
0x0129	0x1903      	BTFSC      STATUS, 2
0x012A	0x2913      	GOTO       L_Lcd_Out16
0x012B	0x2916      	GOTO       L_Lcd_Out17
L_Lcd_Out12:
;__Lib_Lcd.c,194 :: 		
0x012C	0x036D      	DECF       FARG_Lcd_Out_column, 0
0x012D	0x00F0      	MOVWF      R0
0x012E	0x086C      	MOVF       FARG_Lcd_Out_row, 0
0x012F	0x07F0      	ADDWF      R0, 1
0x0130	0x0870      	MOVF       R0, 0
0x0131	0x00EC      	MOVWF      FARG_Lcd_Out_row
;__Lib_Lcd.c,196 :: 		
0x0132	0x0870      	MOVF       R0, 0
0x0133	0x1683      	BSF        STATUS, 5
0x0134	0x00C1      	MOVWF      FARG_Lcd_Cmd_out_char
0x0135	0x201D      	CALL       _Lcd_Cmd
;__Lib_Lcd.c,197 :: 		
0x0136	0x103B      	BCF        __Lib_Lcd_cmd_status, BitPos(__Lib_Lcd_cmd_status+0)
;__Lib_Lcd.c,198 :: 		
0x0137	0x01EF      	CLRF       Lcd_Out_i_L0
;__Lib_Lcd.c,199 :: 		
L_Lcd_Out18:
0x0138	0x086F      	MOVF       Lcd_Out_i_L0, 0
0x0139	0x076E      	ADDWF      FARG_Lcd_Out_text, 0
0x013A	0x0084      	MOVWF      FSR
0x013B	0x0800      	MOVF       INDF, 0
0x013C	0x1903      	BTFSC      STATUS, 2
0x013D	0x2947      	GOTO       L_Lcd_Out19
;__Lib_Lcd.c,200 :: 		
0x013E	0x086F      	MOVF       Lcd_Out_i_L0, 0
0x013F	0x076E      	ADDWF      FARG_Lcd_Out_text, 0
0x0140	0x0084      	MOVWF      FSR
0x0141	0x0800      	MOVF       INDF, 0
0x0142	0x1683      	BSF        STATUS, 5
0x0143	0x00C0      	MOVWF      FARG_Lcd_Chr_CP_out_char
0x0144	0x2090      	CALL       _Lcd_Chr_CP
0x0145	0x0AEF      	INCF       Lcd_Out_i_L0, 1
0x0146	0x2938      	GOTO       L_Lcd_Out18
L_Lcd_Out19:
;__Lib_Lcd.c,201 :: 		
0x0147	0x143B      	BSF        __Lib_Lcd_cmd_status, BitPos(__Lib_Lcd_cmd_status+0)
;__Lib_Lcd.c,202 :: 		
L_end_Lcd_Out:
0x0148	0x0008      	RETURN
; end of _Lcd_Out
_UART1_Init:
;__Lib_UART_c67.c,2 :: 		
;__Lib_UART_c67.c,5 :: 		
0x0149	0x1683      	BSF        STATUS, 5
0x014A	0x1303      	BCF        STATUS, 6
0x014B	0x1698      	BSF        TXSTA, 5
;__Lib_UART_c67.c,6 :: 		
0x014C	0x3090      	MOVLW      144
0x014D	0x1283      	BCF        STATUS, 5
0x014E	0x0098      	MOVWF      RCSTA
;__Lib_UART_c67.c,7 :: 		
0x014F	0x1683      	BSF        STATUS, 5
0x0150	0x1787      	BSF        TRISC7_bit, BitPos(TRISC7_bit+0)
;__Lib_UART_c67.c,8 :: 		
0x0151	0x1307      	BCF        TRISC6_bit, BitPos(TRISC6_bit+0)
;__Lib_UART_c67.c,10 :: 		
L_UART1_Init0:
0x0152	0x1283      	BCF        STATUS, 5
0x0153	0x1E8C      	BTFSS      PIR1, 5
0x0154	0x2958      	GOTO       L_UART1_Init1
;__Lib_UART_c67.c,11 :: 		
0x0155	0x081A      	MOVF       RCREG, 0
0x0156	0x00F0      	MOVWF      R0
0x0157	0x2952      	GOTO       L_UART1_Init0
L_UART1_Init1:
;__Lib_UART_c67.c,12 :: 		
L_end_UART1_Init:
0x0158	0x0008      	RETURN
; end of _UART1_Init
___CC2DW:
;__Lib_System.c,134 :: 		
;__Lib_System.c,137 :: 		
_CC2D_Loop1:
;__Lib_System.c,139 :: 		
0x0159	0x2099      	CALL       _____DoICP
0x015A	0x118A      	BCF        PCLATH, 3
0x015B	0x120A      	BCF        PCLATH, 4
;__Lib_System.c,141 :: 		
0x015C	0x0080      	MOVWF      INDF
;__Lib_System.c,142 :: 		
0x015D	0x0A84      	INCF       FSR, 1
;__Lib_System.c,143 :: 		
0x015E	0x0AB9      	INCF       ___DoICPAddr, 1
;__Lib_System.c,145 :: 		
0x015F	0x1903      	BTFSC      STATUS, 2
;__Lib_System.c,146 :: 		
0x0160	0x0ABA      	INCF       ___DoICPAddr+1, 1
;__Lib_System.c,147 :: 		
0x0161	0x03F0      	DECF       R0, 1
;__Lib_System.c,149 :: 		
0x0162	0x1D03      	BTFSS      STATUS, 2
;__Lib_System.c,150 :: 		
0x0163	0x2959      	GOTO       _CC2D_Loop1
;__Lib_System.c,152 :: 		
L_end___CC2DW:
0x0164	0x0008      	RETURN
; end of ___CC2DW
_Lcd_Init:
;__Lib_Lcd.c,84 :: 		
;__Lib_Lcd.c,86 :: 		
0x0165	0x1683      	BSF        STATUS, 5
0x0166	0x1303      	BCF        STATUS, 6
0x0167	0x1286      	BCF        LCD_EN_Direction, BitPos(LCD_EN_Direction+0)
;__Lib_Lcd.c,87 :: 		
0x0168	0x1206      	BCF        LCD_RS_Direction, BitPos(LCD_RS_Direction+0)
;__Lib_Lcd.c,88 :: 		
0x0169	0x1006      	BCF        LCD_D4_Direction, BitPos(LCD_D4_Direction+0)
;__Lib_Lcd.c,89 :: 		
0x016A	0x1086      	BCF        LCD_D5_Direction, BitPos(LCD_D5_Direction+0)
;__Lib_Lcd.c,90 :: 		
0x016B	0x1106      	BCF        LCD_D6_Direction, BitPos(LCD_D6_Direction+0)
;__Lib_Lcd.c,91 :: 		
0x016C	0x1186      	BCF        LCD_D7_Direction, BitPos(LCD_D7_Direction+0)
;__Lib_Lcd.c,93 :: 		
0x016D	0x1283      	BCF        STATUS, 5
0x016E	0x1286      	BCF        LCD_EN, BitPos(LCD_EN+0)
;__Lib_Lcd.c,94 :: 		
0x016F	0x1206      	BCF        LCD_RS, BitPos(LCD_RS+0)
;__Lib_Lcd.c,95 :: 		
0x0170	0x1186      	BCF        LCD_D7, BitPos(LCD_D7+0)
;__Lib_Lcd.c,96 :: 		
0x0171	0x1106      	BCF        LCD_D6, BitPos(LCD_D6+0)
;__Lib_Lcd.c,97 :: 		
0x0172	0x1086      	BCF        LCD_D5, BitPos(LCD_D5+0)
;__Lib_Lcd.c,98 :: 		
0x0173	0x1006      	BCF        LCD_D4, BitPos(LCD_D4+0)
;__Lib_Lcd.c,100 :: 		
0x0174	0x2010      	CALL       _Delay_5500us
;__Lib_Lcd.c,101 :: 		
0x0175	0x2010      	CALL       _Delay_5500us
;__Lib_Lcd.c,102 :: 		
0x0176	0x2010      	CALL       _Delay_5500us
;__Lib_Lcd.c,105 :: 		
0x0177	0x1486      	BSF        LCD_D5, BitPos(LCD_D5+0)
;__Lib_Lcd.c,106 :: 		
0x0178	0x1406      	BSF        LCD_D4, BitPos(LCD_D4+0)
;__Lib_Lcd.c,107 :: 		
0x0179	0x1686      	BSF        LCD_EN, BitPos(LCD_EN+0)
;__Lib_Lcd.c,108 :: 		
0x017A	0x2003      	CALL       _Delay_1us
;__Lib_Lcd.c,109 :: 		
0x017B	0x1286      	BCF        LCD_EN, BitPos(LCD_EN+0)
;__Lib_Lcd.c,110 :: 		
0x017C	0x2010      	CALL       _Delay_5500us
;__Lib_Lcd.c,112 :: 		
0x017D	0x1686      	BSF        LCD_EN, BitPos(LCD_EN+0)
;__Lib_Lcd.c,113 :: 		
0x017E	0x2003      	CALL       _Delay_1us
;__Lib_Lcd.c,114 :: 		
0x017F	0x1286      	BCF        LCD_EN, BitPos(LCD_EN+0)
;__Lib_Lcd.c,115 :: 		
0x0180	0x2010      	CALL       _Delay_5500us
;__Lib_Lcd.c,117 :: 		
0x0181	0x1686      	BSF        LCD_EN, BitPos(LCD_EN+0)
;__Lib_Lcd.c,118 :: 		
0x0182	0x2003      	CALL       _Delay_1us
;__Lib_Lcd.c,119 :: 		
0x0183	0x1286      	BCF        LCD_EN, BitPos(LCD_EN+0)
;__Lib_Lcd.c,120 :: 		
0x0184	0x2010      	CALL       _Delay_5500us
;__Lib_Lcd.c,123 :: 		
0x0185	0x1006      	BCF        LCD_D4, BitPos(LCD_D4+0)
;__Lib_Lcd.c,124 :: 		
0x0186	0x1686      	BSF        LCD_EN, BitPos(LCD_EN+0)
;__Lib_Lcd.c,125 :: 		
0x0187	0x2003      	CALL       _Delay_1us
;__Lib_Lcd.c,126 :: 		
0x0188	0x1286      	BCF        LCD_EN, BitPos(LCD_EN+0)
;__Lib_Lcd.c,127 :: 		
0x0189	0x2010      	CALL       _Delay_5500us
;__Lib_Lcd.c,130 :: 		
0x018A	0x1686      	BSF        LCD_EN, BitPos(LCD_EN+0)
;__Lib_Lcd.c,131 :: 		
0x018B	0x2003      	CALL       _Delay_1us
;__Lib_Lcd.c,132 :: 		
0x018C	0x1286      	BCF        LCD_EN, BitPos(LCD_EN+0)
;__Lib_Lcd.c,134 :: 		
0x018D	0x1086      	BCF        LCD_D5, BitPos(LCD_D5+0)
;__Lib_Lcd.c,135 :: 		
0x018E	0x1586      	BSF        LCD_D7, BitPos(LCD_D7+0)
;__Lib_Lcd.c,136 :: 		
0x018F	0x1686      	BSF        LCD_EN, BitPos(LCD_EN+0)
;__Lib_Lcd.c,137 :: 		
0x0190	0x2003      	CALL       _Delay_1us
;__Lib_Lcd.c,138 :: 		
0x0191	0x1286      	BCF        LCD_EN, BitPos(LCD_EN+0)
;__Lib_Lcd.c,139 :: 		
0x0192	0x2010      	CALL       _Delay_5500us
;__Lib_Lcd.c,142 :: 		
0x0193	0x1186      	BCF        LCD_D7, BitPos(LCD_D7+0)
;__Lib_Lcd.c,143 :: 		
0x0194	0x1406      	BSF        LCD_D4, BitPos(LCD_D4+0)
;__Lib_Lcd.c,144 :: 		
0x0195	0x1686      	BSF        LCD_EN, BitPos(LCD_EN+0)
;__Lib_Lcd.c,145 :: 		
0x0196	0x2003      	CALL       _Delay_1us
;__Lib_Lcd.c,146 :: 		
0x0197	0x1286      	BCF        LCD_EN, BitPos(LCD_EN+0)
;__Lib_Lcd.c,148 :: 		
0x0198	0x1006      	BCF        LCD_D4, BitPos(LCD_D4+0)
;__Lib_Lcd.c,149 :: 		
0x0199	0x1686      	BSF        LCD_EN, BitPos(LCD_EN+0)
;__Lib_Lcd.c,150 :: 		
0x019A	0x2003      	CALL       _Delay_1us
;__Lib_Lcd.c,151 :: 		
0x019B	0x1286      	BCF        LCD_EN, BitPos(LCD_EN+0)
;__Lib_Lcd.c,152 :: 		
0x019C	0x2010      	CALL       _Delay_5500us
;__Lib_Lcd.c,155 :: 		
0x019D	0x1686      	BSF        LCD_EN, BitPos(LCD_EN+0)
;__Lib_Lcd.c,156 :: 		
0x019E	0x2003      	CALL       _Delay_1us
;__Lib_Lcd.c,157 :: 		
0x019F	0x1286      	BCF        LCD_EN, BitPos(LCD_EN+0)
;__Lib_Lcd.c,159 :: 		
0x01A0	0x1406      	BSF        LCD_D4, BitPos(LCD_D4+0)
;__Lib_Lcd.c,160 :: 		
0x01A1	0x1686      	BSF        LCD_EN, BitPos(LCD_EN+0)
;__Lib_Lcd.c,161 :: 		
0x01A2	0x2003      	CALL       _Delay_1us
;__Lib_Lcd.c,162 :: 		
0x01A3	0x1286      	BCF        LCD_EN, BitPos(LCD_EN+0)
;__Lib_Lcd.c,163 :: 		
0x01A4	0x2010      	CALL       _Delay_5500us
;__Lib_Lcd.c,166 :: 		
0x01A5	0x1006      	BCF        LCD_D4, BitPos(LCD_D4+0)
;__Lib_Lcd.c,167 :: 		
0x01A6	0x1686      	BSF        LCD_EN, BitPos(LCD_EN+0)
;__Lib_Lcd.c,168 :: 		
0x01A7	0x2003      	CALL       _Delay_1us
;__Lib_Lcd.c,169 :: 		
0x01A8	0x1286      	BCF        LCD_EN, BitPos(LCD_EN+0)
;__Lib_Lcd.c,171 :: 		
0x01A9	0x1586      	BSF        LCD_D7, BitPos(LCD_D7+0)
;__Lib_Lcd.c,172 :: 		
0x01AA	0x1506      	BSF        LCD_D6, BitPos(LCD_D6+0)
;__Lib_Lcd.c,173 :: 		
0x01AB	0x1486      	BSF        LCD_D5, BitPos(LCD_D5+0)
;__Lib_Lcd.c,174 :: 		
0x01AC	0x1406      	BSF        LCD_D4, BitPos(LCD_D4+0)
;__Lib_Lcd.c,175 :: 		
0x01AD	0x1686      	BSF        LCD_EN, BitPos(LCD_EN+0)
;__Lib_Lcd.c,176 :: 		
0x01AE	0x2003      	CALL       _Delay_1us
;__Lib_Lcd.c,177 :: 		
0x01AF	0x1286      	BCF        LCD_EN, BitPos(LCD_EN+0)
;__Lib_Lcd.c,179 :: 		
0x01B0	0x2010      	CALL       _Delay_5500us
;__Lib_Lcd.c,181 :: 		
0x01B1	0x143B      	BSF        __Lib_Lcd_cmd_status, BitPos(__Lib_Lcd_cmd_status+0)
;__Lib_Lcd.c,182 :: 		
L_end_Lcd_Init:
0x01B2	0x0008      	RETURN
; end of _Lcd_Init
_main:
0x01B3	0x302C      	MOVLW      44
0x01B4	0x1283      	BCF        STATUS, 5
0x01B5	0x1303      	BCF        STATUS, 6
0x01B6	0x00A0      	MOVWF      ?lstr3_gps
0x01B7	0x01A1      	CLRF       33
0x01B8	0x302C      	MOVLW      44
0x01B9	0x00A2      	MOVWF      ?lstr2_gps
0x01BA	0x01A3      	CLRF       35
0x01BB	0x302A      	MOVLW      42
0x01BC	0x00A4      	MOVWF      ?lstr5_gps
0x01BD	0x01A5      	CLRF       37
0x01BE	0x302C      	MOVLW      44
0x01BF	0x00A6      	MOVWF      ?lstr4_gps
0x01C0	0x01A7      	CLRF       39
0x01C1	0x3047      	MOVLW      71
0x01C2	0x00A8      	MOVWF      ?lstr1_gps
0x01C3	0x3050      	MOVLW      80
0x01C4	0x00A9      	MOVWF      41
0x01C5	0x3053      	MOVLW      83
0x01C6	0x00AA      	MOVWF      42
0x01C7	0x302E      	MOVLW      46
0x01C8	0x00AB      	MOVWF      43
0x01C9	0x302E      	MOVLW      46
0x01CA	0x00AC      	MOVWF      44
0x01CB	0x302E      	MOVLW      46
0x01CC	0x00AD      	MOVWF      45
0x01CD	0x01AE      	CLRF       46
0x01CE	0x304E      	MOVLW      78
0x01CF	0x00AF      	MOVWF      ?lstr6_gps
0x01D0	0x306F      	MOVLW      111
0x01D1	0x00B0      	MOVWF      48
0x01D2	0x3020      	MOVLW      32
0x01D3	0x00B1      	MOVWF      49
0x01D4	0x3053      	MOVLW      83
0x01D5	0x00B2      	MOVWF      50
0x01D6	0x3069      	MOVLW      105
0x01D7	0x00B3      	MOVWF      51
0x01D8	0x3067      	MOVLW      103
0x01D9	0x00B4      	MOVWF      52
0x01DA	0x306E      	MOVLW      110
0x01DB	0x00B5      	MOVWF      53
0x01DC	0x3061      	MOVLW      97
0x01DD	0x00B6      	MOVWF      54
0x01DE	0x306C      	MOVLW      108
0x01DF	0x00B7      	MOVWF      55
0x01E0	0x01B8      	CLRF       56
;gps.c,21 :: 		void main() {
;gps.c,23 :: 		unsigned char txt[]="$GPGLL,";
0x01E1	0x3024      	MOVLW      36
0x01E2	0x00E3      	MOVWF      main_txt_L0
0x01E3	0x3047      	MOVLW      71
0x01E4	0x00E4      	MOVWF      main_txt_L0+1
0x01E5	0x3050      	MOVLW      80
0x01E6	0x00E5      	MOVWF      main_txt_L0+2
0x01E7	0x3047      	MOVLW      71
0x01E8	0x00E6      	MOVWF      main_txt_L0+3
0x01E9	0x304C      	MOVLW      76
0x01EA	0x00E7      	MOVWF      main_txt_L0+4
0x01EB	0x304C      	MOVLW      76
0x01EC	0x00E8      	MOVWF      main_txt_L0+5
0x01ED	0x302C      	MOVLW      44
0x01EE	0x00E9      	MOVWF      main_txt_L0+6
0x01EF	0x01EA      	CLRF       main_txt_L0+7
0x01F0	0x01EB      	CLRF       main_i_L0
;gps.c,28 :: 		ADCON1=0x07;                                                                // Todas as portas são digitais
0x01F1	0x3007      	MOVLW      7
0x01F2	0x1683      	BSF        STATUS, 5
0x01F3	0x009F      	MOVWF      ADCON1
;gps.c,29 :: 		UART1_Init(9600);                                                           // Inicia a comunicação serial com 9600 de baud rate
0x01F4	0x3081      	MOVLW      129
0x01F5	0x0099      	MOVWF      SPBRG
0x01F6	0x1518      	BSF        TXSTA, 2
0x01F7	0x2149      	CALL       _UART1_Init
;gps.c,30 :: 		Lcd_Init();                                                                 // LCD inicializa o lcd conectado ao PORTB
0x01F8	0x2165      	CALL       _Lcd_Init
;gps.c,31 :: 		Lcd_Cmd(_LCD_CLEAR);                                                        // Limpa o lcd
0x01F9	0x3001      	MOVLW      1
0x01FA	0x1683      	BSF        STATUS, 5
0x01FB	0x00C1      	MOVWF      FARG_Lcd_Cmd_out_char
0x01FC	0x201D      	CALL       _Lcd_Cmd
;gps.c,32 :: 		Lcd_Cmd(_LCD_CURSOR_OFF);                                                   // Deliga o cursor
0x01FD	0x300C      	MOVLW      12
0x01FE	0x1683      	BSF        STATUS, 5
0x01FF	0x00C1      	MOVWF      FARG_Lcd_Cmd_out_char
0x0200	0x201D      	CALL       _Lcd_Cmd
;gps.c,33 :: 		delay_ms(100);                                                              // Espera módulo UART se estabilizar
0x0201	0x3003      	MOVLW      3
0x0202	0x00FB      	MOVWF      R11
0x0203	0x308A      	MOVLW      138
0x0204	0x00FC      	MOVWF      R12
0x0205	0x3055      	MOVLW      85
0x0206	0x00FD      	MOVWF      R13
L_main0:
0x0207	0x0BFD      	DECFSZ     R13, 1
0x0208	0x2A07      	GOTO       L_main0
0x0209	0x0BFC      	DECFSZ     R12, 1
0x020A	0x2A07      	GOTO       L_main0
0x020B	0x0BFB      	DECFSZ     R11, 1
0x020C	0x2A07      	GOTO       L_main0
0x020D	0x0000      	NOP
0x020E	0x0000      	NOP
;gps.c,34 :: 		Lcd_Cmd(_LCD_CLEAR);
0x020F	0x3001      	MOVLW      1
0x0210	0x1683      	BSF        STATUS, 5
0x0211	0x00C1      	MOVWF      FARG_Lcd_Cmd_out_char
0x0212	0x201D      	CALL       _Lcd_Cmd
;gps.c,35 :: 		Lcd_out(1,1,"GPS...");
0x0213	0x3001      	MOVLW      1
0x0214	0x00EC      	MOVWF      FARG_Lcd_Out_row
0x0215	0x3001      	MOVLW      1
0x0216	0x00ED      	MOVWF      FARG_Lcd_Out_column
0x0217	0x3028      	MOVLW      ?lstr1_gps
0x0218	0x00EE      	MOVWF      FARG_Lcd_Out_text
0x0219	0x2107      	CALL       _Lcd_Out
;gps.c,36 :: 		delay_ms(2000);
0x021A	0x3033      	MOVLW      51
0x021B	0x00FB      	MOVWF      R11
0x021C	0x30BB      	MOVLW      187
0x021D	0x00FC      	MOVWF      R12
0x021E	0x30DF      	MOVLW      223
0x021F	0x00FD      	MOVWF      R13
L_main1:
0x0220	0x0BFD      	DECFSZ     R13, 1
0x0221	0x2A20      	GOTO       L_main1
0x0222	0x0BFC      	DECFSZ     R12, 1
0x0223	0x2A20      	GOTO       L_main1
0x0224	0x0BFB      	DECFSZ     R11, 1
0x0225	0x2A20      	GOTO       L_main1
0x0226	0x0000      	NOP
0x0227	0x0000      	NOP
;gps.c,37 :: 		uart1_write(0x0F);
0x0228	0x300F      	MOVLW      15
0x0229	0x1683      	BSF        STATUS, 5
0x022A	0x00C0      	MOVWF      FARG_UART1_Write_data_
0x022B	0x207F      	CALL       _UART1_Write
;gps.c,38 :: 		for(;;){                                                                    // Loop infinito
L_main2:
;gps.c,40 :: 		i=0;
0x022C	0x01EB      	CLRF       main_i_L0
;gps.c,41 :: 		while(i<7){                                                             // Enquanto a mensagem $GPGLL não for recebida por completo
L_main5:
0x022D	0x3007      	MOVLW      7
0x022E	0x026B      	SUBWF      main_i_L0, 0
0x022F	0x1803      	BTFSC      STATUS, 0
0x0230	0x2A41      	GOTO       L_main6
;gps.c,42 :: 		if(UART1_Data_Ready()){                                             // Se houver dados disponíveis para a leitura na uart
0x0231	0x2089      	CALL       _UART1_Data_Ready
0x0232	0x0870      	MOVF       R0, 0
0x0233	0x1903      	BTFSC      STATUS, 2
0x0234	0x2A40      	GOTO       L_main7
;gps.c,43 :: 		if (UART1_Read()==txt[i]){                                      // Se um caracter recebido for igual a sequência "$GPGLL"
0x0235	0x2074      	CALL       _UART1_Read
0x0236	0x086B      	MOVF       main_i_L0, 0
0x0237	0x3E63      	ADDLW      main_txt_L0
0x0238	0x0084      	MOVWF      FSR
0x0239	0x0870      	MOVF       R0, 0
0x023A	0x0600      	XORWF      INDF, 0
0x023B	0x1D03      	BTFSS      STATUS, 2
0x023C	0x2A3F      	GOTO       L_main8
;gps.c,44 :: 		i++;                                                        // Incrementa para testar novo caracter da sequência
0x023D	0x0AEB      	INCF       main_i_L0, 1
;gps.c,45 :: 		}
0x023E	0x2A40      	GOTO       L_main9
L_main8:
;gps.c,46 :: 		else i=0;                                                       // Se um caracter recebido for diferente da sequência de caracteres na string "$GPGLL", inicia-se novamente a busca desde o '$'
0x023F	0x01EB      	CLRF       main_i_L0
L_main9:
;gps.c,47 :: 		}
L_main7:
;gps.c,48 :: 		}
0x0240	0x2A2D      	GOTO       L_main5
L_main6:
;gps.c,50 :: 		UART1_Read_Text(LAT, ",", 255);                                         // Latitude
0x0241	0x303C      	MOVLW      main_LAT_L0
0x0242	0x00EC      	MOVWF      FARG_UART1_Read_Text_Output
0x0243	0x3022      	MOVLW      ?lstr2_gps
0x0244	0x00ED      	MOVWF      FARG_UART1_Read_Text_Delimiter
0x0245	0x30FF      	MOVLW      255
0x0246	0x00EE      	MOVWF      FARG_UART1_Read_Text_Attempts
0x0247	0x20A0      	CALL       _UART1_Read_Text
;gps.c,51 :: 		while(!UART1_Data_Ready());
L_main10:
0x0248	0x2089      	CALL       _UART1_Data_Ready
0x0249	0x0870      	MOVF       R0, 0
0x024A	0x1D03      	BTFSS      STATUS, 2
0x024B	0x2A4D      	GOTO       L_main11
0x024C	0x2A48      	GOTO       L_main10
L_main11:
;gps.c,52 :: 		LAT[10]=UART1_Read();                                                   // N ou S
0x024D	0x2074      	CALL       _UART1_Read
0x024E	0x0870      	MOVF       R0, 0
0x024F	0x00C6      	MOVWF      main_LAT_L0+10
;gps.c,53 :: 		while(!UART1_Data_Ready());
L_main12:
0x0250	0x2089      	CALL       _UART1_Data_Ready
0x0251	0x0870      	MOVF       R0, 0
0x0252	0x1D03      	BTFSS      STATUS, 2
0x0253	0x2A55      	GOTO       L_main13
0x0254	0x2A50      	GOTO       L_main12
L_main13:
;gps.c,54 :: 		UART1_Read();                                                           // ,
0x0255	0x2074      	CALL       _UART1_Read
;gps.c,55 :: 		while(!UART1_Data_Ready());
L_main14:
0x0256	0x2089      	CALL       _UART1_Data_Ready
0x0257	0x0870      	MOVF       R0, 0
0x0258	0x1D03      	BTFSS      STATUS, 2
0x0259	0x2A5B      	GOTO       L_main15
0x025A	0x2A56      	GOTO       L_main14
L_main15:
;gps.c,56 :: 		UART1_Read_Text(LON, ",", 255);                                         // Longitude
0x025B	0x3048      	MOVLW      main_LON_L0
0x025C	0x00EC      	MOVWF      FARG_UART1_Read_Text_Output
0x025D	0x3020      	MOVLW      ?lstr3_gps
0x025E	0x00ED      	MOVWF      FARG_UART1_Read_Text_Delimiter
0x025F	0x30FF      	MOVLW      255
0x0260	0x00EE      	MOVWF      FARG_UART1_Read_Text_Attempts
0x0261	0x20A0      	CALL       _UART1_Read_Text
;gps.c,57 :: 		while(!UART1_Data_Ready());
L_main16:
0x0262	0x2089      	CALL       _UART1_Data_Ready
0x0263	0x0870      	MOVF       R0, 0
0x0264	0x1D03      	BTFSS      STATUS, 2
0x0265	0x2A67      	GOTO       L_main17
0x0266	0x2A62      	GOTO       L_main16
L_main17:
;gps.c,58 :: 		LON[11]=UART1_Read();                                                   // E ou W
0x0267	0x2074      	CALL       _UART1_Read
0x0268	0x0870      	MOVF       R0, 0
0x0269	0x00D3      	MOVWF      main_LON_L0+11
;gps.c,59 :: 		while(!UART1_Data_Ready());
L_main18:
0x026A	0x2089      	CALL       _UART1_Data_Ready
0x026B	0x0870      	MOVF       R0, 0
0x026C	0x1D03      	BTFSS      STATUS, 2
0x026D	0x2A6F      	GOTO       L_main19
0x026E	0x2A6A      	GOTO       L_main18
L_main19:
;gps.c,60 :: 		UART1_Read();                                                           // ,
0x026F	0x2074      	CALL       _UART1_Read
;gps.c,61 :: 		UART1_Read_Text(UTC, ",", 255);                                         // Coordinated Universal Time
0x0270	0x3055      	MOVLW      main_UTC_L0
0x0271	0x00EC      	MOVWF      FARG_UART1_Read_Text_Output
0x0272	0x3026      	MOVLW      ?lstr4_gps
0x0273	0x00ED      	MOVWF      FARG_UART1_Read_Text_Delimiter
0x0274	0x30FF      	MOVLW      255
0x0275	0x00EE      	MOVWF      FARG_UART1_Read_Text_Attempts
0x0276	0x20A0      	CALL       _UART1_Read_Text
;gps.c,62 :: 		UART1_Read_Text(ack, "*", 255);                                         // Para verificar se os dados são válidos
0x0277	0x305F      	MOVLW      main_ack_L0
0x0278	0x00EC      	MOVWF      FARG_UART1_Read_Text_Output
0x0279	0x3024      	MOVLW      ?lstr5_gps
0x027A	0x00ED      	MOVWF      FARG_UART1_Read_Text_Delimiter
0x027B	0x30FF      	MOVLW      255
0x027C	0x00EE      	MOVWF      FARG_UART1_Read_Text_Attempts
0x027D	0x20A0      	CALL       _UART1_Read_Text
;gps.c,63 :: 		if(ack[0]=='A'&&ack[2]=='A'){                                           // Se as coordenadas são válidas
0x027E	0x085F      	MOVF       main_ack_L0, 0
0x027F	0x3A41      	XORLW      65
0x0280	0x1D03      	BTFSS      STATUS, 2
0x0281	0x2B1C      	GOTO       L_main22
0x0282	0x0861      	MOVF       main_ack_L0+2, 0
0x0283	0x3A41      	XORLW      65
0x0284	0x1D03      	BTFSS      STATUS, 2
0x0285	0x2B1C      	GOTO       L_main22
L__main36:
;gps.c,64 :: 		GoogleMapstext[0]=LAT[0];
0x0286	0x083C      	MOVF       main_LAT_L0, 0
0x0287	0x1683      	BSF        STATUS, 5
0x0288	0x00A0      	MOVWF      main_GoogleMapstext_L0
;gps.c,65 :: 		GoogleMapstext[1]=LAT[1];
0x0289	0x1283      	BCF        STATUS, 5
0x028A	0x083D      	MOVF       main_LAT_L0+1, 0
0x028B	0x1683      	BSF        STATUS, 5
0x028C	0x00A1      	MOVWF      main_GoogleMapstext_L0+1
;gps.c,66 :: 		GoogleMapstext[2]=0xB0;                                           // Símbolo de graus º
0x028D	0x30B0      	MOVLW      176
0x028E	0x00A2      	MOVWF      main_GoogleMapstext_L0+2
;gps.c,67 :: 		for (i=2;i<10;i++)GoogleMapstext[i+1]=LAT[i];
0x028F	0x3002      	MOVLW      2
0x0290	0x1283      	BCF        STATUS, 5
0x0291	0x00EB      	MOVWF      main_i_L0
L_main23:
0x0292	0x300A      	MOVLW      10
0x0293	0x026B      	SUBWF      main_i_L0, 0
0x0294	0x1803      	BTFSC      STATUS, 0
0x0295	0x2AAA      	GOTO       L_main24
0x0296	0x086B      	MOVF       main_i_L0, 0
0x0297	0x3E01      	ADDLW      1
0x0298	0x00F0      	MOVWF      R0
0x0299	0x01F1      	CLRF       R0+1
0x029A	0x1803      	BTFSC      STATUS, 0
0x029B	0x0AF1      	INCF       R0+1, 1
0x029C	0x0870      	MOVF       R0, 0
0x029D	0x3EA0      	ADDLW      main_GoogleMapstext_L0
0x029E	0x00F1      	MOVWF      R1
0x029F	0x086B      	MOVF       main_i_L0, 0
0x02A0	0x3E3C      	ADDLW      main_LAT_L0
0x02A1	0x0084      	MOVWF      FSR
0x02A2	0x0800      	MOVF       INDF, 0
0x02A3	0x00F0      	MOVWF      R0
0x02A4	0x0871      	MOVF       R1, 0
0x02A5	0x0084      	MOVWF      FSR
0x02A6	0x0870      	MOVF       R0, 0
0x02A7	0x0080      	MOVWF      INDF
0x02A8	0x0AEB      	INCF       main_i_L0, 1
0x02A9	0x2A92      	GOTO       L_main23
L_main24:
;gps.c,68 :: 		GoogleMapstext[11]=0x27;                                          // Símbolo de minutos '
0x02AA	0x3027      	MOVLW      39
0x02AB	0x1683      	BSF        STATUS, 5
0x02AC	0x00AB      	MOVWF      main_GoogleMapstext_L0+11
;gps.c,69 :: 		GoogleMapstext[12]=LAT[10];
0x02AD	0x1283      	BCF        STATUS, 5
0x02AE	0x0846      	MOVF       main_LAT_L0+10, 0
0x02AF	0x1683      	BSF        STATUS, 5
0x02B0	0x00AC      	MOVWF      main_GoogleMapstext_L0+12
;gps.c,70 :: 		GoogleMapstext[13]=LON[0];
0x02B1	0x1283      	BCF        STATUS, 5
0x02B2	0x0848      	MOVF       main_LON_L0, 0
0x02B3	0x1683      	BSF        STATUS, 5
0x02B4	0x00AD      	MOVWF      main_GoogleMapstext_L0+13
;gps.c,71 :: 		GoogleMapstext[14]=LON[1];
0x02B5	0x1283      	BCF        STATUS, 5
0x02B6	0x0849      	MOVF       main_LON_L0+1, 0
0x02B7	0x1683      	BSF        STATUS, 5
0x02B8	0x00AE      	MOVWF      main_GoogleMapstext_L0+14
;gps.c,72 :: 		GoogleMapstext[15]=LON[2];
0x02B9	0x1283      	BCF        STATUS, 5
0x02BA	0x084A      	MOVF       main_LON_L0+2, 0
0x02BB	0x1683      	BSF        STATUS, 5
0x02BC	0x00AF      	MOVWF      main_GoogleMapstext_L0+15
;gps.c,73 :: 		GoogleMapstext[16]=0xB0;                                          // Símbolo de graus º
0x02BD	0x30B0      	MOVLW      176
0x02BE	0x00B0      	MOVWF      main_GoogleMapstext_L0+16
;gps.c,74 :: 		for(i=3;i<11;i++)GoogleMapstext[i+14]=LON[i];
0x02BF	0x3003      	MOVLW      3
0x02C0	0x1283      	BCF        STATUS, 5
0x02C1	0x00EB      	MOVWF      main_i_L0
L_main26:
0x02C2	0x300B      	MOVLW      11
0x02C3	0x026B      	SUBWF      main_i_L0, 0
0x02C4	0x1803      	BTFSC      STATUS, 0
0x02C5	0x2ADA      	GOTO       L_main27
0x02C6	0x300E      	MOVLW      14
0x02C7	0x076B      	ADDWF      main_i_L0, 0
0x02C8	0x00F0      	MOVWF      R0
0x02C9	0x01F1      	CLRF       R0+1
0x02CA	0x1803      	BTFSC      STATUS, 0
0x02CB	0x0AF1      	INCF       R0+1, 1
0x02CC	0x0870      	MOVF       R0, 0
0x02CD	0x3EA0      	ADDLW      main_GoogleMapstext_L0
0x02CE	0x00F1      	MOVWF      R1
0x02CF	0x086B      	MOVF       main_i_L0, 0
0x02D0	0x3E48      	ADDLW      main_LON_L0
0x02D1	0x0084      	MOVWF      FSR
0x02D2	0x0800      	MOVF       INDF, 0
0x02D3	0x00F0      	MOVWF      R0
0x02D4	0x0871      	MOVF       R1, 0
0x02D5	0x0084      	MOVWF      FSR
0x02D6	0x0870      	MOVF       R0, 0
0x02D7	0x0080      	MOVWF      INDF
0x02D8	0x0AEB      	INCF       main_i_L0, 1
0x02D9	0x2AC2      	GOTO       L_main26
L_main27:
;gps.c,75 :: 		GoogleMapstext[25]=0x27;                                          // Símbolo de minutos '
0x02DA	0x3027      	MOVLW      39
0x02DB	0x1683      	BSF        STATUS, 5
0x02DC	0x00B9      	MOVWF      main_GoogleMapstext_L0+25
;gps.c,76 :: 		GoogleMapstext[26]=LON[11];
0x02DD	0x1283      	BCF        STATUS, 5
0x02DE	0x0853      	MOVF       main_LON_L0+11, 0
0x02DF	0x1683      	BSF        STATUS, 5
0x02E0	0x00BA      	MOVWF      main_GoogleMapstext_L0+26
;gps.c,77 :: 		GoogleMapstext[27]=0x0D;                                          // CR
0x02E1	0x300D      	MOVLW      13
0x02E2	0x00BB      	MOVWF      main_GoogleMapstext_L0+27
;gps.c,78 :: 		GoogleMapstext[28]=0x0A;                                          // LF
0x02E3	0x300A      	MOVLW      10
0x02E4	0x00BC      	MOVWF      main_GoogleMapstext_L0+28
;gps.c,79 :: 		GoogleMapstext[29]='\0';
0x02E5	0x01BD      	CLRF       main_GoogleMapstext_L0+29
;gps.c,80 :: 		UART1_Write_Text(GoogleMapstext);
0x02E6	0x30A0      	MOVLW      main_GoogleMapstext_L0
0x02E7	0x1283      	BCF        STATUS, 5
0x02E8	0x00EC      	MOVWF      FARG_UART1_Write_Text_uart_text
0x02E9	0x20F0      	CALL       _UART1_Write_Text
;gps.c,81 :: 		GoogleMapstext[2]=0xDF;
0x02EA	0x30DF      	MOVLW      223
0x02EB	0x1683      	BSF        STATUS, 5
0x02EC	0x00A2      	MOVWF      main_GoogleMapstext_L0+2
;gps.c,82 :: 		GoogleMapstext[16]=0xDF;
0x02ED	0x30DF      	MOVLW      223
0x02EE	0x00B0      	MOVWF      main_GoogleMapstext_L0+16
;gps.c,84 :: 		Lcd_Cmd(_LCD_CLEAR);
0x02EF	0x3001      	MOVLW      1
0x02F0	0x00C1      	MOVWF      FARG_Lcd_Cmd_out_char
0x02F1	0x201D      	CALL       _Lcd_Cmd
;gps.c,85 :: 		Lcd_Cmd(_LCD_RETURN_HOME);
0x02F2	0x3002      	MOVLW      2
0x02F3	0x1683      	BSF        STATUS, 5
0x02F4	0x00C1      	MOVWF      FARG_Lcd_Cmd_out_char
0x02F5	0x201D      	CALL       _Lcd_Cmd
;gps.c,86 :: 		for (i=0;i<13;i++) Lcd_Chr_Cp(GoogleMapstext[i]);
0x02F6	0x01EB      	CLRF       main_i_L0
L_main29:
0x02F7	0x300D      	MOVLW      13
0x02F8	0x026B      	SUBWF      main_i_L0, 0
0x02F9	0x1803      	BTFSC      STATUS, 0
0x02FA	0x2B04      	GOTO       L_main30
0x02FB	0x086B      	MOVF       main_i_L0, 0
0x02FC	0x3EA0      	ADDLW      main_GoogleMapstext_L0
0x02FD	0x0084      	MOVWF      FSR
0x02FE	0x0800      	MOVF       INDF, 0
0x02FF	0x1683      	BSF        STATUS, 5
0x0300	0x00C0      	MOVWF      FARG_Lcd_Chr_CP_out_char
0x0301	0x2090      	CALL       _Lcd_Chr_CP
0x0302	0x0AEB      	INCF       main_i_L0, 1
0x0303	0x2AF7      	GOTO       L_main29
L_main30:
;gps.c,87 :: 		Lcd_Cmd(_LCD_RETURN_HOME);
0x0304	0x3002      	MOVLW      2
0x0305	0x1683      	BSF        STATUS, 5
0x0306	0x00C1      	MOVWF      FARG_Lcd_Cmd_out_char
0x0307	0x201D      	CALL       _Lcd_Cmd
;gps.c,88 :: 		Lcd_Cmd(_LCD_SECOND_ROW);
0x0308	0x30C0      	MOVLW      192
0x0309	0x1683      	BSF        STATUS, 5
0x030A	0x00C1      	MOVWF      FARG_Lcd_Cmd_out_char
0x030B	0x201D      	CALL       _Lcd_Cmd
;gps.c,89 :: 		for (i=13;i<27;i++) Lcd_Chr_Cp(GoogleMapstext[i]);
0x030C	0x300D      	MOVLW      13
0x030D	0x00EB      	MOVWF      main_i_L0
L_main32:
0x030E	0x301B      	MOVLW      27
0x030F	0x026B      	SUBWF      main_i_L0, 0
0x0310	0x1803      	BTFSC      STATUS, 0
0x0311	0x2B1B      	GOTO       L_main33
0x0312	0x086B      	MOVF       main_i_L0, 0
0x0313	0x3EA0      	ADDLW      main_GoogleMapstext_L0
0x0314	0x0084      	MOVWF      FSR
0x0315	0x0800      	MOVF       INDF, 0
0x0316	0x1683      	BSF        STATUS, 5
0x0317	0x00C0      	MOVWF      FARG_Lcd_Chr_CP_out_char
0x0318	0x2090      	CALL       _Lcd_Chr_CP
0x0319	0x0AEB      	INCF       main_i_L0, 1
0x031A	0x2B0E      	GOTO       L_main32
L_main33:
;gps.c,90 :: 		}
0x031B	0x2B27      	GOTO       L_main35
L_main22:
;gps.c,92 :: 		Lcd_Cmd(_LCD_CLEAR);
0x031C	0x3001      	MOVLW      1
0x031D	0x1683      	BSF        STATUS, 5
0x031E	0x00C1      	MOVWF      FARG_Lcd_Cmd_out_char
0x031F	0x201D      	CALL       _Lcd_Cmd
;gps.c,93 :: 		Lcd_out(1,1,"No Signal");
0x0320	0x3001      	MOVLW      1
0x0321	0x00EC      	MOVWF      FARG_Lcd_Out_row
0x0322	0x3001      	MOVLW      1
0x0323	0x00ED      	MOVWF      FARG_Lcd_Out_column
0x0324	0x302F      	MOVLW      ?lstr6_gps
0x0325	0x00EE      	MOVWF      FARG_Lcd_Out_text
0x0326	0x2107      	CALL       _Lcd_Out
;gps.c,94 :: 		}
L_main35:
;gps.c,96 :: 		}
0x0327	0x2A2C      	GOTO       L_main2
;gps.c,97 :: 		}
L_end_main:
0x0328	0x2B28      	GOTO       $+0
; end of _main
Symbol List:
//** Routines locations **
//ADDRESS    SIZE    PROCEDURE
//----------------------------------------------
0x0003       [6]    _Delay_1us
0x0009       [7]    _Delay_50us
0x0010      [13]    _Delay_5500us
0x001D      [87]    _Lcd_Cmd
0x0074      [11]    _UART1_Read
0x007F      [10]    _UART1_Write
0x0089       [7]    _UART1_Data_Ready
0x0090       [9]    _Lcd_Chr_CP
0x0099       [7]    _____DoICP
0x00A0      [80]    _UART1_Read_Text
0x00F0      [23]    _UART1_Write_Text
0x0107      [66]    _Lcd_Out
0x0149      [16]    _UART1_Init
0x0159      [12]    ___CC2DW
0x0165      [78]    _Lcd_Init
0x01B3     [374]    _main
//** Variables locations ** 
//ADDRESS    SIZE    VARIABLE
//----------------------------------------------
0x0000       [1]    INDF
0x0002       [1]    PCL
0x0003       [1]    STATUS
0x0004       [1]    FSR
0x0006       [0]    LCD_D5
0x0006       [0]    LCD_D6
0x0006       [0]    LCD_D4
0x0006       [0]    LCD_D7
0x0006       [0]    RB5_bit
0x0006       [0]    RB2_bit
0x0006       [0]    LCD_RS
0x0006       [0]    RB0_bit
0x0006       [0]    RB1_bit
0x0006       [0]    RB4_bit
0x0006       [0]    RB3_bit
0x0006       [0]    LCD_EN
0x000A       [1]    PCLATH
0x000C       [1]    PIR1
0x0018       [1]    RCSTA
0x0019       [1]    TXREG
0x001A       [1]    RCREG
0x0020       [2]    ?lstr3_gps
0x0022       [2]    ?lstr2_gps
0x0024       [2]    ?lstr5_gps
0x0026       [2]    ?lstr4_gps
0x0028       [7]    ?lstr1_gps
0x002F      [10]    ?lstr6_gps
0x0039       [2]    ___DoICPAddr
0x003B       [0]    __Lib_Lcd_cmd_status
0x003C      [12]    main_LAT_L0
0x0048      [13]    main_LON_L0
0x0055      [10]    main_UTC_L0
0x005F       [4]    main_ack_L0
0x0063       [8]    main_txt_L0
0x006B       [1]    main_i_L0
0x006C       [1]    FARG_Lcd_Out_row
0x006C       [1]    FARG_UART1_Read_Text_Output
0x006C       [1]    FARG_UART1_Write_Text_uart_text
0x006D       [1]    FARG_Lcd_Out_column
0x006D       [1]    UART1_Write_Text_data__L0
0x006D       [1]    FARG_UART1_Read_Text_Delimiter
0x006E       [1]    UART1_Write_Text_counter_L0
0x006E       [1]    FARG_UART1_Read_Text_Attempts
0x006E       [1]    FARG_Lcd_Out_text
0x006F       [1]    Lcd_Out_i_L0
0x006F       [1]    UART1_Read_Text_r_data_L0
0x0070       [1]    R0
0x0071       [1]    R1
0x0072       [1]    R2
0x0073       [1]    R3
0x0074       [1]    R4
0x0075       [1]    R5
0x0076       [1]    R6
0x0077       [1]    R7
0x0078       [1]    R8
0x0079       [1]    R9
0x007A       [1]    R10
0x007B       [1]    R11
0x007C       [1]    R12
0x007D       [1]    R13
0x007E       [1]    R14
0x007F       [1]    R15
0x0086       [0]    LCD_EN_Direction
0x0086       [0]    LCD_D7_Direction
0x0086       [0]    LCD_D6_Direction
0x0086       [0]    LCD_RS_Direction
0x0086       [0]    TRISB0_bit
0x0086       [0]    TRISB1_bit
0x0086       [0]    TRISB2_bit
0x0086       [0]    LCD_D5_Direction
0x0086       [0]    TRISB5_bit
0x0086       [0]    TRISB4_bit
0x0086       [0]    LCD_D4_Direction
0x0086       [0]    TRISB3_bit
0x0087       [0]    TRISC7_bit
0x0087       [0]    TRISC6_bit
0x0098       [1]    TXSTA
0x0099       [1]    SPBRG
0x009F       [1]    ADCON1
0x00A0      [30]    main_GoogleMapstext_L0
0x00BE       [1]    UART1_Read_Text_out_idx_L0
0x00BF       [1]    UART1_Read_Text_delim_idx_L0
0x00C0       [1]    FARG_UART1_Write_data_
0x00C0       [1]    FARG_Lcd_Chr_CP_out_char
0x00C1       [1]    FARG_Lcd_Cmd_out_char
