;  LST file generated by mikroListExporter - v.2.0 
; Date/Time: 08/05/2019 00:57:09
;----------------------------------------------

;Address Opcode 	ASM
0x0000	0x2987      	GOTO       391
_Delay_1us:
;__Lib_Delays.c,7 :: 		void Delay_1us() {
;__Lib_Delays.c,8 :: 		Delay_us(1);
0x0003	0x0000      	NOP
0x0004	0x0000      	NOP
0x0005	0x0000      	NOP
0x0006	0x0000      	NOP
0x0007	0x0000      	NOP
;__Lib_Delays.c,9 :: 		}
L_end_Delay_1us:
0x0008	0x0008      	RETURN
; end of _Delay_1us
_Delay_50us:
;__Lib_Delays.c,19 :: 		void Delay_50us() {
;__Lib_Delays.c,20 :: 		Delay_us(50);
0x0009	0x3053      	MOVLW      83
0x000A	0x1283      	BCF        STATUS, 5
0x000B	0x1303      	BCF        STATUS, 6
0x000C	0x00FD      	MOVWF      R13
L_Delay_50us2:
0x000D	0x0BFD      	DECFSZ     R13, 1
0x000E	0x280D      	GOTO       L_Delay_50us2
;__Lib_Delays.c,21 :: 		}
L_end_Delay_50us:
0x000F	0x0008      	RETURN
; end of _Delay_50us
_Delay_5500us:
;__Lib_Delays.c,31 :: 		void Delay_5500us() {
;__Lib_Delays.c,32 :: 		Delay_us(5500);
0x0010	0x3024      	MOVLW      36
0x0011	0x1283      	BCF        STATUS, 5
0x0012	0x1303      	BCF        STATUS, 6
0x0013	0x00FC      	MOVWF      R12
0x0014	0x30B5      	MOVLW      181
0x0015	0x00FD      	MOVWF      R13
L_Delay_5500us5:
0x0016	0x0BFD      	DECFSZ     R13, 1
0x0017	0x2816      	GOTO       L_Delay_5500us5
0x0018	0x0BFC      	DECFSZ     R12, 1
0x0019	0x2816      	GOTO       L_Delay_5500us5
0x001A	0x0000      	NOP
0x001B	0x0000      	NOP
;__Lib_Delays.c,33 :: 		}
L_end_Delay_5500us:
0x001C	0x0008      	RETURN
; end of _Delay_5500us
_Lcd_Cmd:
;__Lib_Lcd.c,18 :: 		
;__Lib_Lcd.c,20 :: 		
0x001D	0x1283      	BCF        STATUS, 5
0x001E	0x1303      	BCF        STATUS, 6
0x001F	0x1BC7      	BTFSC      FARG_Lcd_Cmd_out_char, 7
0x0020	0x2823      	GOTO       L__Lcd_Cmd21
0x0021	0x1186      	BCF        LCD_D7, BitPos(LCD_D7+0)
0x0022	0x2824      	GOTO       L__Lcd_Cmd22
L__Lcd_Cmd21:
0x0023	0x1586      	BSF        LCD_D7, BitPos(LCD_D7+0)
L__Lcd_Cmd22:
;__Lib_Lcd.c,21 :: 		
0x0024	0x1B47      	BTFSC      FARG_Lcd_Cmd_out_char, 6
0x0025	0x2828      	GOTO       L__Lcd_Cmd23
0x0026	0x1106      	BCF        LCD_D6, BitPos(LCD_D6+0)
0x0027	0x2829      	GOTO       L__Lcd_Cmd24
L__Lcd_Cmd23:
0x0028	0x1506      	BSF        LCD_D6, BitPos(LCD_D6+0)
L__Lcd_Cmd24:
;__Lib_Lcd.c,22 :: 		
0x0029	0x1AC7      	BTFSC      FARG_Lcd_Cmd_out_char, 5
0x002A	0x282D      	GOTO       L__Lcd_Cmd25
0x002B	0x1086      	BCF        LCD_D5, BitPos(LCD_D5+0)
0x002C	0x282E      	GOTO       L__Lcd_Cmd26
L__Lcd_Cmd25:
0x002D	0x1486      	BSF        LCD_D5, BitPos(LCD_D5+0)
L__Lcd_Cmd26:
;__Lib_Lcd.c,23 :: 		
0x002E	0x1A47      	BTFSC      FARG_Lcd_Cmd_out_char, 4
0x002F	0x2832      	GOTO       L__Lcd_Cmd27
0x0030	0x1006      	BCF        LCD_D4, BitPos(LCD_D4+0)
0x0031	0x2833      	GOTO       L__Lcd_Cmd28
L__Lcd_Cmd27:
0x0032	0x1406      	BSF        LCD_D4, BitPos(LCD_D4+0)
L__Lcd_Cmd28:
;__Lib_Lcd.c,25 :: 		
0x0033	0x183D      	BTFSC      __Lib_Lcd_cmd_status, BitPos(__Lib_Lcd_cmd_status+0)
0x0034	0x2837      	GOTO       L__Lcd_Cmd29
0x0035	0x1606      	BSF        LCD_RS, BitPos(LCD_RS+0)
0x0036	0x2838      	GOTO       L__Lcd_Cmd30
L__Lcd_Cmd29:
0x0037	0x1206      	BCF        LCD_RS, BitPos(LCD_RS+0)
L__Lcd_Cmd30:
;__Lib_Lcd.c,28 :: 		
0x0038	0x1686      	BSF        LCD_EN, BitPos(LCD_EN+0)
;__Lib_Lcd.c,29 :: 		
0x0039	0x2003      	CALL       _Delay_1us
;__Lib_Lcd.c,30 :: 		
0x003A	0x1286      	BCF        LCD_EN, BitPos(LCD_EN+0)
;__Lib_Lcd.c,33 :: 		
0x003B	0x19C7      	BTFSC      FARG_Lcd_Cmd_out_char, 3
0x003C	0x283F      	GOTO       L__Lcd_Cmd31
0x003D	0x1186      	BCF        LCD_D7, BitPos(LCD_D7+0)
0x003E	0x2840      	GOTO       L__Lcd_Cmd32
L__Lcd_Cmd31:
0x003F	0x1586      	BSF        LCD_D7, BitPos(LCD_D7+0)
L__Lcd_Cmd32:
;__Lib_Lcd.c,34 :: 		
0x0040	0x1947      	BTFSC      FARG_Lcd_Cmd_out_char, 2
0x0041	0x2844      	GOTO       L__Lcd_Cmd33
0x0042	0x1106      	BCF        LCD_D6, BitPos(LCD_D6+0)
0x0043	0x2845      	GOTO       L__Lcd_Cmd34
L__Lcd_Cmd33:
0x0044	0x1506      	BSF        LCD_D6, BitPos(LCD_D6+0)
L__Lcd_Cmd34:
;__Lib_Lcd.c,35 :: 		
0x0045	0x18C7      	BTFSC      FARG_Lcd_Cmd_out_char, 1
0x0046	0x2849      	GOTO       L__Lcd_Cmd35
0x0047	0x1086      	BCF        LCD_D5, BitPos(LCD_D5+0)
0x0048	0x284A      	GOTO       L__Lcd_Cmd36
L__Lcd_Cmd35:
0x0049	0x1486      	BSF        LCD_D5, BitPos(LCD_D5+0)
L__Lcd_Cmd36:
;__Lib_Lcd.c,36 :: 		
0x004A	0x1847      	BTFSC      FARG_Lcd_Cmd_out_char, 0
0x004B	0x284E      	GOTO       L__Lcd_Cmd37
0x004C	0x1006      	BCF        LCD_D4, BitPos(LCD_D4+0)
0x004D	0x284F      	GOTO       L__Lcd_Cmd38
L__Lcd_Cmd37:
0x004E	0x1406      	BSF        LCD_D4, BitPos(LCD_D4+0)
L__Lcd_Cmd38:
;__Lib_Lcd.c,38 :: 		
0x004F	0x183D      	BTFSC      __Lib_Lcd_cmd_status, BitPos(__Lib_Lcd_cmd_status+0)
0x0050	0x2853      	GOTO       L__Lcd_Cmd39
0x0051	0x1606      	BSF        LCD_RS, BitPos(LCD_RS+0)
0x0052	0x2854      	GOTO       L__Lcd_Cmd40
L__Lcd_Cmd39:
0x0053	0x1206      	BCF        LCD_RS, BitPos(LCD_RS+0)
L__Lcd_Cmd40:
;__Lib_Lcd.c,40 :: 		
0x0054	0x1686      	BSF        LCD_EN, BitPos(LCD_EN+0)
;__Lib_Lcd.c,41 :: 		
0x0055	0x2003      	CALL       _Delay_1us
;__Lib_Lcd.c,42 :: 		
0x0056	0x1286      	BCF        LCD_EN, BitPos(LCD_EN+0)
;__Lib_Lcd.c,44 :: 		
0x0057	0x1C3D      	BTFSS      __Lib_Lcd_cmd_status, BitPos(__Lib_Lcd_cmd_status+0)
0x0058	0x285B      	GOTO       L_Lcd_Cmd0
;__Lib_Lcd.c,45 :: 		
0x0059	0x2010      	CALL       _Delay_5500us
0x005A	0x285C      	GOTO       L_Lcd_Cmd1
L_Lcd_Cmd0:
;__Lib_Lcd.c,47 :: 		
0x005B	0x2009      	CALL       _Delay_50us
L_Lcd_Cmd1:
;__Lib_Lcd.c,48 :: 		
L_end_Lcd_Cmd:
0x005C	0x0008      	RETURN
; end of _Lcd_Cmd
_____DoICP:
;__Lib_System.c,6 :: 		
;__Lib_System.c,9 :: 		
0x005D	0x1283      	BCF        STATUS, 5
0x005E	0x1303      	BCF        STATUS, 6
0x005F	0x083F      	MOVF       ___DoICPAddr+1, 0
0x0060	0x008A      	MOVWF      PCLATH
;__Lib_System.c,10 :: 		
0x0061	0x083E      	MOVF       ___DoICPAddr, 0
0x0062	0x0082      	MOVWF      PCL
;__Lib_System.c,12 :: 		
L_end_____DoICP:
0x0063	0x0008      	RETURN
; end of _____DoICP
_Lcd_Chr:
;__Lib_Lcd.c,65 :: 		
;__Lib_Lcd.c,66 :: 		
0x0064	0x2876      	GOTO       L_Lcd_Chr4
;__Lib_Lcd.c,67 :: 		
L_Lcd_Chr6:
0x0065	0x3080      	MOVLW      128
0x0066	0x1283      	BCF        STATUS, 5
0x0067	0x1303      	BCF        STATUS, 6
0x0068	0x00C4      	MOVWF      FARG_Lcd_Chr_row
0x0069	0x2889      	GOTO       L_Lcd_Chr5
;__Lib_Lcd.c,68 :: 		
L_Lcd_Chr7:
0x006A	0x30C0      	MOVLW      192
0x006B	0x00C4      	MOVWF      FARG_Lcd_Chr_row
0x006C	0x2889      	GOTO       L_Lcd_Chr5
;__Lib_Lcd.c,69 :: 		
L_Lcd_Chr8:
0x006D	0x3094      	MOVLW      148
0x006E	0x00C4      	MOVWF      FARG_Lcd_Chr_row
0x006F	0x2889      	GOTO       L_Lcd_Chr5
;__Lib_Lcd.c,70 :: 		
L_Lcd_Chr9:
0x0070	0x30D4      	MOVLW      212
0x0071	0x00C4      	MOVWF      FARG_Lcd_Chr_row
0x0072	0x2889      	GOTO       L_Lcd_Chr5
;__Lib_Lcd.c,71 :: 		
L_Lcd_Chr10:
0x0073	0x3080      	MOVLW      128
0x0074	0x00C4      	MOVWF      FARG_Lcd_Chr_row
;__Lib_Lcd.c,72 :: 		
0x0075	0x2889      	GOTO       L_Lcd_Chr5
L_Lcd_Chr4:
0x0076	0x1283      	BCF        STATUS, 5
0x0077	0x1303      	BCF        STATUS, 6
0x0078	0x0844      	MOVF       FARG_Lcd_Chr_row, 0
0x0079	0x3A01      	XORLW      1
0x007A	0x1903      	BTFSC      STATUS, 2
0x007B	0x2865      	GOTO       L_Lcd_Chr6
0x007C	0x0844      	MOVF       FARG_Lcd_Chr_row, 0
0x007D	0x3A02      	XORLW      2
0x007E	0x1903      	BTFSC      STATUS, 2
0x007F	0x286A      	GOTO       L_Lcd_Chr7
0x0080	0x0844      	MOVF       FARG_Lcd_Chr_row, 0
0x0081	0x3A03      	XORLW      3
0x0082	0x1903      	BTFSC      STATUS, 2
0x0083	0x286D      	GOTO       L_Lcd_Chr8
0x0084	0x0844      	MOVF       FARG_Lcd_Chr_row, 0
0x0085	0x3A04      	XORLW      4
0x0086	0x1903      	BTFSC      STATUS, 2
0x0087	0x2870      	GOTO       L_Lcd_Chr9
0x0088	0x2873      	GOTO       L_Lcd_Chr10
L_Lcd_Chr5:
;__Lib_Lcd.c,74 :: 		
0x0089	0x0345      	DECF       FARG_Lcd_Chr_column, 0
0x008A	0x00F0      	MOVWF      R0
0x008B	0x0844      	MOVF       FARG_Lcd_Chr_row, 0
0x008C	0x07F0      	ADDWF      R0, 1
0x008D	0x0870      	MOVF       R0, 0
0x008E	0x00C4      	MOVWF      FARG_Lcd_Chr_row
;__Lib_Lcd.c,76 :: 		
0x008F	0x143D      	BSF        __Lib_Lcd_cmd_status, BitPos(__Lib_Lcd_cmd_status+0)
;__Lib_Lcd.c,77 :: 		
0x0090	0x0870      	MOVF       R0, 0
0x0091	0x00C7      	MOVWF      FARG_Lcd_Cmd_out_char
0x0092	0x201D      	CALL       _Lcd_Cmd
;__Lib_Lcd.c,79 :: 		
0x0093	0x103D      	BCF        __Lib_Lcd_cmd_status, BitPos(__Lib_Lcd_cmd_status+0)
;__Lib_Lcd.c,80 :: 		
0x0094	0x0846      	MOVF       FARG_Lcd_Chr_out_char, 0
0x0095	0x00C7      	MOVWF      FARG_Lcd_Cmd_out_char
0x0096	0x201D      	CALL       _Lcd_Cmd
;__Lib_Lcd.c,81 :: 		
0x0097	0x143D      	BSF        __Lib_Lcd_cmd_status, BitPos(__Lib_Lcd_cmd_status+0)
;__Lib_Lcd.c,82 :: 		
L_end_Lcd_Chr:
0x0098	0x0008      	RETURN
; end of _Lcd_Chr
_Lcd_Chr_CP:
;__Lib_Lcd.c,50 :: 		
;__Lib_Lcd.c,52 :: 		
0x0099	0x1283      	BCF        STATUS, 5
0x009A	0x1303      	BCF        STATUS, 6
0x009B	0x103D      	BCF        __Lib_Lcd_cmd_status, BitPos(__Lib_Lcd_cmd_status+0)
;__Lib_Lcd.c,53 :: 		
0x009C	0x0844      	MOVF       FARG_Lcd_Chr_CP_out_char, 0
0x009D	0x00C7      	MOVWF      FARG_Lcd_Cmd_out_char
0x009E	0x201D      	CALL       _Lcd_Cmd
;__Lib_Lcd.c,54 :: 		
0x009F	0x143D      	BSF        __Lib_Lcd_cmd_status, BitPos(__Lib_Lcd_cmd_status+0)
;__Lib_Lcd.c,55 :: 		
L_end_Lcd_Chr_CP:
0x00A0	0x0008      	RETURN
; end of _Lcd_Chr_CP
_CustomChar1:
;customLCD.c,30 :: 		void CustomChar1(char pos_row, char pos_char) {
;customLCD.c,32 :: 		Lcd_Cmd(64);
0x00A1	0x3040      	MOVLW      64
0x00A2	0x1283      	BCF        STATUS, 5
0x00A3	0x1303      	BCF        STATUS, 6
0x00A4	0x00C7      	MOVWF      FARG_Lcd_Cmd_out_char
0x00A5	0x201D      	CALL       _Lcd_Cmd
;customLCD.c,33 :: 		for (i = 0; i<=7; i++) Lcd_Chr_CP(character1[i]);
0x00A6	0x01C2      	CLRF       CustomChar1_i_L0
L_CustomChar13:
0x00A7	0x0842      	MOVF       CustomChar1_i_L0, 0
0x00A8	0x3C07      	SUBLW      7
0x00A9	0x1C03      	BTFSS      STATUS, 0
0x00AA	0x28BD      	GOTO       L_CustomChar14
0x00AB	0x0842      	MOVF       CustomChar1_i_L0, 0
0x00AC	0x3EFF      	ADDLW      _character1
0x00AD	0x00F0      	MOVWF      R0
0x00AE	0x3001      	MOVLW      hi_addr(_character1)
0x00AF	0x1803      	BTFSC      STATUS, 0
0x00B0	0x3E01      	ADDLW      1
0x00B1	0x00F1      	MOVWF      R0+1
0x00B2	0x0870      	MOVF       R0, 0
0x00B3	0x00BE      	MOVWF      ___DoICPAddr
0x00B4	0x0871      	MOVF       R0+1, 0
0x00B5	0x00BF      	MOVWF      ___DoICPAddr+1
0x00B6	0x205D      	CALL       _____DoICP
0x00B7	0x118A      	BCF        PCLATH, 3
0x00B8	0x120A      	BCF        PCLATH, 4
0x00B9	0x00C4      	MOVWF      FARG_Lcd_Chr_CP_out_char
0x00BA	0x2099      	CALL       _Lcd_Chr_CP
0x00BB	0x0AC2      	INCF       CustomChar1_i_L0, 1
0x00BC	0x28A7      	GOTO       L_CustomChar13
L_CustomChar14:
;customLCD.c,34 :: 		Lcd_Cmd(_LCD_RETURN_HOME);
0x00BD	0x3002      	MOVLW      2
0x00BE	0x00C7      	MOVWF      FARG_Lcd_Cmd_out_char
0x00BF	0x201D      	CALL       _Lcd_Cmd
;customLCD.c,35 :: 		Lcd_Chr(pos_row, pos_char, 0);
0x00C0	0x0840      	MOVF       FARG_CustomChar1_pos_row, 0
0x00C1	0x00C4      	MOVWF      FARG_Lcd_Chr_row
0x00C2	0x0841      	MOVF       FARG_CustomChar1_pos_char, 0
0x00C3	0x00C5      	MOVWF      FARG_Lcd_Chr_column
0x00C4	0x01C6      	CLRF       FARG_Lcd_Chr_out_char
0x00C5	0x2064      	CALL       _Lcd_Chr
;customLCD.c,36 :: 		}
L_end_CustomChar1:
0x00C6	0x0008      	RETURN
; end of _CustomChar1
_Lcd_Out:
;__Lib_Lcd.c,184 :: 		
;__Lib_Lcd.c,187 :: 		
0x00C7	0x28D9      	GOTO       L_Lcd_Out11
;__Lib_Lcd.c,188 :: 		
L_Lcd_Out13:
0x00C8	0x3080      	MOVLW      128
0x00C9	0x1283      	BCF        STATUS, 5
0x00CA	0x1303      	BCF        STATUS, 6
0x00CB	0x00C0      	MOVWF      FARG_Lcd_Out_row
0x00CC	0x28EC      	GOTO       L_Lcd_Out12
;__Lib_Lcd.c,189 :: 		
L_Lcd_Out14:
0x00CD	0x30C0      	MOVLW      192
0x00CE	0x00C0      	MOVWF      FARG_Lcd_Out_row
0x00CF	0x28EC      	GOTO       L_Lcd_Out12
;__Lib_Lcd.c,190 :: 		
L_Lcd_Out15:
0x00D0	0x3094      	MOVLW      148
0x00D1	0x00C0      	MOVWF      FARG_Lcd_Out_row
0x00D2	0x28EC      	GOTO       L_Lcd_Out12
;__Lib_Lcd.c,191 :: 		
L_Lcd_Out16:
0x00D3	0x30D4      	MOVLW      212
0x00D4	0x00C0      	MOVWF      FARG_Lcd_Out_row
0x00D5	0x28EC      	GOTO       L_Lcd_Out12
;__Lib_Lcd.c,192 :: 		
L_Lcd_Out17:
0x00D6	0x3080      	MOVLW      128
0x00D7	0x00C0      	MOVWF      FARG_Lcd_Out_row
;__Lib_Lcd.c,193 :: 		
0x00D8	0x28EC      	GOTO       L_Lcd_Out12
L_Lcd_Out11:
0x00D9	0x1283      	BCF        STATUS, 5
0x00DA	0x1303      	BCF        STATUS, 6
0x00DB	0x0840      	MOVF       FARG_Lcd_Out_row, 0
0x00DC	0x3A01      	XORLW      1
0x00DD	0x1903      	BTFSC      STATUS, 2
0x00DE	0x28C8      	GOTO       L_Lcd_Out13
0x00DF	0x0840      	MOVF       FARG_Lcd_Out_row, 0
0x00E0	0x3A02      	XORLW      2
0x00E1	0x1903      	BTFSC      STATUS, 2
0x00E2	0x28CD      	GOTO       L_Lcd_Out14
0x00E3	0x0840      	MOVF       FARG_Lcd_Out_row, 0
0x00E4	0x3A03      	XORLW      3
0x00E5	0x1903      	BTFSC      STATUS, 2
0x00E6	0x28D0      	GOTO       L_Lcd_Out15
0x00E7	0x0840      	MOVF       FARG_Lcd_Out_row, 0
0x00E8	0x3A04      	XORLW      4
0x00E9	0x1903      	BTFSC      STATUS, 2
0x00EA	0x28D3      	GOTO       L_Lcd_Out16
0x00EB	0x28D6      	GOTO       L_Lcd_Out17
L_Lcd_Out12:
;__Lib_Lcd.c,194 :: 		
0x00EC	0x0341      	DECF       FARG_Lcd_Out_column, 0
0x00ED	0x00F0      	MOVWF      R0
0x00EE	0x0840      	MOVF       FARG_Lcd_Out_row, 0
0x00EF	0x07F0      	ADDWF      R0, 1
0x00F0	0x0870      	MOVF       R0, 0
0x00F1	0x00C0      	MOVWF      FARG_Lcd_Out_row
;__Lib_Lcd.c,196 :: 		
0x00F2	0x0870      	MOVF       R0, 0
0x00F3	0x00C7      	MOVWF      FARG_Lcd_Cmd_out_char
0x00F4	0x201D      	CALL       _Lcd_Cmd
;__Lib_Lcd.c,197 :: 		
0x00F5	0x103D      	BCF        __Lib_Lcd_cmd_status, BitPos(__Lib_Lcd_cmd_status+0)
;__Lib_Lcd.c,198 :: 		
0x00F6	0x01C3      	CLRF       Lcd_Out_i_L0
;__Lib_Lcd.c,199 :: 		
L_Lcd_Out18:
0x00F7	0x0843      	MOVF       Lcd_Out_i_L0, 0
0x00F8	0x0742      	ADDWF      FARG_Lcd_Out_text, 0
0x00F9	0x0084      	MOVWF      FSR
0x00FA	0x0800      	MOVF       INDF, 0
0x00FB	0x1903      	BTFSC      STATUS, 2
0x00FC	0x2905      	GOTO       L_Lcd_Out19
;__Lib_Lcd.c,200 :: 		
0x00FD	0x0843      	MOVF       Lcd_Out_i_L0, 0
0x00FE	0x0742      	ADDWF      FARG_Lcd_Out_text, 0
0x00FF	0x0084      	MOVWF      FSR
0x0100	0x0800      	MOVF       INDF, 0
0x0101	0x00C4      	MOVWF      FARG_Lcd_Chr_CP_out_char
0x0102	0x2099      	CALL       _Lcd_Chr_CP
0x0103	0x0AC3      	INCF       Lcd_Out_i_L0, 1
0x0104	0x28F7      	GOTO       L_Lcd_Out18
L_Lcd_Out19:
;__Lib_Lcd.c,201 :: 		
0x0105	0x143D      	BSF        __Lib_Lcd_cmd_status, BitPos(__Lib_Lcd_cmd_status+0)
;__Lib_Lcd.c,202 :: 		
L_end_Lcd_Out:
0x0106	0x0008      	RETURN
; end of _Lcd_Out
_CustomChar:
;customLCD.c,21 :: 		void CustomChar(char pos_row, char pos_char) {
;customLCD.c,23 :: 		Lcd_Cmd(64);
0x0107	0x3040      	MOVLW      64
0x0108	0x1283      	BCF        STATUS, 5
0x0109	0x1303      	BCF        STATUS, 6
0x010A	0x00C7      	MOVWF      FARG_Lcd_Cmd_out_char
0x010B	0x201D      	CALL       _Lcd_Cmd
;customLCD.c,24 :: 		for (i = 0; i<=7; i++) Lcd_Chr_CP(character[i]);
0x010C	0x01C2      	CLRF       CustomChar_i_L0
L_CustomChar0:
0x010D	0x0842      	MOVF       CustomChar_i_L0, 0
0x010E	0x3C07      	SUBLW      7
0x010F	0x1C03      	BTFSS      STATUS, 0
0x0110	0x2923      	GOTO       L_CustomChar1
0x0111	0x0842      	MOVF       CustomChar_i_L0, 0
0x0112	0x3E07      	ADDLW      _character
0x0113	0x00F0      	MOVWF      R0
0x0114	0x3002      	MOVLW      hi_addr(_character)
0x0115	0x1803      	BTFSC      STATUS, 0
0x0116	0x3E01      	ADDLW      1
0x0117	0x00F1      	MOVWF      R0+1
0x0118	0x0870      	MOVF       R0, 0
0x0119	0x00BE      	MOVWF      ___DoICPAddr
0x011A	0x0871      	MOVF       R0+1, 0
0x011B	0x00BF      	MOVWF      ___DoICPAddr+1
0x011C	0x205D      	CALL       _____DoICP
0x011D	0x118A      	BCF        PCLATH, 3
0x011E	0x120A      	BCF        PCLATH, 4
0x011F	0x00C4      	MOVWF      FARG_Lcd_Chr_CP_out_char
0x0120	0x2099      	CALL       _Lcd_Chr_CP
0x0121	0x0AC2      	INCF       CustomChar_i_L0, 1
0x0122	0x290D      	GOTO       L_CustomChar0
L_CustomChar1:
;customLCD.c,25 :: 		Lcd_Cmd(_LCD_RETURN_HOME);
0x0123	0x3002      	MOVLW      2
0x0124	0x00C7      	MOVWF      FARG_Lcd_Cmd_out_char
0x0125	0x201D      	CALL       _Lcd_Cmd
;customLCD.c,26 :: 		Lcd_Chr(pos_row, pos_char, 0);
0x0126	0x0840      	MOVF       FARG_CustomChar_pos_row, 0
0x0127	0x00C4      	MOVWF      FARG_Lcd_Chr_row
0x0128	0x0841      	MOVF       FARG_CustomChar_pos_char, 0
0x0129	0x00C5      	MOVWF      FARG_Lcd_Chr_column
0x012A	0x01C6      	CLRF       FARG_Lcd_Chr_out_char
0x012B	0x2064      	CALL       _Lcd_Chr
;customLCD.c,27 :: 		}
L_end_CustomChar:
0x012C	0x0008      	RETURN
; end of _CustomChar
_Lcd_Init:
;__Lib_Lcd.c,84 :: 		
;__Lib_Lcd.c,86 :: 		
0x012D	0x1683      	BSF        STATUS, 5
0x012E	0x1303      	BCF        STATUS, 6
0x012F	0x1286      	BCF        LCD_EN_Direction, BitPos(LCD_EN_Direction+0)
;__Lib_Lcd.c,87 :: 		
0x0130	0x1206      	BCF        LCD_RS_Direction, BitPos(LCD_RS_Direction+0)
;__Lib_Lcd.c,88 :: 		
0x0131	0x1006      	BCF        LCD_D4_Direction, BitPos(LCD_D4_Direction+0)
;__Lib_Lcd.c,89 :: 		
0x0132	0x1086      	BCF        LCD_D5_Direction, BitPos(LCD_D5_Direction+0)
;__Lib_Lcd.c,90 :: 		
0x0133	0x1106      	BCF        LCD_D6_Direction, BitPos(LCD_D6_Direction+0)
;__Lib_Lcd.c,91 :: 		
0x0134	0x1186      	BCF        LCD_D7_Direction, BitPos(LCD_D7_Direction+0)
;__Lib_Lcd.c,93 :: 		
0x0135	0x1283      	BCF        STATUS, 5
0x0136	0x1286      	BCF        LCD_EN, BitPos(LCD_EN+0)
;__Lib_Lcd.c,94 :: 		
0x0137	0x1206      	BCF        LCD_RS, BitPos(LCD_RS+0)
;__Lib_Lcd.c,95 :: 		
0x0138	0x1186      	BCF        LCD_D7, BitPos(LCD_D7+0)
;__Lib_Lcd.c,96 :: 		
0x0139	0x1106      	BCF        LCD_D6, BitPos(LCD_D6+0)
;__Lib_Lcd.c,97 :: 		
0x013A	0x1086      	BCF        LCD_D5, BitPos(LCD_D5+0)
;__Lib_Lcd.c,98 :: 		
0x013B	0x1006      	BCF        LCD_D4, BitPos(LCD_D4+0)
;__Lib_Lcd.c,100 :: 		
0x013C	0x2010      	CALL       _Delay_5500us
;__Lib_Lcd.c,101 :: 		
0x013D	0x2010      	CALL       _Delay_5500us
;__Lib_Lcd.c,102 :: 		
0x013E	0x2010      	CALL       _Delay_5500us
;__Lib_Lcd.c,105 :: 		
0x013F	0x1486      	BSF        LCD_D5, BitPos(LCD_D5+0)
;__Lib_Lcd.c,106 :: 		
0x0140	0x1406      	BSF        LCD_D4, BitPos(LCD_D4+0)
;__Lib_Lcd.c,107 :: 		
0x0141	0x1686      	BSF        LCD_EN, BitPos(LCD_EN+0)
;__Lib_Lcd.c,108 :: 		
0x0142	0x2003      	CALL       _Delay_1us
;__Lib_Lcd.c,109 :: 		
0x0143	0x1286      	BCF        LCD_EN, BitPos(LCD_EN+0)
;__Lib_Lcd.c,110 :: 		
0x0144	0x2010      	CALL       _Delay_5500us
;__Lib_Lcd.c,112 :: 		
0x0145	0x1686      	BSF        LCD_EN, BitPos(LCD_EN+0)
;__Lib_Lcd.c,113 :: 		
0x0146	0x2003      	CALL       _Delay_1us
;__Lib_Lcd.c,114 :: 		
0x0147	0x1286      	BCF        LCD_EN, BitPos(LCD_EN+0)
;__Lib_Lcd.c,115 :: 		
0x0148	0x2010      	CALL       _Delay_5500us
;__Lib_Lcd.c,117 :: 		
0x0149	0x1686      	BSF        LCD_EN, BitPos(LCD_EN+0)
;__Lib_Lcd.c,118 :: 		
0x014A	0x2003      	CALL       _Delay_1us
;__Lib_Lcd.c,119 :: 		
0x014B	0x1286      	BCF        LCD_EN, BitPos(LCD_EN+0)
;__Lib_Lcd.c,120 :: 		
0x014C	0x2010      	CALL       _Delay_5500us
;__Lib_Lcd.c,123 :: 		
0x014D	0x1006      	BCF        LCD_D4, BitPos(LCD_D4+0)
;__Lib_Lcd.c,124 :: 		
0x014E	0x1686      	BSF        LCD_EN, BitPos(LCD_EN+0)
;__Lib_Lcd.c,125 :: 		
0x014F	0x2003      	CALL       _Delay_1us
;__Lib_Lcd.c,126 :: 		
0x0150	0x1286      	BCF        LCD_EN, BitPos(LCD_EN+0)
;__Lib_Lcd.c,127 :: 		
0x0151	0x2010      	CALL       _Delay_5500us
;__Lib_Lcd.c,130 :: 		
0x0152	0x1686      	BSF        LCD_EN, BitPos(LCD_EN+0)
;__Lib_Lcd.c,131 :: 		
0x0153	0x2003      	CALL       _Delay_1us
;__Lib_Lcd.c,132 :: 		
0x0154	0x1286      	BCF        LCD_EN, BitPos(LCD_EN+0)
;__Lib_Lcd.c,134 :: 		
0x0155	0x1086      	BCF        LCD_D5, BitPos(LCD_D5+0)
;__Lib_Lcd.c,135 :: 		
0x0156	0x1586      	BSF        LCD_D7, BitPos(LCD_D7+0)
;__Lib_Lcd.c,136 :: 		
0x0157	0x1686      	BSF        LCD_EN, BitPos(LCD_EN+0)
;__Lib_Lcd.c,137 :: 		
0x0158	0x2003      	CALL       _Delay_1us
;__Lib_Lcd.c,138 :: 		
0x0159	0x1286      	BCF        LCD_EN, BitPos(LCD_EN+0)
;__Lib_Lcd.c,139 :: 		
0x015A	0x2010      	CALL       _Delay_5500us
;__Lib_Lcd.c,142 :: 		
0x015B	0x1186      	BCF        LCD_D7, BitPos(LCD_D7+0)
;__Lib_Lcd.c,143 :: 		
0x015C	0x1406      	BSF        LCD_D4, BitPos(LCD_D4+0)
;__Lib_Lcd.c,144 :: 		
0x015D	0x1686      	BSF        LCD_EN, BitPos(LCD_EN+0)
;__Lib_Lcd.c,145 :: 		
0x015E	0x2003      	CALL       _Delay_1us
;__Lib_Lcd.c,146 :: 		
0x015F	0x1286      	BCF        LCD_EN, BitPos(LCD_EN+0)
;__Lib_Lcd.c,148 :: 		
0x0160	0x1006      	BCF        LCD_D4, BitPos(LCD_D4+0)
;__Lib_Lcd.c,149 :: 		
0x0161	0x1686      	BSF        LCD_EN, BitPos(LCD_EN+0)
;__Lib_Lcd.c,150 :: 		
0x0162	0x2003      	CALL       _Delay_1us
;__Lib_Lcd.c,151 :: 		
0x0163	0x1286      	BCF        LCD_EN, BitPos(LCD_EN+0)
;__Lib_Lcd.c,152 :: 		
0x0164	0x2010      	CALL       _Delay_5500us
;__Lib_Lcd.c,155 :: 		
0x0165	0x1686      	BSF        LCD_EN, BitPos(LCD_EN+0)
;__Lib_Lcd.c,156 :: 		
0x0166	0x2003      	CALL       _Delay_1us
;__Lib_Lcd.c,157 :: 		
0x0167	0x1286      	BCF        LCD_EN, BitPos(LCD_EN+0)
;__Lib_Lcd.c,159 :: 		
0x0168	0x1406      	BSF        LCD_D4, BitPos(LCD_D4+0)
;__Lib_Lcd.c,160 :: 		
0x0169	0x1686      	BSF        LCD_EN, BitPos(LCD_EN+0)
;__Lib_Lcd.c,161 :: 		
0x016A	0x2003      	CALL       _Delay_1us
;__Lib_Lcd.c,162 :: 		
0x016B	0x1286      	BCF        LCD_EN, BitPos(LCD_EN+0)
;__Lib_Lcd.c,163 :: 		
0x016C	0x2010      	CALL       _Delay_5500us
;__Lib_Lcd.c,166 :: 		
0x016D	0x1006      	BCF        LCD_D4, BitPos(LCD_D4+0)
;__Lib_Lcd.c,167 :: 		
0x016E	0x1686      	BSF        LCD_EN, BitPos(LCD_EN+0)
;__Lib_Lcd.c,168 :: 		
0x016F	0x2003      	CALL       _Delay_1us
;__Lib_Lcd.c,169 :: 		
0x0170	0x1286      	BCF        LCD_EN, BitPos(LCD_EN+0)
;__Lib_Lcd.c,171 :: 		
0x0171	0x1586      	BSF        LCD_D7, BitPos(LCD_D7+0)
;__Lib_Lcd.c,172 :: 		
0x0172	0x1506      	BSF        LCD_D6, BitPos(LCD_D6+0)
;__Lib_Lcd.c,173 :: 		
0x0173	0x1486      	BSF        LCD_D5, BitPos(LCD_D5+0)
;__Lib_Lcd.c,174 :: 		
0x0174	0x1406      	BSF        LCD_D4, BitPos(LCD_D4+0)
;__Lib_Lcd.c,175 :: 		
0x0175	0x1686      	BSF        LCD_EN, BitPos(LCD_EN+0)
;__Lib_Lcd.c,176 :: 		
0x0176	0x2003      	CALL       _Delay_1us
;__Lib_Lcd.c,177 :: 		
0x0177	0x1286      	BCF        LCD_EN, BitPos(LCD_EN+0)
;__Lib_Lcd.c,179 :: 		
0x0178	0x2010      	CALL       _Delay_5500us
;__Lib_Lcd.c,181 :: 		
0x0179	0x143D      	BSF        __Lib_Lcd_cmd_status, BitPos(__Lib_Lcd_cmd_status+0)
;__Lib_Lcd.c,182 :: 		
L_end_Lcd_Init:
0x017A	0x0008      	RETURN
; end of _Lcd_Init
___CC2DW:
;__Lib_System.c,134 :: 		
;__Lib_System.c,137 :: 		
_CC2D_Loop1:
;__Lib_System.c,139 :: 		
0x017B	0x205D      	CALL       _____DoICP
0x017C	0x118A      	BCF        PCLATH, 3
0x017D	0x120A      	BCF        PCLATH, 4
;__Lib_System.c,141 :: 		
0x017E	0x0080      	MOVWF      INDF
;__Lib_System.c,142 :: 		
0x017F	0x0A84      	INCF       FSR, 1
;__Lib_System.c,143 :: 		
0x0180	0x0ABE      	INCF       ___DoICPAddr, 1
;__Lib_System.c,145 :: 		
0x0181	0x1903      	BTFSC      STATUS, 2
;__Lib_System.c,146 :: 		
0x0182	0x0ABF      	INCF       ___DoICPAddr+1, 1
;__Lib_System.c,147 :: 		
0x0183	0x03F0      	DECF       R0, 1
;__Lib_System.c,149 :: 		
0x0184	0x1D03      	BTFSS      STATUS, 2
;__Lib_System.c,150 :: 		
0x0185	0x297B      	GOTO       _CC2D_Loop1
;__Lib_System.c,152 :: 		
L_end___CC2DW:
0x0186	0x0008      	RETURN
; end of ___CC2DW
_main:
0x0187	0x3063      	MOVLW      99
0x0188	0x1283      	BCF        STATUS, 5
0x0189	0x1303      	BCF        STATUS, 6
0x018A	0x00A0      	MOVWF      ?lstr2_customLCD
0x018B	0x3061      	MOVLW      97
0x018C	0x00A1      	MOVWF      33
0x018D	0x306E      	MOVLW      110
0x018E	0x00A2      	MOVWF      34
0x018F	0x3027      	MOVLW      39
0x0190	0x00A3      	MOVWF      35
0x0191	0x3074      	MOVLW      116
0x0192	0x00A4      	MOVWF      36
0x0193	0x3020      	MOVLW      32
0x0194	0x00A5      	MOVWF      37
0x0195	0x3062      	MOVLW      98
0x0196	0x00A6      	MOVWF      38
0x0197	0x3065      	MOVLW      101
0x0198	0x00A7      	MOVWF      39
0x0199	0x3020      	MOVLW      32
0x019A	0x00A8      	MOVWF      40
0x019B	0x306D      	MOVLW      109
0x019C	0x00A9      	MOVWF      41
0x019D	0x306F      	MOVLW      111
0x019E	0x00AA      	MOVWF      42
0x019F	0x3076      	MOVLW      118
0x01A0	0x00AB      	MOVWF      43
0x01A1	0x3065      	MOVLW      101
0x01A2	0x00AC      	MOVWF      44
0x01A3	0x3064      	MOVLW      100
0x01A4	0x00AD      	MOVWF      45
0x01A5	0x3020      	MOVLW      32
0x01A6	0x00AE      	MOVWF      46
0x01A7	0x01AF      	CLRF       47
0x01A8	0x3054      	MOVLW      84
0x01A9	0x00B0      	MOVWF      ?lstr1_customLCD
0x01AA	0x3068      	MOVLW      104
0x01AB	0x00B1      	MOVWF      49
0x01AC	0x3065      	MOVLW      101
0x01AD	0x00B2      	MOVWF      50
0x01AE	0x3020      	MOVLW      32
0x01AF	0x00B3      	MOVWF      51
0x01B0	0x306D      	MOVLW      109
0x01B1	0x00B4      	MOVWF      52
0x01B2	0x3061      	MOVLW      97
0x01B3	0x00B5      	MOVWF      53
0x01B4	0x306E      	MOVLW      110
0x01B5	0x00B6      	MOVWF      54
0x01B6	0x3020      	MOVLW      32
0x01B7	0x00B7      	MOVWF      55
0x01B8	0x3077      	MOVLW      119
0x01B9	0x00B8      	MOVWF      56
0x01BA	0x3068      	MOVLW      104
0x01BB	0x00B9      	MOVWF      57
0x01BC	0x306F      	MOVLW      111
0x01BD	0x00BA      	MOVWF      58
0x01BE	0x3020      	MOVLW      32
0x01BF	0x00BB      	MOVWF      59
0x01C0	0x01BC      	CLRF       60
;customLCD.c,37 :: 		void main() {
;customLCD.c,39 :: 		ADCON1=0x0E;      //configuração de portas como digitais - AN0 é analógica
0x01C1	0x300E      	MOVLW      14
0x01C2	0x1683      	BSF        STATUS, 5
0x01C3	0x009F      	MOVWF      ADCON1
;customLCD.c,40 :: 		Lcd_Init(); // LCD é conectado ao PORTB
0x01C4	0x212D      	CALL       _Lcd_Init
;customLCD.c,41 :: 		Lcd_Cmd(_LCD_CLEAR); // Limpa o lcd
0x01C5	0x3001      	MOVLW      1
0x01C6	0x00C7      	MOVWF      FARG_Lcd_Cmd_out_char
0x01C7	0x201D      	CALL       _Lcd_Cmd
;customLCD.c,42 :: 		Lcd_cmd(_LCD_CURSOR_OFF); // Esconde o cursor
0x01C8	0x300C      	MOVLW      12
0x01C9	0x00C7      	MOVWF      FARG_Lcd_Cmd_out_char
0x01CA	0x201D      	CALL       _Lcd_Cmd
;customLCD.c,44 :: 		Lcd_Out(1,1,"The man who "); // Escreve na posição 1,1
0x01CB	0x3001      	MOVLW      1
0x01CC	0x00C0      	MOVWF      FARG_Lcd_Out_row
0x01CD	0x3001      	MOVLW      1
0x01CE	0x00C1      	MOVWF      FARG_Lcd_Out_column
0x01CF	0x3030      	MOVLW      ?lstr1_customLCD
0x01D0	0x00C2      	MOVWF      FARG_Lcd_Out_text
0x01D1	0x20C7      	CALL       _Lcd_Out
;customLCD.c,45 :: 		Lcd_Out(2,1,"can't be moved "); // Escreve na posição 1,1
0x01D2	0x3002      	MOVLW      2
0x01D3	0x00C0      	MOVWF      FARG_Lcd_Out_row
0x01D4	0x3001      	MOVLW      1
0x01D5	0x00C1      	MOVWF      FARG_Lcd_Out_column
0x01D6	0x3020      	MOVLW      ?lstr2_customLCD
0x01D7	0x00C2      	MOVWF      FARG_Lcd_Out_text
0x01D8	0x20C7      	CALL       _Lcd_Out
;customLCD.c,47 :: 		for (;;){
L_main6:
;customLCD.c,48 :: 		CustomChar(2,16);
0x01D9	0x3002      	MOVLW      2
0x01DA	0x00C0      	MOVWF      FARG_CustomChar_pos_row
0x01DB	0x3010      	MOVLW      16
0x01DC	0x00C1      	MOVWF      FARG_CustomChar_pos_char
0x01DD	0x2107      	CALL       _CustomChar
;customLCD.c,49 :: 		Delay_ms(500);
0x01DE	0x300D      	MOVLW      13
0x01DF	0x00FB      	MOVWF      R11
0x01E0	0x30AF      	MOVLW      175
0x01E1	0x00FC      	MOVWF      R12
0x01E2	0x30B6      	MOVLW      182
0x01E3	0x00FD      	MOVWF      R13
L_main9:
0x01E4	0x0BFD      	DECFSZ     R13, 1
0x01E5	0x29E4      	GOTO       L_main9
0x01E6	0x0BFC      	DECFSZ     R12, 1
0x01E7	0x29E4      	GOTO       L_main9
0x01E8	0x0BFB      	DECFSZ     R11, 1
0x01E9	0x29E4      	GOTO       L_main9
0x01EA	0x0000      	NOP
;customLCD.c,50 :: 		CustomChar1(2,16);
0x01EB	0x3002      	MOVLW      2
0x01EC	0x00C0      	MOVWF      FARG_CustomChar1_pos_row
0x01ED	0x3010      	MOVLW      16
0x01EE	0x00C1      	MOVWF      FARG_CustomChar1_pos_char
0x01EF	0x20A1      	CALL       _CustomChar1
;customLCD.c,51 :: 		Delay_ms(500);
0x01F0	0x300D      	MOVLW      13
0x01F1	0x00FB      	MOVWF      R11
0x01F2	0x30AF      	MOVLW      175
0x01F3	0x00FC      	MOVWF      R12
0x01F4	0x30B6      	MOVLW      182
0x01F5	0x00FD      	MOVWF      R13
L_main10:
0x01F6	0x0BFD      	DECFSZ     R13, 1
0x01F7	0x29F6      	GOTO       L_main10
0x01F8	0x0BFC      	DECFSZ     R12, 1
0x01F9	0x29F6      	GOTO       L_main10
0x01FA	0x0BFB      	DECFSZ     R11, 1
0x01FB	0x29F6      	GOTO       L_main10
0x01FC	0x0000      	NOP
;customLCD.c,52 :: 		}
0x01FD	0x29D9      	GOTO       L_main6
;customLCD.c,53 :: 		}
L_end_main:
0x01FE	0x29FE      	GOTO       $+0
; end of _main
;customLCD.c,28 :: _character1
0x01FF	0x340E ;_character1+0
0x0200	0x3415 ;_character1+1
0x0201	0x340E ;_character1+2
0x0202	0x3404 ;_character1+3
0x0203	0x340D ;_character1+4
0x0204	0x340C ;_character1+5
0x0205	0x3412 ;_character1+6
0x0206	0x3409 ;_character1+7
; end of _character1
;customLCD.c,20 :: _character
0x0207	0x340E ;_character+0
0x0208	0x3415 ;_character+1
0x0209	0x340E ;_character+2
0x020A	0x3404 ;_character+3
0x020B	0x340E ;_character+4
0x020C	0x3415 ;_character+5
0x020D	0x3404 ;_character+6
0x020E	0x340A ;_character+7
; end of _character
Symbol List:
//** Routines locations **
//ADDRESS    SIZE    PROCEDURE
//----------------------------------------------
0x0003       [6]    _Delay_1us
0x0009       [7]    _Delay_50us
0x0010      [13]    _Delay_5500us
0x001D      [64]    _Lcd_Cmd
0x005D       [7]    _____DoICP
0x0064      [53]    _Lcd_Chr
0x0099       [8]    _Lcd_Chr_CP
0x00A1      [38]    _CustomChar1
0x00C7      [64]    _Lcd_Out
0x0107      [38]    _CustomChar
0x012D      [78]    _Lcd_Init
0x017B      [12]    ___CC2DW
0x0187     [120]    _main
//** Variables locations ** 
//ADDRESS    SIZE    VARIABLE
//----------------------------------------------
0x0000       [1]    INDF
0x0002       [1]    PCL
0x0003       [1]    STATUS
0x0004       [1]    FSR
0x0006       [0]    RB1_bit
0x0006       [0]    RB2_bit
0x0006       [0]    RB3_bit
0x0006       [0]    RB0_bit
0x0006       [0]    RB4_bit
0x0006       [0]    LCD_D6
0x0006       [0]    LCD_D7
0x0006       [0]    RB5_bit
0x0006       [0]    LCD_D5
0x0006       [0]    LCD_EN
0x0006       [0]    LCD_RS
0x0006       [0]    LCD_D4
0x000A       [1]    PCLATH
0x0020      [16]    ?lstr2_customLCD
0x0030      [13]    ?lstr1_customLCD
0x003D       [0]    __Lib_Lcd_cmd_status
0x003E       [2]    ___DoICPAddr
0x0040       [1]    FARG_Lcd_Out_row
0x0040       [1]    FARG_CustomChar1_pos_row
0x0040       [1]    FARG_CustomChar_pos_row
0x0041       [1]    FARG_CustomChar1_pos_char
0x0041       [1]    FARG_CustomChar_pos_char
0x0041       [1]    FARG_Lcd_Out_column
0x0042       [1]    CustomChar_i_L0
0x0042       [1]    FARG_Lcd_Out_text
0x0042       [1]    CustomChar1_i_L0
0x0043       [1]    Lcd_Out_i_L0
0x0044       [1]    FARG_Lcd_Chr_row
0x0044       [1]    FARG_Lcd_Chr_CP_out_char
0x0045       [1]    FARG_Lcd_Chr_column
0x0046       [1]    FARG_Lcd_Chr_out_char
0x0047       [1]    FARG_Lcd_Cmd_out_char
0x0070       [1]    R0
0x0071       [1]    R1
0x0072       [1]    R2
0x0073       [1]    R3
0x0074       [1]    R4
0x0075       [1]    R5
0x0076       [1]    R6
0x0077       [1]    R7
0x0078       [1]    R8
0x0079       [1]    R9
0x007A       [1]    R10
0x007B       [1]    R11
0x007C       [1]    R12
0x007D       [1]    R13
0x007E       [1]    R14
0x007F       [1]    R15
0x0086       [0]    TRISB0_bit
0x0086       [0]    TRISB5_bit
0x0086       [0]    TRISB4_bit
0x0086       [0]    TRISB1_bit
0x0086       [0]    TRISB2_bit
0x0086       [0]    TRISB3_bit
0x0086       [0]    LCD_RS_Direction
0x0086       [0]    LCD_D4_Direction
0x0086       [0]    LCD_D5_Direction
0x0086       [0]    LCD_D6_Direction
0x0086       [0]    LCD_D7_Direction
0x0086       [0]    LCD_EN_Direction
0x009F       [1]    ADCON1
//** Constants locations ** 
//ADDRESS    SIZE    CONSTANT
//----------------------------------------------
0x01FF       [8]    _character1
0x0207       [8]    _character
