;  LST file generated by mikroListExporter - v.2.0 
; Date/Time: 29/04/2019 20:00:07
;----------------------------------------------

;Address Opcode 	ASM
0x0000	0xF000EF2B  	GOTO        86
0x0004	0x0000      	NOP
0x0006	0x0000      	NOP
0x0008	0xF000EF00  	GOTO        0
0x000C	0x0000      	NOP
0x000E	0x0000      	NOP
0x0010	0x0000      	NOP
0x0012	0x0000      	NOP
0x0014	0x0000      	NOP
0x0016	0x0000      	NOP
0x0018	0xD7F3      	BRA         0
_display7:
;x7segment.c,3 :: 		unsigned short int display7(int x){
;x7segment.c,4 :: 		unsigned short int tabela[]={0x3F,0x06,0x5B,0x4F,0x66,0x6D,0x7D,0x07,0x7F,0x6F};
0x001C	0x0E3F      	MOVLW       63
0x001E	0x6E19      	MOVWF       display7_tabela_L0 
0x0020	0x0E06      	MOVLW       6
0x0022	0x6E1A      	MOVWF       display7_tabela_L0+1 
0x0024	0x0E5B      	MOVLW       91
0x0026	0x6E1B      	MOVWF       display7_tabela_L0+2 
0x0028	0x0E4F      	MOVLW       79
0x002A	0x6E1C      	MOVWF       display7_tabela_L0+3 
0x002C	0x0E66      	MOVLW       102
0x002E	0x6E1D      	MOVWF       display7_tabela_L0+4 
0x0030	0x0E6D      	MOVLW       109
0x0032	0x6E1E      	MOVWF       display7_tabela_L0+5 
0x0034	0x0E7D      	MOVLW       125
0x0036	0x6E1F      	MOVWF       display7_tabela_L0+6 
0x0038	0x0E07      	MOVLW       7
0x003A	0x6E20      	MOVWF       display7_tabela_L0+7 
0x003C	0x0E7F      	MOVLW       127
0x003E	0x6E21      	MOVWF       display7_tabela_L0+8 
0x0040	0x0E6F      	MOVLW       111
0x0042	0x6E22      	MOVWF       display7_tabela_L0+9 
;x7segment.c,5 :: 		return tabela[x];
0x0044	0x0E19      	MOVLW       display7_tabela_L0
0x0046	0x2417      	ADDWF       FARG_display7_x, 0 
0x0048	0x6EE9      	MOVWF       FSR0L 
0x004A	0x0E00      	MOVLW       hi_addr(display7_tabela_L0)
0x004C	0x2018      	ADDWFC      FARG_display7_x+1, 0 
0x004E	0x6EEA      	MOVWF       FSR0H 
0x0050	0xF000CFEE  	MOVFF       POSTINC0, R0
;x7segment.c,6 :: 		}
L_end_display7:
0x0054	0x0012      	RETURN      0
; end of _display7
_main:
;x7segment.c,8 :: 		void main()
;x7segment.c,11 :: 		ADCON1=0x0F;
0x0056	0x0E0F      	MOVLW       15
0x0058	0x6EC1      	MOVWF       ADCON1 
;x7segment.c,12 :: 		TRISD =0; // Configure PORTB as output
0x005A	0x6A95      	CLRF        TRISD 
;x7segment.c,14 :: 		for(;;){    // Endless loop
L_main0:
;x7segment.c,15 :: 		for (i=0;i<10;i++){
0x005C	0x6A15      	CLRF        _i 
0x005E	0x6A16      	CLRF        _i+1 
L_main3:
0x0060	0x0E80      	MOVLW       128
0x0062	0x1816      	XORWF       _i+1, 0 
0x0064	0x6E00      	MOVWF       R0 
0x0066	0x0E80      	MOVLW       128
0x0068	0x5C00      	SUBWF       R0, 0 
0x006A	0xE102      	BNZ         L__main9
0x006C	0x0E0A      	MOVLW       10
0x006E	0x5C15      	SUBWF       _i, 0 
L__main9:
0x0070	0xE216      	BC          L_main4
;x7segment.c,16 :: 		PORTD = display7(i);
0x0072	0xF017C015  	MOVFF       _i, FARG_display7_x
0x0076	0xF018C016  	MOVFF       _i+1, FARG_display7_x+1
0x007A	0xDFD0      	RCALL       _display7
0x007C	0xFF83C000  	MOVFF       R0, PORTD
;x7segment.c,17 :: 		Delay_ms(100);
0x0080	0x0E03      	MOVLW       3
0x0082	0x6E0B      	MOVWF       R11, 0
0x0084	0x0E08      	MOVLW       8
0x0086	0x6E0C      	MOVWF       R12, 0
0x0088	0x0E77      	MOVLW       119
0x008A	0x6E0D      	MOVWF       R13, 0
L_main6:
0x008C	0x2E0D      	DECFSZ      R13, 1, 0
0x008E	0xD7FE      	BRA         L_main6
0x0090	0x2E0C      	DECFSZ      R12, 1, 0
0x0092	0xD7FC      	BRA         L_main6
0x0094	0x2E0B      	DECFSZ      R11, 1, 0
0x0096	0xD7FA      	BRA         L_main6
;x7segment.c,15 :: 		for (i=0;i<10;i++){
0x0098	0x4A15      	INFSNZ      _i, 1 
0x009A	0x2A16      	INCF        _i+1, 1 
;x7segment.c,18 :: 		}
0x009C	0xD7E1      	BRA         L_main3
L_main4:
;x7segment.c,20 :: 		} // End of loop
0x009E	0xD7DE      	BRA         L_main0
;x7segment.c,23 :: 		}
L_end_main:
0x00A0	0xD7FF      	BRA         $+0
; end of _main
Symbol List:
//** Routines locations **
//ADDRESS    SIZE    PROCEDURE
//----------------------------------------------
0x001C      [58]    _display7
0x0056      [76]    _main
//** Variables locations ** 
//ADDRESS    SIZE    VARIABLE
//----------------------------------------------
0x0000       [1]    R0
0x0001       [1]    R1
0x0002       [1]    R2
0x0003       [1]    R3
0x0004       [1]    R4
0x0005       [1]    R5
0x0006       [1]    R6
0x0007       [1]    R7
0x0008       [1]    R8
0x0009       [1]    R9
0x000A       [1]    R10
0x000B       [1]    R11
0x000C       [1]    R12
0x000D       [1]    R13
0x000E       [1]    R14
0x000F       [1]    R15
0x0010       [1]    R16
0x0011       [1]    R17
0x0012       [1]    R18
0x0013       [1]    R19
0x0014       [1]    R20
0x0015       [2]    _i
0x0017       [2]    FARG_display7_x
0x0019      [10]    display7_tabela_L0
0x0F83       [1]    PORTD
0x0F95       [1]    TRISD
0x0FC1       [1]    ADCON1
0x0FD8       [1]    STATUS
0x0FD9       [1]    FSR2L
0x0FDA       [1]    FSR2H
0x0FDE       [1]    POSTINC2
0x0FE0       [1]    BSR
0x0FE1       [1]    FSR1L
0x0FE2       [1]    FSR1H
0x0FE4       [1]    PREINC1
0x0FE6       [1]    POSTINC1
0x0FE7       [1]    INDF1
0x0FE8       [1]    WREG
0x0FE9       [1]    FSR0L
0x0FEA       [1]    FSR0H
0x0FEE       [1]    POSTINC0
0x0FF3       [1]    PRODL
0x0FF4       [1]    PRODH
0x0FF5       [1]    TABLAT
0x0FF6       [1]    TBLPTRL
0x0FF7       [1]    TBLPTRH
0x0FF8       [1]    TBLPTRU
