;  LST file generated by mikroListExporter - v.2.0 
; Date/Time: 19/06/2019 19:09:19
;----------------------------------------------

;Address Opcode 	ASM
0x0000	0xF000EF0E  	GOTO        28
0x0004	0x0000      	NOP
0x0006	0x0000      	NOP
0x0008	0xF000EF00  	GOTO        0
0x000C	0x0000      	NOP
0x000E	0x0000      	NOP
0x0010	0x0000      	NOP
0x0012	0x0000      	NOP
0x0014	0x0000      	NOP
0x0016	0x0000      	NOP
0x0018	0xD7F3      	BRA         0
_main:
;PWM_ccp.c,1 :: 		void main() {
;PWM_ccp.c,3 :: 		ADCON1=0x0F;                                                              // As referências de tensão do AD são VDD e VSS; Desabilita as portas analógicas
0x001C	0x0E0F      	MOVLW       15
0x001E	0x6EC1      	MOVWF       ADCON1 
;PWM_ccp.c,4 :: 		TRISC.RC2=0;                                                              // CCP1 pin é OUTPUT
0x0020	0x9494      	BCF         TRISC, 2 
;PWM_ccp.c,6 :: 		T2CON=0x04;                                                               // Prescale de 1; Timer 2 on
0x0022	0x0E04      	MOVLW       4
0x0024	0x6ECA      	MOVWF       T2CON 
;PWM_ccp.c,7 :: 		PR2=0xF9;                                                                 // Carrega 249 no PR2, período de 50us
0x0026	0x0EF9      	MOVLW       249
0x0028	0x6ECB      	MOVWF       PR2 
;PWM_ccp.c,9 :: 		CCP1CON=0x0C;                                                             // Modo de PWM, CCP1CON<5:4> = 00
0x002A	0x0E0C      	MOVLW       12
0x002C	0x6EBD      	MOVWF       CCP1CON 
;PWM_ccp.c,10 :: 		CCPR1L=0x7D;                                                              // 50% de Duty Cycle
0x002E	0x0E7D      	MOVLW       125
0x0030	0x6EBE      	MOVWF       CCPR1L 
;PWM_ccp.c,11 :: 		for (;;){
L_main0:
;PWM_ccp.c,25 :: 		while(CCPR1L<0xF9){                                                                // Loop Infinito
L_main3:
0x0032	0x0EF9      	MOVLW       249
0x0034	0x5CBE      	SUBWF       CCPR1L, 0 
0x0036	0xE20F      	BC          L_main4
;PWM_ccp.c,26 :: 		CCPR1L++;
0x0038	0x50BE      	MOVF        CCPR1L, 0 
0x003A	0x0F01      	ADDLW       1
0x003C	0x6E00      	MOVWF       R0 
0x003E	0xFFBEC000  	MOVFF       R0, CCPR1L
;PWM_ccp.c,27 :: 		delay_ms(5);
0x0042	0x0E21      	MOVLW       33
0x0044	0x6E0C      	MOVWF       R12, 0
0x0046	0x0E76      	MOVLW       118
0x0048	0x6E0D      	MOVWF       R13, 0
L_main5:
0x004A	0x2E0D      	DECFSZ      R13, 1, 0
0x004C	0xD7FE      	BRA         L_main5
0x004E	0x2E0C      	DECFSZ      R12, 1, 0
0x0050	0xD7FC      	BRA         L_main5
0x0052	0x0000      	NOP
;PWM_ccp.c,28 :: 		}
0x0054	0xD7EE      	BRA         L_main3
L_main4:
;PWM_ccp.c,29 :: 		while (CCPR1L>1) {
L_main6:
0x0056	0x50BE      	MOVF        CCPR1L, 0 
0x0058	0x0801      	SUBLW       1
0x005A	0xE20E      	BC          L_main7
;PWM_ccp.c,30 :: 		CCPR1L--;
0x005C	0x04BE      	DECF        CCPR1L, 0 
0x005E	0x6E00      	MOVWF       R0 
0x0060	0xFFBEC000  	MOVFF       R0, CCPR1L
;PWM_ccp.c,31 :: 		delay_ms(5);
0x0064	0x0E21      	MOVLW       33
0x0066	0x6E0C      	MOVWF       R12, 0
0x0068	0x0E76      	MOVLW       118
0x006A	0x6E0D      	MOVWF       R13, 0
L_main8:
0x006C	0x2E0D      	DECFSZ      R13, 1, 0
0x006E	0xD7FE      	BRA         L_main8
0x0070	0x2E0C      	DECFSZ      R12, 1, 0
0x0072	0xD7FC      	BRA         L_main8
0x0074	0x0000      	NOP
;PWM_ccp.c,32 :: 		}
0x0076	0xD7EF      	BRA         L_main6
L_main7:
;PWM_ccp.c,33 :: 		}
0x0078	0xD7DC      	BRA         L_main0
;PWM_ccp.c,34 :: 		}
L_end_main:
0x007A	0xD7FF      	BRA         $+0
; end of _main
Symbol List:
//** Routines locations **
//ADDRESS    SIZE    PROCEDURE
//----------------------------------------------
0x001C      [96]    _main
//** Variables locations ** 
//ADDRESS    SIZE    VARIABLE
//----------------------------------------------
0x0000       [1]    R0
0x0001       [1]    R1
0x0002       [1]    R2
0x0003       [1]    R3
0x0004       [1]    R4
0x0005       [1]    R5
0x0006       [1]    R6
0x0007       [1]    R7
0x0008       [1]    R8
0x0009       [1]    R9
0x000A       [1]    R10
0x000B       [1]    R11
0x000C       [1]    R12
0x000D       [1]    R13
0x000E       [1]    R14
0x000F       [1]    R15
0x0010       [1]    R16
0x0011       [1]    R17
0x0012       [1]    R18
0x0013       [1]    R19
0x0014       [1]    R20
0x0F94       [1]    TRISC
0x0FBD       [1]    CCP1CON
0x0FBE       [1]    CCPR1L
0x0FC1       [1]    ADCON1
0x0FCA       [1]    T2CON
0x0FCB       [1]    PR2
0x0FD8       [1]    STATUS
0x0FD9       [1]    FSR2L
0x0FDA       [1]    FSR2H
0x0FDE       [1]    POSTINC2
0x0FE0       [1]    BSR
0x0FE1       [1]    FSR1L
0x0FE2       [1]    FSR1H
0x0FE4       [1]    PREINC1
0x0FE6       [1]    POSTINC1
0x0FE7       [1]    INDF1
0x0FE8       [1]    WREG
0x0FE9       [1]    FSR0L
0x0FEA       [1]    FSR0H
0x0FEE       [1]    POSTINC0
0x0FF3       [1]    PRODL
0x0FF4       [1]    PRODH
0x0FF5       [1]    TABLAT
0x0FF6       [1]    TBLPTRL
0x0FF7       [1]    TBLPTRH
0x0FF8       [1]    TBLPTRU
