;  LST file generated by mikroListExporter - v.2.0 
; Date/Time: 26/10/2019 14:40:31
;----------------------------------------------

;Address Opcode 	ASM
0x0000	0x2858      	GOTO       88
_UART1_Write:
;__Lib_UART_c67.c,39 :: 		
;__Lib_UART_c67.c,40 :: 		
L_UART1_Write3:
0x0003	0x1683      	BSF        STATUS, 5
0x0004	0x1303      	BCF        STATUS, 6
0x0005	0x1898      	BTFSC      TXSTA, 1
0x0006	0x2809      	GOTO       L_UART1_Write4
;__Lib_UART_c67.c,41 :: 		
0x0007	0x0000      	NOP
0x0008	0x2803      	GOTO       L_UART1_Write3
L_UART1_Write4:
;__Lib_UART_c67.c,42 :: 		
0x0009	0x1283      	BCF        STATUS, 5
0x000A	0x0837      	MOVF       FARG_UART1_Write_data_, 0
0x000B	0x0099      	MOVWF      TXREG
;__Lib_UART_c67.c,43 :: 		
L_end_UART1_Write:
0x000C	0x0008      	RETURN
; end of _UART1_Write
_____DoICP:
;__Lib_System.c,6 :: 		
;__Lib_System.c,9 :: 		
0x000D	0x1283      	BCF        STATUS, 5
0x000E	0x1303      	BCF        STATUS, 6
0x000F	0x0832      	MOVF       ___DoICPAddr+1, 0
0x0010	0x008A      	MOVWF      PCLATH
;__Lib_System.c,10 :: 		
0x0011	0x0831      	MOVF       ___DoICPAddr, 0
0x0012	0x0082      	MOVWF      PCL
;__Lib_System.c,12 :: 		
L_end_____DoICP:
0x0013	0x0008      	RETURN
; end of _____DoICP
_UART1_Init:
;__Lib_UART_c67.c,2 :: 		
;__Lib_UART_c67.c,5 :: 		
0x0014	0x1683      	BSF        STATUS, 5
0x0015	0x1303      	BCF        STATUS, 6
0x0016	0x1698      	BSF        TXSTA, 5
;__Lib_UART_c67.c,6 :: 		
0x0017	0x3090      	MOVLW      144
0x0018	0x1283      	BCF        STATUS, 5
0x0019	0x0098      	MOVWF      RCSTA
;__Lib_UART_c67.c,7 :: 		
0x001A	0x1683      	BSF        STATUS, 5
0x001B	0x1787      	BSF        TRISC7_bit, BitPos(TRISC7_bit+0)
;__Lib_UART_c67.c,8 :: 		
0x001C	0x1307      	BCF        TRISC6_bit, BitPos(TRISC6_bit+0)
;__Lib_UART_c67.c,10 :: 		
L_UART1_Init0:
0x001D	0x1283      	BCF        STATUS, 5
0x001E	0x1E8C      	BTFSS      PIR1, 5
0x001F	0x2823      	GOTO       L_UART1_Init1
;__Lib_UART_c67.c,11 :: 		
0x0020	0x081A      	MOVF       RCREG, 0
0x0021	0x00F0      	MOVWF      R0
0x0022	0x281D      	GOTO       L_UART1_Init0
L_UART1_Init1:
;__Lib_UART_c67.c,12 :: 		
L_end_UART1_Init:
0x0023	0x0008      	RETURN
; end of _UART1_Init
_UART1_Write_Text:
;__Lib_UART_c67.c,47 :: 		
;__Lib_UART_c67.c,48 :: 		
0x0024	0x1283      	BCF        STATUS, 5
0x0025	0x1303      	BCF        STATUS, 6
0x0026	0x01B6      	CLRF       UART1_Write_Text_counter_L0
;__Lib_UART_c67.c,50 :: 		
0x0027	0x0834      	MOVF       FARG_UART1_Write_Text_uart_text, 0
0x0028	0x0084      	MOVWF      FSR
0x0029	0x0800      	MOVF       INDF, 0
0x002A	0x00B5      	MOVWF      UART1_Write_Text_data__L0
;__Lib_UART_c67.c,51 :: 		
L_UART1_Write_Text5:
0x002B	0x0835      	MOVF       UART1_Write_Text_data__L0, 0
0x002C	0x3A00      	XORLW      0
0x002D	0x1903      	BTFSC      STATUS, 2
0x002E	0x2839      	GOTO       L_UART1_Write_Text6
;__Lib_UART_c67.c,52 :: 		
0x002F	0x0835      	MOVF       UART1_Write_Text_data__L0, 0
0x0030	0x00B7      	MOVWF      FARG_UART1_Write_data_
0x0031	0x2003      	CALL       _UART1_Write
;__Lib_UART_c67.c,53 :: 		
0x0032	0x0AB6      	INCF       UART1_Write_Text_counter_L0, 1
;__Lib_UART_c67.c,54 :: 		
0x0033	0x0836      	MOVF       UART1_Write_Text_counter_L0, 0
0x0034	0x0734      	ADDWF      FARG_UART1_Write_Text_uart_text, 0
0x0035	0x0084      	MOVWF      FSR
0x0036	0x0800      	MOVF       INDF, 0
0x0037	0x00B5      	MOVWF      UART1_Write_Text_data__L0
;__Lib_UART_c67.c,55 :: 		
0x0038	0x282B      	GOTO       L_UART1_Write_Text5
L_UART1_Write_Text6:
;__Lib_UART_c67.c,56 :: 		
L_end_UART1_Write_Text:
0x0039	0x0008      	RETURN
; end of _UART1_Write_Text
___CC2DW:
;__Lib_System.c,134 :: 		
;__Lib_System.c,137 :: 		
_CC2D_Loop1:
;__Lib_System.c,139 :: 		
0x003A	0x200D      	CALL       _____DoICP
0x003B	0x118A      	BCF        PCLATH, 3
0x003C	0x120A      	BCF        PCLATH, 4
;__Lib_System.c,141 :: 		
0x003D	0x0080      	MOVWF      INDF
;__Lib_System.c,142 :: 		
0x003E	0x0A84      	INCF       FSR, 1
;__Lib_System.c,143 :: 		
0x003F	0x0AB1      	INCF       ___DoICPAddr, 1
;__Lib_System.c,145 :: 		
0x0040	0x1903      	BTFSC      STATUS, 2
;__Lib_System.c,146 :: 		
0x0041	0x0AB2      	INCF       ___DoICPAddr+1, 1
;__Lib_System.c,147 :: 		
0x0042	0x03F0      	DECF       R0, 1
;__Lib_System.c,149 :: 		
0x0043	0x1D03      	BTFSS      STATUS, 2
;__Lib_System.c,150 :: 		
0x0044	0x283A      	GOTO       _CC2D_Loop1
;__Lib_System.c,152 :: 		
L_end___CC2DW:
0x0045	0x0008      	RETURN
; end of ___CC2DW
_UART1_Data_Ready:
;__Lib_UART_c67.c,16 :: 		
;__Lib_UART_c67.c,17 :: 		
0x0046	0x3000      	MOVLW      0
0x0047	0x1283      	BCF        STATUS, 5
0x0048	0x1303      	BCF        STATUS, 6
0x0049	0x1A8C      	BTFSC      PIR1, 5
0x004A	0x3001      	MOVLW      1
0x004B	0x00F0      	MOVWF      R0
;__Lib_UART_c67.c,18 :: 		
L_end_UART1_Data_Ready:
0x004C	0x0008      	RETURN
; end of _UART1_Data_Ready
_UART1_Read:
;__Lib_UART_c67.c,21 :: 		
;__Lib_UART_c67.c,24 :: 		
0x004D	0x1283      	BCF        STATUS, 5
0x004E	0x1303      	BCF        STATUS, 6
0x004F	0x081A      	MOVF       RCREG, 0
0x0050	0x00F1      	MOVWF      R1
;__Lib_UART_c67.c,25 :: 		
0x0051	0x1C98      	BTFSS      RCSTA, 1
0x0052	0x2855      	GOTO       L_UART1_Read2
;__Lib_UART_c67.c,26 :: 		
0x0053	0x1218      	BCF        RCSTA, 4
;__Lib_UART_c67.c,27 :: 		
0x0054	0x1618      	BSF        RCSTA, 4
;__Lib_UART_c67.c,28 :: 		
L_UART1_Read2:
;__Lib_UART_c67.c,29 :: 		
0x0055	0x0871      	MOVF       R1, 0
0x0056	0x00F0      	MOVWF      R0
;__Lib_UART_c67.c,30 :: 		
L_end_UART1_Read:
0x0057	0x0008      	RETURN
; end of _UART1_Read
_main:
0x0058	0x3044      	MOVLW      68
0x0059	0x1283      	BCF        STATUS, 5
0x005A	0x1303      	BCF        STATUS, 6
0x005B	0x00A0      	MOVWF      ?lstr1_Rfrele
0x005C	0x3065      	MOVLW      101
0x005D	0x00A1      	MOVWF      33
0x005E	0x3073      	MOVLW      115
0x005F	0x00A2      	MOVWF      34
0x0060	0x306C      	MOVLW      108
0x0061	0x00A3      	MOVWF      35
0x0062	0x3069      	MOVLW      105
0x0063	0x00A4      	MOVWF      36
0x0064	0x3067      	MOVLW      103
0x0065	0x00A5      	MOVWF      37
0x0066	0x3061      	MOVLW      97
0x0067	0x00A6      	MOVWF      38
0x0068	0x3064      	MOVLW      100
0x0069	0x00A7      	MOVWF      39
0x006A	0x306F      	MOVLW      111
0x006B	0x00A8      	MOVWF      40
0x006C	0x01A9      	CLRF       41
0x006D	0x304C      	MOVLW      76
0x006E	0x00AA      	MOVWF      ?lstr2_Rfrele
0x006F	0x3069      	MOVLW      105
0x0070	0x00AB      	MOVWF      43
0x0071	0x3067      	MOVLW      103
0x0072	0x00AC      	MOVWF      44
0x0073	0x3061      	MOVLW      97
0x0074	0x00AD      	MOVWF      45
0x0075	0x3064      	MOVLW      100
0x0076	0x00AE      	MOVWF      46
0x0077	0x306F      	MOVLW      111
0x0078	0x00AF      	MOVWF      47
0x0079	0x01B0      	CLRF       48
;Rfrele.c,2 :: 		void main() {
;Rfrele.c,4 :: 		OSCCON=0x61;                                                                // HFINTOSC habilitado, frequência de clock de 4mhz
0x007A	0x3061      	MOVLW      97
0x007B	0x1683      	BSF        STATUS, 5
0x007C	0x008F      	MOVWF      OSCCON
;Rfrele.c,5 :: 		ANSEL=0x00;                                                                 // Todas as portas são digitais AN0 até AN7
0x007D	0x1703      	BSF        STATUS, 6
0x007E	0x0188      	CLRF       ANSEL
;Rfrele.c,6 :: 		ANSELH=0x02;                                                                // AN8, AN10, AN11, AN12, AN13 são digitais, AN9 é analógica (LDR)
0x007F	0x3002      	MOVLW      2
0x0080	0x0089      	MOVWF      ANSELH
;Rfrele.c,7 :: 		TRISB=0x1F;                                                                 // SER(dados), SRCLK(clock do SR) e RCLK(clock do latch) são OUTPUT, o resto é input
0x0081	0x301F      	MOVLW      31
0x0082	0x0086      	MOVWF      TRISB
;Rfrele.c,8 :: 		TRISC.RC2 = 0;                                                              // Pino de pwm para o transistor de controle do brilho dos leds
0x0083	0x1303      	BCF        STATUS, 6
0x0084	0x1107      	BCF        TRISC, 2
;Rfrele.c,9 :: 		TRISA.RA1 = 0;
0x0085	0x1085      	BCF        TRISA, 1
;Rfrele.c,10 :: 		Delay_ms(100);                  // Wait for UART module to stabilize
0x0086	0x3082      	MOVLW      130
0x0087	0x00FC      	MOVWF      R12
0x0088	0x30DD      	MOVLW      221
0x0089	0x00FD      	MOVWF      R13
L_main0:
0x008A	0x0BFD      	DECFSZ     R13, 1
0x008B	0x288A      	GOTO       L_main0
0x008C	0x0BFC      	DECFSZ     R12, 1
0x008D	0x288A      	GOTO       L_main0
0x008E	0x0000      	NOP
0x008F	0x0000      	NOP
;Rfrele.c,11 :: 		UART1_Init(2400);               // Initialize UART module at 9600 bps
0x0090	0x3067      	MOVLW      103
0x0091	0x0099      	MOVWF      SPBRG
0x0092	0x1518      	BSF        TXSTA, 2
0x0093	0x2014      	CALL       _UART1_Init
;Rfrele.c,12 :: 		PORTA.RA1 = 1;
0x0094	0x1485      	BSF        PORTA, 1
;Rfrele.c,13 :: 		receive = 0;
0x0095	0x01B3      	CLRF       main_receive_L0
;Rfrele.c,14 :: 		for(;;){
L_main1:
;Rfrele.c,15 :: 		if (UART1_Data_Ready() == 1) {
0x0096	0x2046      	CALL       _UART1_Data_Ready
0x0097	0x0870      	MOVF       R0, 0
0x0098	0x3A01      	XORLW      1
0x0099	0x1D03      	BTFSS      STATUS, 2
0x009A	0x289E      	GOTO       L_main4
;Rfrele.c,16 :: 		receive = UART1_Read();
0x009B	0x204D      	CALL       _UART1_Read
0x009C	0x0870      	MOVF       R0, 0
0x009D	0x00B3      	MOVWF      main_receive_L0
;Rfrele.c,17 :: 		}
L_main4:
;Rfrele.c,18 :: 		if (receive == 1){
0x009E	0x0833      	MOVF       main_receive_L0, 0
0x009F	0x3A01      	XORLW      1
0x00A0	0x1D03      	BTFSS      STATUS, 2
0x00A1	0x28B3      	GOTO       L_main5
;Rfrele.c,19 :: 		PORTA.RA1 = !PORTA.RA1;
0x00A2	0x3002      	MOVLW      2
0x00A3	0x0685      	XORWF      PORTA, 1
;Rfrele.c,20 :: 		if (PORTA.RA1){
0x00A4	0x1C85      	BTFSS      PORTA, 1
0x00A5	0x28AA      	GOTO       L_main6
;Rfrele.c,21 :: 		UART1_Write_Text("Desligado");
0x00A6	0x3020      	MOVLW      ?lstr1_Rfrele
0x00A7	0x00B4      	MOVWF      FARG_UART1_Write_Text_uart_text
0x00A8	0x2024      	CALL       _UART1_Write_Text
;Rfrele.c,22 :: 		}
0x00A9	0x28AD      	GOTO       L_main7
L_main6:
;Rfrele.c,24 :: 		UART1_Write_Text("Ligado");
0x00AA	0x302A      	MOVLW      ?lstr2_Rfrele
0x00AB	0x00B4      	MOVWF      FARG_UART1_Write_Text_uart_text
0x00AC	0x2024      	CALL       _UART1_Write_Text
;Rfrele.c,25 :: 		}
L_main7:
;Rfrele.c,26 :: 		UART1_Write(0x0D);
0x00AD	0x300D      	MOVLW      13
0x00AE	0x00B7      	MOVWF      FARG_UART1_Write_data_
0x00AF	0x2003      	CALL       _UART1_Write
;Rfrele.c,27 :: 		UART1_Write(0x0A);
0x00B0	0x300A      	MOVLW      10
0x00B1	0x00B7      	MOVWF      FARG_UART1_Write_data_
0x00B2	0x2003      	CALL       _UART1_Write
;Rfrele.c,28 :: 		}
L_main5:
;Rfrele.c,29 :: 		receive = 0;
0x00B3	0x01B3      	CLRF       main_receive_L0
;Rfrele.c,30 :: 		}
0x00B4	0x2896      	GOTO       L_main1
;Rfrele.c,31 :: 		}
L_end_main:
0x00B5	0x28B5      	GOTO       $+0
; end of _main
Symbol List:
//** Routines locations **
//ADDRESS    SIZE    PROCEDURE
//----------------------------------------------
0x0003      [10]    _UART1_Write
0x000D       [7]    _____DoICP
0x0014      [16]    _UART1_Init
0x0024      [22]    _UART1_Write_Text
0x003A      [12]    ___CC2DW
0x0046       [7]    _UART1_Data_Ready
0x004D      [11]    _UART1_Read
0x0058      [94]    _main
//** Variables locations ** 
//ADDRESS    SIZE    VARIABLE
//----------------------------------------------
0x0000       [1]    INDF
0x0002       [1]    PCL
0x0003       [1]    STATUS
0x0004       [1]    FSR
0x0005       [1]    PORTA
0x000A       [1]    PCLATH
0x000C       [1]    PIR1
0x0018       [1]    RCSTA
0x0019       [1]    TXREG
0x001A       [1]    RCREG
0x0020      [10]    ?lstr1_Rfrele
0x002A       [7]    ?lstr2_Rfrele
0x0031       [2]    ___DoICPAddr
0x0033       [1]    main_receive_L0
0x0034       [1]    FARG_UART1_Write_Text_uart_text
0x0035       [1]    UART1_Write_Text_data__L0
0x0036       [1]    UART1_Write_Text_counter_L0
0x0037       [1]    FARG_UART1_Write_data_
0x0070       [1]    R0
0x0071       [1]    R1
0x0072       [1]    R2
0x0073       [1]    R3
0x0074       [1]    R4
0x0075       [1]    R5
0x0076       [1]    R6
0x0077       [1]    R7
0x0078       [1]    R8
0x0079       [1]    R9
0x007A       [1]    R10
0x007B       [1]    R11
0x007C       [1]    R12
0x007D       [1]    R13
0x007E       [1]    R14
0x007F       [1]    R15
0x0085       [1]    TRISA
0x0086       [1]    TRISB
0x0087       [0]    TRISC6_bit
0x0087       [0]    TRISC7_bit
0x0087       [1]    TRISC
0x008F       [1]    OSCCON
0x0098       [1]    TXSTA
0x0099       [1]    SPBRG
0x009A       [1]    SPBRGH
0x0188       [1]    ANSEL
0x0189       [1]    ANSELH
