;  LST file generated by mikroListExporter - v.2.0 
; Date/Time: 31/08/2019 08:58:20
;----------------------------------------------

;Address Opcode 	ASM
0x0000	0xF003EFCD  	GOTO        1946
_interrupt:
;aceleracao_velocidade_rpm.c,19 :: 		void interrupt(void){
0x0008	0xF017C000  	MOVFF       R0, 23
0x000C	0xF016C001  	MOVFF       R1, 22
0x0010	0xF015C002  	MOVFF       R2, 21
;aceleracao_velocidade_rpm.c,21 :: 		if ( INTCON.TMR0IF){                                                         // ocorreu overflow do timer 0
0x0014	0xA4F2      	BTFSS       INTCON, 2 
0x0016	0xD007      	BRA         L_interrupt0
;aceleracao_velocidade_rpm.c,22 :: 		elapsedTimeVel=0;
0x0018	0x6A1C      	CLRF        _elapsedTimeVel 
0x001A	0x6A1D      	CLRF        _elapsedTimeVel+1 
;aceleracao_velocidade_rpm.c,23 :: 		T0CON.TMR0ON=0;
0x001C	0x9ED5      	BCF         T0CON, 7 
;aceleracao_velocidade_rpm.c,25 :: 		CLRF 0xFD7                                                          //TMR0H=0; //reseta high byte do timer 0 //   assembly para evitar demorar na interrupção
0x001E	0x6AD7      	CLRF        TMR0H, 0
;aceleracao_velocidade_rpm.c,26 :: 		CLRF 0xFD6                                                          //TMR0L=0;//reseta low byte do timer 0  //   assembly para evitar demorar na interrupção
0x0020	0x6AD6      	CLRF        TMR0L, 0
;aceleracao_velocidade_rpm.c,27 :: 		BCF  0xFF0,1                                                        //INTCON3.INT2IF=0;
0x0022	0x92F0      	BCF         INTCON3, 1, 0
;aceleracao_velocidade_rpm.c,28 :: 		BCF  0xFF2,2                                                        //INTCON.TMR0IF=0;
0x0024	0x94F2      	BCF         INTCON, 2, 0
;aceleracao_velocidade_rpm.c,30 :: 		}
L_interrupt0:
;aceleracao_velocidade_rpm.c,31 :: 		if( INTCON3.INT2IF){                                                          // borda de subida no pino INT0
0x0026	0xA2F0      	BTFSS       INTCON3, 1 
0x0028	0xD010      	BRA         L_interrupt1
;aceleracao_velocidade_rpm.c,32 :: 		T0CON.TMR0ON=1;
0x002A	0x8ED5      	BSF         T0CON, 7 
;aceleracao_velocidade_rpm.c,33 :: 		elapsedTimeVel=TMR0L;
0x002C	0xF01CCFD6  	MOVFF       TMR0L, _elapsedTimeVel
0x0030	0x0E00      	MOVLW       0
0x0032	0x6E1D      	MOVWF       _elapsedTimeVel+1 
;aceleracao_velocidade_rpm.c,34 :: 		elapsedTimeVel+=(TMR0H<<8);
0x0034	0xF001CFD7  	MOVFF       TMR0H, R1
0x0038	0x6A00      	CLRF        R0 
0x003A	0x5000      	MOVF        R0, 0 
0x003C	0x261C      	ADDWF       _elapsedTimeVel, 1 
0x003E	0x5001      	MOVF        R1, 0 
0x0040	0x221D      	ADDWFC      _elapsedTimeVel+1, 1 
;aceleracao_velocidade_rpm.c,36 :: 		CLRF 0xFD7                                                          //TMR0H=0; //reseta high byte do timer 0 //   assembly para evitar demorar na interrupção
0x0042	0x6AD7      	CLRF        TMR0H, 0
;aceleracao_velocidade_rpm.c,37 :: 		CLRF 0xFD6                                                          //TMR0L=0;//reseta low byte do timer 0  //   assembly para evitar demorar na interrupção
0x0044	0x6AD6      	CLRF        TMR0L, 0
;aceleracao_velocidade_rpm.c,38 :: 		BCF  0xFF0,1                                                        //INTCON3.INT2IF=0;
0x0046	0x92F0      	BCF         INTCON3, 1, 0
;aceleracao_velocidade_rpm.c,39 :: 		BCF  0xFF2,2                                                        //INTCON.TMR0IF=0;
0x0048	0x94F2      	BCF         INTCON, 2, 0
;aceleracao_velocidade_rpm.c,41 :: 		}
L_interrupt1:
;aceleracao_velocidade_rpm.c,42 :: 		if(PIR1.TMR1IF){
0x004A	0xA09E      	BTFSS       PIR1, 0 
0x004C	0xD007      	BRA         L_interrupt2
;aceleracao_velocidade_rpm.c,43 :: 		timeroverflow++;
0x004E	0x0E01      	MOVLW       1
0x0050	0x2618      	ADDWF       _timeroverflow, 1 
0x0052	0x0E00      	MOVLW       0
0x0054	0x2219      	ADDWFC      _timeroverflow+1, 1 
0x0056	0x221A      	ADDWFC      _timeroverflow+2, 1 
0x0058	0x221B      	ADDWFC      _timeroverflow+3, 1 
;aceleracao_velocidade_rpm.c,44 :: 		PIR1.TMR1IF=0;
0x005A	0x909E      	BCF         PIR1, 0 
;aceleracao_velocidade_rpm.c,45 :: 		}
L_interrupt2:
;aceleracao_velocidade_rpm.c,47 :: 		if ( PIR2.TMR3IF){                                                         // ocorreu overflow do timer 0
0x005C	0xA2A1      	BTFSS       PIR2, 1 
0x005E	0xD007      	BRA         L_interrupt3
;aceleracao_velocidade_rpm.c,48 :: 		elapsedTimeRpm=0;
0x0060	0x6A1E      	CLRF        _elapsedTimeRpm 
0x0062	0x6A1F      	CLRF        _elapsedTimeRpm+1 
;aceleracao_velocidade_rpm.c,49 :: 		T3CON.TMR3ON=0;
0x0064	0x90B1      	BCF         T3CON, 0 
;aceleracao_velocidade_rpm.c,50 :: 		INTCON3.INT1IF=0;
0x0066	0x90F0      	BCF         INTCON3, 0 
;aceleracao_velocidade_rpm.c,51 :: 		TMR3H=0;
0x0068	0x6AB3      	CLRF        TMR3H 
;aceleracao_velocidade_rpm.c,52 :: 		TMR3L=0;
0x006A	0x6AB2      	CLRF        TMR3L 
;aceleracao_velocidade_rpm.c,53 :: 		PIR2.TMR3IF=0;
0x006C	0x92A1      	BCF         PIR2, 1 
;aceleracao_velocidade_rpm.c,54 :: 		}
L_interrupt3:
;aceleracao_velocidade_rpm.c,56 :: 		if(INTCON3.INT1IF){
0x006E	0xA0F0      	BTFSS       INTCON3, 0 
0x0070	0xD010      	BRA         L_interrupt4
;aceleracao_velocidade_rpm.c,57 :: 		T3CON.TMR3ON=1;
0x0072	0x80B1      	BSF         T3CON, 0 
;aceleracao_velocidade_rpm.c,58 :: 		elapsedTimeRpm=TMR3L;
0x0074	0xF01ECFB2  	MOVFF       TMR3L, _elapsedTimeRpm
0x0078	0x0E00      	MOVLW       0
0x007A	0x6E1F      	MOVWF       _elapsedTimeRpm+1 
;aceleracao_velocidade_rpm.c,59 :: 		elapsedTimeRpm+=(TMR3H<<8);
0x007C	0xF001CFB3  	MOVFF       TMR3H, R1
0x0080	0x6A00      	CLRF        R0 
0x0082	0x5000      	MOVF        R0, 0 
0x0084	0x261E      	ADDWF       _elapsedTimeRpm, 1 
0x0086	0x5001      	MOVF        R1, 0 
0x0088	0x221F      	ADDWFC      _elapsedTimeRpm+1, 1 
;aceleracao_velocidade_rpm.c,60 :: 		INTCON3.INT1IF=0;
0x008A	0x90F0      	BCF         INTCON3, 0 
;aceleracao_velocidade_rpm.c,61 :: 		TMR3H=0;
0x008C	0x6AB3      	CLRF        TMR3H 
;aceleracao_velocidade_rpm.c,62 :: 		TMR3L=0;
0x008E	0x6AB2      	CLRF        TMR3L 
;aceleracao_velocidade_rpm.c,63 :: 		PIR2.TMR3IF=0;
0x0090	0x92A1      	BCF         PIR2, 1 
;aceleracao_velocidade_rpm.c,64 :: 		}
L_interrupt4:
;aceleracao_velocidade_rpm.c,67 :: 		}
L_end_interrupt:
L__interrupt15:
0x0092	0xF000C017  	MOVFF       23, R0
0x0096	0xF001C016  	MOVFF       22, R1
0x009A	0xF002C015  	MOVFF       21, R2
0x009E	0x0011      	RETFIE      1
; end of _interrupt
_SETFOV32:
;__Lib_MathDouble.c,82 :: 		
;__Lib_MathDouble.c,90 :: 		
0x00A0	0x820B      	BSF         R11, 1, 0
;__Lib_MathDouble.c,91 :: 		
0x00A2	0xAE0B      	BTFSS       R11, 7, 0
;__Lib_MathDouble.c,92 :: 		
0x00A4	0xF000EF5A  	GOTO        SETFOV32EEE
;__Lib_MathDouble.c,94 :: 		
0x00A8	0x6803      	SETF        R3, 0
;__Lib_MathDouble.c,95 :: 		
0x00AA	0x6802      	SETF        R2, 0
;__Lib_MathDouble.c,96 :: 		
0x00AC	0x6801      	SETF        R1, 0
;__Lib_MathDouble.c,97 :: 		
0x00AE	0x6800      	SETF        R0, 0
;__Lib_MathDouble.c,98 :: 		
0x00B0	0x360A      	RLCF        R10, 1, 0
;__Lib_MathDouble.c,99 :: 		
0x00B2	0x3202      	RRCF        R2, 1, 0
;__Lib_MathDouble.c,100 :: 		
SETFOV32EEE:
;__Lib_MathDouble.c,101 :: 		
0x00B4	0x0EFF      	MOVLW       255
;__Lib_MathDouble.c,103 :: 		
L_end_SETFOV32:
0x00B6	0x0012      	RETURN      0
; end of _SETFOV32
_RES032:
;__Lib_MathDouble.c,128 :: 		
;__Lib_MathDouble.c,134 :: 		
0x00B8	0x6A02      	CLRF        R2, 0
;__Lib_MathDouble.c,135 :: 		
0x00BA	0x6A01      	CLRF        R1, 0
;__Lib_MathDouble.c,136 :: 		
0x00BC	0x6A00      	CLRF        R0, 0
;__Lib_MathDouble.c,137 :: 		
0x00BE	0x6A08      	CLRF        R8, 0
;__Lib_MathDouble.c,138 :: 		
0x00C0	0x6A03      	CLRF        R3, 0
;__Lib_MathDouble.c,139 :: 		
0x00C2	0x0E00      	MOVLW       0
;__Lib_MathDouble.c,141 :: 		
L_end_RES032:
0x00C4	0x0012      	RETURN      0
; end of _RES032
_SETFUN32:
;__Lib_MathDouble.c,144 :: 		
;__Lib_MathDouble.c,152 :: 		
0x00C6	0x840B      	BSF         R11, 2, 0
;__Lib_MathDouble.c,153 :: 		
0x00C8	0xAE0B      	BTFSS       R11, 7, 0
;__Lib_MathDouble.c,154 :: 		
0x00CA	0xF000EF6E  	GOTO        SETFUN32EEE
;__Lib_MathDouble.c,156 :: 		
0x00CE	0x0E01      	MOVLW       1
;__Lib_MathDouble.c,157 :: 		
0x00D0	0x6E03      	MOVWF       R3, 0
;__Lib_MathDouble.c,158 :: 		
0x00D2	0x6A02      	CLRF        R2, 0
;__Lib_MathDouble.c,159 :: 		
0x00D4	0x6A01      	CLRF        R1, 0
;__Lib_MathDouble.c,160 :: 		
0x00D6	0x6A00      	CLRF        R0, 0
;__Lib_MathDouble.c,161 :: 		
0x00D8	0x360A      	RLCF        R10, 1, 0
;__Lib_MathDouble.c,162 :: 		
0x00DA	0x3202      	RRCF        R2, 1, 0
;__Lib_MathDouble.c,163 :: 		
SETFUN32EEE:
;__Lib_MathDouble.c,164 :: 		
0x00DC	0x0EFF      	MOVLW       255
;__Lib_MathDouble.c,166 :: 		
L_end_SETFUN32:
0x00DE	0x0012      	RETURN      0
; end of _SETFUN32
_FIXSIGN32:
;__Lib_MathDouble.c,117 :: 		
;__Lib_MathDouble.c,121 :: 		
0x00E0	0xAE0A      	BTFSS       R10, 7, 0
;__Lib_MathDouble.c,122 :: 		
0x00E2	0x9E02      	BCF         R2, 7, 0
;__Lib_MathDouble.c,123 :: 		
0x00E4	0x0E00      	MOVLW       0
;__Lib_MathDouble.c,125 :: 		
L_end_FIXSIGN32:
0x00E6	0x0012      	RETURN      0
; end of _FIXSIGN32
_NRM4032:
;__Lib_MathDouble.c,174 :: 		
;__Lib_MathDouble.c,183 :: 		
0x00E8	0xB00C      	BTFSC       R12, 0, 0
;__Lib_MathDouble.c,184 :: 		
0x00EA	0xF000EFB6  	GOTO        NRMRND4032
;__Lib_MathDouble.c,185 :: 		
0x00EE	0xA20C      	BTFSS       R12, 1, 0
;__Lib_MathDouble.c,186 :: 		
0x00F0	0xF001EF5C  	GOTO        NRM40JPSETFOV32
;__Lib_MathDouble.c,188 :: 		
0x00F4	0x6A0E      	CLRF        R14, 0
;__Lib_MathDouble.c,189 :: 		
0x00F6	0x0E00      	MOVLW       0
;__Lib_MathDouble.c,190 :: 		
0x00F8	0x6402      	CPFSGT      R2, 0
;__Lib_MathDouble.c,191 :: 		
0x00FA	0xF000EFCD  	GOTO        NRM4032A
;__Lib_MathDouble.c,194 :: 		
0x00FE	0x0EF0      	MOVLW       240
;__Lib_MathDouble.c,195 :: 		
0x0100	0x1402      	ANDWF       R2, 0, 0
;__Lib_MathDouble.c,196 :: 		
0x0102	0xA4D8      	BTFSS       STATUS, 2, 0
;__Lib_MathDouble.c,197 :: 		
0x0104	0xF000EF98  	GOTO        NORM4032
;__Lib_MathDouble.c,199 :: 		
0x0108	0x3A02      	SWAPF       R2, 1, 0
;__Lib_MathDouble.c,200 :: 		
0x010A	0x3801      	SWAPF       R1, 0, 0
;__Lib_MathDouble.c,201 :: 		
0x010C	0x0B0F      	ANDLW       15
;__Lib_MathDouble.c,202 :: 		
0x010E	0x2602      	ADDWF       R2, 1, 0
;__Lib_MathDouble.c,204 :: 		
0x0110	0x3801      	SWAPF       R1, 0, 0
;__Lib_MathDouble.c,205 :: 		
0x0112	0x0BF0      	ANDLW       240
;__Lib_MathDouble.c,206 :: 		
0x0114	0x6E01      	MOVWF       R1, 0
;__Lib_MathDouble.c,207 :: 		
0x0116	0x3800      	SWAPF       R0, 0, 0
;__Lib_MathDouble.c,208 :: 		
0x0118	0x0B0F      	ANDLW       15
;__Lib_MathDouble.c,209 :: 		
0x011A	0x2601      	ADDWF       R1, 1, 0
;__Lib_MathDouble.c,211 :: 		
0x011C	0x3800      	SWAPF       R0, 0, 0
;__Lib_MathDouble.c,212 :: 		
0x011E	0x0BF0      	ANDLW       240
;__Lib_MathDouble.c,213 :: 		
0x0120	0x6E00      	MOVWF       R0, 0
;__Lib_MathDouble.c,214 :: 		
0x0122	0x3808      	SWAPF       R8, 0, 0
;__Lib_MathDouble.c,215 :: 		
0x0124	0x0B0F      	ANDLW       15
;__Lib_MathDouble.c,216 :: 		
0x0126	0x2600      	ADDWF       R0, 1, 0
;__Lib_MathDouble.c,218 :: 		
0x0128	0x3808      	SWAPF       R8, 0, 0
;__Lib_MathDouble.c,219 :: 		
0x012A	0x0BF0      	ANDLW       240
;__Lib_MathDouble.c,220 :: 		
0x012C	0x6E08      	MOVWF       R8, 0
;__Lib_MathDouble.c,222 :: 		
0x012E	0x840E      	BSF         R14, 2, 0
;__Lib_MathDouble.c,224 :: 		
NORM4032:
;__Lib_MathDouble.c,225 :: 		
0x0130	0x90D8      	BCF         STATUS, 0, 0
;__Lib_MathDouble.c,227 :: 		
0x0132	0xBE02      	BTFSC       R2, 7, 0
;__Lib_MathDouble.c,228 :: 		
0x0134	0xF000EFB1  	GOTO        TNORMUN4032
;__Lib_MathDouble.c,229 :: 		
0x0138	0x3608      	RLCF        R8, 1, 0
;__Lib_MathDouble.c,230 :: 		
0x013A	0x3600      	RLCF        R0, 1, 0
;__Lib_MathDouble.c,231 :: 		
0x013C	0x3601      	RLCF        R1, 1, 0
;__Lib_MathDouble.c,232 :: 		
0x013E	0x3602      	RLCF        R2, 1, 0
;__Lib_MathDouble.c,233 :: 		
0x0140	0x2A0E      	INCF        R14, 1, 0
;__Lib_MathDouble.c,234 :: 		
0x0142	0xBE02      	BTFSC       R2, 7, 0
;__Lib_MathDouble.c,235 :: 		
0x0144	0xF000EFB1  	GOTO        TNORMUN4032
;__Lib_MathDouble.c,236 :: 		
0x0148	0x3608      	RLCF        R8, 1, 0
;__Lib_MathDouble.c,237 :: 		
0x014A	0x3600      	RLCF        R0, 1, 0
;__Lib_MathDouble.c,238 :: 		
0x014C	0x3601      	RLCF        R1, 1, 0
;__Lib_MathDouble.c,239 :: 		
0x014E	0x3602      	RLCF        R2, 1, 0
;__Lib_MathDouble.c,240 :: 		
0x0150	0x2A0E      	INCF        R14, 1, 0
;__Lib_MathDouble.c,241 :: 		
0x0152	0xBE02      	BTFSC       R2, 7, 0
;__Lib_MathDouble.c,242 :: 		
0x0154	0xF000EFB1  	GOTO        TNORMUN4032
;__Lib_MathDouble.c,243 :: 		
0x0158	0x3608      	RLCF        R8, 1, 0
;__Lib_MathDouble.c,244 :: 		
0x015A	0x3600      	RLCF        R0, 1, 0
;__Lib_MathDouble.c,245 :: 		
0x015C	0x3601      	RLCF        R1, 1, 0
;__Lib_MathDouble.c,246 :: 		
0x015E	0x3602      	RLCF        R2, 1, 0
;__Lib_MathDouble.c,247 :: 		
0x0160	0x2A0E      	INCF        R14, 1, 0
;__Lib_MathDouble.c,249 :: 		
TNORMUN4032:
;__Lib_MathDouble.c,250 :: 		
0x0162	0x500E      	MOVF        R14, 0, 0
;__Lib_MathDouble.c,251 :: 		
0x0164	0x6403      	CPFSGT      R3, 0
;__Lib_MathDouble.c,252 :: 		
0x0166	0xF001EF52  	GOTO        NRM40JPSETFUN32
;__Lib_MathDouble.c,253 :: 		
0x016A	0x5E03      	SUBWF       R3, 1, 0
;__Lib_MathDouble.c,255 :: 		
NRMRND4032:
;__Lib_MathDouble.c,256 :: 		
0x016C	0xBC0B      	BTFSC       R11, 6, 0
;__Lib_MathDouble.c,257 :: 		
0x016E	0xAE08      	BTFSS       R8, 7, 0
;__Lib_MathDouble.c,258 :: 		
0x0170	0xF001EF57  	GOTO        NRM40JPFIXSIGN32
;__Lib_MathDouble.c,259 :: 		
0x0174	0x80D8      	BSF         STATUS, 0, 0
;__Lib_MathDouble.c,260 :: 		
0x0176	0x0E80      	MOVLW       128
;__Lib_MathDouble.c,261 :: 		
0x0178	0x6408      	CPFSGT      R8, 0
;__Lib_MathDouble.c,262 :: 		
0x017A	0x3000      	RRCF        R0, 0, 0
;__Lib_MathDouble.c,263 :: 		
0x017C	0x0E00      	MOVLW       0
;__Lib_MathDouble.c,264 :: 		
0x017E	0x2200      	ADDWFC      R0, 1, 0
;__Lib_MathDouble.c,265 :: 		
0x0180	0x2201      	ADDWFC      R1, 1, 0
;__Lib_MathDouble.c,266 :: 		
0x0182	0x2202      	ADDWFC      R2, 1, 0
;__Lib_MathDouble.c,268 :: 		
0x0184	0xA0D8      	BTFSS       STATUS, 0, 0
;__Lib_MathDouble.c,269 :: 		
0x0186	0xF001EF57  	GOTO        NRM40JPFIXSIGN32
;__Lib_MathDouble.c,270 :: 		
0x018A	0x3202      	RRCF        R2, 1, 0
;__Lib_MathDouble.c,271 :: 		
0x018C	0x3201      	RRCF        R1, 1, 0
;__Lib_MathDouble.c,272 :: 		
0x018E	0x3200      	RRCF        R0, 1, 0
;__Lib_MathDouble.c,273 :: 		
0x0190	0x4A03      	INFSNZ      R3, 1, 0
;__Lib_MathDouble.c,274 :: 		
0x0192	0xF001EF5C  	GOTO        NRM40JPSETFOV32
;__Lib_MathDouble.c,275 :: 		
0x0196	0xF001EF57  	GOTO        NRM40JPFIXSIGN32
;__Lib_MathDouble.c,277 :: 		
NRM4032A:
;__Lib_MathDouble.c,278 :: 		
0x019A	0xF002C001  	MOVFF       R1, R2
;__Lib_MathDouble.c,279 :: 		
0x019E	0xF001C000  	MOVFF       R0, R1
;__Lib_MathDouble.c,280 :: 		
0x01A2	0xF000C008  	MOVFF       R8, R0
;__Lib_MathDouble.c,281 :: 		
0x01A6	0x6A08      	CLRF        R8, 0
;__Lib_MathDouble.c,282 :: 		
0x01A8	0x0E00      	MOVLW       0
;__Lib_MathDouble.c,283 :: 		
0x01AA	0x860E      	BSF         R14, 3, 0
;__Lib_MathDouble.c,284 :: 		
0x01AC	0x6402      	CPFSGT      R2, 0
;__Lib_MathDouble.c,285 :: 		
0x01AE	0xF001EF04  	GOTO        NRM4032B
;__Lib_MathDouble.c,288 :: 		
0x01B2	0x0EF0      	MOVLW       240
;__Lib_MathDouble.c,289 :: 		
0x01B4	0x1402      	ANDWF       R2, 0, 0
;__Lib_MathDouble.c,290 :: 		
0x01B6	0xA4D8      	BTFSS       STATUS, 2, 0
;__Lib_MathDouble.c,291 :: 		
0x01B8	0xF000EFEC  	GOTO        NORM4032A
;__Lib_MathDouble.c,292 :: 		
0x01BC	0x3A02      	SWAPF       R2, 1, 0
;__Lib_MathDouble.c,293 :: 		
0x01BE	0x3801      	SWAPF       R1, 0, 0
;__Lib_MathDouble.c,294 :: 		
0x01C0	0x0B0F      	ANDLW       15
;__Lib_MathDouble.c,295 :: 		
0x01C2	0x2602      	ADDWF       R2, 1, 0
;__Lib_MathDouble.c,297 :: 		
0x01C4	0x3801      	SWAPF       R1, 0, 0
;__Lib_MathDouble.c,298 :: 		
0x01C6	0x0BF0      	ANDLW       240
;__Lib_MathDouble.c,299 :: 		
0x01C8	0x6E01      	MOVWF       R1, 0
;__Lib_MathDouble.c,300 :: 		
0x01CA	0x3800      	SWAPF       R0, 0, 0
;__Lib_MathDouble.c,301 :: 		
0x01CC	0x0B0F      	ANDLW       15
;__Lib_MathDouble.c,302 :: 		
0x01CE	0x2601      	ADDWF       R1, 1, 0
;__Lib_MathDouble.c,304 :: 		
0x01D0	0x3800      	SWAPF       R0, 0, 0
;__Lib_MathDouble.c,305 :: 		
0x01D2	0x0BF0      	ANDLW       240
;__Lib_MathDouble.c,306 :: 		
0x01D4	0x6E00      	MOVWF       R0, 0
;__Lib_MathDouble.c,308 :: 		
0x01D6	0x840E      	BSF         R14, 2, 0
;__Lib_MathDouble.c,310 :: 		
NORM4032A:
;__Lib_MathDouble.c,311 :: 		
0x01D8	0x90D8      	BCF         STATUS, 0, 0
;__Lib_MathDouble.c,313 :: 		
0x01DA	0xBE02      	BTFSC       R2, 7, 0
;__Lib_MathDouble.c,314 :: 		
0x01DC	0xF000EFB1  	GOTO        TNORMUN4032
;__Lib_MathDouble.c,315 :: 		
0x01E0	0x3600      	RLCF        R0, 1, 0
;__Lib_MathDouble.c,316 :: 		
0x01E2	0x3601      	RLCF        R1, 1, 0
;__Lib_MathDouble.c,317 :: 		
0x01E4	0x3602      	RLCF        R2, 1, 0
;__Lib_MathDouble.c,318 :: 		
0x01E6	0x2A0E      	INCF        R14, 1, 0
;__Lib_MathDouble.c,319 :: 		
0x01E8	0xBE02      	BTFSC       R2, 7, 0
;__Lib_MathDouble.c,320 :: 		
0x01EA	0xF000EFB1  	GOTO        TNORMUN4032
;__Lib_MathDouble.c,321 :: 		
0x01EE	0x3600      	RLCF        R0, 1, 0
;__Lib_MathDouble.c,322 :: 		
0x01F0	0x3601      	RLCF        R1, 1, 0
;__Lib_MathDouble.c,323 :: 		
0x01F2	0x3602      	RLCF        R2, 1, 0
;__Lib_MathDouble.c,324 :: 		
0x01F4	0x2A0E      	INCF        R14, 1, 0
;__Lib_MathDouble.c,325 :: 		
0x01F6	0xBE02      	BTFSC       R2, 7, 0
;__Lib_MathDouble.c,326 :: 		
0x01F8	0xF000EFB1  	GOTO        TNORMUN4032
;__Lib_MathDouble.c,327 :: 		
0x01FC	0x3600      	RLCF        R0, 1, 0
;__Lib_MathDouble.c,328 :: 		
0x01FE	0x3601      	RLCF        R1, 1, 0
;__Lib_MathDouble.c,329 :: 		
0x0200	0x3602      	RLCF        R2, 1, 0
;__Lib_MathDouble.c,330 :: 		
0x0202	0x2A0E      	INCF        R14, 1, 0
;__Lib_MathDouble.c,331 :: 		
0x0204	0xF000EFB1  	GOTO        TNORMUN4032
;__Lib_MathDouble.c,333 :: 		
NRM4032B:
;__Lib_MathDouble.c,334 :: 		
0x0208	0xF002C001  	MOVFF       R1, R2
;__Lib_MathDouble.c,335 :: 		
0x020C	0xF001C000  	MOVFF       R0, R1
;__Lib_MathDouble.c,336 :: 		
0x0210	0x6A00      	CLRF        R0, 0
;__Lib_MathDouble.c,337 :: 		
0x0212	0x0E00      	MOVLW       0
;__Lib_MathDouble.c,338 :: 		
0x0214	0x960E      	BCF         R14, 3, 0
;__Lib_MathDouble.c,339 :: 		
0x0216	0x880E      	BSF         R14, 4, 0
;__Lib_MathDouble.c,340 :: 		
0x0218	0x6402      	CPFSGT      R2, 0
;__Lib_MathDouble.c,341 :: 		
0x021A	0xF001EF31  	GOTO        NRM4032C
;__Lib_MathDouble.c,344 :: 		
0x021E	0x0EF0      	MOVLW       240
;__Lib_MathDouble.c,345 :: 		
0x0220	0x1402      	ANDWF       R2, 0, 0
;__Lib_MathDouble.c,346 :: 		
0x0222	0xA4D8      	BTFSS       STATUS, 2, 0
;__Lib_MathDouble.c,347 :: 		
0x0224	0xF001EF1C  	GOTO        NORM4032B
;__Lib_MathDouble.c,349 :: 		
0x0228	0x3A02      	SWAPF       R2, 1, 0
;__Lib_MathDouble.c,350 :: 		
0x022A	0x3801      	SWAPF       R1, 0, 0
;__Lib_MathDouble.c,351 :: 		
0x022C	0x0B0F      	ANDLW       15
;__Lib_MathDouble.c,352 :: 		
0x022E	0x2602      	ADDWF       R2, 1, 0
;__Lib_MathDouble.c,354 :: 		
0x0230	0x3801      	SWAPF       R1, 0, 0
;__Lib_MathDouble.c,355 :: 		
0x0232	0x0BF0      	ANDLW       240
;__Lib_MathDouble.c,356 :: 		
0x0234	0x6E01      	MOVWF       R1, 0
;__Lib_MathDouble.c,358 :: 		
0x0236	0x840E      	BSF         R14, 2, 0
;__Lib_MathDouble.c,360 :: 		
NORM4032B:
;__Lib_MathDouble.c,361 :: 		
0x0238	0x90D8      	BCF         STATUS, 0, 0
;__Lib_MathDouble.c,362 :: 		
0x023A	0xBE02      	BTFSC       R2, 7, 0
;__Lib_MathDouble.c,363 :: 		
0x023C	0xF000EFB1  	GOTO        TNORMUN4032
;__Lib_MathDouble.c,364 :: 		
0x0240	0x3601      	RLCF        R1, 1, 0
;__Lib_MathDouble.c,365 :: 		
0x0242	0x3602      	RLCF        R2, 1, 0
;__Lib_MathDouble.c,366 :: 		
0x0244	0x2A0E      	INCF        R14, 1, 0
;__Lib_MathDouble.c,367 :: 		
0x0246	0xBE02      	BTFSC       R2, 7, 0
;__Lib_MathDouble.c,368 :: 		
0x0248	0xF000EFB1  	GOTO        TNORMUN4032
;__Lib_MathDouble.c,369 :: 		
0x024C	0x3601      	RLCF        R1, 1, 0
;__Lib_MathDouble.c,370 :: 		
0x024E	0x3602      	RLCF        R2, 1, 0
;__Lib_MathDouble.c,371 :: 		
0x0250	0x2A0E      	INCF        R14, 1, 0
;__Lib_MathDouble.c,372 :: 		
0x0252	0xBE02      	BTFSC       R2, 7, 0
;__Lib_MathDouble.c,373 :: 		
0x0254	0xF000EFB1  	GOTO        TNORMUN4032
;__Lib_MathDouble.c,374 :: 		
0x0258	0x3601      	RLCF        R1, 1, 0
;__Lib_MathDouble.c,375 :: 		
0x025A	0x3602      	RLCF        R2, 1, 0
;__Lib_MathDouble.c,376 :: 		
0x025C	0x2A0E      	INCF        R14, 1, 0
;__Lib_MathDouble.c,377 :: 		
0x025E	0xF000EFB1  	GOTO        TNORMUN4032
;__Lib_MathDouble.c,379 :: 		
NRM4032C:
;__Lib_MathDouble.c,380 :: 		
0x0262	0xF002C001  	MOVFF       R1, R2
;__Lib_MathDouble.c,381 :: 		
0x0266	0x6A01      	CLRF        R1, 0
;__Lib_MathDouble.c,382 :: 		
0x0268	0x0E00      	MOVLW       0
;__Lib_MathDouble.c,383 :: 		
0x026A	0x860E      	BSF         R14, 3, 0
;__Lib_MathDouble.c,384 :: 		
0x026C	0x6402      	CPFSGT      R2, 0
;__Lib_MathDouble.c,385 :: 		
0x026E	0xF001EF61  	GOTO        NRM40JPRES032
;__Lib_MathDouble.c,388 :: 		
0x0272	0x0EF0      	MOVLW       240
;__Lib_MathDouble.c,389 :: 		
0x0274	0x1402      	ANDWF       R2, 0, 0
;__Lib_MathDouble.c,390 :: 		
0x0276	0xA4D8      	BTFSS       STATUS, 2, 0
;__Lib_MathDouble.c,391 :: 		
0x0278	0xF001EF40  	GOTO        NORM4032C
;__Lib_MathDouble.c,392 :: 		
0x027C	0x3A02      	SWAPF       R2, 1, 0
;__Lib_MathDouble.c,394 :: 		
0x027E	0x840E      	BSF         R14, 2, 0
;__Lib_MathDouble.c,396 :: 		
NORM4032C:
;__Lib_MathDouble.c,397 :: 		
0x0280	0x90D8      	BCF         STATUS, 0, 0
;__Lib_MathDouble.c,399 :: 		
0x0282	0xBE02      	BTFSC       R2, 7, 0
;__Lib_MathDouble.c,400 :: 		
0x0284	0xF000EFB1  	GOTO        TNORMUN4032
;__Lib_MathDouble.c,401 :: 		
0x0288	0x3602      	RLCF        R2, 1, 0
;__Lib_MathDouble.c,402 :: 		
0x028A	0x2A0E      	INCF        R14, 1, 0
;__Lib_MathDouble.c,403 :: 		
0x028C	0xBE02      	BTFSC       R2, 7, 0
;__Lib_MathDouble.c,404 :: 		
0x028E	0xF000EFB1  	GOTO        TNORMUN4032
;__Lib_MathDouble.c,405 :: 		
0x0292	0x3602      	RLCF        R2, 1, 0
;__Lib_MathDouble.c,406 :: 		
0x0294	0x2A0E      	INCF        R14, 1, 0
;__Lib_MathDouble.c,407 :: 		
0x0296	0xBE02      	BTFSC       R2, 7, 0
;__Lib_MathDouble.c,408 :: 		
0x0298	0xF000EFB1  	GOTO        TNORMUN4032
;__Lib_MathDouble.c,409 :: 		
0x029C	0x3602      	RLCF        R2, 1, 0
;__Lib_MathDouble.c,410 :: 		
0x029E	0x2A0E      	INCF        R14, 1, 0
;__Lib_MathDouble.c,411 :: 		
0x02A0	0xF000EFB1  	GOTO        TNORMUN4032
;__Lib_MathDouble.c,413 :: 		
NRM40JPSETFUN32:
;__Lib_MathDouble.c,414 :: 		
0x02A4	0x0E01      	MOVLW       1
;__Lib_MathDouble.c,415 :: 		
0x02A6	0x6E0C      	MOVWF       R12, 0
;__Lib_MathDouble.c,417 :: 		
0x02A8	0xDF0E      	RCALL       _SETFUN32
;__Lib_MathDouble.c,419 :: 		
0x02AA	0xF001EF64  	GOTO        NRM40EEE
;__Lib_MathDouble.c,420 :: 		
NRM40JPFIXSIGN32:
;__Lib_MathDouble.c,421 :: 		
0x02AE	0x0E02      	MOVLW       2
;__Lib_MathDouble.c,422 :: 		
0x02B0	0x6E0C      	MOVWF       R12, 0
;__Lib_MathDouble.c,424 :: 		
0x02B2	0xDF16      	RCALL       _FIXSIGN32
;__Lib_MathDouble.c,426 :: 		
0x02B4	0xF001EF64  	GOTO        NRM40EEE
;__Lib_MathDouble.c,427 :: 		
NRM40JPSETFOV32:
;__Lib_MathDouble.c,428 :: 		
0x02B8	0x0E04      	MOVLW       4
;__Lib_MathDouble.c,429 :: 		
0x02BA	0x6E0C      	MOVWF       R12, 0
;__Lib_MathDouble.c,431 :: 		
0x02BC	0xDEF1      	RCALL       _SETFOV32
;__Lib_MathDouble.c,433 :: 		
0x02BE	0xF001EF64  	GOTO        NRM40EEE
;__Lib_MathDouble.c,434 :: 		
NRM40JPRES032:
;__Lib_MathDouble.c,435 :: 		
0x02C2	0x0E08      	MOVLW       8
;__Lib_MathDouble.c,436 :: 		
0x02C4	0x6E0C      	MOVWF       R12, 0
;__Lib_MathDouble.c,438 :: 		
0x02C6	0xDEF8      	RCALL       _RES032
;__Lib_MathDouble.c,440 :: 		
NRM40EEE:
;__Lib_MathDouble.c,448 :: 		
L_end_NRM4032:
0x02C8	0x0012      	RETURN      0
; end of _NRM4032
_SETIOV3224:
;__Lib_MathDouble.c,530 :: 		
;__Lib_MathDouble.c,537 :: 		
0x02CA	0x800B      	BSF         R11, 0, 0
;__Lib_MathDouble.c,538 :: 		
0x02CC	0xAE0B      	BTFSS       R11, 7, 0
;__Lib_MathDouble.c,539 :: 		
0x02CE	0xF001EF71  	GOTO        SETIOV3224EEE
;__Lib_MathDouble.c,541 :: 		
0x02D2	0x6A02      	CLRF        R2, 0
;__Lib_MathDouble.c,542 :: 		
0x02D4	0xAE0A      	BTFSS       R10, 7, 0
;__Lib_MathDouble.c,543 :: 		
0x02D6	0x0EFF      	MOVLW       255
;__Lib_MathDouble.c,544 :: 		
0x02D8	0x6E02      	MOVWF       R2, 0
;__Lib_MathDouble.c,545 :: 		
0x02DA	0x6E01      	MOVWF       R1, 0
;__Lib_MathDouble.c,546 :: 		
0x02DC	0x6E00      	MOVWF       R0, 0
;__Lib_MathDouble.c,547 :: 		
0x02DE	0x360A      	RLCF        R10, 1, 0
;__Lib_MathDouble.c,548 :: 		
0x02E0	0x3202      	RRCF        R2, 1, 0
;__Lib_MathDouble.c,549 :: 		
SETIOV3224EEE:
;__Lib_MathDouble.c,550 :: 		
0x02E2	0x0EFF      	MOVLW       255
;__Lib_MathDouble.c,552 :: 		
L_end_SETIOV3224:
0x02E4	0x0012      	RETURN      0
; end of _SETIOV3224
_double2longword:
;__Lib_MathDouble.c,1559 :: 		
;__Lib_MathDouble.c,1569 :: 		
0x02E6	0x6A0B      	CLRF        R11, 0
;__Lib_MathDouble.c,1570 :: 		
0x02E8	0x6A0C      	CLRF        R12, 0
;__Lib_MathDouble.c,1571 :: 		
0x02EA	0x6A0A      	CLRF        R10, 0
;__Lib_MathDouble.c,1573 :: 		
0x02EC	0x6A08      	CLRF        R8, 0
;__Lib_MathDouble.c,1574 :: 		
0x02EE	0x5003      	MOVF        R3, 0, 0
;__Lib_MathDouble.c,1575 :: 		
0x02F0	0xB4D8      	BTFSC       STATUS, 2, 0
;__Lib_MathDouble.c,1576 :: 		
0x02F2	0xF001EFFB  	GOTO        INT3232UEOK
;__Lib_MathDouble.c,1578 :: 		
0x02F6	0x8E02      	BSF         R2, 7, 0
;__Lib_MathDouble.c,1580 :: 		
0x02F8	0x0E9E      	MOVLW       158
;__Lib_MathDouble.c,1581 :: 		
0x02FA	0x5E03      	SUBWF       R3, 1, 0
;__Lib_MathDouble.c,1582 :: 		
0x02FC	0xBE03      	BTFSC       R3, 7, 0
;__Lib_MathDouble.c,1583 :: 		
0x02FE	0xF001EF86  	GOTO        SETEXP32U
;__Lib_MathDouble.c,1584 :: 		
0x0302	0xB4D8      	BTFSC       STATUS, 2, 0
;__Lib_MathDouble.c,1585 :: 		
0x0304	0xF001EF86  	GOTO        SETEXP32U
;__Lib_MathDouble.c,1586 :: 		
0x0308	0xF001EFEB  	GOTO        SETIOV32U
;__Lib_MathDouble.c,1587 :: 		
SETEXP32U:
;__Lib_MathDouble.c,1588 :: 		
0x030C	0x6C03      	NEGF        R3, 0
;__Lib_MathDouble.c,1590 :: 		
0x030E	0x0E08      	MOVLW       8
;__Lib_MathDouble.c,1591 :: 		
0x0310	0x5C03      	SUBWF       R3, 0, 0
;__Lib_MathDouble.c,1592 :: 		
0x0312	0xA0D8      	BTFSS       STATUS, 0, 0
;__Lib_MathDouble.c,1593 :: 		
0x0314	0xF001EFB8  	GOTO        TSHIFT3232U
;__Lib_MathDouble.c,1594 :: 		
0x0318	0x6E03      	MOVWF       R3, 0
;__Lib_MathDouble.c,1595 :: 		
0x031A	0x3608      	RLCF        R8, 1, 0
;__Lib_MathDouble.c,1596 :: 		
0x031C	0xF008C000  	MOVFF       R0, R8
;__Lib_MathDouble.c,1597 :: 		
0x0320	0xF000C001  	MOVFF       R1, R0
;__Lib_MathDouble.c,1598 :: 		
0x0324	0xF001C002  	MOVFF       R2, R1
;__Lib_MathDouble.c,1599 :: 		
0x0328	0x6A02      	CLRF        R2, 0
;__Lib_MathDouble.c,1601 :: 		
0x032A	0x0E08      	MOVLW       8
;__Lib_MathDouble.c,1602 :: 		
0x032C	0x5C03      	SUBWF       R3, 0, 0
;__Lib_MathDouble.c,1603 :: 		
0x032E	0xA0D8      	BTFSS       STATUS, 0, 0
;__Lib_MathDouble.c,1604 :: 		
0x0330	0xF001EFB8  	GOTO        TSHIFT3232U
;__Lib_MathDouble.c,1605 :: 		
0x0334	0x6E03      	MOVWF       R3, 0
;__Lib_MathDouble.c,1606 :: 		
0x0336	0x3608      	RLCF        R8, 1, 0
;__Lib_MathDouble.c,1607 :: 		
0x0338	0xF008C000  	MOVFF       R0, R8
;__Lib_MathDouble.c,1608 :: 		
0x033C	0xF000C001  	MOVFF       R1, R0
;__Lib_MathDouble.c,1609 :: 		
0x0340	0x6A01      	CLRF        R1, 0
;__Lib_MathDouble.c,1611 :: 		
0x0342	0x0E08      	MOVLW       8
;__Lib_MathDouble.c,1612 :: 		
0x0344	0x5C03      	SUBWF       R3, 0, 0
;__Lib_MathDouble.c,1613 :: 		
0x0346	0xA0D8      	BTFSS       STATUS, 0, 0
;__Lib_MathDouble.c,1614 :: 		
0x0348	0xF001EFB8  	GOTO        TSHIFT3232U
;__Lib_MathDouble.c,1615 :: 		
0x034C	0x6E03      	MOVWF       R3, 0
;__Lib_MathDouble.c,1616 :: 		
0x034E	0x3608      	RLCF        R8, 1, 0
;__Lib_MathDouble.c,1617 :: 		
0x0350	0xF008C000  	MOVFF       R0, R8
;__Lib_MathDouble.c,1618 :: 		
0x0354	0x6A00      	CLRF        R0, 0
;__Lib_MathDouble.c,1620 :: 		
0x0356	0x0E08      	MOVLW       8
;__Lib_MathDouble.c,1621 :: 		
0x0358	0x5C03      	SUBWF       R3, 0, 0
;__Lib_MathDouble.c,1622 :: 		
0x035A	0xA0D8      	BTFSS       STATUS, 0, 0
;__Lib_MathDouble.c,1623 :: 		
0x035C	0xF001EFB8  	GOTO        TSHIFT3232U
;__Lib_MathDouble.c,1624 :: 		
0x0360	0x6E03      	MOVWF       R3, 0
;__Lib_MathDouble.c,1625 :: 		
0x0362	0x3608      	RLCF        R8, 1, 0
;__Lib_MathDouble.c,1626 :: 		
0x0364	0x6A08      	CLRF        R8, 0
;__Lib_MathDouble.c,1628 :: 		
0x0366	0x5003      	MOVF        R3, 0, 0
;__Lib_MathDouble.c,1629 :: 		
0x0368	0xA4D8      	BTFSS       STATUS, 2, 0
;__Lib_MathDouble.c,1630 :: 		
0x036A	0x90D8      	BCF         STATUS, 0, 0
;__Lib_MathDouble.c,1631 :: 		
0x036C	0xF001EFC4  	GOTO        SHIFT3232UOK
;__Lib_MathDouble.c,1632 :: 		
TSHIFT3232U:
;__Lib_MathDouble.c,1633 :: 		
0x0370	0x5003      	MOVF        R3, 0, 0
;__Lib_MathDouble.c,1634 :: 		
0x0372	0xB4D8      	BTFSC       STATUS, 2, 0
;__Lib_MathDouble.c,1635 :: 		
0x0374	0xF001EFC4  	GOTO        SHIFT3232UOK
;__Lib_MathDouble.c,1636 :: 		
SHIFT3232U:
;__Lib_MathDouble.c,1637 :: 		
0x0378	0x90D8      	BCF         STATUS, 0, 0
;__Lib_MathDouble.c,1638 :: 		
0x037A	0x3202      	RRCF        R2, 1, 0
;__Lib_MathDouble.c,1639 :: 		
0x037C	0x3201      	RRCF        R1, 1, 0
;__Lib_MathDouble.c,1640 :: 		
0x037E	0x3200      	RRCF        R0, 1, 0
;__Lib_MathDouble.c,1641 :: 		
0x0380	0x3208      	RRCF        R8, 1, 0
;__Lib_MathDouble.c,1642 :: 		
0x0382	0x2E03      	DECFSZ      R3, 1, 0
;__Lib_MathDouble.c,1643 :: 		
0x0384	0xF001EFBC  	GOTO        SHIFT3232U
;__Lib_MathDouble.c,1644 :: 		
SHIFT3232UOK:
;__Lib_MathDouble.c,1645 :: 		
0x0388	0xBC0B      	BTFSC       R11, 6, 0
;__Lib_MathDouble.c,1646 :: 		
0x038A	0xA008      	BTFSS       R8, 0, 0
;__Lib_MathDouble.c,1647 :: 		
0x038C	0xF001EFD5  	GOTO        INT3232UOK
;__Lib_MathDouble.c,1648 :: 		
0x0390	0xA0D8      	BTFSS       STATUS, 0, 0
;__Lib_MathDouble.c,1649 :: 		
0x0392	0xF001EFD5  	GOTO        INT3232UOK
;__Lib_MathDouble.c,1650 :: 		
0x0396	0x2A08      	INCF        R8, 1, 0
;__Lib_MathDouble.c,1651 :: 		
0x0398	0xB4D8      	BTFSC       STATUS, 2, 0
;__Lib_MathDouble.c,1652 :: 		
0x039A	0x2A00      	INCF        R0, 1, 0
;__Lib_MathDouble.c,1653 :: 		
0x039C	0xB4D8      	BTFSC       STATUS, 2, 0
;__Lib_MathDouble.c,1654 :: 		
0x039E	0x2A01      	INCF        R1, 1, 0
;__Lib_MathDouble.c,1655 :: 		
0x03A0	0xB4D8      	BTFSC       STATUS, 2, 0
;__Lib_MathDouble.c,1656 :: 		
0x03A2	0x2A02      	INCF        R2, 1, 0
;__Lib_MathDouble.c,1657 :: 		
0x03A4	0xBE02      	BTFSC       R2, 7, 0
;__Lib_MathDouble.c,1658 :: 		
0x03A6	0xF001EFFF  	GOTO        JPLSETIOV3224
;__Lib_MathDouble.c,1659 :: 		
INT3232UOK:
;__Lib_MathDouble.c,1660 :: 		
0x03AA	0xAE0A      	BTFSS       R10, 7, 0
;__Lib_MathDouble.c,1661 :: 		
0x03AC	0xF001EFFB  	GOTO        INT3232UEOK
;__Lib_MathDouble.c,1663 :: 		
0x03B0	0x1E02      	COMF        R2, 1, 0
;__Lib_MathDouble.c,1664 :: 		
0x03B2	0x1E01      	COMF        R1, 1, 0
;__Lib_MathDouble.c,1665 :: 		
0x03B4	0x1E00      	COMF        R0, 1, 0
;__Lib_MathDouble.c,1666 :: 		
0x03B6	0x1E08      	COMF        R8, 1, 0
;__Lib_MathDouble.c,1667 :: 		
0x03B8	0x2A08      	INCF        R8, 1, 0
;__Lib_MathDouble.c,1668 :: 		
0x03BA	0xB4D8      	BTFSC       STATUS, 2, 0
;__Lib_MathDouble.c,1669 :: 		
0x03BC	0x2A00      	INCF        R0, 1, 0
;__Lib_MathDouble.c,1670 :: 		
0x03BE	0xB4D8      	BTFSC       STATUS, 2, 0
;__Lib_MathDouble.c,1671 :: 		
0x03C0	0x2A01      	INCF        R1, 1, 0
;__Lib_MathDouble.c,1672 :: 		
0x03C2	0xB4D8      	BTFSC       STATUS, 2, 0
;__Lib_MathDouble.c,1673 :: 		
0x03C4	0x2A02      	INCF        R2, 1, 0
;__Lib_MathDouble.c,1674 :: 		
0x03C6	0xF001EFFB  	GOTO        INT3232UEOK
;__Lib_MathDouble.c,1676 :: 		
0x03CA	0x6A02      	CLRF        R2, 0
;__Lib_MathDouble.c,1677 :: 		
0x03CC	0x6A01      	CLRF        R1, 0
;__Lib_MathDouble.c,1678 :: 		
0x03CE	0x6A00      	CLRF        R0, 0
;__Lib_MathDouble.c,1679 :: 		
0x03D0	0x6A08      	CLRF        R8, 0
;__Lib_MathDouble.c,1680 :: 		
0x03D2	0xF001EFFB  	GOTO        INT3232UEOK
;__Lib_MathDouble.c,1681 :: 		
SETIOV32U:
;__Lib_MathDouble.c,1682 :: 		
0x03D6	0x800B      	BSF         R11, 0, 0
;__Lib_MathDouble.c,1683 :: 		
0x03D8	0xAE0B      	BTFSS       R11, 7, 0
;__Lib_MathDouble.c,1684 :: 		
0x03DA	0xF002EF04  	GOTO        INT3232UEER
;__Lib_MathDouble.c,1686 :: 		
0x03DE	0x6A02      	CLRF        R2, 0
;__Lib_MathDouble.c,1687 :: 		
0x03E0	0xAE0A      	BTFSS       R10, 7, 0
;__Lib_MathDouble.c,1688 :: 		
0x03E2	0xF002EF04  	GOTO        INT3232UEER
;__Lib_MathDouble.c,1689 :: 		
0x03E6	0x6E02      	MOVWF       R2, 0
;__Lib_MathDouble.c,1690 :: 		
0x03E8	0x6E01      	MOVWF       R1, 0
;__Lib_MathDouble.c,1691 :: 		
0x03EA	0x6E00      	MOVWF       R0, 0
;__Lib_MathDouble.c,1692 :: 		
0x03EC	0x6E08      	MOVWF       R8, 0
;__Lib_MathDouble.c,1693 :: 		
0x03EE	0x360A      	RLCF        R10, 1, 0
;__Lib_MathDouble.c,1694 :: 		
0x03F0	0x3202      	RRCF        R2, 1, 0
;__Lib_MathDouble.c,1695 :: 		
0x03F2	0xF002EF04  	GOTO        INT3232UEER
;__Lib_MathDouble.c,1697 :: 		
INT3232UEOK:
;__Lib_MathDouble.c,1698 :: 		
0x03F6	0x0E00      	MOVLW       0
;__Lib_MathDouble.c,1699 :: 		
0x03F8	0x6A0C      	CLRF        R12, 0
;__Lib_MathDouble.c,1700 :: 		
0x03FA	0xF002EF05  	GOTO        INT3232UEEE
;__Lib_MathDouble.c,1701 :: 		
JPLSETIOV3224:
;__Lib_MathDouble.c,1702 :: 		
0x03FE	0x0E01      	MOVLW       1
;__Lib_MathDouble.c,1703 :: 		
0x0400	0x6E0C      	MOVWF       R12, 0
;__Lib_MathDouble.c,1705 :: 		
0x0402	0xDF63      	RCALL       _SETIOV3224
;__Lib_MathDouble.c,1707 :: 		
0x0404	0xF002EF05  	GOTO        INT3232UEEE
;__Lib_MathDouble.c,1708 :: 		
INT3232UEER:
;__Lib_MathDouble.c,1709 :: 		
0x0408	0x0EFF      	MOVLW       255
;__Lib_MathDouble.c,1710 :: 		
INT3232UEEE:
;__Lib_MathDouble.c,1711 :: 		
0x040A	0x5002      	MOVF        R2, 0, 0
;__Lib_MathDouble.c,1712 :: 		
0x040C	0x6E03      	MOVWF       R3, 0
;__Lib_MathDouble.c,1713 :: 		
0x040E	0x5001      	MOVF        R1, 0, 0
;__Lib_MathDouble.c,1714 :: 		
0x0410	0x6E02      	MOVWF       R2, 0
;__Lib_MathDouble.c,1715 :: 		
0x0412	0x5000      	MOVF        R0, 0, 0
;__Lib_MathDouble.c,1716 :: 		
0x0414	0x6E01      	MOVWF       R1, 0
;__Lib_MathDouble.c,1717 :: 		
0x0416	0x5008      	MOVF        R8, 0, 0
;__Lib_MathDouble.c,1718 :: 		
0x0418	0x6E00      	MOVWF       R0, 0
;__Lib_MathDouble.c,1723 :: 		
L_end_double2longword:
0x041A	0x0012      	RETURN      0
; end of _double2longword
_Mul_32x32_FP:
;__Lib_MathDouble.c,1130 :: 		
;__Lib_MathDouble.c,1148 :: 		
0x041C	0x6A08      	CLRF        R8, 0
;__Lib_MathDouble.c,1149 :: 		
0x041E	0x6A09      	CLRF        R9, 0
;__Lib_MathDouble.c,1151 :: 		
0x0420	0x0E00      	MOVLW       0
;__Lib_MathDouble.c,1152 :: 		
0x0422	0x6207      	CPFSEQ      R7, 0
;__Lib_MathDouble.c,1153 :: 		
0x0424	0x6403      	CPFSGT      R3, 0
;__Lib_MathDouble.c,1154 :: 		
0x0426	0xF002EF93  	GOTO        MULJPRES032
;__Lib_MathDouble.c,1157 :: 		
0x042A	0x5002      	MOVF        R2, 0, 0
;__Lib_MathDouble.c,1158 :: 		
0x042C	0x1806      	XORWF       R6, 0, 0
;__Lib_MathDouble.c,1159 :: 		
0x042E	0x6E0A      	MOVWF       R10, 0
;__Lib_MathDouble.c,1161 :: 		
0x0430	0x5007      	MOVF        R7, 0, 0
;__Lib_MathDouble.c,1162 :: 		
0x0432	0x2603      	ADDWF       R3, 1, 0
;__Lib_MathDouble.c,1163 :: 		
0x0434	0x0E7E      	MOVLW       126
;__Lib_MathDouble.c,1164 :: 		
0x0436	0xA0D8      	BTFSS       STATUS, 0, 0
;__Lib_MathDouble.c,1165 :: 		
0x0438	0xF002EF24  	GOTO        MTUN32
;__Lib_MathDouble.c,1167 :: 		
0x043C	0x5E03      	SUBWF       R3, 1, 0
;__Lib_MathDouble.c,1168 :: 		
0x043E	0xB0D8      	BTFSC       STATUS, 0, 0
;__Lib_MathDouble.c,1169 :: 		
0x0440	0xF002EF97  	GOTO        MULJPSETFOV32
;__Lib_MathDouble.c,1170 :: 		
0x0444	0xF002EF28  	GOTO        MOK32
;__Lib_MathDouble.c,1172 :: 		
MTUN32:
;__Lib_MathDouble.c,1173 :: 		
0x0448	0x5E03      	SUBWF       R3, 1, 0
;__Lib_MathDouble.c,1174 :: 		
0x044A	0xA0D8      	BTFSS       STATUS, 0, 0
;__Lib_MathDouble.c,1175 :: 		
0x044C	0xF002EF9B  	GOTO        MULJPSETFUN32
;__Lib_MathDouble.c,1177 :: 		
MOK32:
;__Lib_MathDouble.c,1178 :: 		
0x0450	0x8E02      	BSF         R2, 7, 0
;__Lib_MathDouble.c,1179 :: 		
0x0452	0x8E06      	BSF         R6, 7, 0
;__Lib_MathDouble.c,1181 :: 		
0x0454	0xF00EC002  	MOVFF       R2, R14
;__Lib_MathDouble.c,1182 :: 		
0x0458	0xF00BC001  	MOVFF       R1, R11
;__Lib_MathDouble.c,1183 :: 		
0x045C	0xF00DC000  	MOVFF       R0, R13
;__Lib_MathDouble.c,1185 :: 		
0x0460	0x5000      	MOVF        R0, 0, 0
;__Lib_MathDouble.c,1186 :: 		
0x0462	0x0204      	MULWF       R4, 0
;__Lib_MathDouble.c,1187 :: 		
0x0464	0xF00CCFF4  	MOVFF       PRODH, R12
;__Lib_MathDouble.c,1189 :: 		
0x0468	0x5001      	MOVF        R1, 0, 0
;__Lib_MathDouble.c,1190 :: 		
0x046A	0x0205      	MULWF       R5, 0
;__Lib_MathDouble.c,1191 :: 		
0x046C	0xF000CFF4  	MOVFF       PRODH, R0
;__Lib_MathDouble.c,1192 :: 		
0x0470	0xF008CFF3  	MOVFF       PRODL, R8
;__Lib_MathDouble.c,1194 :: 		
0x0474	0x0204      	MULWF       R4, 0
;__Lib_MathDouble.c,1195 :: 		
0x0476	0x50F3      	MOVF        PRODL, 0, 0
;__Lib_MathDouble.c,1196 :: 		
0x0478	0x260C      	ADDWF       R12, 1, 0
;__Lib_MathDouble.c,1197 :: 		
0x047A	0x50F4      	MOVF        PRODH, 0, 0
;__Lib_MathDouble.c,1198 :: 		
0x047C	0x2208      	ADDWFC      R8, 1, 0
;__Lib_MathDouble.c,1199 :: 		
0x047E	0x0E00      	MOVLW       0
;__Lib_MathDouble.c,1200 :: 		
0x0480	0x2200      	ADDWFC      R0, 1, 0
;__Lib_MathDouble.c,1202 :: 		
0x0482	0x500D      	MOVF        R13, 0, 0
;__Lib_MathDouble.c,1203 :: 		
0x0484	0x0205      	MULWF       R5, 0
;__Lib_MathDouble.c,1204 :: 		
0x0486	0x50F3      	MOVF        PRODL, 0, 0
;__Lib_MathDouble.c,1205 :: 		
0x0488	0x260C      	ADDWF       R12, 1, 0
;__Lib_MathDouble.c,1206 :: 		
0x048A	0x50F4      	MOVF        PRODH, 0, 0
;__Lib_MathDouble.c,1207 :: 		
0x048C	0x2208      	ADDWFC      R8, 1, 0
;__Lib_MathDouble.c,1208 :: 		
0x048E	0x0E00      	MOVLW       0
;__Lib_MathDouble.c,1209 :: 		
0x0490	0x2200      	ADDWFC      R0, 1, 0
;__Lib_MathDouble.c,1211 :: 		
0x0492	0x5002      	MOVF        R2, 0, 0
;__Lib_MathDouble.c,1212 :: 		
0x0494	0x0204      	MULWF       R4, 0
;__Lib_MathDouble.c,1213 :: 		
0x0496	0x50F3      	MOVF        PRODL, 0, 0
;__Lib_MathDouble.c,1214 :: 		
0x0498	0x2608      	ADDWF       R8, 1, 0
;__Lib_MathDouble.c,1215 :: 		
0x049A	0x50F4      	MOVF        PRODH, 0, 0
;__Lib_MathDouble.c,1216 :: 		
0x049C	0x2200      	ADDWFC      R0, 1, 0
;__Lib_MathDouble.c,1217 :: 		
0x049E	0x5002      	MOVF        R2, 0, 0
;__Lib_MathDouble.c,1218 :: 		
0x04A0	0x0205      	MULWF       R5, 0
;__Lib_MathDouble.c,1219 :: 		
0x04A2	0x6A01      	CLRF        R1, 0
;__Lib_MathDouble.c,1220 :: 		
0x04A4	0x0E00      	MOVLW       0
;__Lib_MathDouble.c,1221 :: 		
0x04A6	0x2201      	ADDWFC      R1, 1, 0
;__Lib_MathDouble.c,1222 :: 		
0x04A8	0x50F3      	MOVF        PRODL, 0, 0
;__Lib_MathDouble.c,1223 :: 		
0x04AA	0x2600      	ADDWF       R0, 1, 0
;__Lib_MathDouble.c,1224 :: 		
0x04AC	0x50F4      	MOVF        PRODH, 0, 0
;__Lib_MathDouble.c,1225 :: 		
0x04AE	0x2201      	ADDWFC      R1, 1, 0
;__Lib_MathDouble.c,1227 :: 		
0x04B0	0x500D      	MOVF        R13, 0, 0
;__Lib_MathDouble.c,1228 :: 		
0x04B2	0x0206      	MULWF       R6, 0
;__Lib_MathDouble.c,1229 :: 		
0x04B4	0x50F3      	MOVF        PRODL, 0, 0
;__Lib_MathDouble.c,1230 :: 		
0x04B6	0x2608      	ADDWF       R8, 1, 0
;__Lib_MathDouble.c,1231 :: 		
0x04B8	0x50F4      	MOVF        PRODH, 0, 0
;__Lib_MathDouble.c,1232 :: 		
0x04BA	0x2200      	ADDWFC      R0, 1, 0
;__Lib_MathDouble.c,1233 :: 		
0x04BC	0x6A02      	CLRF        R2, 0
;__Lib_MathDouble.c,1234 :: 		
0x04BE	0x0E00      	MOVLW       0
;__Lib_MathDouble.c,1235 :: 		
0x04C0	0x2201      	ADDWFC      R1, 1, 0
;__Lib_MathDouble.c,1236 :: 		
0x04C2	0x2202      	ADDWFC      R2, 1, 0
;__Lib_MathDouble.c,1238 :: 		
0x04C4	0x500B      	MOVF        R11, 0, 0
;__Lib_MathDouble.c,1239 :: 		
0x04C6	0x0206      	MULWF       R6, 0
;__Lib_MathDouble.c,1240 :: 		
0x04C8	0x50F3      	MOVF        PRODL, 0, 0
;__Lib_MathDouble.c,1241 :: 		
0x04CA	0x2600      	ADDWF       R0, 1, 0
;__Lib_MathDouble.c,1242 :: 		
0x04CC	0x50F4      	MOVF        PRODH, 0, 0
;__Lib_MathDouble.c,1243 :: 		
0x04CE	0x2201      	ADDWFC      R1, 1, 0
;__Lib_MathDouble.c,1244 :: 		
0x04D0	0x0E00      	MOVLW       0
;__Lib_MathDouble.c,1245 :: 		
0x04D2	0x2202      	ADDWFC      R2, 1, 0
;__Lib_MathDouble.c,1247 :: 		
0x04D4	0x500E      	MOVF        R14, 0, 0
;__Lib_MathDouble.c,1248 :: 		
0x04D6	0x0206      	MULWF       R6, 0
;__Lib_MathDouble.c,1249 :: 		
0x04D8	0x50F3      	MOVF        PRODL, 0, 0
;__Lib_MathDouble.c,1250 :: 		
0x04DA	0x2601      	ADDWF       R1, 1, 0
;__Lib_MathDouble.c,1251 :: 		
0x04DC	0x50F4      	MOVF        PRODH, 0, 0
;__Lib_MathDouble.c,1252 :: 		
0x04DE	0x2202      	ADDWFC      R2, 1, 0
;__Lib_MathDouble.c,1254 :: 		
0x04E0	0xBE02      	BTFSC       R2, 7, 0
;__Lib_MathDouble.c,1255 :: 		
0x04E2	0xF002EF7B  	GOTO        MROUND32
;__Lib_MathDouble.c,1256 :: 		
0x04E6	0x3608      	RLCF        R8, 1, 0
;__Lib_MathDouble.c,1257 :: 		
0x04E8	0x3600      	RLCF        R0, 1, 0
;__Lib_MathDouble.c,1258 :: 		
0x04EA	0x3601      	RLCF        R1, 1, 0
;__Lib_MathDouble.c,1259 :: 		
0x04EC	0x3602      	RLCF        R2, 1, 0
;__Lib_MathDouble.c,1260 :: 		
0x04EE	0x0603      	DECF        R3, 1, 0
;__Lib_MathDouble.c,1261 :: 		
0x04F0	0xB4D8      	BTFSC       STATUS, 2, 0
;__Lib_MathDouble.c,1262 :: 		
0x04F2	0xF002EF9B  	GOTO        MULJPSETFUN32
;__Lib_MathDouble.c,1264 :: 		
MROUND32:
;__Lib_MathDouble.c,1267 :: 		
0x04F6	0xF002EF8E  	GOTO        MUL32OK
;__Lib_MathDouble.c,1268 :: 		
0x04FA	0x80D8      	BSF         STATUS, 0, 0
;__Lib_MathDouble.c,1269 :: 		
0x04FC	0x0E80      	MOVLW       128
;__Lib_MathDouble.c,1270 :: 		
0x04FE	0x6408      	CPFSGT      R8, 0
;__Lib_MathDouble.c,1271 :: 		
0x0500	0x3000      	RRCF        R0, 0, 0
;__Lib_MathDouble.c,1272 :: 		
0x0502	0x0E00      	MOVLW       0
;__Lib_MathDouble.c,1273 :: 		
0x0504	0x2200      	ADDWFC      R0, 1, 0
;__Lib_MathDouble.c,1274 :: 		
0x0506	0x2201      	ADDWFC      R1, 1, 0
;__Lib_MathDouble.c,1275 :: 		
0x0508	0x2202      	ADDWFC      R2, 1, 0
;__Lib_MathDouble.c,1277 :: 		
0x050A	0xA0D8      	BTFSS       STATUS, 0, 0
;__Lib_MathDouble.c,1278 :: 		
0x050C	0xF002EF8E  	GOTO        MUL32OK
;__Lib_MathDouble.c,1279 :: 		
0x0510	0x3202      	RRCF        R2, 1, 0
;__Lib_MathDouble.c,1280 :: 		
0x0512	0x3201      	RRCF        R1, 1, 0
;__Lib_MathDouble.c,1281 :: 		
0x0514	0x3200      	RRCF        R0, 1, 0
;__Lib_MathDouble.c,1282 :: 		
0x0516	0x4A03      	INFSNZ      R3, 1, 0
;__Lib_MathDouble.c,1283 :: 		
0x0518	0xF002EF97  	GOTO        MULJPSETFOV32
;__Lib_MathDouble.c,1285 :: 		
MUL32OK:
;__Lib_MathDouble.c,1286 :: 		
0x051C	0xAE0A      	BTFSS       R10, 7, 0
;__Lib_MathDouble.c,1287 :: 		
0x051E	0x9E02      	BCF         R2, 7, 0
;__Lib_MathDouble.c,1289 :: 		
0x0520	0x0E00      	MOVLW       0
;__Lib_MathDouble.c,1290 :: 		
0x0522	0xF002EF9D  	GOTO        MULEEE
;__Lib_MathDouble.c,1291 :: 		
MULJPRES032:
;__Lib_MathDouble.c,1292 :: 		
0x0526	0x0E01      	MOVLW       1
;__Lib_MathDouble.c,1295 :: 		
0x0528	0xDDC7      	RCALL       _RES032
;__Lib_MathDouble.c,1297 :: 		
0x052A	0xF002EF9D  	GOTO        MULEEE
;__Lib_MathDouble.c,1298 :: 		
MULJPSETFOV32:
;__Lib_MathDouble.c,1299 :: 		
0x052E	0x0E02      	MOVLW       2
;__Lib_MathDouble.c,1302 :: 		
0x0530	0xDDB7      	RCALL       _SETFOV32
;__Lib_MathDouble.c,1304 :: 		
0x0532	0xF002EF9D  	GOTO        MULEEE
;__Lib_MathDouble.c,1305 :: 		
MULJPSETFUN32:
;__Lib_MathDouble.c,1306 :: 		
0x0536	0x0E04      	MOVLW       4
;__Lib_MathDouble.c,1309 :: 		
0x0538	0xDDC6      	RCALL       _SETFUN32
;__Lib_MathDouble.c,1311 :: 		
MULEEE:
;__Lib_MathDouble.c,1318 :: 		
L_end_Mul_32x32_FP:
0x053A	0x0012      	RETURN      0
; end of _Mul_32x32_FP
_NRM3232:
;__Lib_MathDouble.c,455 :: 		
;__Lib_MathDouble.c,463 :: 		
0x053C	0x6A0C      	CLRF        R12, 0
;__Lib_MathDouble.c,464 :: 		
0x053E	0x6A0E      	CLRF        R14, 0
;__Lib_MathDouble.c,465 :: 		
0x0540	0x5002      	MOVF        R2, 0, 0
;__Lib_MathDouble.c,466 :: 		
0x0542	0xA4D8      	BTFSS       STATUS, 2, 0
;__Lib_MathDouble.c,467 :: 		
0x0544	0xF002EFB7  	GOTO        NORM3232
;__Lib_MathDouble.c,468 :: 		
0x0548	0xF002C001  	MOVFF       R1, R2
;__Lib_MathDouble.c,469 :: 		
0x054C	0xF001C000  	MOVFF       R0, R1
;__Lib_MathDouble.c,470 :: 		
0x0550	0x6A00      	CLRF        R0, 0
;__Lib_MathDouble.c,471 :: 		
0x0552	0x860E      	BSF         R14, 3, 0
;__Lib_MathDouble.c,473 :: 		
0x0554	0x5002      	MOVF        R2, 0, 0
;__Lib_MathDouble.c,474 :: 		
0x0556	0xA4D8      	BTFSS       STATUS, 2, 0
;__Lib_MathDouble.c,475 :: 		
0x0558	0xF002EFB7  	GOTO        NORM3232
;__Lib_MathDouble.c,476 :: 		
0x055C	0xF002C001  	MOVFF       R1, R2
;__Lib_MathDouble.c,477 :: 		
0x0560	0x6A01      	CLRF        R1, 0
;__Lib_MathDouble.c,478 :: 		
0x0562	0x960E      	BCF         R14, 3, 0
;__Lib_MathDouble.c,479 :: 		
0x0564	0x880E      	BSF         R14, 4, 0
;__Lib_MathDouble.c,481 :: 		
0x0566	0x5002      	MOVF        R2, 0, 0
;__Lib_MathDouble.c,482 :: 		
0x0568	0xB4D8      	BTFSC       STATUS, 2, 0
;__Lib_MathDouble.c,483 :: 		
0x056A	0xF002EFC9  	GOTO        JPNRES032
;__Lib_MathDouble.c,484 :: 		
NORM3232:
;__Lib_MathDouble.c,485 :: 		
0x056E	0x500E      	MOVF        R14, 0, 0
;__Lib_MathDouble.c,486 :: 		
0x0570	0x5E03      	SUBWF       R3, 1, 0
;__Lib_MathDouble.c,487 :: 		
0x0572	0xA4D8      	BTFSS       STATUS, 2, 0
;__Lib_MathDouble.c,488 :: 		
0x0574	0xA0D8      	BTFSS       STATUS, 0, 0
;__Lib_MathDouble.c,489 :: 		
0x0576	0xF002EFCE  	GOTO        JPNSETFUN32
;__Lib_MathDouble.c,490 :: 		
0x057A	0x90D8      	BCF         STATUS, 0, 0
;__Lib_MathDouble.c,491 :: 		
NORM3232A:
;__Lib_MathDouble.c,492 :: 		
0x057C	0xBE02      	BTFSC       R2, 7, 0
;__Lib_MathDouble.c,493 :: 		
0x057E	0xF002EFD3  	GOTO        JMPNFIXSIGN32
;__Lib_MathDouble.c,494 :: 		
0x0582	0x3600      	RLCF        R0, 1, 0
;__Lib_MathDouble.c,495 :: 		
0x0584	0x3601      	RLCF        R1, 1, 0
;__Lib_MathDouble.c,496 :: 		
0x0586	0x3602      	RLCF        R2, 1, 0
;__Lib_MathDouble.c,497 :: 		
0x0588	0x2E03      	DECFSZ      R3, 1, 0
;__Lib_MathDouble.c,498 :: 		
0x058A	0xF002EFBE  	GOTO        NORM3232A
;__Lib_MathDouble.c,499 :: 		
0x058E	0xF002EFCE  	GOTO        JPNSETFUN32
;__Lib_MathDouble.c,500 :: 		
JPNRES032:
;__Lib_MathDouble.c,501 :: 		
0x0592	0x0E01      	MOVLW       1
;__Lib_MathDouble.c,502 :: 		
0x0594	0x6E0C      	MOVWF       R12, 0
;__Lib_MathDouble.c,504 :: 		
0x0596	0xDD90      	RCALL       _RES032
;__Lib_MathDouble.c,506 :: 		
0x0598	0xF002EFD6  	GOTO        NORM32EEE
;__Lib_MathDouble.c,507 :: 		
JPNSETFUN32:
;__Lib_MathDouble.c,508 :: 		
0x059C	0x0E02      	MOVLW       2
;__Lib_MathDouble.c,509 :: 		
0x059E	0x6E0C      	MOVWF       R12, 0
;__Lib_MathDouble.c,511 :: 		
0x05A0	0xDD92      	RCALL       _SETFUN32
;__Lib_MathDouble.c,513 :: 		
0x05A2	0xF002EFD6  	GOTO        NORM32EEE
;__Lib_MathDouble.c,514 :: 		
JMPNFIXSIGN32:
;__Lib_MathDouble.c,515 :: 		
0x05A6	0x0E04      	MOVLW       4
;__Lib_MathDouble.c,516 :: 		
0x05A8	0x6E0C      	MOVWF       R12, 0
;__Lib_MathDouble.c,518 :: 		
0x05AA	0xDD9A      	RCALL       _FIXSIGN32
;__Lib_MathDouble.c,520 :: 		
NORM32EEE:
;__Lib_MathDouble.c,527 :: 		
L_end_NRM3232:
0x05AC	0x0012      	RETURN      0
; end of _NRM3232
_longword2double:
;__Lib_MathDouble.c,2427 :: 		
;__Lib_MathDouble.c,2434 :: 		
0x05AE	0x5000      	MOVF        R0, 0, 0
;__Lib_MathDouble.c,2435 :: 		
0x05B0	0x6E08      	MOVWF       R8, 0
;__Lib_MathDouble.c,2436 :: 		
0x05B2	0x5001      	MOVF        R1, 0, 0
;__Lib_MathDouble.c,2437 :: 		
0x05B4	0x6E00      	MOVWF       R0, 0
;__Lib_MathDouble.c,2438 :: 		
0x05B6	0x5002      	MOVF        R2, 0, 0
;__Lib_MathDouble.c,2439 :: 		
0x05B8	0x6E01      	MOVWF       R1, 0
;__Lib_MathDouble.c,2440 :: 		
0x05BA	0x5003      	MOVF        R3, 0, 0
;__Lib_MathDouble.c,2441 :: 		
0x05BC	0x6E02      	MOVWF       R2, 0
;__Lib_MathDouble.c,2442 :: 		
0x05BE	0x6A03      	CLRF        R3, 0
;__Lib_MathDouble.c,2445 :: 		
0x05C0	0x6A0B      	CLRF        R11, 0
;__Lib_MathDouble.c,2446 :: 		
0x05C2	0x6A0C      	CLRF        R12, 0
;__Lib_MathDouble.c,2448 :: 		
0x05C4	0x0E9E      	MOVLW       158
;__Lib_MathDouble.c,2449 :: 		
0x05C6	0x6E03      	MOVWF       R3, 0
;__Lib_MathDouble.c,2450 :: 		
0x05C8	0x6A0A      	CLRF        R10, 0
;__Lib_MathDouble.c,2451 :: 		
0x05CA	0x0E02      	MOVLW       2
;__Lib_MathDouble.c,2452 :: 		
0x05CC	0x6E0C      	MOVWF       R12, 0
;__Lib_MathDouble.c,2454 :: 		
0x05CE	0xDD8C      	RCALL       _NRM4032
;__Lib_MathDouble.c,2455 :: 		
L_end_longword2double:
0x05D0	0x0012      	RETURN      0
; end of _longword2double
_millis:
;aceleracao_velocidade_rpm.c,8 :: 		unsigned long millis(){
;aceleracao_velocidade_rpm.c,10 :: 		PIE1.TMR1IE=0;                                                                // Desabilita a interrupção do timer1
0x05D2	0x909D      	BCF         PIE1, 0 
;aceleracao_velocidade_rpm.c,11 :: 		time=TMR1L;
0x05D4	0xF03BCFCE  	MOVFF       TMR1L, millis_time_L0
0x05D8	0x0E00      	MOVLW       0
0x05DA	0x6E3C      	MOVWF       millis_time_L0+1 
0x05DC	0x6E3D      	MOVWF       millis_time_L0+2 
0x05DE	0x6E3E      	MOVWF       millis_time_L0+3 
;aceleracao_velocidade_rpm.c,12 :: 		time+=(TMR1H<<8);
0x05E0	0xF001CFCF  	MOVFF       TMR1H, R1
0x05E4	0x6A00      	CLRF        R0 
0x05E6	0x5000      	MOVF        R0, 0 
0x05E8	0x243B      	ADDWF       millis_time_L0, 0 
0x05EA	0x6E05      	MOVWF       R5 
0x05EC	0x5001      	MOVF        R1, 0 
0x05EE	0x203C      	ADDWFC      millis_time_L0+1, 0 
0x05F0	0x6E06      	MOVWF       R6 
0x05F2	0x0E00      	MOVLW       0
0x05F4	0x203D      	ADDWFC      millis_time_L0+2, 0 
0x05F6	0x6E07      	MOVWF       R7 
0x05F8	0x0E00      	MOVLW       0
0x05FA	0x203E      	ADDWFC      millis_time_L0+3, 0 
0x05FC	0x6E08      	MOVWF       R8 
0x05FE	0xF03BC005  	MOVFF       R5, millis_time_L0
0x0602	0xF03CC006  	MOVFF       R6, millis_time_L0+1
0x0606	0xF03DC007  	MOVFF       R7, millis_time_L0+2
0x060A	0xF03EC008  	MOVFF       R8, millis_time_L0+3
;aceleracao_velocidade_rpm.c,13 :: 		time+=(timeroverflow<<16);
0x060E	0xF003C019  	MOVFF       _timeroverflow+1, R3
0x0612	0xF002C018  	MOVFF       _timeroverflow, R2
0x0616	0x6A00      	CLRF        R0 
0x0618	0x6A01      	CLRF        R1 
0x061A	0x5005      	MOVF        R5, 0 
0x061C	0x2600      	ADDWF       R0, 1 
0x061E	0x5006      	MOVF        R6, 0 
0x0620	0x2201      	ADDWFC      R1, 1 
0x0622	0x5007      	MOVF        R7, 0 
0x0624	0x2202      	ADDWFC      R2, 1 
0x0626	0x5008      	MOVF        R8, 0 
0x0628	0x2203      	ADDWFC      R3, 1 
0x062A	0xF03BC000  	MOVFF       R0, millis_time_L0
0x062E	0xF03CC001  	MOVFF       R1, millis_time_L0+1
0x0632	0xF03DC002  	MOVFF       R2, millis_time_L0+2
0x0636	0xF03EC003  	MOVFF       R3, millis_time_L0+3
;aceleracao_velocidade_rpm.c,14 :: 		PIE1.TMR1IE=1;                                                                // Habilita a interrupção do timer1
0x063A	0x809D      	BSF         PIE1, 0 
;aceleracao_velocidade_rpm.c,15 :: 		time*=0.0016;
0x063C	0xDFB8      	RCALL       _longword2double
0x063E	0x0E17      	MOVLW       23
0x0640	0x6E04      	MOVWF       R4 
0x0642	0x0EB7      	MOVLW       183
0x0644	0x6E05      	MOVWF       R5 
0x0646	0x0E51      	MOVLW       81
0x0648	0x6E06      	MOVWF       R6 
0x064A	0x0E75      	MOVLW       117
0x064C	0x6E07      	MOVWF       R7 
0x064E	0xDEE6      	RCALL       _Mul_32x32_FP
0x0650	0xDE4A      	RCALL       _double2longword
0x0652	0xF03BC000  	MOVFF       R0, millis_time_L0
0x0656	0xF03CC001  	MOVFF       R1, millis_time_L0+1
0x065A	0xF03DC002  	MOVFF       R2, millis_time_L0+2
0x065E	0xF03EC003  	MOVFF       R3, millis_time_L0+3
;aceleracao_velocidade_rpm.c,16 :: 		return time;
;aceleracao_velocidade_rpm.c,17 :: 		}
L_end_millis:
0x0662	0x0012      	RETURN      0
; end of _millis
___CC2DW:
;__Lib_System.c,21 :: 		
;__Lib_System.c,23 :: 		
_CC2DL_Loop1:
;__Lib_System.c,24 :: 		
0x0664	0x0009      	TBLRD*+
;__Lib_System.c,25 :: 		
0x0666	0xFFE6CFF5  	MOVFF       TABLAT, POSTINC1
;__Lib_System.c,26 :: 		
0x066A	0x0600      	DECF        R0, 1, 0
;__Lib_System.c,27 :: 		
0x066C	0xE1FB      	BNZ         _CC2DL_Loop1
;__Lib_System.c,28 :: 		
0x066E	0x0601      	DECF        R1, 1, 0
;__Lib_System.c,29 :: 		
0x0670	0xE1F9      	BNZ         _CC2DL_Loop1
;__Lib_System.c,31 :: 		
L_end___CC2DW:
0x0672	0x0012      	RETURN      0
; end of ___CC2DW
_UART1_Init:
;__Lib_UART_c67.c,15 :: 		
;__Lib_UART_c67.c,18 :: 		
0x0674	0x0E8C      	MOVLW       _UART1_Write
0x0676	0x6E20      	MOVWF       _UART_Wr_Ptr 
0x0678	0x0E07      	MOVLW       hi_addr(_UART1_Write)
0x067A	0x6E21      	MOVWF       _UART_Wr_Ptr+1 
0x067C	0x0E3B      	MOVLW       FARG_UART1_Write_data_
0x067E	0x6E22      	MOVWF       _UART_Wr_Ptr+2 
0x0680	0x0E00      	MOVLW       hi_addr(FARG_UART1_Write_data_)
0x0682	0x6E23      	MOVWF       _UART_Wr_Ptr+3 
;__Lib_UART_c67.c,19 :: 		
0x0684	0x0EFF      	MOVLW       _UART1_Read
0x0686	0x6E2C      	MOVWF       _UART_Rd_Ptr 
0x0688	0x0EFF      	MOVLW       hi_addr(_UART1_Read)
0x068A	0x6E2D      	MOVWF       _UART_Rd_Ptr+1 
0x068C	0x0E00      	MOVLW       0
0x068E	0x6E2E      	MOVWF       _UART_Rd_Ptr+2 
0x0690	0x0E00      	MOVLW       0
0x0692	0x6E2F      	MOVWF       _UART_Rd_Ptr+3 
;__Lib_UART_c67.c,20 :: 		
0x0694	0x0EFF      	MOVLW       _UART1_Data_Ready
0x0696	0x6E28      	MOVWF       _UART_Rdy_Ptr 
0x0698	0x0EFF      	MOVLW       hi_addr(_UART1_Data_Ready)
0x069A	0x6E29      	MOVWF       _UART_Rdy_Ptr+1 
0x069C	0x0E00      	MOVLW       0
0x069E	0x6E2A      	MOVWF       _UART_Rdy_Ptr+2 
0x06A0	0x0E00      	MOVLW       0
0x06A2	0x6E2B      	MOVWF       _UART_Rdy_Ptr+3 
;__Lib_UART_c67.c,21 :: 		
0x06A4	0x0EFF      	MOVLW       _UART1_Tx_Idle
0x06A6	0x6E24      	MOVWF       _UART_Tx_Idle_Ptr 
0x06A8	0x0EFF      	MOVLW       hi_addr(_UART1_Tx_Idle)
0x06AA	0x6E25      	MOVWF       _UART_Tx_Idle_Ptr+1 
0x06AC	0x0E00      	MOVLW       0
0x06AE	0x6E26      	MOVWF       _UART_Tx_Idle_Ptr+2 
0x06B0	0x0E00      	MOVLW       0
0x06B2	0x6E27      	MOVWF       _UART_Tx_Idle_Ptr+3 
;__Lib_UART_c67.c,23 :: 		
0x06B4	0x8AAC      	BSF         TXSTA, 5 
;__Lib_UART_c67.c,24 :: 		
0x06B6	0x0E90      	MOVLW       144
0x06B8	0x6EAB      	MOVWF       RCSTA 
;__Lib_UART_c67.c,25 :: 		
0x06BA	0x8E94      	BSF         TRISC7_bit, BitPos(TRISC7_bit+0) 
;__Lib_UART_c67.c,26 :: 		
0x06BC	0x9C94      	BCF         TRISC6_bit, BitPos(TRISC6_bit+0) 
;__Lib_UART_c67.c,28 :: 		
L_UART1_Init0:
0x06BE	0xAA9E      	BTFSS       PIR1, 5 
0x06C0	0xD003      	BRA         L_UART1_Init1
;__Lib_UART_c67.c,29 :: 		
0x06C2	0xF000CFAE  	MOVFF       RCREG, R0
0x06C6	0xD7FB      	BRA         L_UART1_Init0
L_UART1_Init1:
;__Lib_UART_c67.c,30 :: 		
L_end_UART1_Init:
0x06C8	0x0012      	RETURN      0
; end of _UART1_Init
_word2double:
;__Lib_MathDouble.c,2335 :: 		
;__Lib_MathDouble.c,2344 :: 		
0x06CA	0x5000      	MOVF        R0, 0, 0
;__Lib_MathDouble.c,2345 :: 		
0x06CC	0x6E08      	MOVWF       R8, 0
;__Lib_MathDouble.c,2346 :: 		
0x06CE	0x5001      	MOVF        R1, 0, 0
;__Lib_MathDouble.c,2347 :: 		
0x06D0	0x6E00      	MOVWF       R0, 0
;__Lib_MathDouble.c,2348 :: 		
0x06D2	0x6A01      	CLRF        R1, 0
;__Lib_MathDouble.c,2349 :: 		
0x06D4	0x6A02      	CLRF        R2, 0
;__Lib_MathDouble.c,2350 :: 		
0x06D6	0x6A03      	CLRF        R3, 0
;__Lib_MathDouble.c,2353 :: 		
0x06D8	0x6A0B      	CLRF        R11, 0
;__Lib_MathDouble.c,2354 :: 		
0x06DA	0x6A0C      	CLRF        R12, 0
;__Lib_MathDouble.c,2356 :: 		
0x06DC	0x0E96      	MOVLW       150
;__Lib_MathDouble.c,2357 :: 		
0x06DE	0x6E03      	MOVWF       R3, 0
;__Lib_MathDouble.c,2358 :: 		
0x06E0	0x6A0A      	CLRF        R10, 0
;__Lib_MathDouble.c,2360 :: 		
0x06E2	0xF001C000  	MOVFF       R0, R1
;__Lib_MathDouble.c,2361 :: 		
0x06E6	0xF000C008  	MOVFF       R8, R0
;__Lib_MathDouble.c,2362 :: 		
0x06EA	0x6A08      	CLRF        R8, 0
;__Lib_MathDouble.c,2363 :: 		
0x06EC	0x6A02      	CLRF        R2, 0
;__Lib_MathDouble.c,2365 :: 		
0x06EE	0xDF26      	RCALL       _NRM3232
;__Lib_MathDouble.c,2366 :: 		
L_end_word2double:
0x06F0	0x0012      	RETURN      0
; end of _word2double
_double2byte:
;__Lib_MathDouble.c,2154 :: 		
;__Lib_MathDouble.c,2163 :: 		
0x06F2	0x6A0B      	CLRF        R11, 0
;__Lib_MathDouble.c,2164 :: 		
0x06F4	0x6A0C      	CLRF        R12, 0
;__Lib_MathDouble.c,2165 :: 		
0x06F6	0x6A0A      	CLRF        R10, 0
;__Lib_MathDouble.c,2167 :: 		
0x06F8	0x5003      	MOVF        R3, 0, 0
;__Lib_MathDouble.c,2168 :: 		
0x06FA	0xB4D8      	BTFSC       STATUS, 2, 0
;__Lib_MathDouble.c,2169 :: 		
0x06FC	0xF003EFAE  	GOTO        IRES008
;__Lib_MathDouble.c,2171 :: 		
0x0700	0x9E0A      	BCF         R10, 7, 0
;__Lib_MathDouble.c,2172 :: 		
0x0702	0x8E02      	BSF         R2, 7, 0
;__Lib_MathDouble.c,2174 :: 		
0x0704	0x0E86      	MOVLW       134
;__Lib_MathDouble.c,2175 :: 		
0x0706	0x5E03      	SUBWF       R3, 1, 0
;__Lib_MathDouble.c,2176 :: 		
0x0708	0xBE03      	BTFSC       R3, 7, 0
;__Lib_MathDouble.c,2177 :: 		
0x070A	0xF003EF8C  	GOTO        SETEXP08
;__Lib_MathDouble.c,2178 :: 		
0x070E	0xB4D8      	BTFSC       STATUS, 2, 0
;__Lib_MathDouble.c,2179 :: 		
0x0710	0xF003EF8C  	GOTO        SETEXP08
;__Lib_MathDouble.c,2180 :: 		
0x0714	0xF003EFB1  	GOTO        SETIOV08
;__Lib_MathDouble.c,2181 :: 		
SETEXP08:
;__Lib_MathDouble.c,2182 :: 		
0x0718	0x6C03      	NEGF        R3, 0
;__Lib_MathDouble.c,2184 :: 		
0x071A	0x0E08      	MOVLW       8
;__Lib_MathDouble.c,2185 :: 		
0x071C	0x5C03      	SUBWF       R3, 0, 0
;__Lib_MathDouble.c,2186 :: 		
0x071E	0xA0D8      	BTFSS       STATUS, 0, 0
;__Lib_MathDouble.c,2187 :: 		
0x0720	0xF003EF9A  	GOTO        TSHIFT3208
;__Lib_MathDouble.c,2188 :: 		
0x0724	0x6E03      	MOVWF       R3, 0
;__Lib_MathDouble.c,2189 :: 		
0x0726	0x3602      	RLCF        R2, 1, 0
;__Lib_MathDouble.c,2190 :: 		
0x0728	0x6A02      	CLRF        R2, 0
;__Lib_MathDouble.c,2192 :: 		
0x072A	0x5003      	MOVF        R3, 0, 0
;__Lib_MathDouble.c,2193 :: 		
0x072C	0xA4D8      	BTFSS       STATUS, 2, 0
;__Lib_MathDouble.c,2194 :: 		
0x072E	0x90D8      	BCF         STATUS, 0, 0
;__Lib_MathDouble.c,2195 :: 		
0x0730	0xF003EFA3  	GOTO        SHIFT3208OK
;__Lib_MathDouble.c,2196 :: 		
TSHIFT3208:
;__Lib_MathDouble.c,2197 :: 		
0x0734	0x5003      	MOVF        R3, 0, 0
;__Lib_MathDouble.c,2198 :: 		
0x0736	0xB4D8      	BTFSC       STATUS, 2, 0
;__Lib_MathDouble.c,2199 :: 		
0x0738	0xF003EFA3  	GOTO        SHIFT3208OK
;__Lib_MathDouble.c,2200 :: 		
SHIFT3208:
;__Lib_MathDouble.c,2201 :: 		
0x073C	0x90D8      	BCF         STATUS, 0, 0
;__Lib_MathDouble.c,2202 :: 		
0x073E	0x3202      	RRCF        R2, 1, 0
;__Lib_MathDouble.c,2203 :: 		
0x0740	0x2E03      	DECFSZ      R3, 1, 0
;__Lib_MathDouble.c,2204 :: 		
0x0742	0xF003EF9E  	GOTO        SHIFT3208
;__Lib_MathDouble.c,2205 :: 		
SHIFT3208OK:
;__Lib_MathDouble.c,2206 :: 		
0x0746	0xBC0B      	BTFSC       R11, 6, 0
;__Lib_MathDouble.c,2207 :: 		
0x0748	0xA002      	BTFSS       R2, 0, 0
;__Lib_MathDouble.c,2208 :: 		
0x074A	0xF003EFAE  	GOTO        INT3208OK
;__Lib_MathDouble.c,2209 :: 		
0x074E	0xA0D8      	BTFSS       STATUS, 0, 0
;__Lib_MathDouble.c,2210 :: 		
0x0750	0xF003EFAE  	GOTO        INT3208OK
;__Lib_MathDouble.c,2211 :: 		
0x0754	0x2A02      	INCF        R2, 1, 0
;__Lib_MathDouble.c,2212 :: 		
0x0756	0xB4D8      	BTFSC       STATUS, 2, 0
;__Lib_MathDouble.c,2213 :: 		
0x0758	0xF003EFB8  	GOTO        D2B_JPKSETIOV3224
;__Lib_MathDouble.c,2214 :: 		
INT3208OK:
;__Lib_MathDouble.c,2215 :: 		
IRES008:
;__Lib_MathDouble.c,2216 :: 		
0x075C	0x6A01      	CLRF        R1, 0
;__Lib_MathDouble.c,2217 :: 		
0x075E	0xF003EFBD  	GOTO        INT3208EOK
;__Lib_MathDouble.c,2218 :: 		
SETIOV08:
;__Lib_MathDouble.c,2219 :: 		
0x0762	0x800B      	BSF         R11, 0, 0
;__Lib_MathDouble.c,2220 :: 		
0x0764	0xAE0B      	BTFSS       R11, 7, 0
;__Lib_MathDouble.c,2221 :: 		
0x0766	0xF003EFC1  	GOTO        INT3208EER
;__Lib_MathDouble.c,2223 :: 		
0x076A	0x6A01      	CLRF        R1, 0
;__Lib_MathDouble.c,2224 :: 		
0x076C	0xF003EFC1  	GOTO        INT3208EER
;__Lib_MathDouble.c,2225 :: 		
D2B_JPKSETIOV3224:
;__Lib_MathDouble.c,2226 :: 		
0x0770	0x0E01      	MOVLW       1
;__Lib_MathDouble.c,2227 :: 		
0x0772	0x6E0C      	MOVWF       R12, 0
;__Lib_MathDouble.c,2229 :: 		
0x0774	0xDDAA      	RCALL       _SETIOV3224
;__Lib_MathDouble.c,2231 :: 		
0x0776	0xF003EFC3  	GOTO        INT3208EEE
;__Lib_MathDouble.c,2232 :: 		
INT3208EOK:
;__Lib_MathDouble.c,2233 :: 		
0x077A	0x0E00      	MOVLW       0
;__Lib_MathDouble.c,2234 :: 		
0x077C	0x6E0C      	MOVWF       R12, 0
;__Lib_MathDouble.c,2235 :: 		
0x077E	0xF003EFC3  	GOTO        INT3208EEE
;__Lib_MathDouble.c,2236 :: 		
INT3208EER:
;__Lib_MathDouble.c,2237 :: 		
0x0782	0x0EFF      	MOVLW       255
;__Lib_MathDouble.c,2238 :: 		
0x0784	0x6E0C      	MOVWF       R12, 0
;__Lib_MathDouble.c,2239 :: 		
INT3208EEE:
;__Lib_MathDouble.c,2240 :: 		
0x0786	0x5002      	MOVF        R2, 0, 0
;__Lib_MathDouble.c,2241 :: 		
0x0788	0x6E00      	MOVWF       R0, 0
;__Lib_MathDouble.c,2246 :: 		
L_end_double2byte:
0x078A	0x0012      	RETURN      0
; end of _double2byte
_UART1_Write:
;__Lib_UART_c67.c,58 :: 		
;__Lib_UART_c67.c,59 :: 		
L_UART1_Write3:
0x078C	0xB2AC      	BTFSC       TXSTA, 1 
0x078E	0xD002      	BRA         L_UART1_Write4
;__Lib_UART_c67.c,60 :: 		
0x0790	0x0000      	NOP
0x0792	0xD7FC      	BRA         L_UART1_Write3
L_UART1_Write4:
;__Lib_UART_c67.c,61 :: 		
0x0794	0xFFADC03B  	MOVFF       FARG_UART1_Write_data_, TXREG
;__Lib_UART_c67.c,62 :: 		
L_end_UART1_Write:
0x0798	0x0012      	RETURN      0
; end of _UART1_Write
_main:
0x079A	0x6A18      	CLRF        _timeroverflow 
0x079C	0x6A19      	CLRF        25 
0x079E	0x6A1A      	CLRF        26 
0x07A0	0x6A1B      	CLRF        27 
0x07A2	0x6A1C      	CLRF        _elapsedTimeVel 
0x07A4	0x6A1D      	CLRF        29 
0x07A6	0x6A1E      	CLRF        _elapsedTimeRpm 
0x07A8	0x6A1F      	CLRF        31 
;aceleracao_velocidade_rpm.c,69 :: 		void main() {
;aceleracao_velocidade_rpm.c,74 :: 		unsigned long ontime=0;
0x07AA	0x6A33      	CLRF        main_ontime_L0 
0x07AC	0x6A34      	CLRF        main_ontime_L0+1 
0x07AE	0x6A35      	CLRF        main_ontime_L0+2 
0x07B0	0x6A36      	CLRF        main_ontime_L0+3 
0x07B2	0x6A37      	CLRF        main_rpm_L0 
0x07B4	0x6A38      	CLRF        main_rpm_L0+1 
0x07B6	0x6A39      	CLRF        main_rpm_L0+2 
0x07B8	0x6A3A      	CLRF        main_rpm_L0+3 
;aceleracao_velocidade_rpm.c,77 :: 		pnt = &ontime;                                                           // Recebe o endereço do primeiro byte de ontime
0x07BA	0x0E33      	MOVLW       main_ontime_L0
0x07BC	0x6E31      	MOVWF       main_pnt_L0 
0x07BE	0x0E00      	MOVLW       hi_addr(main_ontime_L0)
0x07C0	0x6E32      	MOVWF       main_pnt_L0+1 
;aceleracao_velocidade_rpm.c,79 :: 		ADCON1=0x0F;                                                             // Configuração de todas as portas como digitais
0x07C2	0x0E0F      	MOVLW       15
0x07C4	0x6EC1      	MOVWF       ADCON1 
;aceleracao_velocidade_rpm.c,80 :: 		UART1_Init(57600);                                                       // Inicializa a UART, 57600 de baud rate
0x07C6	0x86B8      	BSF         BAUDCON, 3, 0
0x07C8	0x6AB0      	CLRF        SPBRGH 
0x07CA	0x0E56      	MOVLW       86
0x07CC	0x6EAF      	MOVWF       SPBRG 
0x07CE	0x84AC      	BSF         TXSTA, 2, 0
0x07D0	0xDF51      	RCALL       _UART1_Init
;aceleracao_velocidade_rpm.c,81 :: 		TRISB.RB2=1;                                                             // Int2 é input(velocidade)
0x07D2	0x8493      	BSF         TRISB, 2 
;aceleracao_velocidade_rpm.c,82 :: 		TRISB.RB1=1;                                                             // Int1 é input(rpm)
0x07D4	0x8293      	BSF         TRISB, 1 
;aceleracao_velocidade_rpm.c,83 :: 		Delay_ms(400);
0x07D6	0x0E0B      	MOVLW       11
0x07D8	0x6E0B      	MOVWF       R11, 0
0x07DA	0x0E26      	MOVLW       38
0x07DC	0x6E0C      	MOVWF       R12, 0
0x07DE	0x0E5D      	MOVLW       93
0x07E0	0x6E0D      	MOVWF       R13, 0
L_main5:
0x07E2	0x2E0D      	DECFSZ      R13, 1, 0
0x07E4	0xD7FE      	BRA         L_main5
0x07E6	0x2E0C      	DECFSZ      R12, 1, 0
0x07E8	0xD7FC      	BRA         L_main5
0x07EA	0x2E0B      	DECFSZ      R11, 1, 0
0x07EC	0xD7FA      	BRA         L_main5
0x07EE	0x0000      	NOP
0x07F0	0x0000      	NOP
;aceleracao_velocidade_rpm.c,92 :: 		INTCON=0xE0;                                                             // Habilita a interrupções gerais e a interrupção pelo overflow do timer 0, habilita interrupção dos periféricos
0x07F2	0x0EE0      	MOVLW       224
0x07F4	0x6EF2      	MOVWF       INTCON 
;aceleracao_velocidade_rpm.c,93 :: 		INTCON2.INTEDG2=1;                                                       // Interrupção na borda de subida do pino INT2 (velocidade)
0x07F6	0x88F1      	BSF         INTCON2, 4 
;aceleracao_velocidade_rpm.c,94 :: 		INTCON.INTEDG1=1;                                                        // Interrupção na borda de subida do pino INT1 (rotação)
0x07F8	0x8AF2      	BSF         INTCON, 5 
;aceleracao_velocidade_rpm.c,95 :: 		PIE1.TMR1IE=1;                                                           // Habilita a interrupção do timer1
0x07FA	0x809D      	BSF         PIE1, 0 
;aceleracao_velocidade_rpm.c,96 :: 		INTCON3.INT2IE=1;                                                        // Habilita a interrupção do int2 (velocidade)
0x07FC	0x88F0      	BSF         INTCON3, 4 
;aceleracao_velocidade_rpm.c,97 :: 		INTCON3.INT1IE=1;                                                        // Habilita a interrupção do int1 (rotação)
0x07FE	0x86F0      	BSF         INTCON3, 3 
;aceleracao_velocidade_rpm.c,98 :: 		PIE2.TMR3IE=1;                                                           // Habilita a interrupção do timer 3  (rotação)
0x0800	0x82A0      	BSF         PIE2, 1 
;aceleracao_velocidade_rpm.c,100 :: 		T0CON=0x06;                                                              // Timer0 no modo de 16 bits, prescale 128  //fazer T0CON.TMR0ON=1 para disparar o timer
0x0802	0x0E06      	MOVLW       6
0x0804	0x6ED5      	MOVWF       T0CON 
;aceleracao_velocidade_rpm.c,101 :: 		T0CON.TMR0ON=1;                                                          // Dispara o timer0
0x0806	0x8ED5      	BSF         T0CON, 7 
;aceleracao_velocidade_rpm.c,102 :: 		T1CON=0xB5;                                                              // timer 1 no modo de 16 bits, prescale de 8, disparado
0x0808	0x0EB5      	MOVLW       181
0x080A	0x6ECD      	MOVWF       T1CON 
;aceleracao_velocidade_rpm.c,103 :: 		T3CON=0xBD;                                                              // Time 3 no modo de 16 bits, prescale de 8, disparado
0x080C	0x0EBD      	MOVLW       189
0x080E	0x6EB1      	MOVWF       T3CON 
;aceleracao_velocidade_rpm.c,104 :: 		for(;;){
L_main6:
;aceleracao_velocidade_rpm.c,107 :: 		ontime=millis();
0x0810	0xDEE0      	RCALL       _millis
0x0812	0xF033C000  	MOVFF       R0, main_ontime_L0
0x0816	0xF034C001  	MOVFF       R1, main_ontime_L0+1
0x081A	0xF035C002  	MOVFF       R2, main_ontime_L0+2
0x081E	0xF036C003  	MOVFF       R3, main_ontime_L0+3
;aceleracao_velocidade_rpm.c,111 :: 		if ( elapsedTimeVel!=0){
0x0822	0x0E00      	MOVLW       0
0x0824	0x181D      	XORWF       _elapsedTimeVel+1, 0 
0x0826	0xE102      	BNZ         L__main17
0x0828	0x0E00      	MOVLW       0
0x082A	0x181C      	XORWF       _elapsedTimeVel, 0 
L__main17:
0x082C	0xE003      	BZ          L_main9
;aceleracao_velocidade_rpm.c,112 :: 		kmh=elapsedTimeVel;
0x082E	0xF030C01C  	MOVFF       _elapsedTimeVel, main_kmh_L0
;aceleracao_velocidade_rpm.c,113 :: 		}
0x0832	0xD001      	BRA         L_main10
L_main9:
;aceleracao_velocidade_rpm.c,114 :: 		else kmh=0;
0x0834	0x6A30      	CLRF        main_kmh_L0 
L_main10:
;aceleracao_velocidade_rpm.c,116 :: 		if ( elapsedTimeRpm!=0){
0x0836	0x0E00      	MOVLW       0
0x0838	0x181F      	XORWF       _elapsedTimeRpm+1, 0 
0x083A	0xE102      	BNZ         L__main18
0x083C	0x0E00      	MOVLW       0
0x083E	0x181E      	XORWF       _elapsedTimeRpm, 0 
L__main18:
0x0840	0xE00E      	BZ          L_main11
;aceleracao_velocidade_rpm.c,117 :: 		rpm=(elapsedTimeRpm);
0x0842	0xF000C01E  	MOVFF       _elapsedTimeRpm, R0
0x0846	0xF001C01F  	MOVFF       _elapsedTimeRpm+1, R1
0x084A	0xDF3F      	RCALL       _word2double
0x084C	0xF037C000  	MOVFF       R0, main_rpm_L0
0x0850	0xF038C001  	MOVFF       R1, main_rpm_L0+1
0x0854	0xF039C002  	MOVFF       R2, main_rpm_L0+2
0x0858	0xF03AC003  	MOVFF       R3, main_rpm_L0+3
;aceleracao_velocidade_rpm.c,118 :: 		}
0x085C	0xD004      	BRA         L_main12
L_main11:
;aceleracao_velocidade_rpm.c,119 :: 		else rpm=0;
0x085E	0x6A37      	CLRF        main_rpm_L0 
0x0860	0x6A38      	CLRF        main_rpm_L0+1 
0x0862	0x6A39      	CLRF        main_rpm_L0+2 
0x0864	0x6A3A      	CLRF        main_rpm_L0+3 
L_main12:
;aceleracao_velocidade_rpm.c,122 :: 		UART1_Write(*(&rpm+1));
0x0866	0xF000C03B  	MOVFF       main_rpm_L0+4, R0
0x086A	0xF001C03C  	MOVFF       main_rpm_L0+5, R1
0x086E	0xF002C03D  	MOVFF       main_rpm_L0+6, R2
0x0872	0xF003C03E  	MOVFF       main_rpm_L0+7, R3
0x0876	0xDF3D      	RCALL       _double2byte
0x0878	0xF03BC000  	MOVFF       R0, FARG_UART1_Write_data_
0x087C	0xDF87      	RCALL       _UART1_Write
;aceleracao_velocidade_rpm.c,123 :: 		UART1_Write(*(&rpm));
0x087E	0xF000C037  	MOVFF       main_rpm_L0, R0
0x0882	0xF001C038  	MOVFF       main_rpm_L0+1, R1
0x0886	0xF002C039  	MOVFF       main_rpm_L0+2, R2
0x088A	0xF003C03A  	MOVFF       main_rpm_L0+3, R3
0x088E	0xDF31      	RCALL       _double2byte
0x0890	0xF03BC000  	MOVFF       R0, FARG_UART1_Write_data_
0x0894	0xDF7B      	RCALL       _UART1_Write
;aceleracao_velocidade_rpm.c,124 :: 		UART1_Write(*(&kmh+1));
0x0896	0xF03BC031  	MOVFF       main_kmh_L0+1, FARG_UART1_Write_data_
0x089A	0xDF78      	RCALL       _UART1_Write
;aceleracao_velocidade_rpm.c,125 :: 		UART1_Write(*(&kmh));
0x089C	0xF03BC030  	MOVFF       main_kmh_L0, FARG_UART1_Write_data_
0x08A0	0xDF75      	RCALL       _UART1_Write
;aceleracao_velocidade_rpm.c,126 :: 		UART1_Write(*(pnt+3));                                             // Byte mais significativo de ontime
0x08A2	0x0E03      	MOVLW       3
0x08A4	0x2431      	ADDWF       main_pnt_L0, 0 
0x08A6	0x6EE9      	MOVWF       FSR0L 
0x08A8	0x0E00      	MOVLW       0
0x08AA	0x2032      	ADDWFC      main_pnt_L0+1, 0 
0x08AC	0x6EEA      	MOVWF       FSR0H 
0x08AE	0xF03BCFEE  	MOVFF       POSTINC0, FARG_UART1_Write_data_
0x08B2	0xDF6C      	RCALL       _UART1_Write
;aceleracao_velocidade_rpm.c,127 :: 		UART1_Write(*(pnt+2));
0x08B4	0x0E02      	MOVLW       2
0x08B6	0x2431      	ADDWF       main_pnt_L0, 0 
0x08B8	0x6EE9      	MOVWF       FSR0L 
0x08BA	0x0E00      	MOVLW       0
0x08BC	0x2032      	ADDWFC      main_pnt_L0+1, 0 
0x08BE	0x6EEA      	MOVWF       FSR0H 
0x08C0	0xF03BCFEE  	MOVFF       POSTINC0, FARG_UART1_Write_data_
0x08C4	0xDF63      	RCALL       _UART1_Write
;aceleracao_velocidade_rpm.c,128 :: 		UART1_Write(*(pnt+1));
0x08C6	0x0E01      	MOVLW       1
0x08C8	0x2431      	ADDWF       main_pnt_L0, 0 
0x08CA	0x6EE9      	MOVWF       FSR0L 
0x08CC	0x0E00      	MOVLW       0
0x08CE	0x2032      	ADDWFC      main_pnt_L0+1, 0 
0x08D0	0x6EEA      	MOVWF       FSR0H 
0x08D2	0xF03BCFEE  	MOVFF       POSTINC0, FARG_UART1_Write_data_
0x08D6	0xDF5A      	RCALL       _UART1_Write
;aceleracao_velocidade_rpm.c,129 :: 		UART1_Write(*pnt);                                                 // Byte menos significativo de ontime
0x08D8	0xFFE9C031  	MOVFF       main_pnt_L0, FSR0L
0x08DC	0xFFEAC032  	MOVFF       main_pnt_L0+1, FSR0H
0x08E0	0xF03BCFEE  	MOVFF       POSTINC0, FARG_UART1_Write_data_
0x08E4	0xDF53      	RCALL       _UART1_Write
;aceleracao_velocidade_rpm.c,130 :: 		UART1_Write(0x0D);
0x08E6	0x0E0D      	MOVLW       13
0x08E8	0x6E3B      	MOVWF       FARG_UART1_Write_data_ 
0x08EA	0xDF50      	RCALL       _UART1_Write
;aceleracao_velocidade_rpm.c,131 :: 		UART1_Write(0x0A);
0x08EC	0x0E0A      	MOVLW       10
0x08EE	0x6E3B      	MOVWF       FARG_UART1_Write_data_ 
0x08F0	0xDF4D      	RCALL       _UART1_Write
;aceleracao_velocidade_rpm.c,132 :: 		}
0x08F2	0xD78E      	BRA         L_main6
;aceleracao_velocidade_rpm.c,134 :: 		}
L_end_main:
0x08F4	0xD7FF      	BRA         $+0
; end of _main
Symbol List:
//** Routines locations **
//ADDRESS    SIZE    PROCEDURE
//----------------------------------------------
0x0008     [152]    _interrupt
0x00A0      [24]    _SETFOV32
0x00B8      [14]    _RES032
0x00C6      [26]    _SETFUN32
0x00E0       [8]    _FIXSIGN32
0x00E8     [482]    _NRM4032
0x02CA      [28]    _SETIOV3224
0x02E6     [310]    _double2longword
0x041C     [288]    _Mul_32x32_FP
0x053C     [114]    _NRM3232
0x05AE      [36]    _longword2double
0x05D2     [146]    _millis
0x0664      [16]    ___CC2DW
0x0674      [86]    _UART1_Init
0x06CA      [40]    _word2double
0x06F2     [154]    _double2byte
0x078C      [14]    _UART1_Write
0x079A     [348]    _main
//** Variables locations ** 
//ADDRESS    SIZE    VARIABLE
//----------------------------------------------
0x0000       [1]    __Lib_SoftI2C_PutZerosToLATSda_temp_sda_L0
0x0000       [1]    FLASH_Erase_64_SaveINTCON_L0
0x0000       [1]    UART1_Init_tmp_L0
0x0000       [1]    __Lib_SoftI2C_PutZerosToLATScl_temp_scl_L0
0x0000       [1]    EEPROM_Write_SaveINTCON_L0
0x0000       [1]    R0
0x0000       [1]    SPI1_Write_tmp_L0
0x0001       [1]    R1
0x0001       [2]    FLASH_Read_N_Bytes_i_L0
0x0001       [1]    FLASH_Write_32_i_L0
0x0001       [1]    ispunct_rslt_L0
0x0001       [1]    FLASH_Erase_Write_64_i_L0
0x0001       [1]    UART1_Read___tmp_UART1_Read_L0
0x0001       [1]    __Lib_PS2_Wait_Falling_nsample_L0
0x0001       [1]    __Lib_USB_genHID_?FLOC____Lib_USB_genHID_USB_Handle_BusyT1
0x0002       [2]    memset_pp_L0
0x0002       [1]    FLASH_Erase_Write_64_j_L0
0x0002       [2]    memchr_s_L0
0x0002       [1]    __Lib_USB_genHID_USB_CtrlTrf_Rx_Service_byteToRead_L0
0x0002       [1]    R2
0x0002       [2]    memcpy_dd_L0
0x0002       [2]    strlen_cp_L0
0x0002       [1]    FLASH_Write_32_SaveINTCON_L0
0x0003       [2]    __Lib_MmcFat16_f16_toInt_l_L0
0x0003       [2]    memmove_tt_L0
0x0003       [1]    MM_Init_i_L0
0x0003       [2]    Ltrim_original_L0
0x0003       [1]    R3
0x0003       [1]    __Lib_USB_genHID_USB_CtrlTrf_Rx_Service_i_L0
0x0003       [1]    __Lib_Sprinti_?FLOC____Lib_Sprinti_Do_FillT29
0x0003       [1]    FLASH_Erase_Write_64_SaveINTCON_L0
0x0003       [2]    __Lib_USB_genHID_USB_CtrlTrf_Tx_Service_byteToSend_L0
0x0003       [2]    MM_TotalFreeMemSize_Tot_L0
0x0004       [2]    strcpy_cp_L0
0x0004       [1]    __Lib_USB_genHID_GetMaxIndexInDevDsc_index_L0
0x0004       [2]    strncat_cp_L0
0x0004       [2]    __Lib_MemManager_MM_GetMemAlign_P_L0
0x0004       [2]    frexp_pom_L0
0x0004       [2]    __Lib_USB_genHID_USB_Transfer_Packet_handle_L0
0x0004       [2]    __Lib_USB_genHID_USB_Std_Feature_Req_Handler_p_L0
0x0004       [2]    memcpy_ss_L0
0x0004       [2]    __Lib_USB_genHID_USB_Get_Status_Handler_p_L2
0x0004       [1]    R4
0x0004       [2]    strncpy_cp_L0
0x0004       [1]    __Lib_Sprinti_?FLOC____Lib_Sprinti_Do_FillT40
0x0004       [2]    strcat_cp_L0
0x0005       [2]    LongIntToHex_input_half_L0
0x0005       [2]    memmove_ff_L0
0x0005       [2]    LongWordToHex_input_half_L0
0x0005       [1]    MM_TotalFreeMemSize_i_L0
0x0005       [1]    __Lib_Sprinti_?FLOC____Lib_Sprinti_Do_FillT54
0x0005       [1]    R5
0x0005       [2]    Ltrim_p_L0
0x0006       [1]    __Lib_MemManager_MM_GetMemAlign_i_L0
0x0006       [1]    __Lib_Sprinti_?FLOC____Lib_Sprinti_Do_FillT69
0x0006       [1]    R6
0x0006       [2]    __Lib_USB_genHID_GetMaxIndexInConfigDsc_totalLen_L0
0x0007       [1]    R7
0x0008       [3]    __Lib_USB_genHID_GetMaxIndexInConfigDsc_ptr_L0
0x0008       [1]    R8
0x0009       [1]    R9
0x0009       [4]    __Lib_MmcFat16_f16_toLong_l_L0
0x000A       [1]    R10
0x000B       [1]    R11
0x000C       [1]    R12
0x000D       [1]    R13
0x000E       [1]    R14
0x000F       [1]    R15
0x0010       [1]    R16
0x0011       [1]    R17
0x0012       [1]    R18
0x0013       [1]    R19
0x0014       [1]    R20
0x0018       [4]    _timeroverflow
0x001C       [2]    _elapsedTimeVel
0x001E       [2]    _elapsedTimeRpm
0x0020       [4]    _UART_Wr_Ptr
0x0024       [4]    _UART_Tx_Idle_Ptr
0x0028       [4]    _UART_Rdy_Ptr
0x002C       [4]    _UART_Rd_Ptr
0x0030       [1]    main_kmh_L0
0x0031       [2]    main_pnt_L0
0x0033       [4]    main_ontime_L0
0x0037       [4]    main_rpm_L0
0x003B       [4]    millis_time_L0
0x003B       [1]    FARG_UART1_Write_data_
0x0F93       [1]    TRISB
0x0F94       [0]    TRISC7_bit
0x0F94       [0]    TRISC6_bit
0x0F9D       [1]    PIE1
0x0F9E       [1]    PIR1
0x0FA0       [1]    PIE2
0x0FA1       [1]    PIR2
0x0FAB       [1]    RCSTA
0x0FAC       [1]    TXSTA
0x0FAD       [1]    TXREG
0x0FAE       [1]    RCREG
0x0FAF       [1]    SPBRG
0x0FB0       [1]    SPBRGH
0x0FB1       [1]    T3CON
0x0FB2       [1]    TMR3L
0x0FB3       [1]    TMR3H
0x0FB8       [1]    BAUDCON
0x0FC1       [1]    ADCON1
0x0FCD       [1]    T1CON
0x0FCE       [1]    TMR1L
0x0FCF       [1]    TMR1H
0x0FD5       [1]    T0CON
0x0FD6       [1]    TMR0L
0x0FD7       [1]    TMR0H
0x0FD8       [1]    STATUS
0x0FD9       [1]    FSR2L
0x0FDA       [1]    FSR2H
0x0FDE       [1]    POSTINC2
0x0FE0       [1]    BSR
0x0FE1       [1]    FSR1L
0x0FE2       [1]    FSR1H
0x0FE4       [1]    PREINC1
0x0FE6       [1]    POSTINC1
0x0FE7       [1]    INDF1
0x0FE8       [1]    WREG
0x0FE9       [1]    FSR0L
0x0FEA       [1]    FSR0H
0x0FEE       [1]    POSTINC0
0x0FF0       [1]    INTCON3
0x0FF1       [1]    INTCON2
0x0FF2       [1]    INTCON
0x0FF3       [1]    PRODL
0x0FF4       [1]    PRODH
0x0FF5       [1]    TABLAT
0x0FF6       [1]    TBLPTRL
0x0FF7       [1]    TBLPTRH
0x0FF8       [1]    TBLPTRU
