;  LST file generated by mikroListExporter - v.2.0 
; Date/Time: 03/08/2019 00:46:42
;----------------------------------------------

;Address Opcode 	ASM
0x0000	0x2A87      	GOTO       647
_interrupt:
0x0004	0x00FF      	MOVWF      R15
0x0005	0x0E03      	SWAPF      STATUS, 0
0x0006	0x0183      	CLRF       STATUS
0x0007	0x00DD      	MOVWF      ___saveSTATUS
0x0008	0x080A      	MOVF       PCLATH, 0
0x0009	0x00DE      	MOVWF      ___savePCLATH
0x000A	0x018A      	CLRF       PCLATH
0x000B	0x0870      	MOVF       R0, 0
0x000C	0x00A1      	MOVWF      33
0x000D	0x0871      	MOVF       R1, 0
0x000E	0x00A0      	MOVWF      32
0x000F	0x0804      	MOVF       FSR, 0
0x0010	0x00A2      	MOVWF      34
;Bluetooth.c,27 :: 		void interrupt(void){
;Bluetooth.c,28 :: 		if(PIR1.RCIF){                                                             // Buffer de recepção cheio
0x0011	0x1E8C      	BTFSS      PIR1, 5
0x0012	0x2845      	GOTO       L_interrupt0
;Bluetooth.c,29 :: 		PIR1.RCIF=0;                                                            // Limpa a flag
0x0013	0x128C      	BCF        PIR1, 5
;Bluetooth.c,30 :: 		BUFFER[i]=uart1_read();                                                 // Lê o caracter recebido
0x0014	0x0845      	MOVF       _i, 0
0x0015	0x3E49      	ADDLW      _BUFFER
0x0016	0x1683      	BSF        STATUS, 5
0x0017	0x00C7      	MOVWF      FLOC__interrupt
0x0018	0x227C      	CALL       _UART1_Read
0x0019	0x1683      	BSF        STATUS, 5
0x001A	0x0847      	MOVF       FLOC__interrupt, 0
0x001B	0x0084      	MOVWF      FSR
0x001C	0x0870      	MOVF       R0, 0
0x001D	0x0080      	MOVWF      INDF
;Bluetooth.c,31 :: 		if (i>1){
0x001E	0x1283      	BCF        STATUS, 5
0x001F	0x0845      	MOVF       _i, 0
0x0020	0x3C01      	SUBLW      1
0x0021	0x1803      	BTFSC      STATUS, 0
0x0022	0x2843      	GOTO       L_interrupt1
;Bluetooth.c,32 :: 		if (BUFFER[i-1]==0x0A&&BUFFER[i]==0x0D){
0x0023	0x3001      	MOVLW      1
0x0024	0x0245      	SUBWF      _i, 0
0x0025	0x00F0      	MOVWF      R0
0x0026	0x01F1      	CLRF       R0+1
0x0027	0x1C03      	BTFSS      STATUS, 0
0x0028	0x03F1      	DECF       R0+1, 1
0x0029	0x0870      	MOVF       R0, 0
0x002A	0x3E49      	ADDLW      _BUFFER
0x002B	0x0084      	MOVWF      FSR
0x002C	0x0800      	MOVF       INDF, 0
0x002D	0x3A0A      	XORLW      10
0x002E	0x1D03      	BTFSS      STATUS, 2
0x002F	0x2843      	GOTO       L_interrupt4
0x0030	0x0845      	MOVF       _i, 0
0x0031	0x3E49      	ADDLW      _BUFFER
0x0032	0x0084      	MOVWF      FSR
0x0033	0x0800      	MOVF       INDF, 0
0x0034	0x3A0D      	XORLW      13
0x0035	0x1D03      	BTFSS      STATUS, 2
0x0036	0x2843      	GOTO       L_interrupt4
L__interrupt31:
;Bluetooth.c,33 :: 		BUFFER[i+1]='\0';                                                // Caracter null
0x0037	0x0845      	MOVF       _i, 0
0x0038	0x3E01      	ADDLW      1
0x0039	0x00F0      	MOVWF      R0
0x003A	0x01F1      	CLRF       R0+1
0x003B	0x1803      	BTFSC      STATUS, 0
0x003C	0x0AF1      	INCF       R0+1, 1
0x003D	0x0870      	MOVF       R0, 0
0x003E	0x3E49      	ADDLW      _BUFFER
0x003F	0x0084      	MOVWF      FSR
0x0040	0x0180      	CLRF       INDF
;Bluetooth.c,34 :: 		PIE1.RCIE=0;                                                     // Mensagem Recebida
0x0041	0x1683      	BSF        STATUS, 5
0x0042	0x128C      	BCF        PIE1, 5
;Bluetooth.c,35 :: 		}
L_interrupt4:
;Bluetooth.c,36 :: 		}
L_interrupt1:
;Bluetooth.c,37 :: 		i++;
0x0043	0x1283      	BCF        STATUS, 5
0x0044	0x0AC5      	INCF       _i, 1
;Bluetooth.c,38 :: 		}
L_interrupt0:
;Bluetooth.c,39 :: 		}
L_end_interrupt:
L__interrupt33:
0x0045	0x0821      	MOVF       33, 0
0x0046	0x00F0      	MOVWF      R0
0x0047	0x0820      	MOVF       32, 0
0x0048	0x00F1      	MOVWF      R1
0x0049	0x0822      	MOVF       34, 0
0x004A	0x0084      	MOVWF      FSR
0x004B	0x085E      	MOVF       ___savePCLATH, 0
0x004C	0x008A      	MOVWF      PCLATH
0x004D	0x0E5D      	SWAPF      ___saveSTATUS, 0
0x004E	0x0083      	MOVWF      STATUS
0x004F	0x0EFF      	SWAPF      R15, 1
0x0050	0x0E7F      	SWAPF      R15, 0
0x0051	0x0009      	RETFIE
; end of _interrupt
_Delay_1us:
;__Lib_Delays.c,7 :: 		void Delay_1us() {
;__Lib_Delays.c,8 :: 		Delay_us(1);
0x0052	0x0000      	NOP
0x0053	0x0000      	NOP
0x0054	0x0000      	NOP
0x0055	0x0000      	NOP
0x0056	0x0000      	NOP
;__Lib_Delays.c,9 :: 		}
L_end_Delay_1us:
0x0057	0x0008      	RETURN
; end of _Delay_1us
_Delay_50us:
;__Lib_Delays.c,19 :: 		void Delay_50us() {
;__Lib_Delays.c,20 :: 		Delay_us(50);
0x0058	0x3053      	MOVLW      83
0x0059	0x1283      	BCF        STATUS, 5
0x005A	0x1303      	BCF        STATUS, 6
0x005B	0x00FD      	MOVWF      R13
L_Delay_50us2:
0x005C	0x0BFD      	DECFSZ     R13, 1
0x005D	0x285C      	GOTO       L_Delay_50us2
;__Lib_Delays.c,21 :: 		}
L_end_Delay_50us:
0x005E	0x0008      	RETURN
; end of _Delay_50us
_Delay_5500us:
;__Lib_Delays.c,31 :: 		void Delay_5500us() {
;__Lib_Delays.c,32 :: 		Delay_us(5500);
0x005F	0x3024      	MOVLW      36
0x0060	0x1283      	BCF        STATUS, 5
0x0061	0x1303      	BCF        STATUS, 6
0x0062	0x00FC      	MOVWF      R12
0x0063	0x30B5      	MOVLW      181
0x0064	0x00FD      	MOVWF      R13
L_Delay_5500us5:
0x0065	0x0BFD      	DECFSZ     R13, 1
0x0066	0x2865      	GOTO       L_Delay_5500us5
0x0067	0x0BFC      	DECFSZ     R12, 1
0x0068	0x2865      	GOTO       L_Delay_5500us5
0x0069	0x0000      	NOP
0x006A	0x0000      	NOP
;__Lib_Delays.c,33 :: 		}
L_end_Delay_5500us:
0x006B	0x0008      	RETURN
; end of _Delay_5500us
_UART1_Write:
;__Lib_UART_c67.c,39 :: 		
;__Lib_UART_c67.c,40 :: 		
L_UART1_Write3:
0x006C	0x1683      	BSF        STATUS, 5
0x006D	0x1303      	BCF        STATUS, 6
0x006E	0x1898      	BTFSC      TXSTA, 1
0x006F	0x2872      	GOTO       L_UART1_Write4
;__Lib_UART_c67.c,41 :: 		
0x0070	0x0000      	NOP
0x0071	0x286C      	GOTO       L_UART1_Write3
L_UART1_Write4:
;__Lib_UART_c67.c,42 :: 		
0x0072	0x0846      	MOVF       FARG_UART1_Write_data_, 0
0x0073	0x1283      	BCF        STATUS, 5
0x0074	0x0099      	MOVWF      TXREG
;__Lib_UART_c67.c,43 :: 		
L_end_UART1_Write:
0x0075	0x0008      	RETURN
; end of _UART1_Write
_Lcd_Cmd:
;__Lib_Lcd.c,18 :: 		
;__Lib_Lcd.c,20 :: 		
0x0076	0x1683      	BSF        STATUS, 5
0x0077	0x1303      	BCF        STATUS, 6
0x0078	0x1BC6      	BTFSC      FARG_Lcd_Cmd_out_char, 7
0x0079	0x287D      	GOTO       L__Lcd_Cmd21
0x007A	0x1283      	BCF        STATUS, 5
0x007B	0x1186      	BCF        LCD_D7, BitPos(LCD_D7+0)
0x007C	0x287F      	GOTO       L__Lcd_Cmd22
L__Lcd_Cmd21:
0x007D	0x1283      	BCF        STATUS, 5
0x007E	0x1586      	BSF        LCD_D7, BitPos(LCD_D7+0)
L__Lcd_Cmd22:
;__Lib_Lcd.c,21 :: 		
0x007F	0x1683      	BSF        STATUS, 5
0x0080	0x1B46      	BTFSC      FARG_Lcd_Cmd_out_char, 6
0x0081	0x2885      	GOTO       L__Lcd_Cmd23
0x0082	0x1283      	BCF        STATUS, 5
0x0083	0x1106      	BCF        LCD_D6, BitPos(LCD_D6+0)
0x0084	0x2887      	GOTO       L__Lcd_Cmd24
L__Lcd_Cmd23:
0x0085	0x1283      	BCF        STATUS, 5
0x0086	0x1506      	BSF        LCD_D6, BitPos(LCD_D6+0)
L__Lcd_Cmd24:
;__Lib_Lcd.c,22 :: 		
0x0087	0x1683      	BSF        STATUS, 5
0x0088	0x1AC6      	BTFSC      FARG_Lcd_Cmd_out_char, 5
0x0089	0x288D      	GOTO       L__Lcd_Cmd25
0x008A	0x1283      	BCF        STATUS, 5
0x008B	0x1086      	BCF        LCD_D5, BitPos(LCD_D5+0)
0x008C	0x288F      	GOTO       L__Lcd_Cmd26
L__Lcd_Cmd25:
0x008D	0x1283      	BCF        STATUS, 5
0x008E	0x1486      	BSF        LCD_D5, BitPos(LCD_D5+0)
L__Lcd_Cmd26:
;__Lib_Lcd.c,23 :: 		
0x008F	0x1683      	BSF        STATUS, 5
0x0090	0x1A46      	BTFSC      FARG_Lcd_Cmd_out_char, 4
0x0091	0x2895      	GOTO       L__Lcd_Cmd27
0x0092	0x1283      	BCF        STATUS, 5
0x0093	0x1006      	BCF        LCD_D4, BitPos(LCD_D4+0)
0x0094	0x2897      	GOTO       L__Lcd_Cmd28
L__Lcd_Cmd27:
0x0095	0x1283      	BCF        STATUS, 5
0x0096	0x1406      	BSF        LCD_D4, BitPos(LCD_D4+0)
L__Lcd_Cmd28:
;__Lib_Lcd.c,25 :: 		
0x0097	0x1848      	BTFSC      __Lib_Lcd_cmd_status, BitPos(__Lib_Lcd_cmd_status+0)
0x0098	0x289B      	GOTO       L__Lcd_Cmd29
0x0099	0x1606      	BSF        LCD_RS, BitPos(LCD_RS+0)
0x009A	0x289C      	GOTO       L__Lcd_Cmd30
L__Lcd_Cmd29:
0x009B	0x1206      	BCF        LCD_RS, BitPos(LCD_RS+0)
L__Lcd_Cmd30:
;__Lib_Lcd.c,28 :: 		
0x009C	0x1686      	BSF        LCD_EN, BitPos(LCD_EN+0)
;__Lib_Lcd.c,29 :: 		
0x009D	0x2052      	CALL       _Delay_1us
;__Lib_Lcd.c,30 :: 		
0x009E	0x1286      	BCF        LCD_EN, BitPos(LCD_EN+0)
;__Lib_Lcd.c,33 :: 		
0x009F	0x1683      	BSF        STATUS, 5
0x00A0	0x19C6      	BTFSC      FARG_Lcd_Cmd_out_char, 3
0x00A1	0x28A5      	GOTO       L__Lcd_Cmd31
0x00A2	0x1283      	BCF        STATUS, 5
0x00A3	0x1186      	BCF        LCD_D7, BitPos(LCD_D7+0)
0x00A4	0x28A7      	GOTO       L__Lcd_Cmd32
L__Lcd_Cmd31:
0x00A5	0x1283      	BCF        STATUS, 5
0x00A6	0x1586      	BSF        LCD_D7, BitPos(LCD_D7+0)
L__Lcd_Cmd32:
;__Lib_Lcd.c,34 :: 		
0x00A7	0x1683      	BSF        STATUS, 5
0x00A8	0x1946      	BTFSC      FARG_Lcd_Cmd_out_char, 2
0x00A9	0x28AD      	GOTO       L__Lcd_Cmd33
0x00AA	0x1283      	BCF        STATUS, 5
0x00AB	0x1106      	BCF        LCD_D6, BitPos(LCD_D6+0)
0x00AC	0x28AF      	GOTO       L__Lcd_Cmd34
L__Lcd_Cmd33:
0x00AD	0x1283      	BCF        STATUS, 5
0x00AE	0x1506      	BSF        LCD_D6, BitPos(LCD_D6+0)
L__Lcd_Cmd34:
;__Lib_Lcd.c,35 :: 		
0x00AF	0x1683      	BSF        STATUS, 5
0x00B0	0x18C6      	BTFSC      FARG_Lcd_Cmd_out_char, 1
0x00B1	0x28B5      	GOTO       L__Lcd_Cmd35
0x00B2	0x1283      	BCF        STATUS, 5
0x00B3	0x1086      	BCF        LCD_D5, BitPos(LCD_D5+0)
0x00B4	0x28B7      	GOTO       L__Lcd_Cmd36
L__Lcd_Cmd35:
0x00B5	0x1283      	BCF        STATUS, 5
0x00B6	0x1486      	BSF        LCD_D5, BitPos(LCD_D5+0)
L__Lcd_Cmd36:
;__Lib_Lcd.c,36 :: 		
0x00B7	0x1683      	BSF        STATUS, 5
0x00B8	0x1846      	BTFSC      FARG_Lcd_Cmd_out_char, 0
0x00B9	0x28BD      	GOTO       L__Lcd_Cmd37
0x00BA	0x1283      	BCF        STATUS, 5
0x00BB	0x1006      	BCF        LCD_D4, BitPos(LCD_D4+0)
0x00BC	0x28BF      	GOTO       L__Lcd_Cmd38
L__Lcd_Cmd37:
0x00BD	0x1283      	BCF        STATUS, 5
0x00BE	0x1406      	BSF        LCD_D4, BitPos(LCD_D4+0)
L__Lcd_Cmd38:
;__Lib_Lcd.c,38 :: 		
0x00BF	0x1848      	BTFSC      __Lib_Lcd_cmd_status, BitPos(__Lib_Lcd_cmd_status+0)
0x00C0	0x28C3      	GOTO       L__Lcd_Cmd39
0x00C1	0x1606      	BSF        LCD_RS, BitPos(LCD_RS+0)
0x00C2	0x28C4      	GOTO       L__Lcd_Cmd40
L__Lcd_Cmd39:
0x00C3	0x1206      	BCF        LCD_RS, BitPos(LCD_RS+0)
L__Lcd_Cmd40:
;__Lib_Lcd.c,40 :: 		
0x00C4	0x1686      	BSF        LCD_EN, BitPos(LCD_EN+0)
;__Lib_Lcd.c,41 :: 		
0x00C5	0x2052      	CALL       _Delay_1us
;__Lib_Lcd.c,42 :: 		
0x00C6	0x1286      	BCF        LCD_EN, BitPos(LCD_EN+0)
;__Lib_Lcd.c,44 :: 		
0x00C7	0x1C48      	BTFSS      __Lib_Lcd_cmd_status, BitPos(__Lib_Lcd_cmd_status+0)
0x00C8	0x28CB      	GOTO       L_Lcd_Cmd0
;__Lib_Lcd.c,45 :: 		
0x00C9	0x205F      	CALL       _Delay_5500us
0x00CA	0x28CC      	GOTO       L_Lcd_Cmd1
L_Lcd_Cmd0:
;__Lib_Lcd.c,47 :: 		
0x00CB	0x2058      	CALL       _Delay_50us
L_Lcd_Cmd1:
;__Lib_Lcd.c,48 :: 		
L_end_Lcd_Cmd:
0x00CC	0x0008      	RETURN
; end of _Lcd_Cmd
_Lcd_Chr_CP:
;__Lib_Lcd.c,50 :: 		
;__Lib_Lcd.c,52 :: 		
0x00CD	0x1283      	BCF        STATUS, 5
0x00CE	0x1303      	BCF        STATUS, 6
0x00CF	0x1048      	BCF        __Lib_Lcd_cmd_status, BitPos(__Lib_Lcd_cmd_status+0)
;__Lib_Lcd.c,53 :: 		
0x00D0	0x1683      	BSF        STATUS, 5
0x00D1	0x0843      	MOVF       FARG_Lcd_Chr_CP_out_char, 0
0x00D2	0x00C6      	MOVWF      FARG_Lcd_Cmd_out_char
0x00D3	0x2076      	CALL       _Lcd_Cmd
;__Lib_Lcd.c,54 :: 		
0x00D4	0x1448      	BSF        __Lib_Lcd_cmd_status, BitPos(__Lib_Lcd_cmd_status+0)
;__Lib_Lcd.c,55 :: 		
L_end_Lcd_Chr_CP:
0x00D5	0x0008      	RETURN
; end of _Lcd_Chr_CP
_____DoICP:
;__Lib_System.c,6 :: 		
;__Lib_System.c,9 :: 		
0x00D6	0x1283      	BCF        STATUS, 5
0x00D7	0x1303      	BCF        STATUS, 6
0x00D8	0x0847      	MOVF       ___DoICPAddr+1, 0
0x00D9	0x008A      	MOVWF      PCLATH
;__Lib_System.c,10 :: 		
0x00DA	0x0846      	MOVF       ___DoICPAddr, 0
0x00DB	0x0082      	MOVWF      PCL
;__Lib_System.c,12 :: 		
L_end_____DoICP:
0x00DC	0x0008      	RETURN
; end of _____DoICP
_UART1_Write_Text:
;__Lib_UART_c67.c,47 :: 		
;__Lib_UART_c67.c,48 :: 		
0x00DD	0x1683      	BSF        STATUS, 5
0x00DE	0x1303      	BCF        STATUS, 6
0x00DF	0x01C5      	CLRF       UART1_Write_Text_counter_L0
;__Lib_UART_c67.c,50 :: 		
0x00E0	0x0843      	MOVF       FARG_UART1_Write_Text_uart_text, 0
0x00E1	0x0084      	MOVWF      FSR
0x00E2	0x0800      	MOVF       INDF, 0
0x00E3	0x00C4      	MOVWF      UART1_Write_Text_data__L0
;__Lib_UART_c67.c,51 :: 		
L_UART1_Write_Text5:
0x00E4	0x0844      	MOVF       UART1_Write_Text_data__L0, 0
0x00E5	0x3A00      	XORLW      0
0x00E6	0x1903      	BTFSC      STATUS, 2
0x00E7	0x28F3      	GOTO       L_UART1_Write_Text6
;__Lib_UART_c67.c,52 :: 		
0x00E8	0x0844      	MOVF       UART1_Write_Text_data__L0, 0
0x00E9	0x00C6      	MOVWF      FARG_UART1_Write_data_
0x00EA	0x206C      	CALL       _UART1_Write
;__Lib_UART_c67.c,53 :: 		
0x00EB	0x1683      	BSF        STATUS, 5
0x00EC	0x0AC5      	INCF       UART1_Write_Text_counter_L0, 1
;__Lib_UART_c67.c,54 :: 		
0x00ED	0x0845      	MOVF       UART1_Write_Text_counter_L0, 0
0x00EE	0x0743      	ADDWF      FARG_UART1_Write_Text_uart_text, 0
0x00EF	0x0084      	MOVWF      FSR
0x00F0	0x0800      	MOVF       INDF, 0
0x00F1	0x00C4      	MOVWF      UART1_Write_Text_data__L0
;__Lib_UART_c67.c,55 :: 		
0x00F2	0x28E4      	GOTO       L_UART1_Write_Text5
L_UART1_Write_Text6:
;__Lib_UART_c67.c,56 :: 		
L_end_UART1_Write_Text:
0x00F3	0x0008      	RETURN
; end of _UART1_Write_Text
_strlen:
;__Lib_CString.c,136 :: 		
;__Lib_CString.c,139 :: 		
0x00F4	0x1683      	BSF        STATUS, 5
0x00F5	0x1303      	BCF        STATUS, 6
0x00F6	0x0843      	MOVF       FARG_strlen_s, 0
0x00F7	0x00F2      	MOVWF      R2
;__Lib_CString.c,140 :: 		
L_strlen36:
0x00F8	0x0872      	MOVF       R2, 0
0x00F9	0x00F0      	MOVWF      R0
0x00FA	0x0AF2      	INCF       R2, 1
0x00FB	0x0870      	MOVF       R0, 0
0x00FC	0x0084      	MOVWF      FSR
0x00FD	0x0800      	MOVF       INDF, 0
0x00FE	0x1903      	BTFSC      STATUS, 2
0x00FF	0x2901      	GOTO       L_strlen37
;__Lib_CString.c,141 :: 		
0x0100	0x28F8      	GOTO       L_strlen36
L_strlen37:
;__Lib_CString.c,142 :: 		
0x0101	0x0843      	MOVF       FARG_strlen_s, 0
0x0102	0x0272      	SUBWF      R2, 0
0x0103	0x00F0      	MOVWF      R0
0x0104	0x3001      	MOVLW      1
0x0105	0x02F0      	SUBWF      R0, 1
0x0106	0x01F1      	CLRF       R0+1
0x0107	0x1C03      	BTFSS      STATUS, 0
0x0108	0x03F1      	DECF       R0+1, 1
;__Lib_CString.c,143 :: 		
L_end_strlen:
0x0109	0x0008      	RETURN
; end of _strlen
_Lcd_Out:
;__Lib_Lcd.c,184 :: 		
;__Lib_Lcd.c,187 :: 		
0x010A	0x291C      	GOTO       L_Lcd_Out11
;__Lib_Lcd.c,188 :: 		
L_Lcd_Out13:
0x010B	0x3080      	MOVLW      128
0x010C	0x1683      	BSF        STATUS, 5
0x010D	0x1303      	BCF        STATUS, 6
0x010E	0x00A0      	MOVWF      FARG_Lcd_Out_row
0x010F	0x292F      	GOTO       L_Lcd_Out12
;__Lib_Lcd.c,189 :: 		
L_Lcd_Out14:
0x0110	0x30C0      	MOVLW      192
0x0111	0x00A0      	MOVWF      FARG_Lcd_Out_row
0x0112	0x292F      	GOTO       L_Lcd_Out12
;__Lib_Lcd.c,190 :: 		
L_Lcd_Out15:
0x0113	0x3094      	MOVLW      148
0x0114	0x00A0      	MOVWF      FARG_Lcd_Out_row
0x0115	0x292F      	GOTO       L_Lcd_Out12
;__Lib_Lcd.c,191 :: 		
L_Lcd_Out16:
0x0116	0x30D4      	MOVLW      212
0x0117	0x00A0      	MOVWF      FARG_Lcd_Out_row
0x0118	0x292F      	GOTO       L_Lcd_Out12
;__Lib_Lcd.c,192 :: 		
L_Lcd_Out17:
0x0119	0x3080      	MOVLW      128
0x011A	0x00A0      	MOVWF      FARG_Lcd_Out_row
;__Lib_Lcd.c,193 :: 		
0x011B	0x292F      	GOTO       L_Lcd_Out12
L_Lcd_Out11:
0x011C	0x1683      	BSF        STATUS, 5
0x011D	0x1303      	BCF        STATUS, 6
0x011E	0x0820      	MOVF       FARG_Lcd_Out_row, 0
0x011F	0x3A01      	XORLW      1
0x0120	0x1903      	BTFSC      STATUS, 2
0x0121	0x290B      	GOTO       L_Lcd_Out13
0x0122	0x0820      	MOVF       FARG_Lcd_Out_row, 0
0x0123	0x3A02      	XORLW      2
0x0124	0x1903      	BTFSC      STATUS, 2
0x0125	0x2910      	GOTO       L_Lcd_Out14
0x0126	0x0820      	MOVF       FARG_Lcd_Out_row, 0
0x0127	0x3A03      	XORLW      3
0x0128	0x1903      	BTFSC      STATUS, 2
0x0129	0x2913      	GOTO       L_Lcd_Out15
0x012A	0x0820      	MOVF       FARG_Lcd_Out_row, 0
0x012B	0x3A04      	XORLW      4
0x012C	0x1903      	BTFSC      STATUS, 2
0x012D	0x2916      	GOTO       L_Lcd_Out16
0x012E	0x2919      	GOTO       L_Lcd_Out17
L_Lcd_Out12:
;__Lib_Lcd.c,194 :: 		
0x012F	0x0321      	DECF       FARG_Lcd_Out_column, 0
0x0130	0x00F0      	MOVWF      R0
0x0131	0x0820      	MOVF       FARG_Lcd_Out_row, 0
0x0132	0x07F0      	ADDWF      R0, 1
0x0133	0x0870      	MOVF       R0, 0
0x0134	0x00A0      	MOVWF      FARG_Lcd_Out_row
;__Lib_Lcd.c,196 :: 		
0x0135	0x0870      	MOVF       R0, 0
0x0136	0x00C6      	MOVWF      FARG_Lcd_Cmd_out_char
0x0137	0x2076      	CALL       _Lcd_Cmd
;__Lib_Lcd.c,197 :: 		
0x0138	0x1048      	BCF        __Lib_Lcd_cmd_status, BitPos(__Lib_Lcd_cmd_status+0)
;__Lib_Lcd.c,198 :: 		
0x0139	0x1683      	BSF        STATUS, 5
0x013A	0x01A3      	CLRF       Lcd_Out_i_L0
;__Lib_Lcd.c,199 :: 		
L_Lcd_Out18:
0x013B	0x0823      	MOVF       Lcd_Out_i_L0, 0
0x013C	0x0722      	ADDWF      FARG_Lcd_Out_text, 0
0x013D	0x0084      	MOVWF      FSR
0x013E	0x0800      	MOVF       INDF, 0
0x013F	0x1903      	BTFSC      STATUS, 2
0x0140	0x294A      	GOTO       L_Lcd_Out19
;__Lib_Lcd.c,200 :: 		
0x0141	0x0823      	MOVF       Lcd_Out_i_L0, 0
0x0142	0x0722      	ADDWF      FARG_Lcd_Out_text, 0
0x0143	0x0084      	MOVWF      FSR
0x0144	0x0800      	MOVF       INDF, 0
0x0145	0x00C3      	MOVWF      FARG_Lcd_Chr_CP_out_char
0x0146	0x20CD      	CALL       _Lcd_Chr_CP
0x0147	0x1683      	BSF        STATUS, 5
0x0148	0x0AA3      	INCF       Lcd_Out_i_L0, 1
0x0149	0x293B      	GOTO       L_Lcd_Out18
L_Lcd_Out19:
;__Lib_Lcd.c,201 :: 		
0x014A	0x1283      	BCF        STATUS, 5
0x014B	0x1448      	BSF        __Lib_Lcd_cmd_status, BitPos(__Lib_Lcd_cmd_status+0)
;__Lib_Lcd.c,202 :: 		
L_end_Lcd_Out:
0x014C	0x0008      	RETURN
; end of _Lcd_Out
_Lcd_Init:
;__Lib_Lcd.c,84 :: 		
;__Lib_Lcd.c,86 :: 		
0x014D	0x1683      	BSF        STATUS, 5
0x014E	0x1303      	BCF        STATUS, 6
0x014F	0x1286      	BCF        LCD_EN_Direction, BitPos(LCD_EN_Direction+0)
;__Lib_Lcd.c,87 :: 		
0x0150	0x1206      	BCF        LCD_RS_Direction, BitPos(LCD_RS_Direction+0)
;__Lib_Lcd.c,88 :: 		
0x0151	0x1006      	BCF        LCD_D4_Direction, BitPos(LCD_D4_Direction+0)
;__Lib_Lcd.c,89 :: 		
0x0152	0x1086      	BCF        LCD_D5_Direction, BitPos(LCD_D5_Direction+0)
;__Lib_Lcd.c,90 :: 		
0x0153	0x1106      	BCF        LCD_D6_Direction, BitPos(LCD_D6_Direction+0)
;__Lib_Lcd.c,91 :: 		
0x0154	0x1186      	BCF        LCD_D7_Direction, BitPos(LCD_D7_Direction+0)
;__Lib_Lcd.c,93 :: 		
0x0155	0x1283      	BCF        STATUS, 5
0x0156	0x1286      	BCF        LCD_EN, BitPos(LCD_EN+0)
;__Lib_Lcd.c,94 :: 		
0x0157	0x1206      	BCF        LCD_RS, BitPos(LCD_RS+0)
;__Lib_Lcd.c,95 :: 		
0x0158	0x1186      	BCF        LCD_D7, BitPos(LCD_D7+0)
;__Lib_Lcd.c,96 :: 		
0x0159	0x1106      	BCF        LCD_D6, BitPos(LCD_D6+0)
;__Lib_Lcd.c,97 :: 		
0x015A	0x1086      	BCF        LCD_D5, BitPos(LCD_D5+0)
;__Lib_Lcd.c,98 :: 		
0x015B	0x1006      	BCF        LCD_D4, BitPos(LCD_D4+0)
;__Lib_Lcd.c,100 :: 		
0x015C	0x205F      	CALL       _Delay_5500us
;__Lib_Lcd.c,101 :: 		
0x015D	0x205F      	CALL       _Delay_5500us
;__Lib_Lcd.c,102 :: 		
0x015E	0x205F      	CALL       _Delay_5500us
;__Lib_Lcd.c,105 :: 		
0x015F	0x1486      	BSF        LCD_D5, BitPos(LCD_D5+0)
;__Lib_Lcd.c,106 :: 		
0x0160	0x1406      	BSF        LCD_D4, BitPos(LCD_D4+0)
;__Lib_Lcd.c,107 :: 		
0x0161	0x1686      	BSF        LCD_EN, BitPos(LCD_EN+0)
;__Lib_Lcd.c,108 :: 		
0x0162	0x2052      	CALL       _Delay_1us
;__Lib_Lcd.c,109 :: 		
0x0163	0x1286      	BCF        LCD_EN, BitPos(LCD_EN+0)
;__Lib_Lcd.c,110 :: 		
0x0164	0x205F      	CALL       _Delay_5500us
;__Lib_Lcd.c,112 :: 		
0x0165	0x1686      	BSF        LCD_EN, BitPos(LCD_EN+0)
;__Lib_Lcd.c,113 :: 		
0x0166	0x2052      	CALL       _Delay_1us
;__Lib_Lcd.c,114 :: 		
0x0167	0x1286      	BCF        LCD_EN, BitPos(LCD_EN+0)
;__Lib_Lcd.c,115 :: 		
0x0168	0x205F      	CALL       _Delay_5500us
;__Lib_Lcd.c,117 :: 		
0x0169	0x1686      	BSF        LCD_EN, BitPos(LCD_EN+0)
;__Lib_Lcd.c,118 :: 		
0x016A	0x2052      	CALL       _Delay_1us
;__Lib_Lcd.c,119 :: 		
0x016B	0x1286      	BCF        LCD_EN, BitPos(LCD_EN+0)
;__Lib_Lcd.c,120 :: 		
0x016C	0x205F      	CALL       _Delay_5500us
;__Lib_Lcd.c,123 :: 		
0x016D	0x1006      	BCF        LCD_D4, BitPos(LCD_D4+0)
;__Lib_Lcd.c,124 :: 		
0x016E	0x1686      	BSF        LCD_EN, BitPos(LCD_EN+0)
;__Lib_Lcd.c,125 :: 		
0x016F	0x2052      	CALL       _Delay_1us
;__Lib_Lcd.c,126 :: 		
0x0170	0x1286      	BCF        LCD_EN, BitPos(LCD_EN+0)
;__Lib_Lcd.c,127 :: 		
0x0171	0x205F      	CALL       _Delay_5500us
;__Lib_Lcd.c,130 :: 		
0x0172	0x1686      	BSF        LCD_EN, BitPos(LCD_EN+0)
;__Lib_Lcd.c,131 :: 		
0x0173	0x2052      	CALL       _Delay_1us
;__Lib_Lcd.c,132 :: 		
0x0174	0x1286      	BCF        LCD_EN, BitPos(LCD_EN+0)
;__Lib_Lcd.c,134 :: 		
0x0175	0x1086      	BCF        LCD_D5, BitPos(LCD_D5+0)
;__Lib_Lcd.c,135 :: 		
0x0176	0x1586      	BSF        LCD_D7, BitPos(LCD_D7+0)
;__Lib_Lcd.c,136 :: 		
0x0177	0x1686      	BSF        LCD_EN, BitPos(LCD_EN+0)
;__Lib_Lcd.c,137 :: 		
0x0178	0x2052      	CALL       _Delay_1us
;__Lib_Lcd.c,138 :: 		
0x0179	0x1286      	BCF        LCD_EN, BitPos(LCD_EN+0)
;__Lib_Lcd.c,139 :: 		
0x017A	0x205F      	CALL       _Delay_5500us
;__Lib_Lcd.c,142 :: 		
0x017B	0x1186      	BCF        LCD_D7, BitPos(LCD_D7+0)
;__Lib_Lcd.c,143 :: 		
0x017C	0x1406      	BSF        LCD_D4, BitPos(LCD_D4+0)
;__Lib_Lcd.c,144 :: 		
0x017D	0x1686      	BSF        LCD_EN, BitPos(LCD_EN+0)
;__Lib_Lcd.c,145 :: 		
0x017E	0x2052      	CALL       _Delay_1us
;__Lib_Lcd.c,146 :: 		
0x017F	0x1286      	BCF        LCD_EN, BitPos(LCD_EN+0)
;__Lib_Lcd.c,148 :: 		
0x0180	0x1006      	BCF        LCD_D4, BitPos(LCD_D4+0)
;__Lib_Lcd.c,149 :: 		
0x0181	0x1686      	BSF        LCD_EN, BitPos(LCD_EN+0)
;__Lib_Lcd.c,150 :: 		
0x0182	0x2052      	CALL       _Delay_1us
;__Lib_Lcd.c,151 :: 		
0x0183	0x1286      	BCF        LCD_EN, BitPos(LCD_EN+0)
;__Lib_Lcd.c,152 :: 		
0x0184	0x205F      	CALL       _Delay_5500us
;__Lib_Lcd.c,155 :: 		
0x0185	0x1686      	BSF        LCD_EN, BitPos(LCD_EN+0)
;__Lib_Lcd.c,156 :: 		
0x0186	0x2052      	CALL       _Delay_1us
;__Lib_Lcd.c,157 :: 		
0x0187	0x1286      	BCF        LCD_EN, BitPos(LCD_EN+0)
;__Lib_Lcd.c,159 :: 		
0x0188	0x1406      	BSF        LCD_D4, BitPos(LCD_D4+0)
;__Lib_Lcd.c,160 :: 		
0x0189	0x1686      	BSF        LCD_EN, BitPos(LCD_EN+0)
;__Lib_Lcd.c,161 :: 		
0x018A	0x2052      	CALL       _Delay_1us
;__Lib_Lcd.c,162 :: 		
0x018B	0x1286      	BCF        LCD_EN, BitPos(LCD_EN+0)
;__Lib_Lcd.c,163 :: 		
0x018C	0x205F      	CALL       _Delay_5500us
;__Lib_Lcd.c,166 :: 		
0x018D	0x1006      	BCF        LCD_D4, BitPos(LCD_D4+0)
;__Lib_Lcd.c,167 :: 		
0x018E	0x1686      	BSF        LCD_EN, BitPos(LCD_EN+0)
;__Lib_Lcd.c,168 :: 		
0x018F	0x2052      	CALL       _Delay_1us
;__Lib_Lcd.c,169 :: 		
0x0190	0x1286      	BCF        LCD_EN, BitPos(LCD_EN+0)
;__Lib_Lcd.c,171 :: 		
0x0191	0x1586      	BSF        LCD_D7, BitPos(LCD_D7+0)
;__Lib_Lcd.c,172 :: 		
0x0192	0x1506      	BSF        LCD_D6, BitPos(LCD_D6+0)
;__Lib_Lcd.c,173 :: 		
0x0193	0x1486      	BSF        LCD_D5, BitPos(LCD_D5+0)
;__Lib_Lcd.c,174 :: 		
0x0194	0x1406      	BSF        LCD_D4, BitPos(LCD_D4+0)
;__Lib_Lcd.c,175 :: 		
0x0195	0x1686      	BSF        LCD_EN, BitPos(LCD_EN+0)
;__Lib_Lcd.c,176 :: 		
0x0196	0x2052      	CALL       _Delay_1us
;__Lib_Lcd.c,177 :: 		
0x0197	0x1286      	BCF        LCD_EN, BitPos(LCD_EN+0)
;__Lib_Lcd.c,179 :: 		
0x0198	0x205F      	CALL       _Delay_5500us
;__Lib_Lcd.c,181 :: 		
0x0199	0x1448      	BSF        __Lib_Lcd_cmd_status, BitPos(__Lib_Lcd_cmd_status+0)
;__Lib_Lcd.c,182 :: 		
L_end_Lcd_Init:
0x019A	0x0008      	RETURN
; end of _Lcd_Init
_Bluetooth_cmd:
;Bluetooth.c,42 :: 		void Bluetooth_cmd(const unsigned char*cmdPnt, const unsigned char*stopMsgPnt){ // Envia o comando cmd para o módulo bluetooth até ele transmitir a resposta esperada stopMsg, esta função compara somente os caracteres de stopMsg com os do BUFFER na mesma posição, assim, uma string recebida que comece com os caracteres de stopMsg mas que também possua ao final outros caracteres que não pertençam a msg também seria reconhecida resposta válida (intencionalmente)
;Bluetooth.c,43 :: 		unsigned char k=0;
0x019B	0x1683      	BSF        STATUS, 5
0x019C	0x1303      	BCF        STATUS, 6
0x019D	0x01C2      	CLRF       Bluetooth_cmd_k_L0
;Bluetooth.c,45 :: 		while (*(cmdPnt+k)!='\0'){
L_Bluetooth_cmd5:
0x019E	0x0842      	MOVF       Bluetooth_cmd_k_L0, 0
0x019F	0x0720      	ADDWF      FARG_Bluetooth_cmd_cmdPnt, 0
0x01A0	0x00F0      	MOVWF      R0
0x01A1	0x0821      	MOVF       FARG_Bluetooth_cmd_cmdPnt+1, 0
0x01A2	0x1803      	BTFSC      STATUS, 0
0x01A3	0x3E01      	ADDLW      1
0x01A4	0x00F1      	MOVWF      R0+1
0x01A5	0x0870      	MOVF       R0, 0
0x01A6	0x1283      	BCF        STATUS, 5
0x01A7	0x00C6      	MOVWF      ___DoICPAddr
0x01A8	0x0871      	MOVF       R0+1, 0
0x01A9	0x00C7      	MOVWF      ___DoICPAddr+1
0x01AA	0x20D6      	CALL       _____DoICP
0x01AB	0x118A      	BCF        PCLATH, 3
0x01AC	0x120A      	BCF        PCLATH, 4
0x01AD	0x00F1      	MOVWF      R1
0x01AE	0x0871      	MOVF       R1, 0
0x01AF	0x3A00      	XORLW      0
0x01B0	0x1903      	BTFSC      STATUS, 2
0x01B1	0x29CD      	GOTO       L_Bluetooth_cmd6
;Bluetooth.c,46 :: 		cmd[k]=*(cmdPnt+k);
0x01B2	0x1683      	BSF        STATUS, 5
0x01B3	0x0842      	MOVF       Bluetooth_cmd_k_L0, 0
0x01B4	0x3EA4      	ADDLW      Bluetooth_cmd_cmd_L0
0x01B5	0x00F2      	MOVWF      R2
0x01B6	0x0842      	MOVF       Bluetooth_cmd_k_L0, 0
0x01B7	0x0720      	ADDWF      FARG_Bluetooth_cmd_cmdPnt, 0
0x01B8	0x00F0      	MOVWF      R0
0x01B9	0x0821      	MOVF       FARG_Bluetooth_cmd_cmdPnt+1, 0
0x01BA	0x1803      	BTFSC      STATUS, 0
0x01BB	0x3E01      	ADDLW      1
0x01BC	0x00F1      	MOVWF      R0+1
0x01BD	0x0870      	MOVF       R0, 0
0x01BE	0x1283      	BCF        STATUS, 5
0x01BF	0x00C6      	MOVWF      ___DoICPAddr
0x01C0	0x0871      	MOVF       R0+1, 0
0x01C1	0x00C7      	MOVWF      ___DoICPAddr+1
0x01C2	0x20D6      	CALL       _____DoICP
0x01C3	0x118A      	BCF        PCLATH, 3
0x01C4	0x120A      	BCF        PCLATH, 4
0x01C5	0x00F0      	MOVWF      R0
0x01C6	0x0872      	MOVF       R2, 0
0x01C7	0x0084      	MOVWF      FSR
0x01C8	0x0870      	MOVF       R0, 0
0x01C9	0x0080      	MOVWF      INDF
;Bluetooth.c,47 :: 		k++;
0x01CA	0x1683      	BSF        STATUS, 5
0x01CB	0x0AC2      	INCF       Bluetooth_cmd_k_L0, 1
;Bluetooth.c,48 :: 		}
0x01CC	0x299E      	GOTO       L_Bluetooth_cmd5
L_Bluetooth_cmd6:
0x01CD	0x1683      	BSF        STATUS, 5
;Bluetooth.c,49 :: 		cmd[k]='\0';
0x01CE	0x0842      	MOVF       Bluetooth_cmd_k_L0, 0
0x01CF	0x3EA4      	ADDLW      Bluetooth_cmd_cmd_L0
0x01D0	0x0084      	MOVWF      FSR
0x01D1	0x0180      	CLRF       INDF
;Bluetooth.c,50 :: 		k=0;
0x01D2	0x01C2      	CLRF       Bluetooth_cmd_k_L0
;Bluetooth.c,51 :: 		while (*(stopMsgPnt+k)!='\0'){
L_Bluetooth_cmd7:
0x01D3	0x0842      	MOVF       Bluetooth_cmd_k_L0, 0
0x01D4	0x0722      	ADDWF      FARG_Bluetooth_cmd_stopMsgPnt, 0
0x01D5	0x00F0      	MOVWF      R0
0x01D6	0x0823      	MOVF       FARG_Bluetooth_cmd_stopMsgPnt+1, 0
0x01D7	0x1803      	BTFSC      STATUS, 0
0x01D8	0x3E01      	ADDLW      1
0x01D9	0x00F1      	MOVWF      R0+1
0x01DA	0x0870      	MOVF       R0, 0
0x01DB	0x1283      	BCF        STATUS, 5
0x01DC	0x00C6      	MOVWF      ___DoICPAddr
0x01DD	0x0871      	MOVF       R0+1, 0
0x01DE	0x00C7      	MOVWF      ___DoICPAddr+1
0x01DF	0x20D6      	CALL       _____DoICP
0x01E0	0x118A      	BCF        PCLATH, 3
0x01E1	0x120A      	BCF        PCLATH, 4
0x01E2	0x00F1      	MOVWF      R1
0x01E3	0x0871      	MOVF       R1, 0
0x01E4	0x3A00      	XORLW      0
0x01E5	0x1903      	BTFSC      STATUS, 2
0x01E6	0x2A02      	GOTO       L_Bluetooth_cmd8
;Bluetooth.c,52 :: 		stopMsg[k]=*(stopMsgPnt+k);
0x01E7	0x1683      	BSF        STATUS, 5
0x01E8	0x0842      	MOVF       Bluetooth_cmd_k_L0, 0
0x01E9	0x3EB3      	ADDLW      Bluetooth_cmd_stopMsg_L0
0x01EA	0x00F2      	MOVWF      R2
0x01EB	0x0842      	MOVF       Bluetooth_cmd_k_L0, 0
0x01EC	0x0722      	ADDWF      FARG_Bluetooth_cmd_stopMsgPnt, 0
0x01ED	0x00F0      	MOVWF      R0
0x01EE	0x0823      	MOVF       FARG_Bluetooth_cmd_stopMsgPnt+1, 0
0x01EF	0x1803      	BTFSC      STATUS, 0
0x01F0	0x3E01      	ADDLW      1
0x01F1	0x00F1      	MOVWF      R0+1
0x01F2	0x0870      	MOVF       R0, 0
0x01F3	0x1283      	BCF        STATUS, 5
0x01F4	0x00C6      	MOVWF      ___DoICPAddr
0x01F5	0x0871      	MOVF       R0+1, 0
0x01F6	0x00C7      	MOVWF      ___DoICPAddr+1
0x01F7	0x20D6      	CALL       _____DoICP
0x01F8	0x118A      	BCF        PCLATH, 3
0x01F9	0x120A      	BCF        PCLATH, 4
0x01FA	0x00F0      	MOVWF      R0
0x01FB	0x0872      	MOVF       R2, 0
0x01FC	0x0084      	MOVWF      FSR
0x01FD	0x0870      	MOVF       R0, 0
0x01FE	0x0080      	MOVWF      INDF
;Bluetooth.c,53 :: 		k++;
0x01FF	0x1683      	BSF        STATUS, 5
0x0200	0x0AC2      	INCF       Bluetooth_cmd_k_L0, 1
;Bluetooth.c,54 :: 		}
0x0201	0x29D3      	GOTO       L_Bluetooth_cmd7
L_Bluetooth_cmd8:
0x0202	0x1683      	BSF        STATUS, 5
;Bluetooth.c,55 :: 		stopMsg[k]='\0';
0x0203	0x0842      	MOVF       Bluetooth_cmd_k_L0, 0
0x0204	0x3EB3      	ADDLW      Bluetooth_cmd_stopMsg_L0
0x0205	0x0084      	MOVWF      FSR
0x0206	0x0180      	CLRF       INDF
;Bluetooth.c,56 :: 		do{
L_Bluetooth_cmd9:
;Bluetooth.c,57 :: 		WRONG_MSG=0;
0x0207	0x1283      	BCF        STATUS, 5
0x0208	0x1044      	BCF        _flags, 0
;Bluetooth.c,58 :: 		for(k=0;k<20;k++) BUFFER[k]='\0';
0x0209	0x1683      	BSF        STATUS, 5
0x020A	0x01C2      	CLRF       Bluetooth_cmd_k_L0
L_Bluetooth_cmd12:
0x020B	0x3014      	MOVLW      20
0x020C	0x0242      	SUBWF      Bluetooth_cmd_k_L0, 0
0x020D	0x1803      	BTFSC      STATUS, 0
0x020E	0x2A15      	GOTO       L_Bluetooth_cmd13
0x020F	0x0842      	MOVF       Bluetooth_cmd_k_L0, 0
0x0210	0x3E49      	ADDLW      _BUFFER
0x0211	0x0084      	MOVWF      FSR
0x0212	0x0180      	CLRF       INDF
0x0213	0x0AC2      	INCF       Bluetooth_cmd_k_L0, 1
0x0214	0x2A0B      	GOTO       L_Bluetooth_cmd12
L_Bluetooth_cmd13:
;Bluetooth.c,59 :: 		i=0;
0x0215	0x1283      	BCF        STATUS, 5
0x0216	0x01C5      	CLRF       _i
;Bluetooth.c,60 :: 		PIE1.RCIE=1;
0x0217	0x1683      	BSF        STATUS, 5
0x0218	0x168C      	BSF        PIE1, 5
;Bluetooth.c,61 :: 		Uart1_write_text(cmd);
0x0219	0x30A4      	MOVLW      Bluetooth_cmd_cmd_L0
0x021A	0x00C3      	MOVWF      FARG_UART1_Write_Text_uart_text
0x021B	0x20DD      	CALL       _UART1_Write_Text
;Bluetooth.c,62 :: 		Uart1_write(0x0A);
0x021C	0x300A      	MOVLW      10
0x021D	0x00C6      	MOVWF      FARG_UART1_Write_data_
0x021E	0x206C      	CALL       _UART1_Write
;Bluetooth.c,63 :: 		Delay_ms(200);
0x021F	0x3006      	MOVLW      6
0x0220	0x00FB      	MOVWF      R11
0x0221	0x3013      	MOVLW      19
0x0222	0x00FC      	MOVWF      R12
0x0223	0x30AD      	MOVLW      173
0x0224	0x00FD      	MOVWF      R13
L_Bluetooth_cmd15:
0x0225	0x0BFD      	DECFSZ     R13, 1
0x0226	0x2A25      	GOTO       L_Bluetooth_cmd15
0x0227	0x0BFC      	DECFSZ     R12, 1
0x0228	0x2A25      	GOTO       L_Bluetooth_cmd15
0x0229	0x0BFB      	DECFSZ     R11, 1
0x022A	0x2A25      	GOTO       L_Bluetooth_cmd15
0x022B	0x0000      	NOP
0x022C	0x0000      	NOP
;Bluetooth.c,64 :: 		for(k=0;k<(strlen(stopMsg));k++){
0x022D	0x1683      	BSF        STATUS, 5
0x022E	0x01C2      	CLRF       Bluetooth_cmd_k_L0
L_Bluetooth_cmd16:
0x022F	0x30B3      	MOVLW      Bluetooth_cmd_stopMsg_L0
0x0230	0x00C3      	MOVWF      FARG_strlen_s
0x0231	0x20F4      	CALL       _strlen
0x0232	0x3080      	MOVLW      128
0x0233	0x00F2      	MOVWF      R2
0x0234	0x3080      	MOVLW      128
0x0235	0x0671      	XORWF      R0+1, 0
0x0236	0x0272      	SUBWF      R2, 0
0x0237	0x1D03      	BTFSS      STATUS, 2
0x0238	0x2A3B      	GOTO       L__Bluetooth_cmd35
0x0239	0x0870      	MOVF       R0, 0
0x023A	0x0242      	SUBWF      Bluetooth_cmd_k_L0, 0
L__Bluetooth_cmd35:
0x023B	0x1803      	BTFSC      STATUS, 0
0x023C	0x2A4E      	GOTO       L_Bluetooth_cmd17
;Bluetooth.c,65 :: 		if (BUFFER[k]!=stopMsg[k]) WRONG_MSG=1;
0x023D	0x0842      	MOVF       Bluetooth_cmd_k_L0, 0
0x023E	0x3E49      	ADDLW      _BUFFER
0x023F	0x0084      	MOVWF      FSR
0x0240	0x0800      	MOVF       INDF, 0
0x0241	0x00F1      	MOVWF      R1
0x0242	0x0842      	MOVF       Bluetooth_cmd_k_L0, 0
0x0243	0x3EB3      	ADDLW      Bluetooth_cmd_stopMsg_L0
0x0244	0x0084      	MOVWF      FSR
0x0245	0x0871      	MOVF       R1, 0
0x0246	0x0600      	XORWF      INDF, 0
0x0247	0x1903      	BTFSC      STATUS, 2
0x0248	0x2A4B      	GOTO       L_Bluetooth_cmd19
0x0249	0x1283      	BCF        STATUS, 5
0x024A	0x1444      	BSF        _flags, 0
L_Bluetooth_cmd19:
;Bluetooth.c,64 :: 		for(k=0;k<(strlen(stopMsg));k++){
0x024B	0x1683      	BSF        STATUS, 5
0x024C	0x0AC2      	INCF       Bluetooth_cmd_k_L0, 1
;Bluetooth.c,66 :: 		}
0x024D	0x2A2F      	GOTO       L_Bluetooth_cmd16
L_Bluetooth_cmd17:
;Bluetooth.c,68 :: 		while(WRONG_MSG);
0x024E	0x1283      	BCF        STATUS, 5
0x024F	0x1844      	BTFSC      _flags, 0
0x0250	0x2A07      	GOTO       L_Bluetooth_cmd9
;Bluetooth.c,69 :: 		i=0;
0x0251	0x01C5      	CLRF       _i
;Bluetooth.c,70 :: 		for(k=0;k<20;k++) BUFFER[k]='\0';
0x0252	0x1683      	BSF        STATUS, 5
0x0253	0x01C2      	CLRF       Bluetooth_cmd_k_L0
L_Bluetooth_cmd20:
0x0254	0x3014      	MOVLW      20
0x0255	0x0242      	SUBWF      Bluetooth_cmd_k_L0, 0
0x0256	0x1803      	BTFSC      STATUS, 0
0x0257	0x2A5E      	GOTO       L_Bluetooth_cmd21
0x0258	0x0842      	MOVF       Bluetooth_cmd_k_L0, 0
0x0259	0x3E49      	ADDLW      _BUFFER
0x025A	0x0084      	MOVWF      FSR
0x025B	0x0180      	CLRF       INDF
0x025C	0x0AC2      	INCF       Bluetooth_cmd_k_L0, 1
0x025D	0x2A54      	GOTO       L_Bluetooth_cmd20
L_Bluetooth_cmd21:
;Bluetooth.c,71 :: 		PIE1.RCIE=1;
0x025E	0x168C      	BSF        PIE1, 5
;Bluetooth.c,72 :: 		}
L_end_Bluetooth_cmd:
0x025F	0x0008      	RETURN
; end of _Bluetooth_cmd
_UART1_Init:
;__Lib_UART_c67.c,2 :: 		
;__Lib_UART_c67.c,5 :: 		
0x0260	0x1683      	BSF        STATUS, 5
0x0261	0x1303      	BCF        STATUS, 6
0x0262	0x1698      	BSF        TXSTA, 5
;__Lib_UART_c67.c,6 :: 		
0x0263	0x3090      	MOVLW      144
0x0264	0x1283      	BCF        STATUS, 5
0x0265	0x0098      	MOVWF      RCSTA
;__Lib_UART_c67.c,7 :: 		
0x0266	0x1683      	BSF        STATUS, 5
0x0267	0x1787      	BSF        TRISC7_bit, BitPos(TRISC7_bit+0)
;__Lib_UART_c67.c,8 :: 		
0x0268	0x1307      	BCF        TRISC6_bit, BitPos(TRISC6_bit+0)
;__Lib_UART_c67.c,10 :: 		
L_UART1_Init0:
0x0269	0x1283      	BCF        STATUS, 5
0x026A	0x1E8C      	BTFSS      PIR1, 5
0x026B	0x2A6F      	GOTO       L_UART1_Init1
;__Lib_UART_c67.c,11 :: 		
0x026C	0x081A      	MOVF       RCREG, 0
0x026D	0x00F0      	MOVWF      R0
0x026E	0x2A69      	GOTO       L_UART1_Init0
L_UART1_Init1:
;__Lib_UART_c67.c,12 :: 		
L_end_UART1_Init:
0x026F	0x0008      	RETURN
; end of _UART1_Init
___CC2DW:
;__Lib_System.c,134 :: 		
;__Lib_System.c,137 :: 		
_CC2D_Loop1:
;__Lib_System.c,139 :: 		
0x0270	0x20D6      	CALL       _____DoICP
0x0271	0x118A      	BCF        PCLATH, 3
0x0272	0x120A      	BCF        PCLATH, 4
;__Lib_System.c,141 :: 		
0x0273	0x0080      	MOVWF      INDF
;__Lib_System.c,142 :: 		
0x0274	0x0A84      	INCF       FSR, 1
;__Lib_System.c,143 :: 		
0x0275	0x0AC6      	INCF       ___DoICPAddr, 1
;__Lib_System.c,145 :: 		
0x0276	0x1903      	BTFSC      STATUS, 2
;__Lib_System.c,146 :: 		
0x0277	0x0AC7      	INCF       ___DoICPAddr+1, 1
;__Lib_System.c,147 :: 		
0x0278	0x03F0      	DECF       R0, 1
;__Lib_System.c,149 :: 		
0x0279	0x1D03      	BTFSS      STATUS, 2
;__Lib_System.c,150 :: 		
0x027A	0x2A70      	GOTO       _CC2D_Loop1
;__Lib_System.c,152 :: 		
L_end___CC2DW:
0x027B	0x0008      	RETURN
; end of ___CC2DW
_UART1_Read:
;__Lib_UART_c67.c,21 :: 		
;__Lib_UART_c67.c,24 :: 		
0x027C	0x1283      	BCF        STATUS, 5
0x027D	0x1303      	BCF        STATUS, 6
0x027E	0x081A      	MOVF       RCREG, 0
0x027F	0x00F1      	MOVWF      R1
;__Lib_UART_c67.c,25 :: 		
0x0280	0x1C98      	BTFSS      RCSTA, 1
0x0281	0x2A84      	GOTO       L_UART1_Read2
;__Lib_UART_c67.c,26 :: 		
0x0282	0x1218      	BCF        RCSTA, 4
;__Lib_UART_c67.c,27 :: 		
0x0283	0x1618      	BSF        RCSTA, 4
;__Lib_UART_c67.c,28 :: 		
L_UART1_Read2:
;__Lib_UART_c67.c,29 :: 		
0x0284	0x0871      	MOVF       R1, 0
0x0285	0x00F0      	MOVWF      R0
;__Lib_UART_c67.c,30 :: 		
L_end_UART1_Read:
0x0286	0x0008      	RETURN
; end of _UART1_Read
_main:
0x0287	0x24F8      	CALL       1272
;Bluetooth.c,76 :: 		void main() {
;Bluetooth.c,78 :: 		unsigned char j=0;
0x0288	0x1283      	BCF        STATUS, 5
0x0289	0x1303      	BCF        STATUS, 6
0x028A	0x01DF      	CLRF       main_j_L0
0x028B	0x3049      	MOVLW      73
0x028C	0x00E0      	MOVWF      main_txt_L0
0x028D	0x306E      	MOVLW      110
0x028E	0x00E1      	MOVWF      main_txt_L0+1
0x028F	0x3069      	MOVLW      105
0x0290	0x00E2      	MOVWF      main_txt_L0+2
0x0291	0x3074      	MOVLW      116
0x0292	0x00E3      	MOVWF      main_txt_L0+3
0x0293	0x3069      	MOVLW      105
0x0294	0x00E4      	MOVWF      main_txt_L0+4
0x0295	0x3061      	MOVLW      97
0x0296	0x00E5      	MOVWF      main_txt_L0+5
0x0297	0x306C      	MOVLW      108
0x0298	0x00E6      	MOVWF      main_txt_L0+6
0x0299	0x3069      	MOVLW      105
0x029A	0x00E7      	MOVWF      main_txt_L0+7
0x029B	0x307A      	MOVLW      122
0x029C	0x00E8      	MOVWF      main_txt_L0+8
0x029D	0x3069      	MOVLW      105
0x029E	0x00E9      	MOVWF      main_txt_L0+9
0x029F	0x306E      	MOVLW      110
0x02A0	0x00EA      	MOVWF      main_txt_L0+10
0x02A1	0x3067      	MOVLW      103
0x02A2	0x00EB      	MOVWF      main_txt_L0+11
0x02A3	0x3020      	MOVLW      32
0x02A4	0x00EC      	MOVWF      main_txt_L0+12
0x02A5	0x3031      	MOVLW      49
0x02A6	0x00ED      	MOVWF      main_txt_L0+13
0x02A7	0x3031      	MOVLW      49
0x02A8	0x00EE      	MOVWF      main_txt_L0+14
0x02A9	0x01EF      	CLRF       main_txt_L0+15
;Bluetooth.c,81 :: 		ADCON1=0x07;                                                                // Todas as portas são digitais
0x02AA	0x3007      	MOVLW      7
0x02AB	0x1683      	BSF        STATUS, 5
0x02AC	0x009F      	MOVWF      ADCON1
;Bluetooth.c,82 :: 		INTCON=0xC0;                                                                // Interrupções gerais e interrupções do periféricos habilitadas
0x02AD	0x30C0      	MOVLW      192
0x02AE	0x008B      	MOVWF      INTCON
;Bluetooth.c,83 :: 		PIE1=0x20;                                                                  // Interrupção pela recepção serial UART habilitada
0x02AF	0x3020      	MOVLW      32
0x02B0	0x008C      	MOVWF      PIE1
;Bluetooth.c,84 :: 		Uart1_Init(9600);                                                           // Inicializa a UART
0x02B1	0x3081      	MOVLW      129
0x02B2	0x0099      	MOVWF      SPBRG
0x02B3	0x1518      	BSF        TXSTA, 2
0x02B4	0x2260      	CALL       _UART1_Init
;Bluetooth.c,85 :: 		Lcd_Init();                                                                 // Inicializa o display LCD
0x02B5	0x214D      	CALL       _Lcd_Init
;Bluetooth.c,86 :: 		Lcd_cmd(_LCD_CLEAR);                                                        // Limpa o LCD
0x02B6	0x3001      	MOVLW      1
0x02B7	0x1683      	BSF        STATUS, 5
0x02B8	0x00C6      	MOVWF      FARG_Lcd_Cmd_out_char
0x02B9	0x2076      	CALL       _Lcd_Cmd
;Bluetooth.c,87 :: 		Lcd_cmd(_LCD_CURSOR_OFF);                                                   // Desliga o cursor do LCD
0x02BA	0x300C      	MOVLW      12
0x02BB	0x1683      	BSF        STATUS, 5
0x02BC	0x00C6      	MOVWF      FARG_Lcd_Cmd_out_char
0x02BD	0x2076      	CALL       _Lcd_Cmd
;Bluetooth.c,90 :: 		Lcd_Out(1,1,txt);                                                           // Contagem regressiva que mostra o andamento das configurações
0x02BE	0x3001      	MOVLW      1
0x02BF	0x1683      	BSF        STATUS, 5
0x02C0	0x00A0      	MOVWF      FARG_Lcd_Out_row
0x02C1	0x3001      	MOVLW      1
0x02C2	0x00A1      	MOVWF      FARG_Lcd_Out_column
0x02C3	0x3060      	MOVLW      main_txt_L0
0x02C4	0x00A2      	MOVWF      FARG_Lcd_Out_text
0x02C5	0x210A      	CALL       _Lcd_Out
;Bluetooth.c,91 :: 		delay_ms(100);
0x02C6	0x3003      	MOVLW      3
0x02C7	0x00FB      	MOVWF      R11
0x02C8	0x308A      	MOVLW      138
0x02C9	0x00FC      	MOVWF      R12
0x02CA	0x3055      	MOVLW      85
0x02CB	0x00FD      	MOVWF      R13
L_main23:
0x02CC	0x0BFD      	DECFSZ     R13, 1
0x02CD	0x2ACC      	GOTO       L_main23
0x02CE	0x0BFC      	DECFSZ     R12, 1
0x02CF	0x2ACC      	GOTO       L_main23
0x02D0	0x0BFB      	DECFSZ     R11, 1
0x02D1	0x2ACC      	GOTO       L_main23
0x02D2	0x0000      	NOP
0x02D3	0x0000      	NOP
;Bluetooth.c,92 :: 		Bluetooth_cmd("AT+RESET","OK+RESET");                                       // Reseta o módulo
0x02D4	0x30A7      	MOVLW      ?lstr_1_Bluetooth
0x02D5	0x1683      	BSF        STATUS, 5
0x02D6	0x00A0      	MOVWF      FARG_Bluetooth_cmd_cmdPnt
0x02D7	0x3004      	MOVLW      hi_addr(?lstr_1_Bluetooth)
0x02D8	0x00A1      	MOVWF      FARG_Bluetooth_cmd_cmdPnt+1
0x02D9	0x30B0      	MOVLW      ?lstr_2_Bluetooth
0x02DA	0x00A2      	MOVWF      FARG_Bluetooth_cmd_stopMsgPnt
0x02DB	0x3004      	MOVLW      hi_addr(?lstr_2_Bluetooth)
0x02DC	0x00A3      	MOVWF      FARG_Bluetooth_cmd_stopMsgPnt+1
0x02DD	0x219B      	CALL       _Bluetooth_cmd
;Bluetooth.c,93 :: 		txt[14]='0';
0x02DE	0x3030      	MOVLW      48
0x02DF	0x1283      	BCF        STATUS, 5
0x02E0	0x00EE      	MOVWF      main_txt_L0+14
;Bluetooth.c,94 :: 		Lcd_Out(1,1,txt);
0x02E1	0x3001      	MOVLW      1
0x02E2	0x1683      	BSF        STATUS, 5
0x02E3	0x00A0      	MOVWF      FARG_Lcd_Out_row
0x02E4	0x3001      	MOVLW      1
0x02E5	0x00A1      	MOVWF      FARG_Lcd_Out_column
0x02E6	0x3060      	MOVLW      main_txt_L0
0x02E7	0x00A2      	MOVWF      FARG_Lcd_Out_text
0x02E8	0x210A      	CALL       _Lcd_Out
;Bluetooth.c,95 :: 		Bluetooth_cmd("AT+BAUD2","OK+Set:2");                                       // Baud rate 9600
0x02E9	0x309E      	MOVLW      ?lstr_3_Bluetooth
0x02EA	0x1683      	BSF        STATUS, 5
0x02EB	0x00A0      	MOVWF      FARG_Bluetooth_cmd_cmdPnt
0x02EC	0x3004      	MOVLW      hi_addr(?lstr_3_Bluetooth)
0x02ED	0x00A1      	MOVWF      FARG_Bluetooth_cmd_cmdPnt+1
0x02EE	0x308C      	MOVLW      ?lstr_4_Bluetooth
0x02EF	0x00A2      	MOVWF      FARG_Bluetooth_cmd_stopMsgPnt
0x02F0	0x3004      	MOVLW      hi_addr(?lstr_4_Bluetooth)
0x02F1	0x00A3      	MOVWF      FARG_Bluetooth_cmd_stopMsgPnt+1
0x02F2	0x219B      	CALL       _Bluetooth_cmd
;Bluetooth.c,96 :: 		txt[14]='9';
0x02F3	0x3039      	MOVLW      57
0x02F4	0x1283      	BCF        STATUS, 5
0x02F5	0x00EE      	MOVWF      main_txt_L0+14
;Bluetooth.c,97 :: 		txt[13]=' ';
0x02F6	0x3020      	MOVLW      32
0x02F7	0x00ED      	MOVWF      main_txt_L0+13
;Bluetooth.c,98 :: 		Lcd_Out(1,1,txt);
0x02F8	0x3001      	MOVLW      1
0x02F9	0x1683      	BSF        STATUS, 5
0x02FA	0x00A0      	MOVWF      FARG_Lcd_Out_row
0x02FB	0x3001      	MOVLW      1
0x02FC	0x00A1      	MOVWF      FARG_Lcd_Out_column
0x02FD	0x3060      	MOVLW      main_txt_L0
0x02FE	0x00A2      	MOVWF      FARG_Lcd_Out_text
0x02FF	0x210A      	CALL       _Lcd_Out
;Bluetooth.c,99 :: 		Bluetooth_cmd("AT+PARI0","OK+Set:0");                                       // Nenhum bit de paridade
0x0300	0x3095      	MOVLW      ?lstr_5_Bluetooth
0x0301	0x1683      	BSF        STATUS, 5
0x0302	0x00A0      	MOVWF      FARG_Bluetooth_cmd_cmdPnt
0x0303	0x3004      	MOVLW      hi_addr(?lstr_5_Bluetooth)
0x0304	0x00A1      	MOVWF      FARG_Bluetooth_cmd_cmdPnt+1
0x0305	0x30B9      	MOVLW      ?lstr_6_Bluetooth
0x0306	0x00A2      	MOVWF      FARG_Bluetooth_cmd_stopMsgPnt
0x0307	0x3004      	MOVLW      hi_addr(?lstr_6_Bluetooth)
0x0308	0x00A3      	MOVWF      FARG_Bluetooth_cmd_stopMsgPnt+1
0x0309	0x219B      	CALL       _Bluetooth_cmd
;Bluetooth.c,100 :: 		txt[14]='8';
0x030A	0x3038      	MOVLW      56
0x030B	0x1283      	BCF        STATUS, 5
0x030C	0x00EE      	MOVWF      main_txt_L0+14
;Bluetooth.c,101 :: 		Lcd_Out(1,1,txt);
0x030D	0x3001      	MOVLW      1
0x030E	0x1683      	BSF        STATUS, 5
0x030F	0x00A0      	MOVWF      FARG_Lcd_Out_row
0x0310	0x3001      	MOVLW      1
0x0311	0x00A1      	MOVWF      FARG_Lcd_Out_column
0x0312	0x3060      	MOVLW      main_txt_L0
0x0313	0x00A2      	MOVWF      FARG_Lcd_Out_text
0x0314	0x210A      	CALL       _Lcd_Out
;Bluetooth.c,102 :: 		Bluetooth_cmd("AT+STOP0","OK+Set:0");                                       // Um stop Bit
0x0315	0x30DD      	MOVLW      ?lstr_7_Bluetooth
0x0316	0x1683      	BSF        STATUS, 5
0x0317	0x00A0      	MOVWF      FARG_Bluetooth_cmd_cmdPnt
0x0318	0x3004      	MOVLW      hi_addr(?lstr_7_Bluetooth)
0x0319	0x00A1      	MOVWF      FARG_Bluetooth_cmd_cmdPnt+1
0x031A	0x30E6      	MOVLW      ?lstr_8_Bluetooth
0x031B	0x00A2      	MOVWF      FARG_Bluetooth_cmd_stopMsgPnt
0x031C	0x3004      	MOVLW      hi_addr(?lstr_8_Bluetooth)
0x031D	0x00A3      	MOVWF      FARG_Bluetooth_cmd_stopMsgPnt+1
0x031E	0x219B      	CALL       _Bluetooth_cmd
;Bluetooth.c,103 :: 		txt[14]='7';
0x031F	0x3037      	MOVLW      55
0x0320	0x1283      	BCF        STATUS, 5
0x0321	0x00EE      	MOVWF      main_txt_L0+14
;Bluetooth.c,104 :: 		Lcd_Out(1,1,txt);
0x0322	0x3001      	MOVLW      1
0x0323	0x1683      	BSF        STATUS, 5
0x0324	0x00A0      	MOVWF      FARG_Lcd_Out_row
0x0325	0x3001      	MOVLW      1
0x0326	0x00A1      	MOVWF      FARG_Lcd_Out_column
0x0327	0x3060      	MOVLW      main_txt_L0
0x0328	0x00A2      	MOVWF      FARG_Lcd_Out_text
0x0329	0x210A      	CALL       _Lcd_Out
;Bluetooth.c,105 :: 		Bluetooth_cmd("AT+DELI3","OK+Set:3");                                       // Delimitador de campo de resposta 0x0A 0x0D
0x032A	0x30D4      	MOVLW      ?lstr_9_Bluetooth
0x032B	0x1683      	BSF        STATUS, 5
0x032C	0x00A0      	MOVWF      FARG_Bluetooth_cmd_cmdPnt
0x032D	0x3004      	MOVLW      hi_addr(?lstr_9_Bluetooth)
0x032E	0x00A1      	MOVWF      FARG_Bluetooth_cmd_cmdPnt+1
0x032F	0x30C2      	MOVLW      ?lstr_10_Bluetooth
0x0330	0x00A2      	MOVWF      FARG_Bluetooth_cmd_stopMsgPnt
0x0331	0x3004      	MOVLW      hi_addr(?lstr_10_Bluetooth)
0x0332	0x00A3      	MOVWF      FARG_Bluetooth_cmd_stopMsgPnt+1
0x0333	0x219B      	CALL       _Bluetooth_cmd
;Bluetooth.c,106 :: 		txt[14]='6';
0x0334	0x3036      	MOVLW      54
0x0335	0x1283      	BCF        STATUS, 5
0x0336	0x00EE      	MOVWF      main_txt_L0+14
;Bluetooth.c,107 :: 		Lcd_Out(1,1,txt);
0x0337	0x3001      	MOVLW      1
0x0338	0x1683      	BSF        STATUS, 5
0x0339	0x00A0      	MOVWF      FARG_Lcd_Out_row
0x033A	0x3001      	MOVLW      1
0x033B	0x00A1      	MOVWF      FARG_Lcd_Out_column
0x033C	0x3060      	MOVLW      main_txt_L0
0x033D	0x00A2      	MOVWF      FARG_Lcd_Out_text
0x033E	0x210A      	CALL       _Lcd_Out
;Bluetooth.c,108 :: 		Bluetooth_cmd("AT+NOTI1","OK+Set:1");                                       // Ativa notificação de conexão e desconexão via bluetooth
0x033F	0x30CB      	MOVLW      ?lstr_11_Bluetooth
0x0340	0x1683      	BSF        STATUS, 5
0x0341	0x00A0      	MOVWF      FARG_Bluetooth_cmd_cmdPnt
0x0342	0x3004      	MOVLW      hi_addr(?lstr_11_Bluetooth)
0x0343	0x00A1      	MOVWF      FARG_Bluetooth_cmd_cmdPnt+1
0x0344	0x3083      	MOVLW      ?lstr_12_Bluetooth
0x0345	0x00A2      	MOVWF      FARG_Bluetooth_cmd_stopMsgPnt
0x0346	0x3004      	MOVLW      hi_addr(?lstr_12_Bluetooth)
0x0347	0x00A3      	MOVWF      FARG_Bluetooth_cmd_stopMsgPnt+1
0x0348	0x219B      	CALL       _Bluetooth_cmd
;Bluetooth.c,109 :: 		txt[14]='5';
0x0349	0x3035      	MOVLW      53
0x034A	0x1283      	BCF        STATUS, 5
0x034B	0x00EE      	MOVWF      main_txt_L0+14
;Bluetooth.c,110 :: 		Lcd_Out(1,1,txt);
0x034C	0x3001      	MOVLW      1
0x034D	0x1683      	BSF        STATUS, 5
0x034E	0x00A0      	MOVWF      FARG_Lcd_Out_row
0x034F	0x3001      	MOVLW      1
0x0350	0x00A1      	MOVWF      FARG_Lcd_Out_column
0x0351	0x3060      	MOVLW      main_txt_L0
0x0352	0x00A2      	MOVWF      FARG_Lcd_Out_text
0x0353	0x210A      	CALL       _Lcd_Out
;Bluetooth.c,111 :: 		Bluetooth_cmd("AT+MODE1","OK+Set:1");                                       // Modo de aquisição
0x0354	0x304D      	MOVLW      ?lstr_13_Bluetooth
0x0355	0x1683      	BSF        STATUS, 5
0x0356	0x00A0      	MOVWF      FARG_Bluetooth_cmd_cmdPnt
0x0357	0x3004      	MOVLW      hi_addr(?lstr_13_Bluetooth)
0x0358	0x00A1      	MOVWF      FARG_Bluetooth_cmd_cmdPnt+1
0x0359	0x3056      	MOVLW      ?lstr_14_Bluetooth
0x035A	0x00A2      	MOVWF      FARG_Bluetooth_cmd_stopMsgPnt
0x035B	0x3004      	MOVLW      hi_addr(?lstr_14_Bluetooth)
0x035C	0x00A3      	MOVWF      FARG_Bluetooth_cmd_stopMsgPnt+1
0x035D	0x219B      	CALL       _Bluetooth_cmd
;Bluetooth.c,112 :: 		txt[14]='4';
0x035E	0x3034      	MOVLW      52
0x035F	0x1283      	BCF        STATUS, 5
0x0360	0x00EE      	MOVWF      main_txt_L0+14
;Bluetooth.c,113 :: 		Lcd_Out(1,1,txt);
0x0361	0x3001      	MOVLW      1
0x0362	0x1683      	BSF        STATUS, 5
0x0363	0x00A0      	MOVWF      FARG_Lcd_Out_row
0x0364	0x3001      	MOVLW      1
0x0365	0x00A1      	MOVWF      FARG_Lcd_Out_column
0x0366	0x3060      	MOVLW      main_txt_L0
0x0367	0x00A2      	MOVWF      FARG_Lcd_Out_text
0x0368	0x210A      	CALL       _Lcd_Out
;Bluetooth.c,114 :: 		Bluetooth_cmd("AT+ROLE0","OK+Set:0");                                       // Modo slave
0x0369	0x303B      	MOVLW      ?lstr_15_Bluetooth
0x036A	0x1683      	BSF        STATUS, 5
0x036B	0x00A0      	MOVWF      FARG_Bluetooth_cmd_cmdPnt
0x036C	0x3004      	MOVLW      hi_addr(?lstr_15_Bluetooth)
0x036D	0x00A1      	MOVWF      FARG_Bluetooth_cmd_cmdPnt+1
0x036E	0x3044      	MOVLW      ?lstr_16_Bluetooth
0x036F	0x00A2      	MOVWF      FARG_Bluetooth_cmd_stopMsgPnt
0x0370	0x3004      	MOVLW      hi_addr(?lstr_16_Bluetooth)
0x0371	0x00A3      	MOVWF      FARG_Bluetooth_cmd_stopMsgPnt+1
0x0372	0x219B      	CALL       _Bluetooth_cmd
;Bluetooth.c,115 :: 		txt[14]='3';
0x0373	0x3033      	MOVLW      51
0x0374	0x1283      	BCF        STATUS, 5
0x0375	0x00EE      	MOVWF      main_txt_L0+14
;Bluetooth.c,116 :: 		Lcd_Out(1,1,txt);
0x0376	0x3001      	MOVLW      1
0x0377	0x1683      	BSF        STATUS, 5
0x0378	0x00A0      	MOVWF      FARG_Lcd_Out_row
0x0379	0x3001      	MOVLW      1
0x037A	0x00A1      	MOVWF      FARG_Lcd_Out_column
0x037B	0x3060      	MOVLW      main_txt_L0
0x037C	0x00A2      	MOVWF      FARG_Lcd_Out_text
0x037D	0x210A      	CALL       _Lcd_Out
;Bluetooth.c,117 :: 		Bluetooth_cmd("AT+TYPE1","OK+Set:1");                                       // Ativa o pin
0x037E	0x3071      	MOVLW      ?lstr_17_Bluetooth
0x037F	0x1683      	BSF        STATUS, 5
0x0380	0x00A0      	MOVWF      FARG_Bluetooth_cmd_cmdPnt
0x0381	0x3004      	MOVLW      hi_addr(?lstr_17_Bluetooth)
0x0382	0x00A1      	MOVWF      FARG_Bluetooth_cmd_cmdPnt+1
0x0383	0x307A      	MOVLW      ?lstr_18_Bluetooth
0x0384	0x00A2      	MOVWF      FARG_Bluetooth_cmd_stopMsgPnt
0x0385	0x3004      	MOVLW      hi_addr(?lstr_18_Bluetooth)
0x0386	0x00A3      	MOVWF      FARG_Bluetooth_cmd_stopMsgPnt+1
0x0387	0x219B      	CALL       _Bluetooth_cmd
;Bluetooth.c,118 :: 		txt[14]='2';
0x0388	0x3032      	MOVLW      50
0x0389	0x1283      	BCF        STATUS, 5
0x038A	0x00EE      	MOVWF      main_txt_L0+14
;Bluetooth.c,119 :: 		Lcd_Out(1,1,txt);
0x038B	0x3001      	MOVLW      1
0x038C	0x1683      	BSF        STATUS, 5
0x038D	0x00A0      	MOVWF      FARG_Lcd_Out_row
0x038E	0x3001      	MOVLW      1
0x038F	0x00A1      	MOVWF      FARG_Lcd_Out_column
0x0390	0x3060      	MOVLW      main_txt_L0
0x0391	0x00A2      	MOVWF      FARG_Lcd_Out_text
0x0392	0x210A      	CALL       _Lcd_Out
;Bluetooth.c,120 :: 		Bluetooth_cmd("AT+PIN184620","OK+Set:184620");                              // Define Pin para conectar ao módulo bluetooth
0x0393	0x302E      	MOVLW      ?lstr_19_Bluetooth
0x0394	0x1683      	BSF        STATUS, 5
0x0395	0x00A0      	MOVWF      FARG_Bluetooth_cmd_cmdPnt
0x0396	0x3004      	MOVLW      hi_addr(?lstr_19_Bluetooth)
0x0397	0x00A1      	MOVWF      FARG_Bluetooth_cmd_cmdPnt+1
0x0398	0x3020      	MOVLW      ?lstr_20_Bluetooth
0x0399	0x00A2      	MOVWF      FARG_Bluetooth_cmd_stopMsgPnt
0x039A	0x3004      	MOVLW      hi_addr(?lstr_20_Bluetooth)
0x039B	0x00A3      	MOVWF      FARG_Bluetooth_cmd_stopMsgPnt+1
0x039C	0x219B      	CALL       _Bluetooth_cmd
;Bluetooth.c,121 :: 		txt[14]='1';
0x039D	0x3031      	MOVLW      49
0x039E	0x1283      	BCF        STATUS, 5
0x039F	0x00EE      	MOVWF      main_txt_L0+14
;Bluetooth.c,122 :: 		Lcd_Out(1,1,txt);
0x03A0	0x3001      	MOVLW      1
0x03A1	0x1683      	BSF        STATUS, 5
0x03A2	0x00A0      	MOVWF      FARG_Lcd_Out_row
0x03A3	0x3001      	MOVLW      1
0x03A4	0x00A1      	MOVWF      FARG_Lcd_Out_column
0x03A5	0x3060      	MOVLW      main_txt_L0
0x03A6	0x00A2      	MOVWF      FARG_Lcd_Out_text
0x03A7	0x210A      	CALL       _Lcd_Out
;Bluetooth.c,123 :: 		Bluetooth_cmd("AT+RESET","OK+RESET");                                       // Reseta o módulo
0x03A8	0x305F      	MOVLW      ?lstr_21_Bluetooth
0x03A9	0x1683      	BSF        STATUS, 5
0x03AA	0x00A0      	MOVWF      FARG_Bluetooth_cmd_cmdPnt
0x03AB	0x3004      	MOVLW      hi_addr(?lstr_21_Bluetooth)
0x03AC	0x00A1      	MOVWF      FARG_Bluetooth_cmd_cmdPnt+1
0x03AD	0x3068      	MOVLW      ?lstr_22_Bluetooth
0x03AE	0x00A2      	MOVWF      FARG_Bluetooth_cmd_stopMsgPnt
0x03AF	0x3004      	MOVLW      hi_addr(?lstr_22_Bluetooth)
0x03B0	0x00A3      	MOVWF      FARG_Bluetooth_cmd_stopMsgPnt+1
0x03B1	0x219B      	CALL       _Bluetooth_cmd
;Bluetooth.c,126 :: 		Lcd_cmd(_LCD_CLEAR);
0x03B2	0x3001      	MOVLW      1
0x03B3	0x00C6      	MOVWF      FARG_Lcd_Cmd_out_char
0x03B4	0x2076      	CALL       _Lcd_Cmd
;Bluetooth.c,127 :: 		Lcd_Out(1,1,"Waiting for");
0x03B5	0x3001      	MOVLW      1
0x03B6	0x1683      	BSF        STATUS, 5
0x03B7	0x00A0      	MOVWF      FARG_Lcd_Out_row
0x03B8	0x3001      	MOVLW      1
0x03B9	0x00A1      	MOVWF      FARG_Lcd_Out_column
0x03BA	0x3023      	MOVLW      ?lstr23_Bluetooth
0x03BB	0x00A2      	MOVWF      FARG_Lcd_Out_text
0x03BC	0x210A      	CALL       _Lcd_Out
;Bluetooth.c,128 :: 		Lcd_Out(2,1,"Connection");
0x03BD	0x3002      	MOVLW      2
0x03BE	0x1683      	BSF        STATUS, 5
0x03BF	0x00A0      	MOVWF      FARG_Lcd_Out_row
0x03C0	0x3001      	MOVLW      1
0x03C1	0x00A1      	MOVWF      FARG_Lcd_Out_column
0x03C2	0x302F      	MOVLW      ?lstr24_Bluetooth
0x03C3	0x00A2      	MOVWF      FARG_Lcd_Out_text
0x03C4	0x210A      	CALL       _Lcd_Out
;Bluetooth.c,129 :: 		Bluetooth_cmd("","OK+CONN");
0x03C5	0x3003      	MOVLW      ?lstr_25_Bluetooth
0x03C6	0x1683      	BSF        STATUS, 5
0x03C7	0x00A0      	MOVWF      FARG_Bluetooth_cmd_cmdPnt
0x03C8	0x3000      	MOVLW      hi_addr(?lstr_25_Bluetooth)
0x03C9	0x00A1      	MOVWF      FARG_Bluetooth_cmd_cmdPnt+1
0x03CA	0x30EF      	MOVLW      ?lstr_26_Bluetooth
0x03CB	0x00A2      	MOVWF      FARG_Bluetooth_cmd_stopMsgPnt
0x03CC	0x3004      	MOVLW      hi_addr(?lstr_26_Bluetooth)
0x03CD	0x00A3      	MOVWF      FARG_Bluetooth_cmd_stopMsgPnt+1
0x03CE	0x219B      	CALL       _Bluetooth_cmd
;Bluetooth.c,130 :: 		Lcd_cmd(_LCD_CLEAR);
0x03CF	0x3001      	MOVLW      1
0x03D0	0x00C6      	MOVWF      FARG_Lcd_Cmd_out_char
0x03D1	0x2076      	CALL       _Lcd_Cmd
;Bluetooth.c,132 :: 		for(;;){
L_main24:
;Bluetooth.c,133 :: 		if(!PIE1.RCIE){                                                        // Se mensagem recebida
0x03D2	0x1683      	BSF        STATUS, 5
0x03D3	0x1A8C      	BTFSC      PIE1, 5
0x03D4	0x2BF6      	GOTO       L_main27
;Bluetooth.c,134 :: 		Lcd_cmd(_LCD_CLEAR);
0x03D5	0x3001      	MOVLW      1
0x03D6	0x00C6      	MOVWF      FARG_Lcd_Cmd_out_char
0x03D7	0x2076      	CALL       _Lcd_Cmd
;Bluetooth.c,135 :: 		Lcd_Out(1,1,"Mensagem:");
0x03D8	0x3001      	MOVLW      1
0x03D9	0x1683      	BSF        STATUS, 5
0x03DA	0x00A0      	MOVWF      FARG_Lcd_Out_row
0x03DB	0x3001      	MOVLW      1
0x03DC	0x00A1      	MOVWF      FARG_Lcd_Out_column
0x03DD	0x303A      	MOVLW      ?lstr27_Bluetooth
0x03DE	0x00A2      	MOVWF      FARG_Lcd_Out_text
0x03DF	0x210A      	CALL       _Lcd_Out
;Bluetooth.c,136 :: 		Lcd_Out(2,1,BUFFER);
0x03E0	0x3002      	MOVLW      2
0x03E1	0x1683      	BSF        STATUS, 5
0x03E2	0x00A0      	MOVWF      FARG_Lcd_Out_row
0x03E3	0x3001      	MOVLW      1
0x03E4	0x00A1      	MOVWF      FARG_Lcd_Out_column
0x03E5	0x3049      	MOVLW      _BUFFER
0x03E6	0x00A2      	MOVWF      FARG_Lcd_Out_text
0x03E7	0x210A      	CALL       _Lcd_Out
;Bluetooth.c,137 :: 		i=0;
0x03E8	0x01C5      	CLRF       _i
;Bluetooth.c,138 :: 		for(j=0;j<20;j++) BUFFER[j]='\0';
0x03E9	0x01DF      	CLRF       main_j_L0
L_main28:
0x03EA	0x3014      	MOVLW      20
0x03EB	0x025F      	SUBWF      main_j_L0, 0
0x03EC	0x1803      	BTFSC      STATUS, 0
0x03ED	0x2BF4      	GOTO       L_main29
0x03EE	0x085F      	MOVF       main_j_L0, 0
0x03EF	0x3E49      	ADDLW      _BUFFER
0x03F0	0x0084      	MOVWF      FSR
0x03F1	0x0180      	CLRF       INDF
0x03F2	0x0ADF      	INCF       main_j_L0, 1
0x03F3	0x2BEA      	GOTO       L_main28
L_main29:
;Bluetooth.c,139 :: 		PIE1.RCIE=1;                                                     //Reabilita a gravação de mensagens no Buffer
0x03F4	0x1683      	BSF        STATUS, 5
0x03F5	0x168C      	BSF        PIE1, 5
;Bluetooth.c,140 :: 		}
L_main27:
;Bluetooth.c,141 :: 		}
0x03F6	0x2BD2      	GOTO       L_main24
;Bluetooth.c,144 :: 		}
L_end_main:
0x03F7	0x2BF7      	GOTO       $+0
; end of _main
0x04F8	0x3023      	MOVLW      35
0x04F9	0x0084      	MOVWF      FSR
0x04FA	0x3023      	MOVLW      35
0x04FB	0x1283      	BCF        STATUS, 5
0x04FC	0x1303      	BCF        STATUS, 6
0x04FD	0x00F0      	MOVWF      R0
0x04FE	0x30FD      	MOVLW      253
0x04FF	0x00C6      	MOVWF      ___DoICPAddr
0x0500	0x3003      	MOVLW      3
0x0501	0x00C7      	MOVWF      71
0x0502	0x2270      	CALL       624
0x0503	0x0008      	RETURN
;Bluetooth.c,0 :: ?lstr_25_Bluetooth
0x0003	0x3400 ;?lstr_25_Bluetooth+0
; end of ?lstr_25_Bluetooth
;Bluetooth.c,0 :: ?ICS?lstr23_Bluetooth
0x03FD	0x3457 ;?ICS?lstr23_Bluetooth+0
0x03FE	0x3461 ;?ICS?lstr23_Bluetooth+1
0x03FF	0x3469 ;?ICS?lstr23_Bluetooth+2
0x0400	0x3474 ;?ICS?lstr23_Bluetooth+3
0x0401	0x3469 ;?ICS?lstr23_Bluetooth+4
0x0402	0x346E ;?ICS?lstr23_Bluetooth+5
0x0403	0x3467 ;?ICS?lstr23_Bluetooth+6
0x0404	0x3420 ;?ICS?lstr23_Bluetooth+7
0x0405	0x3466 ;?ICS?lstr23_Bluetooth+8
0x0406	0x346F ;?ICS?lstr23_Bluetooth+9
0x0407	0x3472 ;?ICS?lstr23_Bluetooth+10
0x0408	0x3400 ;?ICS?lstr23_Bluetooth+11
; end of ?ICS?lstr23_Bluetooth
;Bluetooth.c,0 :: ?ICS?lstr24_Bluetooth
0x0409	0x3443 ;?ICS?lstr24_Bluetooth+0
0x040A	0x346F ;?ICS?lstr24_Bluetooth+1
0x040B	0x346E ;?ICS?lstr24_Bluetooth+2
0x040C	0x346E ;?ICS?lstr24_Bluetooth+3
0x040D	0x3465 ;?ICS?lstr24_Bluetooth+4
0x040E	0x3463 ;?ICS?lstr24_Bluetooth+5
0x040F	0x3474 ;?ICS?lstr24_Bluetooth+6
0x0410	0x3469 ;?ICS?lstr24_Bluetooth+7
0x0411	0x346F ;?ICS?lstr24_Bluetooth+8
0x0412	0x346E ;?ICS?lstr24_Bluetooth+9
0x0413	0x3400 ;?ICS?lstr24_Bluetooth+10
; end of ?ICS?lstr24_Bluetooth
;Bluetooth.c,0 :: ?ICS?lstr27_Bluetooth
0x0414	0x344D ;?ICS?lstr27_Bluetooth+0
0x0415	0x3465 ;?ICS?lstr27_Bluetooth+1
0x0416	0x346E ;?ICS?lstr27_Bluetooth+2
0x0417	0x3473 ;?ICS?lstr27_Bluetooth+3
0x0418	0x3461 ;?ICS?lstr27_Bluetooth+4
0x0419	0x3467 ;?ICS?lstr27_Bluetooth+5
0x041A	0x3465 ;?ICS?lstr27_Bluetooth+6
0x041B	0x346D ;?ICS?lstr27_Bluetooth+7
0x041C	0x343A ;?ICS?lstr27_Bluetooth+8
0x041D	0x3400 ;?ICS?lstr27_Bluetooth+9
; end of ?ICS?lstr27_Bluetooth
;Bluetooth.c,0 :: ?ICS_flags
0x041E	0x3400 ;?ICS_flags+0
; end of ?ICS_flags
;Bluetooth.c,0 :: ?ICS_i
0x041F	0x3400 ;?ICS_i+0
; end of ?ICS_i
;Bluetooth.c,0 :: ?lstr_20_Bluetooth
0x0420	0x344F ;?lstr_20_Bluetooth+0
0x0421	0x344B ;?lstr_20_Bluetooth+1
0x0422	0x342B ;?lstr_20_Bluetooth+2
0x0423	0x3453 ;?lstr_20_Bluetooth+3
0x0424	0x3465 ;?lstr_20_Bluetooth+4
0x0425	0x3474 ;?lstr_20_Bluetooth+5
0x0426	0x343A ;?lstr_20_Bluetooth+6
0x0427	0x3431 ;?lstr_20_Bluetooth+7
0x0428	0x3438 ;?lstr_20_Bluetooth+8
0x0429	0x3434 ;?lstr_20_Bluetooth+9
0x042A	0x3436 ;?lstr_20_Bluetooth+10
0x042B	0x3432 ;?lstr_20_Bluetooth+11
0x042C	0x3430 ;?lstr_20_Bluetooth+12
0x042D	0x3400 ;?lstr_20_Bluetooth+13
; end of ?lstr_20_Bluetooth
;Bluetooth.c,0 :: ?lstr_19_Bluetooth
0x042E	0x3441 ;?lstr_19_Bluetooth+0
0x042F	0x3454 ;?lstr_19_Bluetooth+1
0x0430	0x342B ;?lstr_19_Bluetooth+2
0x0431	0x3450 ;?lstr_19_Bluetooth+3
0x0432	0x3449 ;?lstr_19_Bluetooth+4
0x0433	0x344E ;?lstr_19_Bluetooth+5
0x0434	0x3431 ;?lstr_19_Bluetooth+6
0x0435	0x3438 ;?lstr_19_Bluetooth+7
0x0436	0x3434 ;?lstr_19_Bluetooth+8
0x0437	0x3436 ;?lstr_19_Bluetooth+9
0x0438	0x3432 ;?lstr_19_Bluetooth+10
0x0439	0x3430 ;?lstr_19_Bluetooth+11
0x043A	0x3400 ;?lstr_19_Bluetooth+12
; end of ?lstr_19_Bluetooth
;Bluetooth.c,0 :: ?lstr_15_Bluetooth
0x043B	0x3441 ;?lstr_15_Bluetooth+0
0x043C	0x3454 ;?lstr_15_Bluetooth+1
0x043D	0x342B ;?lstr_15_Bluetooth+2
0x043E	0x3452 ;?lstr_15_Bluetooth+3
0x043F	0x344F ;?lstr_15_Bluetooth+4
0x0440	0x344C ;?lstr_15_Bluetooth+5
0x0441	0x3445 ;?lstr_15_Bluetooth+6
0x0442	0x3430 ;?lstr_15_Bluetooth+7
0x0443	0x3400 ;?lstr_15_Bluetooth+8
; end of ?lstr_15_Bluetooth
;Bluetooth.c,0 :: ?lstr_16_Bluetooth
0x0444	0x344F ;?lstr_16_Bluetooth+0
0x0445	0x344B ;?lstr_16_Bluetooth+1
0x0446	0x342B ;?lstr_16_Bluetooth+2
0x0447	0x3453 ;?lstr_16_Bluetooth+3
0x0448	0x3465 ;?lstr_16_Bluetooth+4
0x0449	0x3474 ;?lstr_16_Bluetooth+5
0x044A	0x343A ;?lstr_16_Bluetooth+6
0x044B	0x3430 ;?lstr_16_Bluetooth+7
0x044C	0x3400 ;?lstr_16_Bluetooth+8
; end of ?lstr_16_Bluetooth
;Bluetooth.c,0 :: ?lstr_13_Bluetooth
0x044D	0x3441 ;?lstr_13_Bluetooth+0
0x044E	0x3454 ;?lstr_13_Bluetooth+1
0x044F	0x342B ;?lstr_13_Bluetooth+2
0x0450	0x344D ;?lstr_13_Bluetooth+3
0x0451	0x344F ;?lstr_13_Bluetooth+4
0x0452	0x3444 ;?lstr_13_Bluetooth+5
0x0453	0x3445 ;?lstr_13_Bluetooth+6
0x0454	0x3431 ;?lstr_13_Bluetooth+7
0x0455	0x3400 ;?lstr_13_Bluetooth+8
; end of ?lstr_13_Bluetooth
;Bluetooth.c,0 :: ?lstr_14_Bluetooth
0x0456	0x344F ;?lstr_14_Bluetooth+0
0x0457	0x344B ;?lstr_14_Bluetooth+1
0x0458	0x342B ;?lstr_14_Bluetooth+2
0x0459	0x3453 ;?lstr_14_Bluetooth+3
0x045A	0x3465 ;?lstr_14_Bluetooth+4
0x045B	0x3474 ;?lstr_14_Bluetooth+5
0x045C	0x343A ;?lstr_14_Bluetooth+6
0x045D	0x3431 ;?lstr_14_Bluetooth+7
0x045E	0x3400 ;?lstr_14_Bluetooth+8
; end of ?lstr_14_Bluetooth
;Bluetooth.c,0 :: ?lstr_21_Bluetooth
0x045F	0x3441 ;?lstr_21_Bluetooth+0
0x0460	0x3454 ;?lstr_21_Bluetooth+1
0x0461	0x342B ;?lstr_21_Bluetooth+2
0x0462	0x3452 ;?lstr_21_Bluetooth+3
0x0463	0x3445 ;?lstr_21_Bluetooth+4
0x0464	0x3453 ;?lstr_21_Bluetooth+5
0x0465	0x3445 ;?lstr_21_Bluetooth+6
0x0466	0x3454 ;?lstr_21_Bluetooth+7
0x0467	0x3400 ;?lstr_21_Bluetooth+8
; end of ?lstr_21_Bluetooth
;Bluetooth.c,0 :: ?lstr_22_Bluetooth
0x0468	0x344F ;?lstr_22_Bluetooth+0
0x0469	0x344B ;?lstr_22_Bluetooth+1
0x046A	0x342B ;?lstr_22_Bluetooth+2
0x046B	0x3452 ;?lstr_22_Bluetooth+3
0x046C	0x3445 ;?lstr_22_Bluetooth+4
0x046D	0x3453 ;?lstr_22_Bluetooth+5
0x046E	0x3445 ;?lstr_22_Bluetooth+6
0x046F	0x3454 ;?lstr_22_Bluetooth+7
0x0470	0x3400 ;?lstr_22_Bluetooth+8
; end of ?lstr_22_Bluetooth
;Bluetooth.c,0 :: ?lstr_17_Bluetooth
0x0471	0x3441 ;?lstr_17_Bluetooth+0
0x0472	0x3454 ;?lstr_17_Bluetooth+1
0x0473	0x342B ;?lstr_17_Bluetooth+2
0x0474	0x3454 ;?lstr_17_Bluetooth+3
0x0475	0x3459 ;?lstr_17_Bluetooth+4
0x0476	0x3450 ;?lstr_17_Bluetooth+5
0x0477	0x3445 ;?lstr_17_Bluetooth+6
0x0478	0x3431 ;?lstr_17_Bluetooth+7
0x0479	0x3400 ;?lstr_17_Bluetooth+8
; end of ?lstr_17_Bluetooth
;Bluetooth.c,0 :: ?lstr_18_Bluetooth
0x047A	0x344F ;?lstr_18_Bluetooth+0
0x047B	0x344B ;?lstr_18_Bluetooth+1
0x047C	0x342B ;?lstr_18_Bluetooth+2
0x047D	0x3453 ;?lstr_18_Bluetooth+3
0x047E	0x3465 ;?lstr_18_Bluetooth+4
0x047F	0x3474 ;?lstr_18_Bluetooth+5
0x0480	0x343A ;?lstr_18_Bluetooth+6
0x0481	0x3431 ;?lstr_18_Bluetooth+7
0x0482	0x3400 ;?lstr_18_Bluetooth+8
; end of ?lstr_18_Bluetooth
;Bluetooth.c,0 :: ?lstr_12_Bluetooth
0x0483	0x344F ;?lstr_12_Bluetooth+0
0x0484	0x344B ;?lstr_12_Bluetooth+1
0x0485	0x342B ;?lstr_12_Bluetooth+2
0x0486	0x3453 ;?lstr_12_Bluetooth+3
0x0487	0x3465 ;?lstr_12_Bluetooth+4
0x0488	0x3474 ;?lstr_12_Bluetooth+5
0x0489	0x343A ;?lstr_12_Bluetooth+6
0x048A	0x3431 ;?lstr_12_Bluetooth+7
0x048B	0x3400 ;?lstr_12_Bluetooth+8
; end of ?lstr_12_Bluetooth
;Bluetooth.c,0 :: ?lstr_4_Bluetooth
0x048C	0x344F ;?lstr_4_Bluetooth+0
0x048D	0x344B ;?lstr_4_Bluetooth+1
0x048E	0x342B ;?lstr_4_Bluetooth+2
0x048F	0x3453 ;?lstr_4_Bluetooth+3
0x0490	0x3465 ;?lstr_4_Bluetooth+4
0x0491	0x3474 ;?lstr_4_Bluetooth+5
0x0492	0x343A ;?lstr_4_Bluetooth+6
0x0493	0x3432 ;?lstr_4_Bluetooth+7
0x0494	0x3400 ;?lstr_4_Bluetooth+8
; end of ?lstr_4_Bluetooth
;Bluetooth.c,0 :: ?lstr_5_Bluetooth
0x0495	0x3441 ;?lstr_5_Bluetooth+0
0x0496	0x3454 ;?lstr_5_Bluetooth+1
0x0497	0x342B ;?lstr_5_Bluetooth+2
0x0498	0x3450 ;?lstr_5_Bluetooth+3
0x0499	0x3441 ;?lstr_5_Bluetooth+4
0x049A	0x3452 ;?lstr_5_Bluetooth+5
0x049B	0x3449 ;?lstr_5_Bluetooth+6
0x049C	0x3430 ;?lstr_5_Bluetooth+7
0x049D	0x3400 ;?lstr_5_Bluetooth+8
; end of ?lstr_5_Bluetooth
;Bluetooth.c,0 :: ?lstr_3_Bluetooth
0x049E	0x3441 ;?lstr_3_Bluetooth+0
0x049F	0x3454 ;?lstr_3_Bluetooth+1
0x04A0	0x342B ;?lstr_3_Bluetooth+2
0x04A1	0x3442 ;?lstr_3_Bluetooth+3
0x04A2	0x3441 ;?lstr_3_Bluetooth+4
0x04A3	0x3455 ;?lstr_3_Bluetooth+5
0x04A4	0x3444 ;?lstr_3_Bluetooth+6
0x04A5	0x3432 ;?lstr_3_Bluetooth+7
0x04A6	0x3400 ;?lstr_3_Bluetooth+8
; end of ?lstr_3_Bluetooth
;Bluetooth.c,0 :: ?lstr_1_Bluetooth
0x04A7	0x3441 ;?lstr_1_Bluetooth+0
0x04A8	0x3454 ;?lstr_1_Bluetooth+1
0x04A9	0x342B ;?lstr_1_Bluetooth+2
0x04AA	0x3452 ;?lstr_1_Bluetooth+3
0x04AB	0x3445 ;?lstr_1_Bluetooth+4
0x04AC	0x3453 ;?lstr_1_Bluetooth+5
0x04AD	0x3445 ;?lstr_1_Bluetooth+6
0x04AE	0x3454 ;?lstr_1_Bluetooth+7
0x04AF	0x3400 ;?lstr_1_Bluetooth+8
; end of ?lstr_1_Bluetooth
;Bluetooth.c,0 :: ?lstr_2_Bluetooth
0x04B0	0x344F ;?lstr_2_Bluetooth+0
0x04B1	0x344B ;?lstr_2_Bluetooth+1
0x04B2	0x342B ;?lstr_2_Bluetooth+2
0x04B3	0x3452 ;?lstr_2_Bluetooth+3
0x04B4	0x3445 ;?lstr_2_Bluetooth+4
0x04B5	0x3453 ;?lstr_2_Bluetooth+5
0x04B6	0x3445 ;?lstr_2_Bluetooth+6
0x04B7	0x3454 ;?lstr_2_Bluetooth+7
0x04B8	0x3400 ;?lstr_2_Bluetooth+8
; end of ?lstr_2_Bluetooth
;Bluetooth.c,0 :: ?lstr_6_Bluetooth
0x04B9	0x344F ;?lstr_6_Bluetooth+0
0x04BA	0x344B ;?lstr_6_Bluetooth+1
0x04BB	0x342B ;?lstr_6_Bluetooth+2
0x04BC	0x3453 ;?lstr_6_Bluetooth+3
0x04BD	0x3465 ;?lstr_6_Bluetooth+4
0x04BE	0x3474 ;?lstr_6_Bluetooth+5
0x04BF	0x343A ;?lstr_6_Bluetooth+6
0x04C0	0x3430 ;?lstr_6_Bluetooth+7
0x04C1	0x3400 ;?lstr_6_Bluetooth+8
; end of ?lstr_6_Bluetooth
;Bluetooth.c,0 :: ?lstr_10_Bluetooth
0x04C2	0x344F ;?lstr_10_Bluetooth+0
0x04C3	0x344B ;?lstr_10_Bluetooth+1
0x04C4	0x342B ;?lstr_10_Bluetooth+2
0x04C5	0x3453 ;?lstr_10_Bluetooth+3
0x04C6	0x3465 ;?lstr_10_Bluetooth+4
0x04C7	0x3474 ;?lstr_10_Bluetooth+5
0x04C8	0x343A ;?lstr_10_Bluetooth+6
0x04C9	0x3433 ;?lstr_10_Bluetooth+7
0x04CA	0x3400 ;?lstr_10_Bluetooth+8
; end of ?lstr_10_Bluetooth
;Bluetooth.c,0 :: ?lstr_11_Bluetooth
0x04CB	0x3441 ;?lstr_11_Bluetooth+0
0x04CC	0x3454 ;?lstr_11_Bluetooth+1
0x04CD	0x342B ;?lstr_11_Bluetooth+2
0x04CE	0x344E ;?lstr_11_Bluetooth+3
0x04CF	0x344F ;?lstr_11_Bluetooth+4
0x04D0	0x3454 ;?lstr_11_Bluetooth+5
0x04D1	0x3449 ;?lstr_11_Bluetooth+6
0x04D2	0x3431 ;?lstr_11_Bluetooth+7
0x04D3	0x3400 ;?lstr_11_Bluetooth+8
; end of ?lstr_11_Bluetooth
;Bluetooth.c,0 :: ?lstr_9_Bluetooth
0x04D4	0x3441 ;?lstr_9_Bluetooth+0
0x04D5	0x3454 ;?lstr_9_Bluetooth+1
0x04D6	0x342B ;?lstr_9_Bluetooth+2
0x04D7	0x3444 ;?lstr_9_Bluetooth+3
0x04D8	0x3445 ;?lstr_9_Bluetooth+4
0x04D9	0x344C ;?lstr_9_Bluetooth+5
0x04DA	0x3449 ;?lstr_9_Bluetooth+6
0x04DB	0x3433 ;?lstr_9_Bluetooth+7
0x04DC	0x3400 ;?lstr_9_Bluetooth+8
; end of ?lstr_9_Bluetooth
;Bluetooth.c,0 :: ?lstr_7_Bluetooth
0x04DD	0x3441 ;?lstr_7_Bluetooth+0
0x04DE	0x3454 ;?lstr_7_Bluetooth+1
0x04DF	0x342B ;?lstr_7_Bluetooth+2
0x04E0	0x3453 ;?lstr_7_Bluetooth+3
0x04E1	0x3454 ;?lstr_7_Bluetooth+4
0x04E2	0x344F ;?lstr_7_Bluetooth+5
0x04E3	0x3450 ;?lstr_7_Bluetooth+6
0x04E4	0x3430 ;?lstr_7_Bluetooth+7
0x04E5	0x3400 ;?lstr_7_Bluetooth+8
; end of ?lstr_7_Bluetooth
;Bluetooth.c,0 :: ?lstr_8_Bluetooth
0x04E6	0x344F ;?lstr_8_Bluetooth+0
0x04E7	0x344B ;?lstr_8_Bluetooth+1
0x04E8	0x342B ;?lstr_8_Bluetooth+2
0x04E9	0x3453 ;?lstr_8_Bluetooth+3
0x04EA	0x3465 ;?lstr_8_Bluetooth+4
0x04EB	0x3474 ;?lstr_8_Bluetooth+5
0x04EC	0x343A ;?lstr_8_Bluetooth+6
0x04ED	0x3430 ;?lstr_8_Bluetooth+7
0x04EE	0x3400 ;?lstr_8_Bluetooth+8
; end of ?lstr_8_Bluetooth
;Bluetooth.c,0 :: ?lstr_26_Bluetooth
0x04EF	0x344F ;?lstr_26_Bluetooth+0
0x04F0	0x344B ;?lstr_26_Bluetooth+1
0x04F1	0x342B ;?lstr_26_Bluetooth+2
0x04F2	0x3443 ;?lstr_26_Bluetooth+3
0x04F3	0x344F ;?lstr_26_Bluetooth+4
0x04F4	0x344E ;?lstr_26_Bluetooth+5
0x04F5	0x344E ;?lstr_26_Bluetooth+6
0x04F6	0x3400 ;?lstr_26_Bluetooth+7
; end of ?lstr_26_Bluetooth
Symbol List:
//** Routines locations **
//ADDRESS    SIZE    PROCEDURE
//----------------------------------------------
0x0004      [78]    _interrupt
0x0052       [6]    _Delay_1us
0x0058       [7]    _Delay_50us
0x005F      [13]    _Delay_5500us
0x006C      [10]    _UART1_Write
0x0076      [87]    _Lcd_Cmd
0x00CD       [9]    _Lcd_Chr_CP
0x00D6       [7]    _____DoICP
0x00DD      [23]    _UART1_Write_Text
0x00F4      [22]    _strlen
0x010A      [67]    _Lcd_Out
0x014D      [78]    _Lcd_Init
0x019B     [197]    _Bluetooth_cmd
0x0260      [16]    _UART1_Init
0x0270      [12]    ___CC2DW
0x027C      [11]    _UART1_Read
0x0287     [368]    _main
//** Variables locations ** 
//ADDRESS    SIZE    VARIABLE
//----------------------------------------------
0x0000       [1]    INDF
0x0002       [1]    PCL
0x0003       [1]    STATUS
0x0004       [1]    FSR
0x0006       [0]    RB0_bit
0x0006       [0]    LCD_EN
0x0006       [0]    LCD_D5
0x0006       [0]    LCD_D4
0x0006       [0]    RB3_bit
0x0006       [0]    RB2_bit
0x0006       [0]    RB4_bit
0x0006       [0]    RB5_bit
0x0006       [0]    RB1_bit
0x0006       [0]    LCD_RS
0x0006       [0]    LCD_D7
0x0006       [0]    LCD_D6
0x000A       [1]    PCLATH
0x000B       [1]    INTCON
0x000C       [1]    PIR1
0x0018       [1]    RCSTA
0x0019       [1]    TXREG
0x001A       [1]    RCREG
0x0023      [12]    ?lstr23_Bluetooth
0x002F      [11]    ?lstr24_Bluetooth
0x003A      [10]    ?lstr27_Bluetooth
0x0044       [1]    _flags
0x0045       [1]    _i
0x0046       [2]    ___DoICPAddr
0x0048       [0]    __Lib_Lcd_cmd_status
0x0049      [20]    _BUFFER
0x005D       [1]    ___saveSTATUS
0x005E       [1]    ___savePCLATH
0x005F       [1]    main_j_L0
0x0060      [16]    main_txt_L0
0x0070       [1]    R0
0x0071       [1]    R1
0x0072       [1]    R2
0x0073       [1]    R3
0x0074       [1]    R4
0x0075       [1]    R5
0x0076       [1]    R6
0x0077       [1]    R7
0x0078       [1]    R8
0x0079       [1]    R9
0x007A       [1]    R10
0x007B       [1]    R11
0x007C       [1]    R12
0x007D       [1]    R13
0x007E       [1]    R14
0x007F       [1]    R15
0x0086       [0]    LCD_D5_Direction
0x0086       [0]    LCD_D4_Direction
0x0086       [0]    TRISB3_bit
0x0086       [0]    TRISB2_bit
0x0086       [0]    TRISB1_bit
0x0086       [0]    TRISB4_bit
0x0086       [0]    TRISB5_bit
0x0086       [0]    LCD_EN_Direction
0x0086       [0]    LCD_D7_Direction
0x0086       [0]    LCD_D6_Direction
0x0086       [0]    LCD_RS_Direction
0x0086       [0]    TRISB0_bit
0x0087       [0]    TRISC6_bit
0x0087       [0]    TRISC7_bit
0x008C       [1]    PIE1
0x0098       [1]    TXSTA
0x0099       [1]    SPBRG
0x009F       [1]    ADCON1
0x00A0       [1]    FARG_Lcd_Out_row
0x00A0       [2]    FARG_Bluetooth_cmd_cmdPnt
0x00A1       [1]    FARG_Lcd_Out_column
0x00A2       [2]    FARG_Bluetooth_cmd_stopMsgPnt
0x00A2       [1]    FARG_Lcd_Out_text
0x00A3       [1]    Lcd_Out_i_L0
0x00A4      [15]    Bluetooth_cmd_cmd_L0
0x00B3      [15]    Bluetooth_cmd_stopMsg_L0
0x00C2       [1]    Bluetooth_cmd_k_L0
0x00C3       [1]    FARG_strlen_s
0x00C3       [1]    FARG_Lcd_Chr_CP_out_char
0x00C3       [1]    FARG_UART1_Write_Text_uart_text
0x00C4       [1]    UART1_Write_Text_data__L0
0x00C5       [1]    UART1_Write_Text_counter_L0
0x00C6       [1]    FARG_UART1_Write_data_
0x00C6       [1]    FARG_Lcd_Cmd_out_char
0x00C7       [1]    FLOC__interrupt
//** Constants locations ** 
//ADDRESS    SIZE    CONSTANT
//----------------------------------------------
0x0003       [1]    ?lstr_25_Bluetooth
0x03FD      [12]    ?ICS?lstr23_Bluetooth
0x0409      [11]    ?ICS?lstr24_Bluetooth
0x0414      [10]    ?ICS?lstr27_Bluetooth
0x041E       [1]    ?ICS_flags
0x041F       [1]    ?ICS_i
0x0420      [14]    ?lstr_20_Bluetooth
0x042E      [13]    ?lstr_19_Bluetooth
0x043B       [9]    ?lstr_15_Bluetooth
0x0444       [9]    ?lstr_16_Bluetooth
0x044D       [9]    ?lstr_13_Bluetooth
0x0456       [9]    ?lstr_14_Bluetooth
0x045F       [9]    ?lstr_21_Bluetooth
0x0468       [9]    ?lstr_22_Bluetooth
0x0471       [9]    ?lstr_17_Bluetooth
0x047A       [9]    ?lstr_18_Bluetooth
0x0483       [9]    ?lstr_12_Bluetooth
0x048C       [9]    ?lstr_4_Bluetooth
0x0495       [9]    ?lstr_5_Bluetooth
0x049E       [9]    ?lstr_3_Bluetooth
0x04A7       [9]    ?lstr_1_Bluetooth
0x04B0       [9]    ?lstr_2_Bluetooth
0x04B9       [9]    ?lstr_6_Bluetooth
0x04C2       [9]    ?lstr_10_Bluetooth
0x04CB       [9]    ?lstr_11_Bluetooth
0x04D4       [9]    ?lstr_9_Bluetooth
0x04DD       [9]    ?lstr_7_Bluetooth
0x04E6       [9]    ?lstr_8_Bluetooth
0x04EF       [8]    ?lstr_26_Bluetooth
