;  LST file generated by mikroListExporter - v.2.0 
; Date/Time: 22/07/2019 21:25:10
;----------------------------------------------

;Address Opcode 	ASM
0x0000	0xF005EF75  	GOTO        2794
0x0004	0x0000      	NOP
0x0006	0x0000      	NOP
0x0008	0xF000EF00  	GOTO        0
0x000C	0x0000      	NOP
0x000E	0x0000      	NOP
0x0010	0x0000      	NOP
0x0012	0x0000      	NOP
0x0014	0x0000      	NOP
0x0016	0x0000      	NOP
0x0018	0xD7F3      	BRA         0
_UART1_Write:
;__Lib_UART_c67.c,58 :: 		
;__Lib_UART_c67.c,59 :: 		
L_UART1_Write3:
0x001C	0xB2AC      	BTFSC       TXSTA, 1 
0x001E	0xD002      	BRA         L_UART1_Write4
;__Lib_UART_c67.c,60 :: 		
0x0020	0x0000      	NOP
0x0022	0xD7FC      	BRA         L_UART1_Write3
L_UART1_Write4:
;__Lib_UART_c67.c,61 :: 		
0x0024	0xFFADC06B  	MOVFF       FARG_UART1_Write_data_, TXREG
;__Lib_UART_c67.c,62 :: 		
L_end_UART1_Write:
0x0028	0x0012      	RETURN      0
; end of _UART1_Write
_SPI1_Write:
;__Lib_SPI_c345.c,78 :: 		
;__Lib_SPI_c345.c,81 :: 		
0x002A	0xFFC9C06B  	MOVFF       FARG_SPI1_Write_data_, SSPBUF
;__Lib_SPI_c345.c,82 :: 		
L_SPI1_Write8:
0x002E	0xB0C7      	BTFSC       SSPSTAT, 0 
0x0030	0xD002      	BRA         L_SPI1_Write9
;__Lib_SPI_c345.c,83 :: 		
0x0032	0x0000      	NOP
0x0034	0xD7FC      	BRA         L_SPI1_Write8
L_SPI1_Write9:
;__Lib_SPI_c345.c,84 :: 		
0x0036	0xF000CFC9  	MOVFF       SSPBUF, R0
;__Lib_SPI_c345.c,86 :: 		
L_end_SPI1_Write:
0x003A	0x0012      	RETURN      0
; end of _SPI1_Write
_SETFUN32:
;__Lib_MathDouble.c,144 :: 		
;__Lib_MathDouble.c,152 :: 		
0x003C	0x840B      	BSF         R11, 2, 0
;__Lib_MathDouble.c,153 :: 		
0x003E	0xAE0B      	BTFSS       R11, 7, 0
;__Lib_MathDouble.c,154 :: 		
0x0040	0xF000EF29  	GOTO        SETFUN32EEE
;__Lib_MathDouble.c,156 :: 		
0x0044	0x0E01      	MOVLW       1
;__Lib_MathDouble.c,157 :: 		
0x0046	0x6E03      	MOVWF       R3, 0
;__Lib_MathDouble.c,158 :: 		
0x0048	0x6A02      	CLRF        R2, 0
;__Lib_MathDouble.c,159 :: 		
0x004A	0x6A01      	CLRF        R1, 0
;__Lib_MathDouble.c,160 :: 		
0x004C	0x6A00      	CLRF        R0, 0
;__Lib_MathDouble.c,161 :: 		
0x004E	0x360A      	RLCF        R10, 1, 0
;__Lib_MathDouble.c,162 :: 		
0x0050	0x3202      	RRCF        R2, 1, 0
;__Lib_MathDouble.c,163 :: 		
SETFUN32EEE:
;__Lib_MathDouble.c,164 :: 		
0x0052	0x0EFF      	MOVLW       255
;__Lib_MathDouble.c,166 :: 		
L_end_SETFUN32:
0x0054	0x0012      	RETURN      0
; end of _SETFUN32
_RES032:
;__Lib_MathDouble.c,128 :: 		
;__Lib_MathDouble.c,134 :: 		
0x0056	0x6A02      	CLRF        R2, 0
;__Lib_MathDouble.c,135 :: 		
0x0058	0x6A01      	CLRF        R1, 0
;__Lib_MathDouble.c,136 :: 		
0x005A	0x6A00      	CLRF        R0, 0
;__Lib_MathDouble.c,137 :: 		
0x005C	0x6A08      	CLRF        R8, 0
;__Lib_MathDouble.c,138 :: 		
0x005E	0x6A03      	CLRF        R3, 0
;__Lib_MathDouble.c,139 :: 		
0x0060	0x0E00      	MOVLW       0
;__Lib_MathDouble.c,141 :: 		
L_end_RES032:
0x0062	0x0012      	RETURN      0
; end of _RES032
_____DoIFC:
;__Lib_System.c,93 :: 		
;__Lib_System.c,94 :: 		
0x0064	0x50F2      	MOVF        INTCON, 0, 0
;__Lib_System.c,95 :: 		
0x0066	0x6E02      	MOVWF       R2, 0
;__Lib_System.c,96 :: 		
0x0068	0x9EF2      	BCF         INTCON, 7 
;__Lib_System.c,97 :: 		
0x006A	0x0005      	PUSH
;__Lib_System.c,98 :: 		
0x006C	0x6AFF      	CLRF        TOSU, 0
;__Lib_System.c,99 :: 		
0x006E	0x5001      	MOVF        R1, 0, 0
;__Lib_System.c,100 :: 		
0x0070	0x6EFE      	MOVWF       TOSH, 0
;__Lib_System.c,101 :: 		
0x0072	0x5000      	MOVF        R0, 0, 0
;__Lib_System.c,102 :: 		
0x0074	0x6EFD      	MOVWF       TOSL, 0
;__Lib_System.c,103 :: 		
0x0076	0xBE02      	BTFSC       R2, 7, 0
;__Lib_System.c,104 :: 		
0x0078	0x8EF2      	BSF         INTCON, 7, 0
;__Lib_System.c,105 :: 		
;__Lib_System.c,107 :: 		
L_end_____DoIFC:
0x007A	0x0012      	RETURN      0
; end of _____DoIFC
_SETFOV32:
;__Lib_MathDouble.c,82 :: 		
;__Lib_MathDouble.c,90 :: 		
0x007C	0x820B      	BSF         R11, 1, 0
;__Lib_MathDouble.c,91 :: 		
0x007E	0xAE0B      	BTFSS       R11, 7, 0
;__Lib_MathDouble.c,92 :: 		
0x0080	0xF000EF48  	GOTO        SETFOV32EEE
;__Lib_MathDouble.c,94 :: 		
0x0084	0x6803      	SETF        R3, 0
;__Lib_MathDouble.c,95 :: 		
0x0086	0x6802      	SETF        R2, 0
;__Lib_MathDouble.c,96 :: 		
0x0088	0x6801      	SETF        R1, 0
;__Lib_MathDouble.c,97 :: 		
0x008A	0x6800      	SETF        R0, 0
;__Lib_MathDouble.c,98 :: 		
0x008C	0x360A      	RLCF        R10, 1, 0
;__Lib_MathDouble.c,99 :: 		
0x008E	0x3202      	RRCF        R2, 1, 0
;__Lib_MathDouble.c,100 :: 		
SETFOV32EEE:
;__Lib_MathDouble.c,101 :: 		
0x0090	0x0EFF      	MOVLW       255
;__Lib_MathDouble.c,103 :: 		
L_end_SETFOV32:
0x0092	0x0012      	RETURN      0
; end of _SETFOV32
_FIXSIGN32:
;__Lib_MathDouble.c,117 :: 		
;__Lib_MathDouble.c,121 :: 		
0x0094	0xAE0A      	BTFSS       R10, 7, 0
;__Lib_MathDouble.c,122 :: 		
0x0096	0x9E02      	BCF         R2, 7, 0
;__Lib_MathDouble.c,123 :: 		
0x0098	0x0E00      	MOVLW       0
;__Lib_MathDouble.c,125 :: 		
L_end_FIXSIGN32:
0x009A	0x0012      	RETURN      0
; end of _FIXSIGN32
_Mul_32x32_FP:
;__Lib_MathDouble.c,1130 :: 		
;__Lib_MathDouble.c,1148 :: 		
0x009C	0x6A08      	CLRF        R8, 0
;__Lib_MathDouble.c,1149 :: 		
0x009E	0x6A09      	CLRF        R9, 0
;__Lib_MathDouble.c,1151 :: 		
0x00A0	0x0E00      	MOVLW       0
;__Lib_MathDouble.c,1152 :: 		
0x00A2	0x6207      	CPFSEQ      R7, 0
;__Lib_MathDouble.c,1153 :: 		
0x00A4	0x6403      	CPFSGT      R3, 0
;__Lib_MathDouble.c,1154 :: 		
0x00A6	0xF000EFD3  	GOTO        MULJPRES032
;__Lib_MathDouble.c,1157 :: 		
0x00AA	0x5002      	MOVF        R2, 0, 0
;__Lib_MathDouble.c,1158 :: 		
0x00AC	0x1806      	XORWF       R6, 0, 0
;__Lib_MathDouble.c,1159 :: 		
0x00AE	0x6E0A      	MOVWF       R10, 0
;__Lib_MathDouble.c,1161 :: 		
0x00B0	0x5007      	MOVF        R7, 0, 0
;__Lib_MathDouble.c,1162 :: 		
0x00B2	0x2603      	ADDWF       R3, 1, 0
;__Lib_MathDouble.c,1163 :: 		
0x00B4	0x0E7E      	MOVLW       126
;__Lib_MathDouble.c,1164 :: 		
0x00B6	0xA0D8      	BTFSS       STATUS, 0, 0
;__Lib_MathDouble.c,1165 :: 		
0x00B8	0xF000EF64  	GOTO        MTUN32
;__Lib_MathDouble.c,1167 :: 		
0x00BC	0x5E03      	SUBWF       R3, 1, 0
;__Lib_MathDouble.c,1168 :: 		
0x00BE	0xB0D8      	BTFSC       STATUS, 0, 0
;__Lib_MathDouble.c,1169 :: 		
0x00C0	0xF000EFD7  	GOTO        MULJPSETFOV32
;__Lib_MathDouble.c,1170 :: 		
0x00C4	0xF000EF68  	GOTO        MOK32
;__Lib_MathDouble.c,1172 :: 		
MTUN32:
;__Lib_MathDouble.c,1173 :: 		
0x00C8	0x5E03      	SUBWF       R3, 1, 0
;__Lib_MathDouble.c,1174 :: 		
0x00CA	0xA0D8      	BTFSS       STATUS, 0, 0
;__Lib_MathDouble.c,1175 :: 		
0x00CC	0xF000EFDB  	GOTO        MULJPSETFUN32
;__Lib_MathDouble.c,1177 :: 		
MOK32:
;__Lib_MathDouble.c,1178 :: 		
0x00D0	0x8E02      	BSF         R2, 7, 0
;__Lib_MathDouble.c,1179 :: 		
0x00D2	0x8E06      	BSF         R6, 7, 0
;__Lib_MathDouble.c,1181 :: 		
0x00D4	0xF00EC002  	MOVFF       R2, R14
;__Lib_MathDouble.c,1182 :: 		
0x00D8	0xF00BC001  	MOVFF       R1, R11
;__Lib_MathDouble.c,1183 :: 		
0x00DC	0xF00DC000  	MOVFF       R0, R13
;__Lib_MathDouble.c,1185 :: 		
0x00E0	0x5000      	MOVF        R0, 0, 0
;__Lib_MathDouble.c,1186 :: 		
0x00E2	0x0204      	MULWF       R4, 0
;__Lib_MathDouble.c,1187 :: 		
0x00E4	0xF00CCFF4  	MOVFF       PRODH, R12
;__Lib_MathDouble.c,1189 :: 		
0x00E8	0x5001      	MOVF        R1, 0, 0
;__Lib_MathDouble.c,1190 :: 		
0x00EA	0x0205      	MULWF       R5, 0
;__Lib_MathDouble.c,1191 :: 		
0x00EC	0xF000CFF4  	MOVFF       PRODH, R0
;__Lib_MathDouble.c,1192 :: 		
0x00F0	0xF008CFF3  	MOVFF       PRODL, R8
;__Lib_MathDouble.c,1194 :: 		
0x00F4	0x0204      	MULWF       R4, 0
;__Lib_MathDouble.c,1195 :: 		
0x00F6	0x50F3      	MOVF        PRODL, 0, 0
;__Lib_MathDouble.c,1196 :: 		
0x00F8	0x260C      	ADDWF       R12, 1, 0
;__Lib_MathDouble.c,1197 :: 		
0x00FA	0x50F4      	MOVF        PRODH, 0, 0
;__Lib_MathDouble.c,1198 :: 		
0x00FC	0x2208      	ADDWFC      R8, 1, 0
;__Lib_MathDouble.c,1199 :: 		
0x00FE	0x0E00      	MOVLW       0
;__Lib_MathDouble.c,1200 :: 		
0x0100	0x2200      	ADDWFC      R0, 1, 0
;__Lib_MathDouble.c,1202 :: 		
0x0102	0x500D      	MOVF        R13, 0, 0
;__Lib_MathDouble.c,1203 :: 		
0x0104	0x0205      	MULWF       R5, 0
;__Lib_MathDouble.c,1204 :: 		
0x0106	0x50F3      	MOVF        PRODL, 0, 0
;__Lib_MathDouble.c,1205 :: 		
0x0108	0x260C      	ADDWF       R12, 1, 0
;__Lib_MathDouble.c,1206 :: 		
0x010A	0x50F4      	MOVF        PRODH, 0, 0
;__Lib_MathDouble.c,1207 :: 		
0x010C	0x2208      	ADDWFC      R8, 1, 0
;__Lib_MathDouble.c,1208 :: 		
0x010E	0x0E00      	MOVLW       0
;__Lib_MathDouble.c,1209 :: 		
0x0110	0x2200      	ADDWFC      R0, 1, 0
;__Lib_MathDouble.c,1211 :: 		
0x0112	0x5002      	MOVF        R2, 0, 0
;__Lib_MathDouble.c,1212 :: 		
0x0114	0x0204      	MULWF       R4, 0
;__Lib_MathDouble.c,1213 :: 		
0x0116	0x50F3      	MOVF        PRODL, 0, 0
;__Lib_MathDouble.c,1214 :: 		
0x0118	0x2608      	ADDWF       R8, 1, 0
;__Lib_MathDouble.c,1215 :: 		
0x011A	0x50F4      	MOVF        PRODH, 0, 0
;__Lib_MathDouble.c,1216 :: 		
0x011C	0x2200      	ADDWFC      R0, 1, 0
;__Lib_MathDouble.c,1217 :: 		
0x011E	0x5002      	MOVF        R2, 0, 0
;__Lib_MathDouble.c,1218 :: 		
0x0120	0x0205      	MULWF       R5, 0
;__Lib_MathDouble.c,1219 :: 		
0x0122	0x6A01      	CLRF        R1, 0
;__Lib_MathDouble.c,1220 :: 		
0x0124	0x0E00      	MOVLW       0
;__Lib_MathDouble.c,1221 :: 		
0x0126	0x2201      	ADDWFC      R1, 1, 0
;__Lib_MathDouble.c,1222 :: 		
0x0128	0x50F3      	MOVF        PRODL, 0, 0
;__Lib_MathDouble.c,1223 :: 		
0x012A	0x2600      	ADDWF       R0, 1, 0
;__Lib_MathDouble.c,1224 :: 		
0x012C	0x50F4      	MOVF        PRODH, 0, 0
;__Lib_MathDouble.c,1225 :: 		
0x012E	0x2201      	ADDWFC      R1, 1, 0
;__Lib_MathDouble.c,1227 :: 		
0x0130	0x500D      	MOVF        R13, 0, 0
;__Lib_MathDouble.c,1228 :: 		
0x0132	0x0206      	MULWF       R6, 0
;__Lib_MathDouble.c,1229 :: 		
0x0134	0x50F3      	MOVF        PRODL, 0, 0
;__Lib_MathDouble.c,1230 :: 		
0x0136	0x2608      	ADDWF       R8, 1, 0
;__Lib_MathDouble.c,1231 :: 		
0x0138	0x50F4      	MOVF        PRODH, 0, 0
;__Lib_MathDouble.c,1232 :: 		
0x013A	0x2200      	ADDWFC      R0, 1, 0
;__Lib_MathDouble.c,1233 :: 		
0x013C	0x6A02      	CLRF        R2, 0
;__Lib_MathDouble.c,1234 :: 		
0x013E	0x0E00      	MOVLW       0
;__Lib_MathDouble.c,1235 :: 		
0x0140	0x2201      	ADDWFC      R1, 1, 0
;__Lib_MathDouble.c,1236 :: 		
0x0142	0x2202      	ADDWFC      R2, 1, 0
;__Lib_MathDouble.c,1238 :: 		
0x0144	0x500B      	MOVF        R11, 0, 0
;__Lib_MathDouble.c,1239 :: 		
0x0146	0x0206      	MULWF       R6, 0
;__Lib_MathDouble.c,1240 :: 		
0x0148	0x50F3      	MOVF        PRODL, 0, 0
;__Lib_MathDouble.c,1241 :: 		
0x014A	0x2600      	ADDWF       R0, 1, 0
;__Lib_MathDouble.c,1242 :: 		
0x014C	0x50F4      	MOVF        PRODH, 0, 0
;__Lib_MathDouble.c,1243 :: 		
0x014E	0x2201      	ADDWFC      R1, 1, 0
;__Lib_MathDouble.c,1244 :: 		
0x0150	0x0E00      	MOVLW       0
;__Lib_MathDouble.c,1245 :: 		
0x0152	0x2202      	ADDWFC      R2, 1, 0
;__Lib_MathDouble.c,1247 :: 		
0x0154	0x500E      	MOVF        R14, 0, 0
;__Lib_MathDouble.c,1248 :: 		
0x0156	0x0206      	MULWF       R6, 0
;__Lib_MathDouble.c,1249 :: 		
0x0158	0x50F3      	MOVF        PRODL, 0, 0
;__Lib_MathDouble.c,1250 :: 		
0x015A	0x2601      	ADDWF       R1, 1, 0
;__Lib_MathDouble.c,1251 :: 		
0x015C	0x50F4      	MOVF        PRODH, 0, 0
;__Lib_MathDouble.c,1252 :: 		
0x015E	0x2202      	ADDWFC      R2, 1, 0
;__Lib_MathDouble.c,1254 :: 		
0x0160	0xBE02      	BTFSC       R2, 7, 0
;__Lib_MathDouble.c,1255 :: 		
0x0162	0xF000EFBB  	GOTO        MROUND32
;__Lib_MathDouble.c,1256 :: 		
0x0166	0x3608      	RLCF        R8, 1, 0
;__Lib_MathDouble.c,1257 :: 		
0x0168	0x3600      	RLCF        R0, 1, 0
;__Lib_MathDouble.c,1258 :: 		
0x016A	0x3601      	RLCF        R1, 1, 0
;__Lib_MathDouble.c,1259 :: 		
0x016C	0x3602      	RLCF        R2, 1, 0
;__Lib_MathDouble.c,1260 :: 		
0x016E	0x0603      	DECF        R3, 1, 0
;__Lib_MathDouble.c,1261 :: 		
0x0170	0xB4D8      	BTFSC       STATUS, 2, 0
;__Lib_MathDouble.c,1262 :: 		
0x0172	0xF000EFDB  	GOTO        MULJPSETFUN32
;__Lib_MathDouble.c,1264 :: 		
MROUND32:
;__Lib_MathDouble.c,1267 :: 		
0x0176	0xF000EFCE  	GOTO        MUL32OK
;__Lib_MathDouble.c,1268 :: 		
0x017A	0x80D8      	BSF         STATUS, 0, 0
;__Lib_MathDouble.c,1269 :: 		
0x017C	0x0E80      	MOVLW       128
;__Lib_MathDouble.c,1270 :: 		
0x017E	0x6408      	CPFSGT      R8, 0
;__Lib_MathDouble.c,1271 :: 		
0x0180	0x3000      	RRCF        R0, 0, 0
;__Lib_MathDouble.c,1272 :: 		
0x0182	0x0E00      	MOVLW       0
;__Lib_MathDouble.c,1273 :: 		
0x0184	0x2200      	ADDWFC      R0, 1, 0
;__Lib_MathDouble.c,1274 :: 		
0x0186	0x2201      	ADDWFC      R1, 1, 0
;__Lib_MathDouble.c,1275 :: 		
0x0188	0x2202      	ADDWFC      R2, 1, 0
;__Lib_MathDouble.c,1277 :: 		
0x018A	0xA0D8      	BTFSS       STATUS, 0, 0
;__Lib_MathDouble.c,1278 :: 		
0x018C	0xF000EFCE  	GOTO        MUL32OK
;__Lib_MathDouble.c,1279 :: 		
0x0190	0x3202      	RRCF        R2, 1, 0
;__Lib_MathDouble.c,1280 :: 		
0x0192	0x3201      	RRCF        R1, 1, 0
;__Lib_MathDouble.c,1281 :: 		
0x0194	0x3200      	RRCF        R0, 1, 0
;__Lib_MathDouble.c,1282 :: 		
0x0196	0x4A03      	INFSNZ      R3, 1, 0
;__Lib_MathDouble.c,1283 :: 		
0x0198	0xF000EFD7  	GOTO        MULJPSETFOV32
;__Lib_MathDouble.c,1285 :: 		
MUL32OK:
;__Lib_MathDouble.c,1286 :: 		
0x019C	0xAE0A      	BTFSS       R10, 7, 0
;__Lib_MathDouble.c,1287 :: 		
0x019E	0x9E02      	BCF         R2, 7, 0
;__Lib_MathDouble.c,1289 :: 		
0x01A0	0x0E00      	MOVLW       0
;__Lib_MathDouble.c,1290 :: 		
0x01A2	0xF000EFDD  	GOTO        MULEEE
;__Lib_MathDouble.c,1291 :: 		
MULJPRES032:
;__Lib_MathDouble.c,1292 :: 		
0x01A6	0x0E01      	MOVLW       1
;__Lib_MathDouble.c,1295 :: 		
0x01A8	0xDF56      	RCALL       _RES032
;__Lib_MathDouble.c,1297 :: 		
0x01AA	0xF000EFDD  	GOTO        MULEEE
;__Lib_MathDouble.c,1298 :: 		
MULJPSETFOV32:
;__Lib_MathDouble.c,1299 :: 		
0x01AE	0x0E02      	MOVLW       2
;__Lib_MathDouble.c,1302 :: 		
0x01B0	0xDF65      	RCALL       _SETFOV32
;__Lib_MathDouble.c,1304 :: 		
0x01B2	0xF000EFDD  	GOTO        MULEEE
;__Lib_MathDouble.c,1305 :: 		
MULJPSETFUN32:
;__Lib_MathDouble.c,1306 :: 		
0x01B6	0x0E04      	MOVLW       4
;__Lib_MathDouble.c,1309 :: 		
0x01B8	0xDF41      	RCALL       _SETFUN32
;__Lib_MathDouble.c,1311 :: 		
MULEEE:
;__Lib_MathDouble.c,1318 :: 		
L_end_Mul_32x32_FP:
0x01BA	0x0012      	RETURN      0
; end of _Mul_32x32_FP
_Delay_22us:
;__Lib_Delays.c,15 :: 		void Delay_22us() {
;__Lib_Delays.c,16 :: 		Delay_us(22);
0x01BC	0x0E24      	MOVLW       36
0x01BE	0x6E0D      	MOVWF       R13, 0
L_Delay_22us1:
0x01C0	0x2E0D      	DECFSZ      R13, 1, 0
0x01C2	0xD7FE      	BRA         L_Delay_22us1
0x01C4	0x0000      	NOP
;__Lib_Delays.c,17 :: 		}
L_end_Delay_22us:
0x01C6	0x0012      	RETURN      0
; end of _Delay_22us
_SETFDZ32:
;__Lib_MathDouble.c,106 :: 		
;__Lib_MathDouble.c,110 :: 		
0x01C8	0x6A0B      	CLRF        R11, 0
;__Lib_MathDouble.c,111 :: 		
0x01CA	0x860B      	BSF         R11, 3, 0
;__Lib_MathDouble.c,112 :: 		
0x01CC	0x0EFF      	MOVLW       255
;__Lib_MathDouble.c,114 :: 		
L_end_SETFDZ32:
0x01CE	0x0012      	RETURN      0
; end of _SETFDZ32
_Div_8X8_S:
;__Lib_Math.c,326 :: 		
;__Lib_Math.c,335 :: 		
0x01D0	0x6A0D      	CLRF        R13, 0
;__Lib_Math.c,336 :: 		
0x01D2	0x6A08      	CLRF        R8, 0
;__Lib_Math.c,337 :: 		
0x01D4	0x5000      	MOVF        R0, 0, 0
;__Lib_Math.c,338 :: 		
0x01D6	0xB4D8      	BTFSC       STATUS, 2, 0
;__Lib_Math.c,339 :: 		
0x01D8	0x0C00      	RETLW       0
;__Lib_Math.c,340 :: 		
0x01DA	0x1804      	XORWF       R4, 0, 0
;__Lib_Math.c,341 :: 		
0x01DC	0x6E0A      	MOVWF       R10, 0
;__Lib_Math.c,342 :: 		
0x01DE	0xBE0A      	BTFSC       R10, 7, 0
;__Lib_Math.c,343 :: 		
0x01E0	0x1E0D      	COMF        R13, 1, 0
;__Lib_Math.c,344 :: 		
0x01E2	0x6A0B      	CLRF        R11, 0
;__Lib_Math.c,345 :: 		
0x01E4	0xAE04      	BTFSS       R4, 7, 0
;__Lib_Math.c,346 :: 		
0x01E6	0xD002      	BRA         $+6
;__Lib_Math.c,347 :: 		
0x01E8	0x1E04      	COMF        R4, 1, 0
;__Lib_Math.c,348 :: 		
0x01EA	0x2A04      	INCF        R4, 1, 0
;__Lib_Math.c,349 :: 		
0x01EC	0xAE00      	BTFSS       R0, 7, 0
;__Lib_Math.c,350 :: 		
0x01EE	0xD002      	BRA         $+6
;__Lib_Math.c,351 :: 		
0x01F0	0x1E00      	COMF        R0, 1, 0
;__Lib_Math.c,352 :: 		
0x01F2	0x2A00      	INCF        R0, 1, 0
;__Lib_Math.c,353 :: 		
0x01F4	0x5000      	MOVF        R0, 0, 0
;__Lib_Math.c,354 :: 		
0x01F6	0x1004      	IORWF       R4, 0, 0
;__Lib_Math.c,355 :: 		
0x01F8	0x6E0A      	MOVWF       R10, 0
;__Lib_Math.c,356 :: 		
0x01FA	0xBE0A      	BTFSC       R10, 7, 0
;__Lib_Math.c,357 :: 		
0x01FC	0xD01F      	BRA         $+64
;__Lib_Math.c,358 :: 		
0x01FE	0x5004      	MOVF        R4, 0, 0
;__Lib_Math.c,359 :: 		
0x0200	0x5E08      	SUBWF       R8, 1, 0
;__Lib_Math.c,360 :: 		
0x0202	0x3600      	RLCF        R0, 1, 0
;__Lib_Math.c,361 :: 		
0x0204	0x3400      	RLCF        R0, 0, 0
;__Lib_Math.c,362 :: 		
0x0206	0x3608      	RLCF        R8, 1, 0
;__Lib_Math.c,363 :: 		
0x0208	0x5004      	MOVF        R4, 0, 0
;__Lib_Math.c,364 :: 		
0x020A	0x2608      	ADDWF       R8, 1, 0
;__Lib_Math.c,365 :: 		
0x020C	0x3600      	RLCF        R0, 1, 0
;__Lib_Math.c,366 :: 		
0x020E	0x0E06      	MOVLW       6
;__Lib_Math.c,367 :: 		
0x0210	0x6E0C      	MOVWF       R12, 0
;__Lib_Math.c,368 :: 		
0x0212	0x3400      	RLCF        R0, 0, 0
;__Lib_Math.c,369 :: 		
0x0214	0x3608      	RLCF        R8, 1, 0
;__Lib_Math.c,370 :: 		
0x0216	0x5004      	MOVF        R4, 0, 0
;__Lib_Math.c,371 :: 		
0x0218	0xB000      	BTFSC       R0, 0, 0
;__Lib_Math.c,372 :: 		
0x021A	0x5E08      	SUBWF       R8, 1, 0
;__Lib_Math.c,373 :: 		
0x021C	0xA000      	BTFSS       R0, 0, 0
;__Lib_Math.c,374 :: 		
0x021E	0x2608      	ADDWF       R8, 1, 0
;__Lib_Math.c,375 :: 		
0x0220	0x3600      	RLCF        R0, 1, 0
;__Lib_Math.c,376 :: 		
0x0222	0x2E0C      	DECFSZ      R12, 1, 0
;__Lib_Math.c,377 :: 		
0x0224	0xD7F6      	BRA         $-18
;__Lib_Math.c,378 :: 		
0x0226	0xA000      	BTFSS       R0, 0, 0
;__Lib_Math.c,379 :: 		
0x0228	0x2608      	ADDWF       R8, 1, 0
;__Lib_Math.c,380 :: 		
0x022A	0xB00B      	BTFSC       R11, 0, 0
;__Lib_Math.c,381 :: 		
0x022C	0xD015      	BRA         $+44
;__Lib_Math.c,382 :: 		
0x022E	0xAE0D      	BTFSS       R13, 7, 0
;__Lib_Math.c,383 :: 		
0x0230	0x0C00      	RETLW       0
;__Lib_Math.c,384 :: 		
0x0232	0x1E00      	COMF        R0, 1, 0
;__Lib_Math.c,385 :: 		
0x0234	0x2A00      	INCF        R0, 1, 0
;__Lib_Math.c,386 :: 		
0x0236	0x1E08      	COMF        R8, 1, 0
;__Lib_Math.c,387 :: 		
0x0238	0x2A08      	INCF        R8, 1, 0
;__Lib_Math.c,388 :: 		
0x023A	0x0C00      	RETLW       0
;__Lib_Math.c,389 :: 		
0x023C	0xAE04      	BTFSS       R4, 7, 0
;__Lib_Math.c,390 :: 		
0x023E	0xD009      	BRA         $+20
;__Lib_Math.c,391 :: 		
0x0240	0xBE00      	BTFSC       R0, 7, 0
;__Lib_Math.c,392 :: 		
0x0242	0xD004      	BRA         $+10
;__Lib_Math.c,393 :: 		
0x0244	0x5000      	MOVF        R0, 0, 0
;__Lib_Math.c,394 :: 		
0x0246	0x6E08      	MOVWF       R8, 0
;__Lib_Math.c,395 :: 		
0x0248	0x6A00      	CLRF        R0, 0
;__Lib_Math.c,396 :: 		
0x024A	0xD7F1      	BRA         $-28
;__Lib_Math.c,397 :: 		
0x024C	0x6A00      	CLRF        R0, 0
;__Lib_Math.c,398 :: 		
0x024E	0x2A00      	INCF        R0, 1, 0
;__Lib_Math.c,399 :: 		
0x0250	0x0C00      	RETLW       0
;__Lib_Math.c,400 :: 		
0x0252	0x1E00      	COMF        R0, 1, 0
;__Lib_Math.c,401 :: 		
0x0254	0x2A0B      	INCF        R11, 1, 0
;__Lib_Math.c,402 :: 		
0x0256	0xD7D3      	BRA         $-88
;__Lib_Math.c,403 :: 		
0x0258	0x2A08      	INCF        R8, 1, 0
;__Lib_Math.c,404 :: 		
0x025A	0x5004      	MOVF        R4, 0, 0
;__Lib_Math.c,405 :: 		
0x025C	0x5C08      	SUBWF       R8, 0, 0
;__Lib_Math.c,406 :: 		
0x025E	0xA4D8      	BTFSS       STATUS, 2, 0
;__Lib_Math.c,407 :: 		
0x0260	0xD7E6      	BRA         $-50
;__Lib_Math.c,408 :: 		
0x0262	0x6A08      	CLRF        R8, 0
;__Lib_Math.c,409 :: 		
0x0264	0x2A00      	INCF        R0, 1, 0
;__Lib_Math.c,410 :: 		
0x0266	0xAE00      	BTFSS       R0, 7, 0
;__Lib_Math.c,411 :: 		
0x0268	0xD7E2      	BRA         $-58
;__Lib_Math.c,412 :: 		
0x026A	0x0CFF      	RETLW       255
;__Lib_Math.c,414 :: 		
L_end_Div_8X8_S:
0x026C	0x0012      	RETURN      0
; end of _Div_8X8_S
_strcpy:
;__Lib_CString.c,126 :: 		
;__Lib_CString.c,129 :: 		
0x026E	0xF004C067  	MOVFF       FARG_strcpy_to, R4
0x0272	0xF005C068  	MOVFF       FARG_strcpy_to+1, R5
;__Lib_CString.c,130 :: 		
L_strcpy34:
0x0276	0xF002C004  	MOVFF       R4, R2
0x027A	0xF003C005  	MOVFF       R5, R3
0x027E	0x4A04      	INFSNZ      R4, 1 
0x0280	0x2A05      	INCF        R5, 1 
0x0282	0xF000C069  	MOVFF       FARG_strcpy_from, R0
0x0286	0xF001C06A  	MOVFF       FARG_strcpy_from+1, R1
0x028A	0x4A69      	INFSNZ      FARG_strcpy_from, 1 
0x028C	0x2A6A      	INCF        FARG_strcpy_from+1, 1 
0x028E	0xFFE9C000  	MOVFF       R0, FSR0L
0x0292	0xFFEAC001  	MOVFF       R1, FSR0H
0x0296	0xFFE1C002  	MOVFF       R2, FSR1L
0x029A	0xFFE2C003  	MOVFF       R3, FSR1H
0x029E	0xFFE6CFEE  	MOVFF       POSTINC0, POSTINC1
0x02A2	0xFFE9C002  	MOVFF       R2, FSR0L
0x02A6	0xFFEAC003  	MOVFF       R3, FSR0H
0x02AA	0x52EE      	MOVF        POSTINC0, 1 
0x02AC	0xE001      	BZ          L_strcpy35
;__Lib_CString.c,131 :: 		
0x02AE	0xD7E3      	BRA         L_strcpy34
L_strcpy35:
;__Lib_CString.c,132 :: 		
0x02B0	0xF000C067  	MOVFF       FARG_strcpy_to, R0
0x02B4	0xF001C068  	MOVFF       FARG_strcpy_to+1, R1
;__Lib_CString.c,133 :: 		
L_end_strcpy:
0x02B8	0x0012      	RETURN      0
; end of _strcpy
_UART_Write:
;__Lib_UART_c67.c,119 :: 		
;__Lib_UART_c67.c,120 :: 		
0x02BA	0xFFE1C04F  	MOVFF       _UART_Wr_Ptr+2, FSR1L
0x02BE	0xFFE2C050  	MOVFF       _UART_Wr_Ptr+3, FSR1H
0x02C2	0xFFE6C067  	MOVFF       FARG_UART_Write__data, POSTINC1
0x02C6	0xF000C04D  	MOVFF       _UART_Wr_Ptr, R0
0x02CA	0xF001C04E  	MOVFF       _UART_Wr_Ptr+1, R1
0x02CE	0xDECA      	RCALL       _____DoIFC
;__Lib_UART_c67.c,121 :: 		
L_end_UART_Write:
0x02D0	0x0012      	RETURN      0
; end of _UART_Write
_NRM3232:
;__Lib_MathDouble.c,455 :: 		
;__Lib_MathDouble.c,463 :: 		
0x02D2	0x6A0C      	CLRF        R12, 0
;__Lib_MathDouble.c,464 :: 		
0x02D4	0x6A0E      	CLRF        R14, 0
;__Lib_MathDouble.c,465 :: 		
0x02D6	0x5002      	MOVF        R2, 0, 0
;__Lib_MathDouble.c,466 :: 		
0x02D8	0xA4D8      	BTFSS       STATUS, 2, 0
;__Lib_MathDouble.c,467 :: 		
0x02DA	0xF001EF82  	GOTO        NORM3232
;__Lib_MathDouble.c,468 :: 		
0x02DE	0xF002C001  	MOVFF       R1, R2
;__Lib_MathDouble.c,469 :: 		
0x02E2	0xF001C000  	MOVFF       R0, R1
;__Lib_MathDouble.c,470 :: 		
0x02E6	0x6A00      	CLRF        R0, 0
;__Lib_MathDouble.c,471 :: 		
0x02E8	0x860E      	BSF         R14, 3, 0
;__Lib_MathDouble.c,473 :: 		
0x02EA	0x5002      	MOVF        R2, 0, 0
;__Lib_MathDouble.c,474 :: 		
0x02EC	0xA4D8      	BTFSS       STATUS, 2, 0
;__Lib_MathDouble.c,475 :: 		
0x02EE	0xF001EF82  	GOTO        NORM3232
;__Lib_MathDouble.c,476 :: 		
0x02F2	0xF002C001  	MOVFF       R1, R2
;__Lib_MathDouble.c,477 :: 		
0x02F6	0x6A01      	CLRF        R1, 0
;__Lib_MathDouble.c,478 :: 		
0x02F8	0x960E      	BCF         R14, 3, 0
;__Lib_MathDouble.c,479 :: 		
0x02FA	0x880E      	BSF         R14, 4, 0
;__Lib_MathDouble.c,481 :: 		
0x02FC	0x5002      	MOVF        R2, 0, 0
;__Lib_MathDouble.c,482 :: 		
0x02FE	0xB4D8      	BTFSC       STATUS, 2, 0
;__Lib_MathDouble.c,483 :: 		
0x0300	0xF001EF94  	GOTO        JPNRES032
;__Lib_MathDouble.c,484 :: 		
NORM3232:
;__Lib_MathDouble.c,485 :: 		
0x0304	0x500E      	MOVF        R14, 0, 0
;__Lib_MathDouble.c,486 :: 		
0x0306	0x5E03      	SUBWF       R3, 1, 0
;__Lib_MathDouble.c,487 :: 		
0x0308	0xA4D8      	BTFSS       STATUS, 2, 0
;__Lib_MathDouble.c,488 :: 		
0x030A	0xA0D8      	BTFSS       STATUS, 0, 0
;__Lib_MathDouble.c,489 :: 		
0x030C	0xF001EF99  	GOTO        JPNSETFUN32
;__Lib_MathDouble.c,490 :: 		
0x0310	0x90D8      	BCF         STATUS, 0, 0
;__Lib_MathDouble.c,491 :: 		
NORM3232A:
;__Lib_MathDouble.c,492 :: 		
0x0312	0xBE02      	BTFSC       R2, 7, 0
;__Lib_MathDouble.c,493 :: 		
0x0314	0xF001EF9E  	GOTO        JMPNFIXSIGN32
;__Lib_MathDouble.c,494 :: 		
0x0318	0x3600      	RLCF        R0, 1, 0
;__Lib_MathDouble.c,495 :: 		
0x031A	0x3601      	RLCF        R1, 1, 0
;__Lib_MathDouble.c,496 :: 		
0x031C	0x3602      	RLCF        R2, 1, 0
;__Lib_MathDouble.c,497 :: 		
0x031E	0x2E03      	DECFSZ      R3, 1, 0
;__Lib_MathDouble.c,498 :: 		
0x0320	0xF001EF89  	GOTO        NORM3232A
;__Lib_MathDouble.c,499 :: 		
0x0324	0xF001EF99  	GOTO        JPNSETFUN32
;__Lib_MathDouble.c,500 :: 		
JPNRES032:
;__Lib_MathDouble.c,501 :: 		
0x0328	0x0E01      	MOVLW       1
;__Lib_MathDouble.c,502 :: 		
0x032A	0x6E0C      	MOVWF       R12, 0
;__Lib_MathDouble.c,504 :: 		
0x032C	0xDE94      	RCALL       _RES032
;__Lib_MathDouble.c,506 :: 		
0x032E	0xF001EFA1  	GOTO        NORM32EEE
;__Lib_MathDouble.c,507 :: 		
JPNSETFUN32:
;__Lib_MathDouble.c,508 :: 		
0x0332	0x0E02      	MOVLW       2
;__Lib_MathDouble.c,509 :: 		
0x0334	0x6E0C      	MOVWF       R12, 0
;__Lib_MathDouble.c,511 :: 		
0x0336	0xDE82      	RCALL       _SETFUN32
;__Lib_MathDouble.c,513 :: 		
0x0338	0xF001EFA1  	GOTO        NORM32EEE
;__Lib_MathDouble.c,514 :: 		
JMPNFIXSIGN32:
;__Lib_MathDouble.c,515 :: 		
0x033C	0x0E04      	MOVLW       4
;__Lib_MathDouble.c,516 :: 		
0x033E	0x6E0C      	MOVWF       R12, 0
;__Lib_MathDouble.c,518 :: 		
0x0340	0xDEA9      	RCALL       _FIXSIGN32
;__Lib_MathDouble.c,520 :: 		
NORM32EEE:
;__Lib_MathDouble.c,527 :: 		
L_end_NRM3232:
0x0342	0x0012      	RETURN      0
; end of _NRM3232
_Compare_Double:
;__Lib_MathDouble.c,2518 :: 		
;__Lib_MathDouble.c,2529 :: 		
0x0344	0x6A0A      	CLRF        R10, 0
;__Lib_MathDouble.c,2530 :: 		
0x0346	0x5003      	MOVF        R3, 0, 0
;__Lib_MathDouble.c,2531 :: 		
0x0348	0xA4D8      	BTFSS       STATUS, 2, 0
;__Lib_MathDouble.c,2532 :: 		
0x034A	0x800A      	BSF         R10, 0, 0
;__Lib_MathDouble.c,2533 :: 		
0x034C	0x5007      	MOVF        R7, 0, 0
;__Lib_MathDouble.c,2534 :: 		
0x034E	0xA4D8      	BTFSS       STATUS, 2, 0
;__Lib_MathDouble.c,2535 :: 		
0x0350	0x820A      	BSF         R10, 1, 0
;__Lib_MathDouble.c,2537 :: 		
0x0352	0x500A      	MOVF        R10, 0, 0
;__Lib_MathDouble.c,2538 :: 		
0x0354	0xB4D8      	BTFSC       STATUS, 2, 0
;__Lib_MathDouble.c,2539 :: 		
0x0356	0xF002EF05  	GOTO        COMPARE_EQU
;__Lib_MathDouble.c,2540 :: 		
0x035A	0x0A03      	XORLW       3
;__Lib_MathDouble.c,2541 :: 		
0x035C	0xB4D8      	BTFSC       STATUS, 2, 0
;__Lib_MathDouble.c,2542 :: 		
0x035E	0xF001EFBE  	GOTO        COMPARE_NOTZERO
;__Lib_MathDouble.c,2544 :: 		
0x0362	0xB00A      	BTFSC       R10, 0, 0
;__Lib_MathDouble.c,2545 :: 		
0x0364	0xF001EFB9  	GOTO        COMPARE_XNOTZERO
;__Lib_MathDouble.c,2547 :: 		
0x0368	0xAE06      	BTFSS       R6, 7, 0
;__Lib_MathDouble.c,2548 :: 		
0x036A	0xF002EF03  	GOTO        COMPARE_LT
;__Lib_MathDouble.c,2549 :: 		
0x036E	0xF002EF01  	GOTO        COMPARE_GT
;__Lib_MathDouble.c,2550 :: 		
COMPARE_XNOTZERO:
;__Lib_MathDouble.c,2551 :: 		
0x0372	0xAE02      	BTFSS       R2, 7, 0
;__Lib_MathDouble.c,2552 :: 		
0x0374	0xF002EF01  	GOTO        COMPARE_GT
;__Lib_MathDouble.c,2553 :: 		
0x0378	0xF002EF03  	GOTO        COMPARE_LT
;__Lib_MathDouble.c,2555 :: 		
COMPARE_NOTZERO:
;__Lib_MathDouble.c,2556 :: 		
0x037C	0x5002      	MOVF        R2, 0, 0
;__Lib_MathDouble.c,2557 :: 		
0x037E	0x0B80      	ANDLW       128
;__Lib_MathDouble.c,2558 :: 		
0x0380	0x6E0A      	MOVWF       R10, 0
;__Lib_MathDouble.c,2559 :: 		
0x0382	0x9E02      	BCF         R2, 7, 0
;__Lib_MathDouble.c,2561 :: 		
0x0384	0x5006      	MOVF        R6, 0, 0
;__Lib_MathDouble.c,2562 :: 		
0x0386	0x0B80      	ANDLW       128
;__Lib_MathDouble.c,2563 :: 		
0x0388	0x9E06      	BCF         R6, 7, 0
;__Lib_MathDouble.c,2565 :: 		
0x038A	0x180A      	XORWF       R10, 0, 0
;__Lib_MathDouble.c,2566 :: 		
0x038C	0xB4D8      	BTFSC       STATUS, 2, 0
;__Lib_MathDouble.c,2567 :: 		
0x038E	0xF001EFCF  	GOTO        COMPARE_TESTALL
;__Lib_MathDouble.c,2569 :: 		
0x0392	0x500A      	MOVF        R10, 0, 0
;__Lib_MathDouble.c,2570 :: 		
0x0394	0xB4D8      	BTFSC       STATUS, 2, 0
;__Lib_MathDouble.c,2571 :: 		
0x0396	0xF002EF01  	GOTO        COMPARE_GT
;__Lib_MathDouble.c,2572 :: 		
0x039A	0xF002EF03  	GOTO        COMPARE_LT
;__Lib_MathDouble.c,2574 :: 		
COMPARE_TESTALL:
;__Lib_MathDouble.c,2575 :: 		
0x039E	0x5007      	MOVF        R7, 0, 0
;__Lib_MathDouble.c,2576 :: 		
0x03A0	0x5C03      	SUBWF       R3, 0, 0
;__Lib_MathDouble.c,2577 :: 		
0x03A2	0xB4D8      	BTFSC       STATUS, 2, 0
;__Lib_MathDouble.c,2578 :: 		
0x03A4	0xF001EFD9  	GOTO        COMPARE_C1
;__Lib_MathDouble.c,2579 :: 		
0x03A8	0xA0D8      	BTFSS       STATUS, 0, 0
;__Lib_MathDouble.c,2580 :: 		
0x03AA	0xF001EFF5  	GOTO        GT_FALSE
;__Lib_MathDouble.c,2581 :: 		
0x03AE	0xF001EFFB  	GOTO        GT_TRUE
;__Lib_MathDouble.c,2582 :: 		
COMPARE_C1:
;__Lib_MathDouble.c,2583 :: 		
0x03B2	0x5006      	MOVF        R6, 0, 0
;__Lib_MathDouble.c,2584 :: 		
0x03B4	0x5C02      	SUBWF       R2, 0, 0
;__Lib_MathDouble.c,2585 :: 		
0x03B6	0xB4D8      	BTFSC       STATUS, 2, 0
;__Lib_MathDouble.c,2586 :: 		
0x03B8	0xF001EFE3  	GOTO        COMPARE_C2
;__Lib_MathDouble.c,2587 :: 		
0x03BC	0xA0D8      	BTFSS       STATUS, 0, 0
;__Lib_MathDouble.c,2588 :: 		
0x03BE	0xF001EFF5  	GOTO        GT_FALSE
;__Lib_MathDouble.c,2589 :: 		
0x03C2	0xF001EFFB  	GOTO        GT_TRUE
;__Lib_MathDouble.c,2590 :: 		
COMPARE_C2:
;__Lib_MathDouble.c,2591 :: 		
0x03C6	0x5005      	MOVF        R5, 0, 0
;__Lib_MathDouble.c,2592 :: 		
0x03C8	0x5C01      	SUBWF       R1, 0, 0
;__Lib_MathDouble.c,2593 :: 		
0x03CA	0xB4D8      	BTFSC       STATUS, 2, 0
;__Lib_MathDouble.c,2594 :: 		
0x03CC	0xF001EFED  	GOTO        COMPARE_C3
;__Lib_MathDouble.c,2595 :: 		
0x03D0	0xA0D8      	BTFSS       STATUS, 0, 0
;__Lib_MathDouble.c,2596 :: 		
0x03D2	0xF001EFF5  	GOTO        GT_FALSE
;__Lib_MathDouble.c,2597 :: 		
0x03D6	0xF001EFFB  	GOTO        GT_TRUE
;__Lib_MathDouble.c,2598 :: 		
COMPARE_C3:
;__Lib_MathDouble.c,2599 :: 		
0x03DA	0x5004      	MOVF        R4, 0, 0
;__Lib_MathDouble.c,2600 :: 		
0x03DC	0x5C00      	SUBWF       R0, 0, 0
;__Lib_MathDouble.c,2601 :: 		
0x03DE	0xB4D8      	BTFSC       STATUS, 2, 0
;__Lib_MathDouble.c,2602 :: 		
0x03E0	0xF002EF05  	GOTO        COMPARE_EQU
;__Lib_MathDouble.c,2603 :: 		
0x03E4	0xB0D8      	BTFSC       STATUS, 0, 0
;__Lib_MathDouble.c,2604 :: 		
0x03E6	0xF001EFFB  	GOTO        GT_TRUE
;__Lib_MathDouble.c,2606 :: 		
GT_FALSE:
;__Lib_MathDouble.c,2607 :: 		
0x03EA	0x520A      	MOVF        R10, 1, 0
;__Lib_MathDouble.c,2608 :: 		
0x03EC	0xB4D8      	BTFSC       STATUS, 2, 0
;__Lib_MathDouble.c,2609 :: 		
0x03EE	0xF002EF03  	GOTO        COMPARE_LT
;__Lib_MathDouble.c,2610 :: 		
0x03F2	0xF002EF01  	GOTO        COMPARE_GT
;__Lib_MathDouble.c,2611 :: 		
GT_TRUE:
;__Lib_MathDouble.c,2612 :: 		
0x03F6	0x520A      	MOVF        R10, 1, 0
;__Lib_MathDouble.c,2613 :: 		
0x03F8	0xB4D8      	BTFSC       STATUS, 2, 0
;__Lib_MathDouble.c,2614 :: 		
0x03FA	0xF002EF01  	GOTO        COMPARE_GT
;__Lib_MathDouble.c,2615 :: 		
0x03FE	0xF002EF03  	GOTO        COMPARE_LT
;__Lib_MathDouble.c,2617 :: 		
COMPARE_GT:
;__Lib_MathDouble.c,2620 :: 		
0x0402	0x80D8      	BSF         STATUS, 0, 0
;__Lib_MathDouble.c,2621 :: 		
0x0404	0x0012      	RETURN      0
;__Lib_MathDouble.c,2622 :: 		
COMPARE_LT:
;__Lib_MathDouble.c,2625 :: 		
0x0406	0x90D8      	BCF         STATUS, 0, 0
;__Lib_MathDouble.c,2626 :: 		
0x0408	0x0012      	RETURN      0
;__Lib_MathDouble.c,2627 :: 		
COMPARE_EQU:
;__Lib_MathDouble.c,2630 :: 		
0x040A	0x80D8      	BSF         STATUS, 0, 0
;__Lib_MathDouble.c,2631 :: 		
0x040C	0x84D8      	BSF         STATUS, 2, 0
;__Lib_MathDouble.c,2632 :: 		
0x040E	0x0012      	RETURN      0
;__Lib_MathDouble.c,2634 :: 		
L_end_Compare_Double:
0x0410	0x0012      	RETURN      0
; end of _Compare_Double
_strchr:
;__Lib_CString.c,102 :: 		
;__Lib_CString.c,103 :: 		
L_strchr26:
;__Lib_CString.c,104 :: 		
0x0412	0xFFE9C059  	MOVFF       FARG_strchr_ptr, FSR0L
0x0416	0xFFEAC05A  	MOVFF       FARG_strchr_ptr+1, FSR0H
0x041A	0x50EE      	MOVF        POSTINC0, 0 
0x041C	0x185B      	XORWF       FARG_strchr_chr, 0 
0x041E	0xE105      	BNZ         L_strchr29
;__Lib_CString.c,105 :: 		
0x0420	0xF000C059  	MOVFF       FARG_strchr_ptr, R0
0x0424	0xF001C05A  	MOVFF       FARG_strchr_ptr+1, R1
0x0428	0xD010      	BRA         L_end_strchr
L_strchr29:
;__Lib_CString.c,106 :: 		
0x042A	0xF000C059  	MOVFF       FARG_strchr_ptr, R0
0x042E	0xF001C05A  	MOVFF       FARG_strchr_ptr+1, R1
0x0432	0x4A59      	INFSNZ      FARG_strchr_ptr, 1 
0x0434	0x2A5A      	INCF        FARG_strchr_ptr+1, 1 
0x0436	0xFFE9C000  	MOVFF       R0, FSR0L
0x043A	0xFFEAC001  	MOVFF       R1, FSR0H
0x043E	0xF000CFEE  	MOVFF       POSTINC0, R0
0x0442	0x5200      	MOVF        R0, 1 
0x0444	0xE1E6      	BNZ         L_strchr26
;__Lib_CString.c,108 :: 		
0x0446	0x6A00      	CLRF        R0 
0x0448	0x6A01      	CLRF        R1 
;__Lib_CString.c,109 :: 		
L_end_strchr:
0x044A	0x0012      	RETURN      0
; end of _strchr
_UART_Write_Text:
;__Lib_UART_c67.c,123 :: 		
;__Lib_UART_c67.c,124 :: 		
0x044C	0x6A5C      	CLRF        UART_Write_Text_counter_L0 
;__Lib_UART_c67.c,126 :: 		
0x044E	0xFFE9C059  	MOVFF       FARG_UART_Write_Text_uart_text, FSR0L
0x0452	0xFFEAC05A  	MOVFF       FARG_UART_Write_Text_uart_text+1, FSR0H
0x0456	0xF05BCFEE  	MOVFF       POSTINC0, UART_Write_Text_data__L0
;__Lib_UART_c67.c,127 :: 		
L_UART_Write_Text16:
0x045A	0x505B      	MOVF        UART_Write_Text_data__L0, 0 
0x045C	0x0A00      	XORLW       0
0x045E	0xE00D      	BZ          L_UART_Write_Text17
;__Lib_UART_c67.c,128 :: 		
0x0460	0xF067C05B  	MOVFF       UART_Write_Text_data__L0, FARG_UART_Write__data
0x0464	0xDF2A      	RCALL       _UART_Write
;__Lib_UART_c67.c,129 :: 		
0x0466	0x2A5C      	INCF        UART_Write_Text_counter_L0, 1 
;__Lib_UART_c67.c,130 :: 		
0x0468	0x505C      	MOVF        UART_Write_Text_counter_L0, 0 
0x046A	0x2459      	ADDWF       FARG_UART_Write_Text_uart_text, 0 
0x046C	0x6EE9      	MOVWF       FSR0L 
0x046E	0x0E00      	MOVLW       0
0x0470	0x205A      	ADDWFC      FARG_UART_Write_Text_uart_text+1, 0 
0x0472	0x6EEA      	MOVWF       FSR0H 
0x0474	0xF05BCFEE  	MOVFF       POSTINC0, UART_Write_Text_data__L0
;__Lib_UART_c67.c,131 :: 		
0x0478	0xD7F0      	BRA         L_UART_Write_Text16
L_UART_Write_Text17:
;__Lib_UART_c67.c,132 :: 		
L_end_UART_Write_Text:
0x047A	0x0012      	RETURN      0
; end of _UART_Write_Text
___CC2DW:
;__Lib_System.c,21 :: 		
;__Lib_System.c,23 :: 		
_CC2DL_Loop1:
;__Lib_System.c,24 :: 		
0x047C	0x0009      	TBLRD*+
;__Lib_System.c,25 :: 		
0x047E	0xFFE6CFF5  	MOVFF       TABLAT, POSTINC1
;__Lib_System.c,26 :: 		
0x0482	0x0600      	DECF        R0, 1, 0
;__Lib_System.c,27 :: 		
0x0484	0xE1FB      	BNZ         _CC2DL_Loop1
;__Lib_System.c,28 :: 		
0x0486	0x0601      	DECF        R1, 1, 0
;__Lib_System.c,29 :: 		
0x0488	0xE1F9      	BNZ         _CC2DL_Loop1
;__Lib_System.c,31 :: 		
L_end___CC2DW:
0x048A	0x0012      	RETURN      0
; end of ___CC2DW
_UART1_Init:
;__Lib_UART_c67.c,15 :: 		
;__Lib_UART_c67.c,18 :: 		
0x048C	0x0E1C      	MOVLW       _UART1_Write
0x048E	0x6E4D      	MOVWF       _UART_Wr_Ptr 
0x0490	0x0E00      	MOVLW       hi_addr(_UART1_Write)
0x0492	0x6E4E      	MOVWF       _UART_Wr_Ptr+1 
0x0494	0x0E6B      	MOVLW       FARG_UART1_Write_data_
0x0496	0x6E4F      	MOVWF       _UART_Wr_Ptr+2 
0x0498	0x0E00      	MOVLW       hi_addr(FARG_UART1_Write_data_)
0x049A	0x6E50      	MOVWF       _UART_Wr_Ptr+3 
;__Lib_UART_c67.c,19 :: 		
0x049C	0x0EFF      	MOVLW       _UART1_Read
0x049E	0x6E49      	MOVWF       _UART_Rd_Ptr 
0x04A0	0x0EFF      	MOVLW       hi_addr(_UART1_Read)
0x04A2	0x6E4A      	MOVWF       _UART_Rd_Ptr+1 
0x04A4	0x0E00      	MOVLW       0
0x04A6	0x6E4B      	MOVWF       _UART_Rd_Ptr+2 
0x04A8	0x0E00      	MOVLW       0
0x04AA	0x6E4C      	MOVWF       _UART_Rd_Ptr+3 
;__Lib_UART_c67.c,20 :: 		
0x04AC	0x0EFF      	MOVLW       _UART1_Data_Ready
0x04AE	0x6E41      	MOVWF       _UART_Rdy_Ptr 
0x04B0	0x0EFF      	MOVLW       hi_addr(_UART1_Data_Ready)
0x04B2	0x6E42      	MOVWF       _UART_Rdy_Ptr+1 
0x04B4	0x0E00      	MOVLW       0
0x04B6	0x6E43      	MOVWF       _UART_Rdy_Ptr+2 
0x04B8	0x0E00      	MOVLW       0
0x04BA	0x6E44      	MOVWF       _UART_Rdy_Ptr+3 
;__Lib_UART_c67.c,21 :: 		
0x04BC	0x0EFF      	MOVLW       _UART1_Tx_Idle
0x04BE	0x6E45      	MOVWF       _UART_Tx_Idle_Ptr 
0x04C0	0x0EFF      	MOVLW       hi_addr(_UART1_Tx_Idle)
0x04C2	0x6E46      	MOVWF       _UART_Tx_Idle_Ptr+1 
0x04C4	0x0E00      	MOVLW       0
0x04C6	0x6E47      	MOVWF       _UART_Tx_Idle_Ptr+2 
0x04C8	0x0E00      	MOVLW       0
0x04CA	0x6E48      	MOVWF       _UART_Tx_Idle_Ptr+3 
;__Lib_UART_c67.c,23 :: 		
0x04CC	0x8AAC      	BSF         TXSTA, 5 
;__Lib_UART_c67.c,24 :: 		
0x04CE	0x0E90      	MOVLW       144
0x04D0	0x6EAB      	MOVWF       RCSTA 
;__Lib_UART_c67.c,25 :: 		
0x04D2	0x8E94      	BSF         TRISC7_bit, BitPos(TRISC7_bit+0) 
;__Lib_UART_c67.c,26 :: 		
0x04D4	0x9C94      	BCF         TRISC6_bit, BitPos(TRISC6_bit+0) 
;__Lib_UART_c67.c,28 :: 		
L_UART1_Init0:
0x04D6	0xAA9E      	BTFSS       PIR1, 5 
0x04D8	0xD003      	BRA         L_UART1_Init1
;__Lib_UART_c67.c,29 :: 		
0x04DA	0xF000CFAE  	MOVFF       RCREG, R0
0x04DE	0xD7FB      	BRA         L_UART1_Init0
L_UART1_Init1:
;__Lib_UART_c67.c,30 :: 		
L_end_UART1_Init:
0x04E0	0x0012      	RETURN      0
; end of _UART1_Init
_Div_32x32_FP:
;__Lib_MathDouble.c,1325 :: 		
;__Lib_MathDouble.c,1339 :: 		
0x04E2	0x5004      	MOVF        R4, 0 
0x04E4	0x0A00      	XORLW       0
0x04E6	0xE112      	BNZ         L_Div_32x32_FP11
;__Lib_MathDouble.c,1340 :: 		
0x04E8	0x5005      	MOVF        R5, 0 
0x04EA	0x0A00      	XORLW       0
0x04EC	0xE10F      	BNZ         L_Div_32x32_FP12
;__Lib_MathDouble.c,1341 :: 		
0x04EE	0x5006      	MOVF        R6, 0 
0x04F0	0x0A00      	XORLW       0
0x04F2	0xE10C      	BNZ         L_Div_32x32_FP13
;__Lib_MathDouble.c,1342 :: 		
0x04F4	0x5007      	MOVF        R7, 0 
0x04F6	0x0A00      	XORLW       0
0x04F8	0xE109      	BNZ         L_Div_32x32_FP14
;__Lib_MathDouble.c,1343 :: 		
0x04FA	0x0EFF      	MOVLW       255
0x04FC	0x6E00      	MOVWF       R0 
;__Lib_MathDouble.c,1344 :: 		
0x04FE	0x0EFF      	MOVLW       255
0x0500	0x6E01      	MOVWF       R1 
;__Lib_MathDouble.c,1345 :: 		
0x0502	0x0E7F      	MOVLW       127
0x0504	0x6E02      	MOVWF       R2 
;__Lib_MathDouble.c,1346 :: 		
0x0506	0x0EFF      	MOVLW       255
0x0508	0x6E03      	MOVWF       R3 
;__Lib_MathDouble.c,1347 :: 		
0x050A	0xD0A4      	BRA         L_end_Div_32x32_FP
;__Lib_MathDouble.c,1348 :: 		
L_Div_32x32_FP14:
L_Div_32x32_FP13:
L_Div_32x32_FP12:
L_Div_32x32_FP11:
;__Lib_MathDouble.c,1353 :: 		
0x050C	0x6A08      	CLRF        R8, 0
;__Lib_MathDouble.c,1354 :: 		
0x050E	0x6A09      	CLRF        R9, 0
;__Lib_MathDouble.c,1356 :: 		
0x0510	0x5007      	MOVF        R7, 0, 0
;__Lib_MathDouble.c,1357 :: 		
0x0512	0xB4D8      	BTFSC       STATUS, 2, 0
;__Lib_MathDouble.c,1358 :: 		
0x0514	0xF003EF1C  	GOTO        JPDSETFDZ32
;__Lib_MathDouble.c,1360 :: 		
0x0518	0x5003      	MOVF        R3, 0, 0
;__Lib_MathDouble.c,1361 :: 		
0x051A	0xB4D8      	BTFSC       STATUS, 2, 0
;__Lib_MathDouble.c,1362 :: 		
0x051C	0xF003EF20  	GOTO        JPDRES032
;__Lib_MathDouble.c,1364 :: 		
0x0520	0x5002      	MOVF        R2, 0, 0
;__Lib_MathDouble.c,1365 :: 		
0x0522	0x1806      	XORWF       R6, 0, 0
;__Lib_MathDouble.c,1366 :: 		
0x0524	0x6E0A      	MOVWF       R10, 0
;__Lib_MathDouble.c,1367 :: 		
0x0526	0x8E02      	BSF         R2, 7, 0
;__Lib_MathDouble.c,1368 :: 		
0x0528	0x8E06      	BSF         R6, 7, 0
;__Lib_MathDouble.c,1370 :: 		
0x052A	0x6A0E      	CLRF        R14, 0
;__Lib_MathDouble.c,1371 :: 		
0x052C	0xF008C002  	MOVFF       R2, R8
;__Lib_MathDouble.c,1372 :: 		
0x0530	0xF00CC001  	MOVFF       R1, R12
;__Lib_MathDouble.c,1373 :: 		
0x0534	0xF00DC000  	MOVFF       R0, R13
;__Lib_MathDouble.c,1375 :: 		
0x0538	0x5004      	MOVF        R4, 0, 0
;__Lib_MathDouble.c,1376 :: 		
0x053A	0x5E0D      	SUBWF       R13, 1, 0
;__Lib_MathDouble.c,1377 :: 		
0x053C	0x5005      	MOVF        R5, 0, 0
;__Lib_MathDouble.c,1378 :: 		
0x053E	0xA0D8      	BTFSS       STATUS, 0, 0
;__Lib_MathDouble.c,1379 :: 		
0x0540	0x3C05      	INCFSZ      R5, 0, 0
;__Lib_MathDouble.c,1381 :: 		
0x0542	0x5E0C      	SUBWF       R12, 1, 0
;__Lib_MathDouble.c,1382 :: 		
0x0544	0x5006      	MOVF        R6, 0, 0
;__Lib_MathDouble.c,1383 :: 		
0x0546	0xA0D8      	BTFSS       STATUS, 0, 0
;__Lib_MathDouble.c,1384 :: 		
0x0548	0x3C06      	INCFSZ      R6, 0, 0
;__Lib_MathDouble.c,1386 :: 		
0x054A	0x5E08      	SUBWF       R8, 1, 0
;__Lib_MathDouble.c,1387 :: 		
0x054C	0x6A08      	CLRF        R8, 0
;__Lib_MathDouble.c,1388 :: 		
0x054E	0x6A0C      	CLRF        R12, 0
;__Lib_MathDouble.c,1389 :: 		
0x0550	0x6A0D      	CLRF        R13, 0
;__Lib_MathDouble.c,1390 :: 		
0x0552	0xA0D8      	BTFSS       STATUS, 0, 0
;__Lib_MathDouble.c,1391 :: 		
0x0554	0xF002EFB3  	GOTO        DALIGN32OK
;__Lib_MathDouble.c,1393 :: 		
0x0558	0x90D8      	BCF         STATUS, 0, 0
;__Lib_MathDouble.c,1394 :: 		
0x055A	0x3202      	RRCF        R2, 1, 0
;__Lib_MathDouble.c,1395 :: 		
0x055C	0x3201      	RRCF        R1, 1, 0
;__Lib_MathDouble.c,1396 :: 		
0x055E	0x3200      	RRCF        R0, 1, 0
;__Lib_MathDouble.c,1397 :: 		
0x0560	0x3208      	RRCF        R8, 1, 0
;__Lib_MathDouble.c,1398 :: 		
0x0562	0x0E01      	MOVLW       1
;__Lib_MathDouble.c,1399 :: 		
0x0564	0x6E0E      	MOVWF       R14, 0
;__Lib_MathDouble.c,1400 :: 		
DALIGN32OK:
;__Lib_MathDouble.c,1401 :: 		
0x0566	0x5007      	MOVF        R7, 0, 0
;__Lib_MathDouble.c,1402 :: 		
0x0568	0x5E03      	SUBWF       R3, 1, 0
;__Lib_MathDouble.c,1403 :: 		
0x056A	0xA0D8      	BTFSS       STATUS, 0, 0
;__Lib_MathDouble.c,1404 :: 		
0x056C	0xF002EFC0  	GOTO        ALTB32
;__Lib_MathDouble.c,1406 :: 		
0x0570	0x0E7E      	MOVLW       126
;__Lib_MathDouble.c,1407 :: 		
0x0572	0x240E      	ADDWF       R14, 0, 0
;__Lib_MathDouble.c,1408 :: 		
0x0574	0x2603      	ADDWF       R3, 1, 0
;__Lib_MathDouble.c,1409 :: 		
0x0576	0xB0D8      	BTFSC       STATUS, 0, 0
;__Lib_MathDouble.c,1410 :: 		
0x0578	0xF003EF24  	GOTO        JPDSETFOV32
;__Lib_MathDouble.c,1411 :: 		
0x057C	0xF002EFC6  	GOTO        DARGOK32
;__Lib_MathDouble.c,1412 :: 		
ALTB32:
;__Lib_MathDouble.c,1413 :: 		
0x0580	0x0E7E      	MOVLW       126
;__Lib_MathDouble.c,1414 :: 		
0x0582	0x240E      	ADDWF       R14, 0, 0
;__Lib_MathDouble.c,1415 :: 		
0x0584	0x2603      	ADDWF       R3, 1, 0
;__Lib_MathDouble.c,1416 :: 		
0x0586	0xA0D8      	BTFSS       STATUS, 0, 0
;__Lib_MathDouble.c,1417 :: 		
0x0588	0xF003EF28  	GOTO        JPDSETFUN32
;__Lib_MathDouble.c,1418 :: 		
DARGOK32:
;__Lib_MathDouble.c,1419 :: 		
0x058C	0x0E18      	MOVLW       24
;__Lib_MathDouble.c,1420 :: 		
0x058E	0x6E0B      	MOVWF       R11, 0
;__Lib_MathDouble.c,1421 :: 		
DLOOP32:
;__Lib_MathDouble.c,1422 :: 		
0x0590	0x360D      	RLCF        R13, 1, 0
;__Lib_MathDouble.c,1423 :: 		
0x0592	0x360C      	RLCF        R12, 1, 0
;__Lib_MathDouble.c,1424 :: 		
0x0594	0x3608      	RLCF        R8, 1, 0
;__Lib_MathDouble.c,1425 :: 		
0x0596	0x3600      	RLCF        R0, 1, 0
;__Lib_MathDouble.c,1426 :: 		
0x0598	0x3601      	RLCF        R1, 1, 0
;__Lib_MathDouble.c,1427 :: 		
0x059A	0x3602      	RLCF        R2, 1, 0
;__Lib_MathDouble.c,1428 :: 		
0x059C	0x360E      	RLCF        R14, 1, 0
;__Lib_MathDouble.c,1430 :: 		
0x059E	0x5004      	MOVF        R4, 0, 0
;__Lib_MathDouble.c,1431 :: 		
0x05A0	0x5E00      	SUBWF       R0, 1, 0
;__Lib_MathDouble.c,1432 :: 		
0x05A2	0x5005      	MOVF        R5, 0, 0
;__Lib_MathDouble.c,1433 :: 		
0x05A4	0xA0D8      	BTFSS       STATUS, 0, 0
;__Lib_MathDouble.c,1434 :: 		
0x05A6	0x3C05      	INCFSZ      R5, 0, 0
;__Lib_MathDouble.c,1436 :: 		
0x05A8	0x5E01      	SUBWF       R1, 1, 0
;__Lib_MathDouble.c,1437 :: 		
0x05AA	0x5006      	MOVF        R6, 0, 0
;__Lib_MathDouble.c,1438 :: 		
0x05AC	0xA0D8      	BTFSS       STATUS, 0, 0
;__Lib_MathDouble.c,1439 :: 		
0x05AE	0x3C06      	INCFSZ      R6, 0, 0
;__Lib_MathDouble.c,1441 :: 		
0x05B0	0x5E02      	SUBWF       R2, 1, 0
;__Lib_MathDouble.c,1442 :: 		
0x05B2	0x3406      	RLCF        R6, 0, 0
;__Lib_MathDouble.c,1443 :: 		
0x05B4	0x120E      	IORWF       R14, 1, 0
;__Lib_MathDouble.c,1444 :: 		
0x05B6	0xA00E      	BTFSS       R14, 0, 0
;__Lib_MathDouble.c,1445 :: 		
0x05B8	0xF002EFE1  	GOTO        DREST32
;__Lib_MathDouble.c,1446 :: 		
0x05BC	0x800D      	BSF         R13, 0, 0
;__Lib_MathDouble.c,1447 :: 		
0x05BE	0xF002EFEC  	GOTO        DOK32
;__Lib_MathDouble.c,1448 :: 		
DREST32:
;__Lib_MathDouble.c,1449 :: 		
0x05C2	0x5004      	MOVF        R4, 0, 0
;__Lib_MathDouble.c,1450 :: 		
0x05C4	0x2600      	ADDWF       R0, 1, 0
;__Lib_MathDouble.c,1451 :: 		
0x05C6	0x5005      	MOVF        R5, 0, 0
;__Lib_MathDouble.c,1452 :: 		
0x05C8	0xB0D8      	BTFSC       STATUS, 0, 0
;__Lib_MathDouble.c,1453 :: 		
0x05CA	0x3C05      	INCFSZ      R5, 0, 0
;__Lib_MathDouble.c,1455 :: 		
0x05CC	0x2601      	ADDWF       R1, 1, 0
;__Lib_MathDouble.c,1456 :: 		
0x05CE	0x5006      	MOVF        R6, 0, 0
;__Lib_MathDouble.c,1457 :: 		
0x05D0	0xB0D8      	BTFSC       STATUS, 0, 0
;__Lib_MathDouble.c,1458 :: 		
0x05D2	0x2806      	INCF        R6, 0, 0
;__Lib_MathDouble.c,1459 :: 		
0x05D4	0x2602      	ADDWF       R2, 1, 0
;__Lib_MathDouble.c,1460 :: 		
0x05D6	0x900D      	BCF         R13, 0, 0
;__Lib_MathDouble.c,1461 :: 		
DOK32:
;__Lib_MathDouble.c,1462 :: 		
0x05D8	0x2E0B      	DECFSZ      R11, 1, 0
;__Lib_MathDouble.c,1463 :: 		
0x05DA	0xF002EFC8  	GOTO        DLOOP32
;__Lib_MathDouble.c,1467 :: 		
0x05DE	0xF003EF12  	GOTO        DIV32OK
;__Lib_MathDouble.c,1468 :: 		
0x05E2	0x90D8      	BCF         STATUS, 0, 0
;__Lib_MathDouble.c,1469 :: 		
0x05E4	0x3600      	RLCF        R0, 1, 0
;__Lib_MathDouble.c,1470 :: 		
0x05E6	0x3601      	RLCF        R1, 1, 0
;__Lib_MathDouble.c,1471 :: 		
0x05E8	0x3602      	RLCF        R2, 1, 0
;__Lib_MathDouble.c,1472 :: 		
0x05EA	0x360E      	RLCF        R14, 1, 0
;__Lib_MathDouble.c,1474 :: 		
0x05EC	0x5004      	MOVF        R4, 0, 0
;__Lib_MathDouble.c,1475 :: 		
0x05EE	0x5E00      	SUBWF       R0, 1, 0
;__Lib_MathDouble.c,1476 :: 		
0x05F0	0x5005      	MOVF        R5, 0, 0
;__Lib_MathDouble.c,1477 :: 		
0x05F2	0xA0D8      	BTFSS       STATUS, 0, 0
;__Lib_MathDouble.c,1478 :: 		
0x05F4	0x3C05      	INCFSZ      R5, 0, 0
;__Lib_MathDouble.c,1479 :: 		
0x05F6	0x5E01      	SUBWF       R1, 1, 0
;__Lib_MathDouble.c,1480 :: 		
0x05F8	0x5006      	MOVF        R6, 0, 0
;__Lib_MathDouble.c,1481 :: 		
0x05FA	0xA0D8      	BTFSS       STATUS, 0, 0
;__Lib_MathDouble.c,1482 :: 		
0x05FC	0x3C06      	INCFSZ      R6, 0, 0
;__Lib_MathDouble.c,1483 :: 		
0x05FE	0x5E02      	SUBWF       R2, 1, 0
;__Lib_MathDouble.c,1484 :: 		
0x0600	0x3406      	RLCF        R6, 0, 0
;__Lib_MathDouble.c,1485 :: 		
0x0602	0x100E      	IORWF       R14, 0, 0
;__Lib_MathDouble.c,1486 :: 		
0x0604	0x0B01      	ANDLW       1
;__Lib_MathDouble.c,1487 :: 		
0x0606	0x260D      	ADDWF       R13, 1, 0
;__Lib_MathDouble.c,1488 :: 		
0x0608	0xB0D8      	BTFSC       STATUS, 0, 0
;__Lib_MathDouble.c,1489 :: 		
0x060A	0x2A0C      	INCF        R12, 1, 0
;__Lib_MathDouble.c,1490 :: 		
0x060C	0xB4D8      	BTFSC       STATUS, 2, 0
;__Lib_MathDouble.c,1491 :: 		
0x060E	0x2A08      	INCF        R8, 1, 0
;__Lib_MathDouble.c,1492 :: 		
0x0610	0xA4D8      	BTFSS       STATUS, 2, 0
;__Lib_MathDouble.c,1493 :: 		
0x0612	0xF003EF12  	GOTO        DIV32OK
;__Lib_MathDouble.c,1494 :: 		
0x0616	0x3208      	RRCF        R8, 1, 0
;__Lib_MathDouble.c,1495 :: 		
0x0618	0x320C      	RRCF        R12, 1, 0
;__Lib_MathDouble.c,1496 :: 		
0x061A	0x320D      	RRCF        R13, 1, 0
;__Lib_MathDouble.c,1497 :: 		
0x061C	0x2A03      	INCF        R3, 1, 0
;__Lib_MathDouble.c,1498 :: 		
0x061E	0xB4D8      	BTFSC       STATUS, 2, 0
;__Lib_MathDouble.c,1499 :: 		
0x0620	0xF003EF24  	GOTO        JPDSETFOV32
;__Lib_MathDouble.c,1500 :: 		
DIV32OK:
;__Lib_MathDouble.c,1501 :: 		
0x0624	0xAE0A      	BTFSS       R10, 7, 0
;__Lib_MathDouble.c,1502 :: 		
0x0626	0x9E08      	BCF         R8, 7, 0
;__Lib_MathDouble.c,1503 :: 		
0x0628	0x5008      	MOVF        R8, 0, 0
;__Lib_MathDouble.c,1504 :: 		
0x062A	0x6E02      	MOVWF       R2, 0
;__Lib_MathDouble.c,1505 :: 		
0x062C	0x500C      	MOVF        R12, 0, 0
;__Lib_MathDouble.c,1506 :: 		
0x062E	0x6E01      	MOVWF       R1, 0
;__Lib_MathDouble.c,1507 :: 		
0x0630	0x500D      	MOVF        R13, 0, 0
;__Lib_MathDouble.c,1508 :: 		
0x0632	0x6E00      	MOVWF       R0, 0
;__Lib_MathDouble.c,1511 :: 		
0x0634	0xF003EF2A  	GOTO        DIV32EEE
;__Lib_MathDouble.c,1512 :: 		
JPDSETFDZ32:
;__Lib_MathDouble.c,1513 :: 		
0x0638	0x0E01      	MOVLW       1
;__Lib_MathDouble.c,1516 :: 		
0x063A	0xDDC6      	RCALL       _SETFDZ32
;__Lib_MathDouble.c,1518 :: 		
0x063C	0xF003EF2A  	GOTO        DIV32EEE
;__Lib_MathDouble.c,1519 :: 		
JPDRES032:
;__Lib_MathDouble.c,1520 :: 		
0x0640	0x0E02      	MOVLW       2
;__Lib_MathDouble.c,1523 :: 		
0x0642	0xDD09      	RCALL       _RES032
;__Lib_MathDouble.c,1525 :: 		
0x0644	0xF003EF2A  	GOTO        DIV32EEE
;__Lib_MathDouble.c,1526 :: 		
JPDSETFOV32:
;__Lib_MathDouble.c,1527 :: 		
0x0648	0x0E04      	MOVLW       4
;__Lib_MathDouble.c,1530 :: 		
0x064A	0xDD18      	RCALL       _SETFOV32
;__Lib_MathDouble.c,1532 :: 		
0x064C	0xF003EF2A  	GOTO        DIV32EEE
;__Lib_MathDouble.c,1533 :: 		
JPDSETFUN32:
;__Lib_MathDouble.c,1534 :: 		
0x0650	0x0E08      	MOVLW       8
;__Lib_MathDouble.c,1537 :: 		
0x0652	0xDCF4      	RCALL       _SETFUN32
;__Lib_MathDouble.c,1539 :: 		
DIV32EEE:
;__Lib_MathDouble.c,1547 :: 		
L_end_Div_32x32_FP:
0x0654	0x0012      	RETURN      0
; end of _Div_32x32_FP
_ADC_Read:
;__Lib_ADC_A_D.c,51 :: 		
;__Lib_ADC_A_D.c,54 :: 		
0x0656	0x6AC2      	CLRF        ADCON0 
;__Lib_ADC_A_D.c,55 :: 		
0x0658	0x1C15      	COMF        _vref_mask, 0 
0x065A	0x6E00      	MOVWF       R0 
0x065C	0x5000      	MOVF        R0, 0 
0x065E	0x16C1      	ANDWF       ADCON1, 1 
;__Lib_ADC_A_D.c,56 :: 		
0x0660	0x0E07      	MOVLW       7
0x0662	0x12C0      	IORWF       ADCON2, 1 
;__Lib_ADC_A_D.c,57 :: 		
0x0664	0x8EC0      	BSF         ADCON2, 7 
;__Lib_ADC_A_D.c,58 :: 		
0x0666	0xF000C059  	MOVFF       FARG_ADC_Read_channel, R0
0x066A	0x3600      	RLCF        R0, 1 
0x066C	0x9000      	BCF         R0, 0 
0x066E	0x3600      	RLCF        R0, 1 
0x0670	0x9000      	BCF         R0, 0 
0x0672	0x5000      	MOVF        R0, 0 
0x0674	0x12C2      	IORWF       ADCON0, 1 
;__Lib_ADC_A_D.c,59 :: 		
0x0676	0x80C2      	BSF         ADCON0, 0 
;__Lib_ADC_A_D.c,60 :: 		
0x0678	0xDDA1      	RCALL       _Delay_22us
;__Lib_ADC_A_D.c,61 :: 		
0x067A	0x82C2      	BSF         ADCON0, 1 
;__Lib_ADC_A_D.c,62 :: 		
L_ADC_Read2:
0x067C	0xA2C2      	BTFSS       ADCON0, 1 
0x067E	0xD001      	BRA         L_ADC_Read3
;__Lib_ADC_A_D.c,63 :: 		
0x0680	0xD7FD      	BRA         L_ADC_Read2
L_ADC_Read3:
;__Lib_ADC_A_D.c,64 :: 		
0x0682	0xF001CFC4  	MOVFF       ADRESH, R1
0x0686	0x6A00      	CLRF        R0 
;__Lib_ADC_A_D.c,65 :: 		
0x0688	0x50C3      	MOVF        ADRESL, 0 
0x068A	0x1200      	IORWF       R0, 1 
0x068C	0x0E00      	MOVLW       0
0x068E	0x1201      	IORWF       R1, 1 
;__Lib_ADC_A_D.c,66 :: 		
0x0690	0x90C2      	BCF         ADCON0, 0 
;__Lib_ADC_A_D.c,68 :: 		
;__Lib_ADC_A_D.c,69 :: 		
L_end_ADC_Read:
0x0692	0x0012      	RETURN      0
; end of _ADC_Read
_word2double:
;__Lib_MathDouble.c,2335 :: 		
;__Lib_MathDouble.c,2344 :: 		
0x0694	0x5000      	MOVF        R0, 0, 0
;__Lib_MathDouble.c,2345 :: 		
0x0696	0x6E08      	MOVWF       R8, 0
;__Lib_MathDouble.c,2346 :: 		
0x0698	0x5001      	MOVF        R1, 0, 0
;__Lib_MathDouble.c,2347 :: 		
0x069A	0x6E00      	MOVWF       R0, 0
;__Lib_MathDouble.c,2348 :: 		
0x069C	0x6A01      	CLRF        R1, 0
;__Lib_MathDouble.c,2349 :: 		
0x069E	0x6A02      	CLRF        R2, 0
;__Lib_MathDouble.c,2350 :: 		
0x06A0	0x6A03      	CLRF        R3, 0
;__Lib_MathDouble.c,2353 :: 		
0x06A2	0x6A0B      	CLRF        R11, 0
;__Lib_MathDouble.c,2354 :: 		
0x06A4	0x6A0C      	CLRF        R12, 0
;__Lib_MathDouble.c,2356 :: 		
0x06A6	0x0E96      	MOVLW       150
;__Lib_MathDouble.c,2357 :: 		
0x06A8	0x6E03      	MOVWF       R3, 0
;__Lib_MathDouble.c,2358 :: 		
0x06AA	0x6A0A      	CLRF        R10, 0
;__Lib_MathDouble.c,2360 :: 		
0x06AC	0xF001C000  	MOVFF       R0, R1
;__Lib_MathDouble.c,2361 :: 		
0x06B0	0xF000C008  	MOVFF       R8, R0
;__Lib_MathDouble.c,2362 :: 		
0x06B4	0x6A08      	CLRF        R8, 0
;__Lib_MathDouble.c,2363 :: 		
0x06B6	0x6A02      	CLRF        R2, 0
;__Lib_MathDouble.c,2365 :: 		
0x06B8	0xDE0C      	RCALL       _NRM3232
;__Lib_MathDouble.c,2366 :: 		
L_end_word2double:
0x06BA	0x0012      	RETURN      0
; end of _word2double
_FloatToStr:
;__Lib_Conversions.c,521 :: 		
;__Lib_Conversions.c,523 :: 		
0x06BC	0x6A65      	CLRF        FloatToStr_bpoint_L0 
0x06BE	0x6A66      	CLRF        FloatToStr_dexpon_L0 
;__Lib_Conversions.c,528 :: 		
0x06C0	0xF061C059  	MOVFF       FARG_FloatToStr_fnum, FloatToStr_un_L0
0x06C4	0xF062C05A  	MOVFF       FARG_FloatToStr_fnum+1, FloatToStr_un_L0+1
0x06C8	0xF063C05B  	MOVFF       FARG_FloatToStr_fnum+2, FloatToStr_un_L0+2
0x06CC	0xF064C05C  	MOVFF       FARG_FloatToStr_fnum+3, FloatToStr_un_L0+3
;__Lib_Conversions.c,529 :: 		
0x06D0	0x5064      	MOVF        FloatToStr_un_L0+3, 0 
0x06D2	0x0AFF      	XORLW       255
0x06D4	0xE108      	BNZ         L__FloatToStr197
0x06D6	0x5063      	MOVF        FloatToStr_un_L0+2, 0 
0x06D8	0x0AFF      	XORLW       255
0x06DA	0xE105      	BNZ         L__FloatToStr197
0x06DC	0x5062      	MOVF        FloatToStr_un_L0+1, 0 
0x06DE	0x0AFF      	XORLW       255
0x06E0	0xE102      	BNZ         L__FloatToStr197
0x06E2	0x5061      	MOVF        FloatToStr_un_L0, 0 
0x06E4	0x0AFF      	XORLW       255
L__FloatToStr197:
0x06E6	0xE10C      	BNZ         L_FloatToStr90
;__Lib_Conversions.c,530 :: 		
0x06E8	0xF067C05D  	MOVFF       FARG_FloatToStr_str, FARG_strcpy_to
0x06EC	0xF068C05E  	MOVFF       FARG_FloatToStr_str+1, FARG_strcpy_to+1
0x06F0	0x0E16      	MOVLW       ?lstr1___Lib_Conversions
0x06F2	0x6E69      	MOVWF       FARG_strcpy_from 
0x06F4	0x0E00      	MOVLW       hi_addr(?lstr1___Lib_Conversions)
0x06F6	0x6E6A      	MOVWF       FARG_strcpy_from+1 
0x06F8	0xDDBA      	RCALL       _strcpy
;__Lib_Conversions.c,531 :: 		
0x06FA	0x0E03      	MOVLW       3
0x06FC	0x6E00      	MOVWF       R0 
0x06FE	0xD1EB      	BRA         L_end_FloatToStr
;__Lib_Conversions.c,532 :: 		
L_FloatToStr90:
;__Lib_Conversions.c,533 :: 		
0x0700	0x0E01      	MOVLW       1
0x0702	0x6E5F      	MOVWF       FloatToStr_i_L0 
;__Lib_Conversions.c,534 :: 		
0x0704	0xAE63      	BTFSS       FloatToStr_un_L0+2, 7 
0x0706	0xD00E      	BRA         L_FloatToStr91
;__Lib_Conversions.c,535 :: 		
0x0708	0x0E80      	MOVLW       128
0x070A	0x1863      	XORWF       FloatToStr_un_L0+2, 0 
0x070C	0x6E00      	MOVWF       R0 
0x070E	0xF063C000  	MOVFF       R0, FloatToStr_un_L0+2
;__Lib_Conversions.c,536 :: 		
0x0712	0x2A5F      	INCF        FloatToStr_i_L0, 1 
;__Lib_Conversions.c,537 :: 		
0x0714	0xFFE1C05D  	MOVFF       FARG_FloatToStr_str, FSR1L
0x0718	0xFFE2C05E  	MOVFF       FARG_FloatToStr_str+1, FSR1H
0x071C	0x0E2D      	MOVLW       45
0x071E	0x6EE6      	MOVWF       POSTINC1 
0x0720	0x4A5D      	INFSNZ      FARG_FloatToStr_str, 1 
0x0722	0x2A5E      	INCF        FARG_FloatToStr_str+1, 1 
;__Lib_Conversions.c,538 :: 		
L_FloatToStr91:
;__Lib_Conversions.c,539 :: 		
0x0724	0x0E00      	MOVLW       0
0x0726	0x6E00      	MOVWF       R0 
0x0728	0x1864      	XORWF       FloatToStr_un_L0+3, 0 
0x072A	0xE108      	BNZ         L__FloatToStr198
0x072C	0x5000      	MOVF        R0, 0 
0x072E	0x1863      	XORWF       FloatToStr_un_L0+2, 0 
0x0730	0xE105      	BNZ         L__FloatToStr198
0x0732	0x5000      	MOVF        R0, 0 
0x0734	0x1862      	XORWF       FloatToStr_un_L0+1, 0 
0x0736	0xE102      	BNZ         L__FloatToStr198
0x0738	0x5061      	MOVF        FloatToStr_un_L0, 0 
0x073A	0x0A00      	XORLW       0
L__FloatToStr198:
0x073C	0xE10B      	BNZ         L_FloatToStr92
;__Lib_Conversions.c,540 :: 		
0x073E	0xF067C05D  	MOVFF       FARG_FloatToStr_str, FARG_strcpy_to
0x0742	0xF068C05E  	MOVFF       FARG_FloatToStr_str+1, FARG_strcpy_to+1
0x0746	0x0E3B      	MOVLW       ?lstr2___Lib_Conversions
0x0748	0x6E69      	MOVWF       FARG_strcpy_from 
0x074A	0x0E00      	MOVLW       hi_addr(?lstr2___Lib_Conversions)
0x074C	0x6E6A      	MOVWF       FARG_strcpy_from+1 
0x074E	0xDD8F      	RCALL       _strcpy
;__Lib_Conversions.c,541 :: 		
0x0750	0x6A00      	CLRF        R0 
0x0752	0xD1C1      	BRA         L_end_FloatToStr
;__Lib_Conversions.c,542 :: 		
L_FloatToStr92:
;__Lib_Conversions.c,543 :: 		
0x0754	0x5064      	MOVF        FloatToStr_un_L0+3, 0 
0x0756	0x0AFF      	XORLW       255
0x0758	0xE108      	BNZ         L__FloatToStr199
0x075A	0x5063      	MOVF        FloatToStr_un_L0+2, 0 
0x075C	0x0A00      	XORLW       0
0x075E	0xE105      	BNZ         L__FloatToStr199
0x0760	0x5062      	MOVF        FloatToStr_un_L0+1, 0 
0x0762	0x0A00      	XORLW       0
0x0764	0xE102      	BNZ         L__FloatToStr199
0x0766	0x5061      	MOVF        FloatToStr_un_L0, 0 
0x0768	0x0A00      	XORLW       0
L__FloatToStr199:
0x076A	0xE10C      	BNZ         L_FloatToStr93
;__Lib_Conversions.c,544 :: 		
0x076C	0xF067C05D  	MOVFF       FARG_FloatToStr_str, FARG_strcpy_to
0x0770	0xF068C05E  	MOVFF       FARG_FloatToStr_str+1, FARG_strcpy_to+1
0x0774	0x0E3D      	MOVLW       ?lstr3___Lib_Conversions
0x0776	0x6E69      	MOVWF       FARG_strcpy_from 
0x0778	0x0E00      	MOVLW       hi_addr(?lstr3___Lib_Conversions)
0x077A	0x6E6A      	MOVWF       FARG_strcpy_from+1 
0x077C	0xDD78      	RCALL       _strcpy
;__Lib_Conversions.c,545 :: 		
0x077E	0xF000C05F  	MOVFF       FloatToStr_i_L0, R0
0x0782	0xD1A9      	BRA         L_end_FloatToStr
;__Lib_Conversions.c,546 :: 		
L_FloatToStr93:
;__Lib_Conversions.c,554 :: 		
L_FloatToStr94:
0x0784	0x0E00      	MOVLW       0
0x0786	0x6E04      	MOVWF       R4 
0x0788	0x0E00      	MOVLW       0
0x078A	0x6E05      	MOVWF       R5 
0x078C	0x0E00      	MOVLW       0
0x078E	0x6E06      	MOVWF       R6 
0x0790	0x0E7F      	MOVLW       127
0x0792	0x6E07      	MOVWF       R7 
0x0794	0xF000C061  	MOVFF       FloatToStr_un_L0, R0
0x0798	0xF001C062  	MOVFF       FloatToStr_un_L0+1, R1
0x079C	0xF002C063  	MOVFF       FloatToStr_un_L0+2, R2
0x07A0	0xF003C064  	MOVFF       FloatToStr_un_L0+3, R3
0x07A4	0xDDCF      	RCALL       _Compare_Double
0x07A6	0x0E01      	MOVLW       1
0x07A8	0xB0D8      	BTFSC       STATUS, 0 
0x07AA	0x0E00      	MOVLW       0
0x07AC	0x6E00      	MOVWF       R0 
0x07AE	0x5200      	MOVF        R0, 1 
0x07B0	0xE01B      	BZ          L_FloatToStr95
;__Lib_Conversions.c,555 :: 		
0x07B2	0xF000C061  	MOVFF       FloatToStr_un_L0, R0
0x07B6	0xF001C062  	MOVFF       FloatToStr_un_L0+1, R1
0x07BA	0xF002C063  	MOVFF       FloatToStr_un_L0+2, R2
0x07BE	0xF003C064  	MOVFF       FloatToStr_un_L0+3, R3
0x07C2	0x0E00      	MOVLW       0
0x07C4	0x6E04      	MOVWF       R4 
0x07C6	0x0E00      	MOVLW       0
0x07C8	0x6E05      	MOVWF       R5 
0x07CA	0x0E20      	MOVLW       32
0x07CC	0x6E06      	MOVWF       R6 
0x07CE	0x0E82      	MOVLW       130
0x07D0	0x6E07      	MOVWF       R7 
0x07D2	0xDC64      	RCALL       _Mul_32x32_FP
0x07D4	0xF061C000  	MOVFF       R0, FloatToStr_un_L0
0x07D8	0xF062C001  	MOVFF       R1, FloatToStr_un_L0+1
0x07DC	0xF063C002  	MOVFF       R2, FloatToStr_un_L0+2
0x07E0	0xF064C003  	MOVFF       R3, FloatToStr_un_L0+3
;__Lib_Conversions.c,556 :: 		
0x07E4	0x0666      	DECF        FloatToStr_dexpon_L0, 1 
;__Lib_Conversions.c,557 :: 		
0x07E6	0xD7CE      	BRA         L_FloatToStr94
L_FloatToStr95:
;__Lib_Conversions.c,562 :: 		
L_FloatToStr96:
0x07E8	0x0E00      	MOVLW       0
0x07EA	0x6E04      	MOVWF       R4 
0x07EC	0x0E00      	MOVLW       0
0x07EE	0x6E05      	MOVWF       R5 
0x07F0	0x0E20      	MOVLW       32
0x07F2	0x6E06      	MOVWF       R6 
0x07F4	0x0E82      	MOVLW       130
0x07F6	0x6E07      	MOVWF       R7 
0x07F8	0xF000C061  	MOVFF       FloatToStr_un_L0, R0
0x07FC	0xF001C062  	MOVFF       FloatToStr_un_L0+1, R1
0x0800	0xF002C063  	MOVFF       FloatToStr_un_L0+2, R2
0x0804	0xF003C064  	MOVFF       FloatToStr_un_L0+3, R3
0x0808	0xDD9D      	RCALL       _Compare_Double
0x080A	0x0E00      	MOVLW       0
0x080C	0xB0D8      	BTFSC       STATUS, 0 
0x080E	0x0E01      	MOVLW       1
0x0810	0x6E00      	MOVWF       R0 
0x0812	0x5200      	MOVF        R0, 1 
0x0814	0xE01B      	BZ          L_FloatToStr97
;__Lib_Conversions.c,563 :: 		
0x0816	0xF000C061  	MOVFF       FloatToStr_un_L0, R0
0x081A	0xF001C062  	MOVFF       FloatToStr_un_L0+1, R1
0x081E	0xF002C063  	MOVFF       FloatToStr_un_L0+2, R2
0x0822	0xF003C064  	MOVFF       FloatToStr_un_L0+3, R3
0x0826	0x0ECD      	MOVLW       205
0x0828	0x6E04      	MOVWF       R4 
0x082A	0x0ECC      	MOVLW       204
0x082C	0x6E05      	MOVWF       R5 
0x082E	0x0E4C      	MOVLW       76
0x0830	0x6E06      	MOVWF       R6 
0x0832	0x0E7B      	MOVLW       123
0x0834	0x6E07      	MOVWF       R7 
0x0836	0xDC32      	RCALL       _Mul_32x32_FP
0x0838	0xF061C000  	MOVFF       R0, FloatToStr_un_L0
0x083C	0xF062C001  	MOVFF       R1, FloatToStr_un_L0+1
0x0840	0xF063C002  	MOVFF       R2, FloatToStr_un_L0+2
0x0844	0xF064C003  	MOVFF       R3, FloatToStr_un_L0+3
;__Lib_Conversions.c,564 :: 		
0x0848	0x2A66      	INCF        FloatToStr_dexpon_L0, 1 
;__Lib_Conversions.c,565 :: 		
0x084A	0xD7CE      	BRA         L_FloatToStr96
L_FloatToStr97:
;__Lib_Conversions.c,574 :: 		
0x084C	0x0EFF      	MOVLW       255
0x084E	0x1461      	ANDWF       FloatToStr_un_L0, 0 
0x0850	0x6E08      	MOVWF       R8 
0x0852	0x0EFF      	MOVLW       255
0x0854	0x1462      	ANDWF       FloatToStr_un_L0+1, 0 
0x0856	0x6E09      	MOVWF       R9 
0x0858	0x0E7F      	MOVLW       127
0x085A	0x1463      	ANDWF       FloatToStr_un_L0+2, 0 
0x085C	0x6E0A      	MOVWF       R10 
0x085E	0x0E00      	MOVLW       0
0x0860	0x1464      	ANDWF       FloatToStr_un_L0+3, 0 
0x0862	0x6E0B      	MOVWF       R11 
;__Lib_Conversions.c,575 :: 		
0x0864	0xF004C008  	MOVFF       R8, R4
0x0868	0xF005C009  	MOVFF       R9, R5
0x086C	0xF006C00A  	MOVFF       R10, R6
0x0870	0xF007C00B  	MOVFF       R11, R7
0x0874	0x3604      	RLCF        R4, 1 
0x0876	0x9004      	BCF         R4, 0 
0x0878	0x3605      	RLCF        R5, 1 
0x087A	0x3606      	RLCF        R6, 1 
0x087C	0x3607      	RLCF        R7, 1 
;__Lib_Conversions.c,576 :: 		
0x087E	0x0E00      	MOVLW       0
0x0880	0x1461      	ANDWF       FloatToStr_un_L0, 0 
0x0882	0x6E00      	MOVWF       R0 
0x0884	0x0E00      	MOVLW       0
0x0886	0x1462      	ANDWF       FloatToStr_un_L0+1, 0 
0x0888	0x6E01      	MOVWF       R1 
0x088A	0x0E00      	MOVLW       0
0x088C	0x1463      	ANDWF       FloatToStr_un_L0+2, 0 
0x088E	0x6E02      	MOVWF       R2 
0x0890	0x0EFF      	MOVLW       255
0x0892	0x1464      	ANDWF       FloatToStr_un_L0+3, 0 
0x0894	0x6E03      	MOVWF       R3 
0x0896	0xF061C000  	MOVFF       R0, FloatToStr_un_L0
0x089A	0xF062C001  	MOVFF       R1, FloatToStr_un_L0+1
0x089E	0xF063C002  	MOVFF       R2, FloatToStr_un_L0+2
0x08A2	0xF064C003  	MOVFF       R3, FloatToStr_un_L0+3
;__Lib_Conversions.c,577 :: 		
0x08A6	0x5004      	MOVF        R4, 0 
0x08A8	0x1061      	IORWF       FloatToStr_un_L0, 0 
0x08AA	0x6E00      	MOVWF       R0 
0x08AC	0x5005      	MOVF        R5, 0 
0x08AE	0x1062      	IORWF       FloatToStr_un_L0+1, 0 
0x08B0	0x6E01      	MOVWF       R1 
0x08B2	0x5006      	MOVF        R6, 0 
0x08B4	0x1063      	IORWF       FloatToStr_un_L0+2, 0 
0x08B6	0x6E02      	MOVWF       R2 
0x08B8	0x5007      	MOVF        R7, 0 
0x08BA	0x1064      	IORWF       FloatToStr_un_L0+3, 0 
0x08BC	0x6E03      	MOVWF       R3 
0x08BE	0xF061C000  	MOVFF       R0, FloatToStr_un_L0
0x08C2	0xF062C001  	MOVFF       R1, FloatToStr_un_L0+1
0x08C6	0xF063C002  	MOVFF       R2, FloatToStr_un_L0+2
0x08CA	0xF064C003  	MOVFF       R3, FloatToStr_un_L0+3
;__Lib_Conversions.c,579 :: 		
0x08CE	0x0E7F      	MOVLW       127
0x08D0	0x5C64      	SUBWF       FloatToStr_un_L0+3, 0 
0x08D2	0x6E00      	MOVWF       R0 
0x08D4	0xF060C000  	MOVFF       R0, FloatToStr_d_L0
;__Lib_Conversions.c,582 :: 		
0x08D8	0x0E01      	MOVLW       1
0x08DA	0x6E64      	MOVWF       FloatToStr_un_L0+3 
;__Lib_Conversions.c,583 :: 		
0x08DC	0xF004C000  	MOVFF       R0, R4
0x08E0	0xF000C061  	MOVFF       FloatToStr_un_L0, R0
0x08E4	0xF001C062  	MOVFF       FloatToStr_un_L0+1, R1
0x08E8	0xF002C063  	MOVFF       FloatToStr_un_L0+2, R2
0x08EC	0xF003C064  	MOVFF       FloatToStr_un_L0+3, R3
0x08F0	0x5004      	MOVF        R4, 0 
L__FloatToStr200:
0x08F2	0xE007      	BZ          L__FloatToStr201
0x08F4	0x3600      	RLCF        R0, 1 
0x08F6	0x9000      	BCF         R0, 0 
0x08F8	0x3601      	RLCF        R1, 1 
0x08FA	0x3602      	RLCF        R2, 1 
0x08FC	0x3603      	RLCF        R3, 1 
0x08FE	0x0FFF      	ADDLW       255
0x0900	0xD7F8      	BRA         L__FloatToStr200
L__FloatToStr201:
0x0902	0xF061C000  	MOVFF       R0, FloatToStr_un_L0
0x0906	0xF062C001  	MOVFF       R1, FloatToStr_un_L0+1
0x090A	0xF063C002  	MOVFF       R2, FloatToStr_un_L0+2
0x090E	0xF064C003  	MOVFF       R3, FloatToStr_un_L0+3
;__Lib_Conversions.c,584 :: 		
0x0912	0xFFE1C05D  	MOVFF       FARG_FloatToStr_str, FSR1L
0x0916	0xFFE2C05E  	MOVFF       FARG_FloatToStr_str+1, FSR1H
0x091A	0x5064      	MOVF        FloatToStr_un_L0+3, 0 
0x091C	0x0F30      	ADDLW       48
0x091E	0x6EE6      	MOVWF       POSTINC1 
0x0920	0x4A5D      	INFSNZ      FARG_FloatToStr_str, 1 
0x0922	0x2A5E      	INCF        FARG_FloatToStr_str+1, 1 
;__Lib_Conversions.c,585 :: 		
0x0924	0x0E80      	MOVLW       128
0x0926	0x1866      	XORWF       FloatToStr_dexpon_L0, 0 
0x0928	0x6E00      	MOVWF       R0 
0x092A	0x0E80      	MOVLW       128
0x092C	0x0A01      	XORLW       1
0x092E	0x5C00      	SUBWF       R0, 0 
0x0930	0xE308      	BNC         L__FloatToStr148
0x0932	0x0E80      	MOVLW       128
0x0934	0x0A06      	XORLW       6
0x0936	0x6E00      	MOVWF       R0 
0x0938	0x0E80      	MOVLW       128
0x093A	0x1866      	XORWF       FloatToStr_dexpon_L0, 0 
0x093C	0x5C00      	SUBWF       R0, 0 
0x093E	0xE301      	BNC         L__FloatToStr148
0x0940	0xD00A      	BRA         L_FloatToStr100
L__FloatToStr148:
;__Lib_Conversions.c,586 :: 		
0x0942	0xFFE1C05D  	MOVFF       FARG_FloatToStr_str, FSR1L
0x0946	0xFFE2C05E  	MOVFF       FARG_FloatToStr_str+1, FSR1H
0x094A	0x0E2E      	MOVLW       46
0x094C	0x6EE6      	MOVWF       POSTINC1 
0x094E	0x4A5D      	INFSNZ      FARG_FloatToStr_str, 1 
0x0950	0x2A5E      	INCF        FARG_FloatToStr_str+1, 1 
;__Lib_Conversions.c,587 :: 		
0x0952	0x0E01      	MOVLW       1
0x0954	0x6E65      	MOVWF       FloatToStr_bpoint_L0 
;__Lib_Conversions.c,588 :: 		
L_FloatToStr100:
;__Lib_Conversions.c,589 :: 		
0x0956	0x0E06      	MOVLW       6
0x0958	0x6E60      	MOVWF       FloatToStr_d_L0 
L_FloatToStr101:
0x095A	0x5060      	MOVF        FloatToStr_d_L0, 0 
0x095C	0x0A00      	XORLW       0
0x095E	0xE054      	BZ          L_FloatToStr102
;__Lib_Conversions.c,590 :: 		
0x0960	0x6A64      	CLRF        FloatToStr_un_L0+3 
;__Lib_Conversions.c,591 :: 		
0x0962	0xF000C061  	MOVFF       FloatToStr_un_L0, R0
0x0966	0xF001C062  	MOVFF       FloatToStr_un_L0+1, R1
0x096A	0xF002C063  	MOVFF       FloatToStr_un_L0+2, R2
0x096E	0xF003C064  	MOVFF       FloatToStr_un_L0+3, R3
0x0972	0x3600      	RLCF        R0, 1 
0x0974	0x9000      	BCF         R0, 0 
0x0976	0x3601      	RLCF        R1, 1 
0x0978	0x3602      	RLCF        R2, 1 
0x097A	0x3603      	RLCF        R3, 1 
0x097C	0x3600      	RLCF        R0, 1 
0x097E	0x9000      	BCF         R0, 0 
0x0980	0x3601      	RLCF        R1, 1 
0x0982	0x3602      	RLCF        R2, 1 
0x0984	0x3603      	RLCF        R3, 1 
0x0986	0x5061      	MOVF        FloatToStr_un_L0, 0 
0x0988	0x2600      	ADDWF       R0, 1 
0x098A	0x5062      	MOVF        FloatToStr_un_L0+1, 0 
0x098C	0x2201      	ADDWFC      R1, 1 
0x098E	0x5063      	MOVF        FloatToStr_un_L0+2, 0 
0x0990	0x2202      	ADDWFC      R2, 1 
0x0992	0x5064      	MOVF        FloatToStr_un_L0+3, 0 
0x0994	0x2203      	ADDWFC      R3, 1 
0x0996	0xF061C000  	MOVFF       R0, FloatToStr_un_L0
0x099A	0xF062C001  	MOVFF       R1, FloatToStr_un_L0+1
0x099E	0xF063C002  	MOVFF       R2, FloatToStr_un_L0+2
0x09A2	0xF064C003  	MOVFF       R3, FloatToStr_un_L0+3
;__Lib_Conversions.c,592 :: 		
0x09A6	0xF000C061  	MOVFF       FloatToStr_un_L0, R0
0x09AA	0xF001C062  	MOVFF       FloatToStr_un_L0+1, R1
0x09AE	0xF002C063  	MOVFF       FloatToStr_un_L0+2, R2
0x09B2	0xF003C064  	MOVFF       FloatToStr_un_L0+3, R3
0x09B6	0x3600      	RLCF        R0, 1 
0x09B8	0x9000      	BCF         R0, 0 
0x09BA	0x3601      	RLCF        R1, 1 
0x09BC	0x3602      	RLCF        R2, 1 
0x09BE	0x3603      	RLCF        R3, 1 
0x09C0	0xF061C000  	MOVFF       R0, FloatToStr_un_L0
0x09C4	0xF062C001  	MOVFF       R1, FloatToStr_un_L0+1
0x09C8	0xF063C002  	MOVFF       R2, FloatToStr_un_L0+2
0x09CC	0xF064C003  	MOVFF       R3, FloatToStr_un_L0+3
;__Lib_Conversions.c,593 :: 		
0x09D0	0xFFE1C05D  	MOVFF       FARG_FloatToStr_str, FSR1L
0x09D4	0xFFE2C05E  	MOVFF       FARG_FloatToStr_str+1, FSR1H
0x09D8	0x5064      	MOVF        FloatToStr_un_L0+3, 0 
0x09DA	0x0F30      	ADDLW       48
0x09DC	0x6EE6      	MOVWF       POSTINC1 
0x09DE	0x4A5D      	INFSNZ      FARG_FloatToStr_str, 1 
0x09E0	0x2A5E      	INCF        FARG_FloatToStr_str+1, 1 
;__Lib_Conversions.c,594 :: 		
0x09E2	0x5065      	MOVF        FloatToStr_bpoint_L0, 0 
0x09E4	0x0A00      	XORLW       0
0x09E6	0xE10E      	BNZ         L_FloatToStr104
;__Lib_Conversions.c,595 :: 		
0x09E8	0x0666      	DECF        FloatToStr_dexpon_L0, 1 
0x09EA	0x5066      	MOVF        FloatToStr_dexpon_L0, 0 
0x09EC	0x0A00      	XORLW       0
0x09EE	0xE10A      	BNZ         L_FloatToStr105
;__Lib_Conversions.c,596 :: 		
0x09F0	0xFFE1C05D  	MOVFF       FARG_FloatToStr_str, FSR1L
0x09F4	0xFFE2C05E  	MOVFF       FARG_FloatToStr_str+1, FSR1H
0x09F8	0x0E2E      	MOVLW       46
0x09FA	0x6EE6      	MOVWF       POSTINC1 
0x09FC	0x4A5D      	INFSNZ      FARG_FloatToStr_str, 1 
0x09FE	0x2A5E      	INCF        FARG_FloatToStr_str+1, 1 
;__Lib_Conversions.c,597 :: 		
0x0A00	0x0E01      	MOVLW       1
0x0A02	0x6E65      	MOVWF       FloatToStr_bpoint_L0 
;__Lib_Conversions.c,598 :: 		
L_FloatToStr105:
L_FloatToStr104:
;__Lib_Conversions.c,589 :: 		
0x0A04	0x0660      	DECF        FloatToStr_d_L0, 1 
;__Lib_Conversions.c,599 :: 		
0x0A06	0xD7A9      	BRA         L_FloatToStr101
L_FloatToStr102:
;__Lib_Conversions.c,600 :: 		
L_FloatToStr106:
0x0A08	0x0EFF      	MOVLW       255
0x0A0A	0x245D      	ADDWF       FARG_FloatToStr_str, 0 
0x0A0C	0x6EE9      	MOVWF       FSR0L 
0x0A0E	0x0EFF      	MOVLW       255
0x0A10	0x205E      	ADDWFC      FARG_FloatToStr_str+1, 0 
0x0A12	0x6EEA      	MOVWF       FSR0H 
0x0A14	0x50EE      	MOVF        POSTINC0, 0 
0x0A16	0x0A30      	XORLW       48
0x0A18	0xE105      	BNZ         L_FloatToStr107
;__Lib_Conversions.c,601 :: 		
0x0A1A	0x0E01      	MOVLW       1
0x0A1C	0x5E5D      	SUBWF       FARG_FloatToStr_str, 1 
0x0A1E	0x0E00      	MOVLW       0
0x0A20	0x5A5E      	SUBWFB      FARG_FloatToStr_str+1, 1 
0x0A22	0xD7F2      	BRA         L_FloatToStr106
L_FloatToStr107:
;__Lib_Conversions.c,602 :: 		
0x0A24	0x0EFF      	MOVLW       255
0x0A26	0x245D      	ADDWF       FARG_FloatToStr_str, 0 
0x0A28	0x6EE9      	MOVWF       FSR0L 
0x0A2A	0x0EFF      	MOVLW       255
0x0A2C	0x205E      	ADDWFC      FARG_FloatToStr_str+1, 0 
0x0A2E	0x6EEA      	MOVWF       FSR0H 
0x0A30	0x50EE      	MOVF        POSTINC0, 0 
0x0A32	0x0A2E      	XORLW       46
0x0A34	0xE104      	BNZ         L_FloatToStr108
;__Lib_Conversions.c,603 :: 		
0x0A36	0x0E01      	MOVLW       1
0x0A38	0x5E5D      	SUBWF       FARG_FloatToStr_str, 1 
0x0A3A	0x0E00      	MOVLW       0
0x0A3C	0x5A5E      	SUBWFB      FARG_FloatToStr_str+1, 1 
L_FloatToStr108:
;__Lib_Conversions.c,604 :: 		
0x0A3E	0x5066      	MOVF        FloatToStr_dexpon_L0, 0 
0x0A40	0x0A00      	XORLW       0
0x0A42	0xE043      	BZ          L_FloatToStr109
;__Lib_Conversions.c,605 :: 		
0x0A44	0xFFE1C05D  	MOVFF       FARG_FloatToStr_str, FSR1L
0x0A48	0xFFE2C05E  	MOVFF       FARG_FloatToStr_str+1, FSR1H
0x0A4C	0x0E65      	MOVLW       101
0x0A4E	0x6EE6      	MOVWF       POSTINC1 
0x0A50	0x4A5D      	INFSNZ      FARG_FloatToStr_str, 1 
0x0A52	0x2A5E      	INCF        FARG_FloatToStr_str+1, 1 
;__Lib_Conversions.c,606 :: 		
0x0A54	0x0E80      	MOVLW       128
0x0A56	0x1866      	XORWF       FloatToStr_dexpon_L0, 0 
0x0A58	0x6E00      	MOVWF       R0 
0x0A5A	0x0E80      	MOVLW       128
0x0A5C	0x0A00      	XORLW       0
0x0A5E	0x5C00      	SUBWF       R0, 0 
0x0A60	0xE20B      	BC          L_FloatToStr110
;__Lib_Conversions.c,607 :: 		
0x0A62	0xFFE1C05D  	MOVFF       FARG_FloatToStr_str, FSR1L
0x0A66	0xFFE2C05E  	MOVFF       FARG_FloatToStr_str+1, FSR1H
0x0A6A	0x0E2D      	MOVLW       45
0x0A6C	0x6EE6      	MOVWF       POSTINC1 
0x0A6E	0x4A5D      	INFSNZ      FARG_FloatToStr_str, 1 
0x0A70	0x2A5E      	INCF        FARG_FloatToStr_str+1, 1 
;__Lib_Conversions.c,608 :: 		
0x0A72	0x5066      	MOVF        FloatToStr_dexpon_L0, 0 
0x0A74	0x0800      	SUBLW       0
0x0A76	0x6E66      	MOVWF       FloatToStr_dexpon_L0 
;__Lib_Conversions.c,609 :: 		
L_FloatToStr110:
;__Lib_Conversions.c,610 :: 		
0x0A78	0xF060C066  	MOVFF       FloatToStr_dexpon_L0, FloatToStr_d_L0
;__Lib_Conversions.c,611 :: 		
0x0A7C	0x0E80      	MOVLW       128
0x0A7E	0x0A09      	XORLW       9
0x0A80	0x6E00      	MOVWF       R0 
0x0A82	0x0E80      	MOVLW       128
0x0A84	0x1866      	XORWF       FloatToStr_dexpon_L0, 0 
0x0A86	0x5C00      	SUBWF       R0, 0 
0x0A88	0xE20F      	BC          L_FloatToStr111
;__Lib_Conversions.c,612 :: 		
0x0A8A	0x0E0A      	MOVLW       10
0x0A8C	0x6E04      	MOVWF       R4 
0x0A8E	0xF000C060  	MOVFF       FloatToStr_d_L0, R0
0x0A92	0xF000ECE8  	CALL        _Div_8X8_S, 0
0x0A96	0xFFE1C05D  	MOVFF       FARG_FloatToStr_str, FSR1L
0x0A9A	0xFFE2C05E  	MOVFF       FARG_FloatToStr_str+1, FSR1H
0x0A9E	0x5000      	MOVF        R0, 0 
0x0AA0	0x0F30      	ADDLW       48
0x0AA2	0x6EE6      	MOVWF       POSTINC1 
0x0AA4	0x4A5D      	INFSNZ      FARG_FloatToStr_str, 1 
0x0AA6	0x2A5E      	INCF        FARG_FloatToStr_str+1, 1 
L_FloatToStr111:
;__Lib_Conversions.c,613 :: 		
0x0AA8	0x0E0A      	MOVLW       10
0x0AAA	0x6E04      	MOVWF       R4 
0x0AAC	0xF000C060  	MOVFF       FloatToStr_d_L0, R0
0x0AB0	0xF000ECE8  	CALL        _Div_8X8_S, 0
0x0AB4	0xF000C008  	MOVFF       R8, R0
0x0AB8	0xFFE1C05D  	MOVFF       FARG_FloatToStr_str, FSR1L
0x0ABC	0xFFE2C05E  	MOVFF       FARG_FloatToStr_str+1, FSR1H
0x0AC0	0x5000      	MOVF        R0, 0 
0x0AC2	0x0F30      	ADDLW       48
0x0AC4	0x6EE6      	MOVWF       POSTINC1 
0x0AC6	0x4A5D      	INFSNZ      FARG_FloatToStr_str, 1 
0x0AC8	0x2A5E      	INCF        FARG_FloatToStr_str+1, 1 
;__Lib_Conversions.c,614 :: 		
L_FloatToStr109:
;__Lib_Conversions.c,615 :: 		
0x0ACA	0xFFE1C05D  	MOVFF       FARG_FloatToStr_str, FSR1L
0x0ACE	0xFFE2C05E  	MOVFF       FARG_FloatToStr_str+1, FSR1H
0x0AD2	0x6AE6      	CLRF        POSTINC1 
;__Lib_Conversions.c,616 :: 		
0x0AD4	0x6A00      	CLRF        R0 
;__Lib_Conversions.c,617 :: 		
L_end_FloatToStr:
0x0AD6	0x0012      	RETURN      0
; end of _FloatToStr
_newline:
;rs232thermometer.c,3 :: 		void newline(){                                                                 // Nova linha no monitor serial
;rs232thermometer.c,4 :: 		UART1_Write(0x0D);
0x0AD8	0x0E0D      	MOVLW       13
0x0ADA	0x6E6B      	MOVWF       FARG_UART1_Write_data_ 
0x0ADC	0xF000EC0E  	CALL        _UART1_Write, 0
;rs232thermometer.c,5 :: 		UART1_Write(0x0A);
0x0AE0	0x0E0A      	MOVLW       10
0x0AE2	0x6E6B      	MOVWF       FARG_UART1_Write_data_ 
0x0AE4	0xF000EC0E  	CALL        _UART1_Write, 0
;rs232thermometer.c,6 :: 		}
L_end_newline:
0x0AE8	0x0012      	RETURN      0
; end of _newline
_main:
0x0AEA	0xF006EC07  	CALL        3086, 0
;rs232thermometer.c,7 :: 		void main() {
;rs232thermometer.c,13 :: 		ADCON1=0x0E;                                                                // Porta RA0/AN0  analgica, todo o resto  digital
0x0AEE	0x0E0E      	MOVLW       14
0x0AF0	0x6EC1      	MOVWF       ADCON1 
;rs232thermometer.c,14 :: 		UART1_Init(9600);                                                           // Inicializa UART em boud rate 9600
0x0AF2	0x86B8      	BSF         BAUDCON, 3, 0
0x0AF4	0x0E02      	MOVLW       2
0x0AF6	0x6EB0      	MOVWF       SPBRGH 
0x0AF8	0x0E08      	MOVLW       8
0x0AFA	0x6EAF      	MOVWF       SPBRG 
0x0AFC	0x84AC      	BSF         TXSTA, 2, 0
0x0AFE	0xDCC6      	RCALL       _UART1_Init
;rs232thermometer.c,16 :: 		UART_Write_Text("TERMOMETRO SERIAL");
0x0B00	0x0E1C      	MOVLW       ?lstr1_rs232thermometer
0x0B02	0x6E59      	MOVWF       FARG_UART_Write_Text_uart_text 
0x0B04	0x0E00      	MOVLW       hi_addr(?lstr1_rs232thermometer)
0x0B06	0x6E5A      	MOVWF       FARG_UART_Write_Text_uart_text+1 
0x0B08	0xDCA1      	RCALL       _UART_Write_Text
;rs232thermometer.c,17 :: 		newline();
0x0B0A	0xDFE6      	RCALL       _newline
;rs232thermometer.c,18 :: 		delay_ms(500);
0x0B0C	0x0E0D      	MOVLW       13
0x0B0E	0x6E0B      	MOVWF       R11, 0
0x0B10	0x0EAF      	MOVLW       175
0x0B12	0x6E0C      	MOVWF       R12, 0
0x0B14	0x0EB6      	MOVLW       182
0x0B16	0x6E0D      	MOVWF       R13, 0
L_main0:
0x0B18	0x2E0D      	DECFSZ      R13, 1, 0
0x0B1A	0xD7FE      	BRA         L_main0
0x0B1C	0x2E0C      	DECFSZ      R12, 1, 0
0x0B1E	0xD7FC      	BRA         L_main0
0x0B20	0x2E0B      	DECFSZ      R11, 1, 0
0x0B22	0xD7FA      	BRA         L_main0
0x0B24	0x0000      	NOP
;rs232thermometer.c,19 :: 		UART_Write_Text("TEMPERATURA:");
0x0B26	0x0E2E      	MOVLW       ?lstr2_rs232thermometer
0x0B28	0x6E59      	MOVWF       FARG_UART_Write_Text_uart_text 
0x0B2A	0x0E00      	MOVLW       hi_addr(?lstr2_rs232thermometer)
0x0B2C	0x6E5A      	MOVWF       FARG_UART_Write_Text_uart_text+1 
0x0B2E	0xDC8E      	RCALL       _UART_Write_Text
;rs232thermometer.c,20 :: 		newline();
0x0B30	0xDFD3      	RCALL       _newline
;rs232thermometer.c,21 :: 		delay_ms(500);
0x0B32	0x0E0D      	MOVLW       13
0x0B34	0x6E0B      	MOVWF       R11, 0
0x0B36	0x0EAF      	MOVLW       175
0x0B38	0x6E0C      	MOVWF       R12, 0
0x0B3A	0x0EB6      	MOVLW       182
0x0B3C	0x6E0D      	MOVWF       R13, 0
L_main1:
0x0B3E	0x2E0D      	DECFSZ      R13, 1, 0
0x0B40	0xD7FE      	BRA         L_main1
0x0B42	0x2E0C      	DECFSZ      R12, 1, 0
0x0B44	0xD7FC      	BRA         L_main1
0x0B46	0x2E0B      	DECFSZ      R11, 1, 0
0x0B48	0xD7FA      	BRA         L_main1
0x0B4A	0x0000      	NOP
;rs232thermometer.c,22 :: 		for(;;){
L_main2:
;rs232thermometer.c,23 :: 		temp=(ADC_Read(LM35)*(5000.0/1024))/10;                                // Temperatura em C, 10mv/C.
0x0B4C	0x6A59      	CLRF        FARG_ADC_Read_channel 
0x0B4E	0xDD83      	RCALL       _ADC_Read
0x0B50	0xDDA1      	RCALL       _word2double
0x0B52	0x0E00      	MOVLW       0
0x0B54	0x6E04      	MOVWF       R4 
0x0B56	0x0E40      	MOVLW       64
0x0B58	0x6E05      	MOVWF       R5 
0x0B5A	0x0E1C      	MOVLW       28
0x0B5C	0x6E06      	MOVWF       R6 
0x0B5E	0x0E81      	MOVLW       129
0x0B60	0x6E07      	MOVWF       R7 
0x0B62	0xF000EC4E  	CALL        _Mul_32x32_FP, 0
0x0B66	0x0E00      	MOVLW       0
0x0B68	0x6E04      	MOVWF       R4 
0x0B6A	0x0E00      	MOVLW       0
0x0B6C	0x6E05      	MOVWF       R5 
0x0B6E	0x0E20      	MOVLW       32
0x0B70	0x6E06      	MOVWF       R6 
0x0B72	0x0E82      	MOVLW       130
0x0B74	0x6E07      	MOVWF       R7 
0x0B76	0xDCB5      	RCALL       _Div_32x32_FP
;rs232thermometer.c,24 :: 		floatTostr(temp,txt);                                                  // Converte para string
0x0B78	0xF059C000  	MOVFF       R0, FARG_FloatToStr_fnum
0x0B7C	0xF05AC001  	MOVFF       R1, FARG_FloatToStr_fnum+1
0x0B80	0xF05BC002  	MOVFF       R2, FARG_FloatToStr_fnum+2
0x0B84	0xF05CC003  	MOVFF       R3, FARG_FloatToStr_fnum+3
0x0B88	0x0E51      	MOVLW       main_txt_L0
0x0B8A	0x6E5D      	MOVWF       FARG_FloatToStr_str 
0x0B8C	0x0E00      	MOVLW       hi_addr(main_txt_L0)
0x0B8E	0x6E5E      	MOVWF       FARG_FloatToStr_str+1 
0x0B90	0xDD95      	RCALL       _FloatToStr
;rs232thermometer.c,25 :: 		pnt=strchr(txt,'.');                                                   // procura o endereo do '.' na string txt, para saber onde o ponto decimal se encontra
0x0B92	0x0E51      	MOVLW       main_txt_L0
0x0B94	0x6E59      	MOVWF       FARG_strchr_ptr 
0x0B96	0x0E00      	MOVLW       hi_addr(main_txt_L0)
0x0B98	0x6E5A      	MOVWF       FARG_strchr_ptr+1 
0x0B9A	0x0E2E      	MOVLW       46
0x0B9C	0x6E5B      	MOVWF       FARG_strchr_chr 
0x0B9E	0xDC39      	RCALL       _strchr
;rs232thermometer.c,26 :: 		*(pnt+3)='\0';                                                         // Insere o caracter NULL na posio de mmoria referente ao ponto mais 3, para que o valor float s seja mostrado com duas casas decimais
0x0BA0	0x0E03      	MOVLW       3
0x0BA2	0x2400      	ADDWF       R0, 0 
0x0BA4	0x6EE1      	MOVWF       FSR1L 
0x0BA6	0x0E00      	MOVLW       0
0x0BA8	0x2001      	ADDWFC      R1, 0 
0x0BAA	0x6EE2      	MOVWF       FSR1H 
0x0BAC	0x6AE6      	CLRF        POSTINC1 
;rs232thermometer.c,27 :: 		UART_Write_Text(txt);
0x0BAE	0x0E51      	MOVLW       main_txt_L0
0x0BB0	0x6E59      	MOVWF       FARG_UART_Write_Text_uart_text 
0x0BB2	0x0E00      	MOVLW       hi_addr(main_txt_L0)
0x0BB4	0x6E5A      	MOVWF       FARG_UART_Write_Text_uart_text+1 
0x0BB6	0xDC4A      	RCALL       _UART_Write_Text
;rs232thermometer.c,28 :: 		UART_Write_Text("C");
0x0BB8	0x0E1A      	MOVLW       ?lstr3_rs232thermometer
0x0BBA	0x6E59      	MOVWF       FARG_UART_Write_Text_uart_text 
0x0BBC	0x0E00      	MOVLW       hi_addr(?lstr3_rs232thermometer)
0x0BBE	0x6E5A      	MOVWF       FARG_UART_Write_Text_uart_text+1 
0x0BC0	0xDC45      	RCALL       _UART_Write_Text
;rs232thermometer.c,29 :: 		newline();
0x0BC2	0xDF8A      	RCALL       _newline
;rs232thermometer.c,30 :: 		delay_ms(500);
0x0BC4	0x0E0D      	MOVLW       13
0x0BC6	0x6E0B      	MOVWF       R11, 0
0x0BC8	0x0EAF      	MOVLW       175
0x0BCA	0x6E0C      	MOVWF       R12, 0
0x0BCC	0x0EB6      	MOVLW       182
0x0BCE	0x6E0D      	MOVWF       R13, 0
L_main5:
0x0BD0	0x2E0D      	DECFSZ      R13, 1, 0
0x0BD2	0xD7FE      	BRA         L_main5
0x0BD4	0x2E0C      	DECFSZ      R12, 1, 0
0x0BD6	0xD7FC      	BRA         L_main5
0x0BD8	0x2E0B      	DECFSZ      R11, 1, 0
0x0BDA	0xD7FA      	BRA         L_main5
0x0BDC	0x0000      	NOP
;rs232thermometer.c,31 :: 		}
0x0BDE	0xD7B6      	BRA         L_main2
;rs232thermometer.c,32 :: 		}
L_end_main:
0x0BE0	0xD7FF      	BRA         $+0
; end of _main
0x0C0E	0xF015EE10  	LFSR        1, 21
0x0C12	0x0E2C      	MOVLW       44
0x0C14	0x6E00      	MOVWF       R0 
0x0C16	0x0E01      	MOVLW       1
0x0C18	0x6E01      	MOVWF       R1 
0x0C1A	0x0EE2      	MOVLW       226
0x0C1C	0x6EF6      	MOVWF       4086 
0x0C1E	0x0E0B      	MOVLW       11
0x0C20	0x6EF7      	MOVWF       TBLPTRH 
0x0C22	0x0E00      	MOVLW       0
0x0C24	0x6EF8      	MOVWF       TBLPTRU 
0x0C26	0xF002EC3E  	CALL        1148, 0
0x0C2A	0x0012      	RETURN      0
;__Lib_ADC_A_D.c,0 :: ?ICS_vref_mask
0x0BE2	0x30 ;?ICS_vref_mask+0
; end of ?ICS_vref_mask
;__Lib_Conversions.c,0 :: ?ICS?lstr1___Lib_Conversions
0x0BE3	0x614E ;?ICS?lstr1___Lib_Conversions+0
0x0BE5	0x004E ;?ICS?lstr1___Lib_Conversions+2
; end of ?ICS?lstr1___Lib_Conversions
;rs232thermometer.c,0 :: ?ICS?lstr3_rs232thermometer
0x0BE7	0x0043 ;?ICS?lstr3_rs232thermometer+0
; end of ?ICS?lstr3_rs232thermometer
;rs232thermometer.c,0 :: ?ICS?lstr1_rs232thermometer
0x0BE9	0x4554 ;?ICS?lstr1_rs232thermometer+0
0x0BEB	0x4D52 ;?ICS?lstr1_rs232thermometer+2
0x0BED	0x4D4F ;?ICS?lstr1_rs232thermometer+4
0x0BEF	0x5445 ;?ICS?lstr1_rs232thermometer+6
0x0BF1	0x4F52 ;?ICS?lstr1_rs232thermometer+8
0x0BF3	0x5320 ;?ICS?lstr1_rs232thermometer+10
0x0BF5	0x5245 ;?ICS?lstr1_rs232thermometer+12
0x0BF7	0x4149 ;?ICS?lstr1_rs232thermometer+14
0x0BF9	0x004C ;?ICS?lstr1_rs232thermometer+16
; end of ?ICS?lstr1_rs232thermometer
;rs232thermometer.c,0 :: ?ICS?lstr2_rs232thermometer
0x0BFB	0x4554 ;?ICS?lstr2_rs232thermometer+0
0x0BFD	0x504D ;?ICS?lstr2_rs232thermometer+2
0x0BFF	0x5245 ;?ICS?lstr2_rs232thermometer+4
0x0C01	0x5441 ;?ICS?lstr2_rs232thermometer+6
0x0C03	0x5255 ;?ICS?lstr2_rs232thermometer+8
0x0C05	0x3A41 ;?ICS?lstr2_rs232thermometer+10
0x0C07	0x00 ;?ICS?lstr2_rs232thermometer+12
; end of ?ICS?lstr2_rs232thermometer
;__Lib_Conversions.c,0 :: ?ICS?lstr2___Lib_Conversions
0x0C08	0x0030 ;?ICS?lstr2___Lib_Conversions+0
; end of ?ICS?lstr2___Lib_Conversions
;__Lib_Conversions.c,0 :: ?ICS?lstr3___Lib_Conversions
0x0C0A	0x4E49 ;?ICS?lstr3___Lib_Conversions+0
0x0C0C	0x0046 ;?ICS?lstr3___Lib_Conversions+2
; end of ?ICS?lstr3___Lib_Conversions
Symbol List:
//** Routines locations **
//ADDRESS    SIZE    PROCEDURE
//----------------------------------------------
0x001C      [14]    _UART1_Write
0x002A      [18]    _SPI1_Write
0x003C      [26]    _SETFUN32
0x0056      [14]    _RES032
0x0064      [24]    _____DoIFC
0x007C      [24]    _SETFOV32
0x0094       [8]    _FIXSIGN32
0x009C     [288]    _Mul_32x32_FP
0x01BC      [12]    _Delay_22us
0x01C8       [8]    _SETFDZ32
0x01D0     [158]    _Div_8X8_S
0x026E      [76]    _strcpy
0x02BA      [24]    _UART_Write
0x02D2     [114]    _NRM3232
0x0344     [206]    _Compare_Double
0x0412      [58]    _strchr
0x044C      [48]    _UART_Write_Text
0x047C      [16]    ___CC2DW
0x048C      [86]    _UART1_Init
0x04E2     [372]    _Div_32x32_FP
0x0656      [62]    _ADC_Read
0x0694      [40]    _word2double
0x06BC    [1052]    _FloatToStr
0x0AD8      [18]    _newline
0x0AEA     [248]    _main
//** Variables locations ** 
//ADDRESS    SIZE    VARIABLE
//----------------------------------------------
0x0000       [1]    FLASH_Erase_64_SaveINTCON_L0
0x0000       [1]    __Lib_SoftI2C_PutZerosToLATSda_temp_sda_L0
0x0000       [1]    __Lib_SoftI2C_PutZerosToLATScl_temp_scl_L0
0x0000       [1]    EEPROM_Write_SaveINTCON_L0
0x0000       [1]    R0
0x0000       [1]    SPI1_Write_tmp_L0
0x0000       [1]    UART1_Init_tmp_L0
0x0001       [1]    ispunct_rslt_L0
0x0001       [1]    FLASH_Erase_Write_64_i_L0
0x0001       [1]    UART1_Read___tmp_UART1_Read_L0
0x0001       [1]    __Lib_PS2_Wait_Falling_nsample_L0
0x0001       [1]    FLASH_Write_64_i_L0
0x0001       [2]    FLASH_Read_N_Bytes_i_L0
0x0001       [1]    R1
0x0002       [1]    FLASH_Write_64_SaveINTCON_L0
0x0002       [1]    R2
0x0002       [2]    strlen_cp_L0
0x0002       [2]    memchr_s_L0
0x0002       [2]    memset_pp_L0
0x0002       [1]    FLASH_Erase_Write_64_j_L0
0x0002       [2]    memcpy_dd_L0
0x0003       [2]    __Lib_MmcFat16_f16_toInt_l_L0
0x0003       [1]    R3
0x0003       [1]    MM_Init_i_L0
0x0003       [2]    Ltrim_original_L0
0x0003       [2]    memmove_tt_L0
0x0003       [2]    MM_TotalFreeMemSize_Tot_L0
0x0003       [1]    FLASH_Erase_Write_64_SaveINTCON_L0
0x0003       [1]    __Lib_Sprinti_?FLOC____Lib_Sprinti_Do_FillT29
0x0004       [2]    __Lib_MemManager_MM_GetMemAlign_P_L0
0x0004       [2]    memcpy_ss_L0
0x0004       [1]    __Lib_Sprinti_?FLOC____Lib_Sprinti_Do_FillT40
0x0004       [2]    strncpy_cp_L0
0x0004       [2]    strcpy_cp_L0
0x0004       [2]    strncat_cp_L0
0x0004       [2]    strcat_cp_L0
0x0004       [2]    frexp_pom_L0
0x0004       [1]    R4
0x0005       [1]    MM_TotalFreeMemSize_i_L0
0x0005       [2]    memmove_ff_L0
0x0005       [2]    LongIntToHex_input_half_L0
0x0005       [2]    LongWordToHex_input_half_L0
0x0005       [2]    Ltrim_p_L0
0x0005       [1]    __Lib_Sprinti_?FLOC____Lib_Sprinti_Do_FillT54
0x0005       [1]    R5
0x0006       [1]    __Lib_MemManager_MM_GetMemAlign_i_L0
0x0006       [1]    R6
0x0006       [1]    __Lib_Sprinti_?FLOC____Lib_Sprinti_Do_FillT69
0x0007       [1]    R7
0x0008       [1]    R8
0x0009       [1]    R9
0x0009       [4]    __Lib_MmcFat16_f16_toLong_l_L0
0x000A       [1]    R10
0x000B       [1]    R11
0x000C       [1]    R12
0x000D       [1]    R13
0x000E       [1]    R14
0x000F       [1]    R15
0x0010       [1]    R16
0x0011       [1]    R17
0x0012       [1]    R18
0x0013       [1]    R19
0x0014       [1]    R20
0x0015       [1]    _vref_mask
0x0016       [4]    ?lstr1___Lib_Conversions
0x001A       [2]    ?lstr3_rs232thermometer
0x001C      [18]    ?lstr1_rs232thermometer
0x002E      [13]    ?lstr2_rs232thermometer
0x003B       [2]    ?lstr2___Lib_Conversions
0x003D       [4]    ?lstr3___Lib_Conversions
0x0041       [4]    _UART_Rdy_Ptr
0x0045       [4]    _UART_Tx_Idle_Ptr
0x0049       [4]    _UART_Rd_Ptr
0x004D       [4]    _UART_Wr_Ptr
0x0051       [8]    main_txt_L0
0x0059       [2]    FARG_UART_Write_Text_uart_text
0x0059       [4]    FARG_FloatToStr_fnum
0x0059       [1]    FARG_ADC_Read_channel
0x0059       [2]    FARG_strchr_ptr
0x005B       [1]    UART_Write_Text_data__L0
0x005B       [1]    FARG_strchr_chr
0x005C       [1]    UART_Write_Text_counter_L0
0x005D       [2]    FARG_FloatToStr_str
0x005F       [1]    FloatToStr_i_L0
0x0060       [1]    FloatToStr_d_L0
0x0061       [4]    FloatToStr_un_L0
0x0065       [1]    FloatToStr_bpoint_L0
0x0066       [1]    FloatToStr_dexpon_L0
0x0067       [1]    FARG_UART_Write__data
0x0067       [2]    FARG_strcpy_to
0x0069       [2]    FARG_strcpy_from
0x006B       [1]    FARG_UART1_Write_data_
0x006B       [1]    FARG_SPI1_Write_data_
0x0F94       [0]    TRISC7_bit
0x0F94       [0]    TRISC6_bit
0x0F9E       [1]    PIR1
0x0FAB       [1]    RCSTA
0x0FAC       [1]    TXSTA
0x0FAD       [1]    TXREG
0x0FAE       [1]    RCREG
0x0FAF       [1]    SPBRG
0x0FB0       [1]    SPBRGH
0x0FB8       [1]    BAUDCON
0x0FC0       [1]    ADCON2
0x0FC1       [1]    ADCON1
0x0FC2       [1]    ADCON0
0x0FC3       [1]    ADRESL
0x0FC4       [1]    ADRESH
0x0FC7       [1]    SSPSTAT
0x0FC9       [1]    SSPBUF
0x0FD8       [1]    STATUS
0x0FD9       [1]    FSR2L
0x0FDA       [1]    FSR2H
0x0FDE       [1]    POSTINC2
0x0FE0       [1]    BSR
0x0FE1       [2]    FSR1
0x0FE1       [1]    FSR1L
0x0FE2       [1]    FSR1H
0x0FE4       [1]    PREINC1
0x0FE6       [1]    POSTINC1
0x0FE7       [1]    INDF1
0x0FE8       [1]    WREG
0x0FE9       [1]    FSR0L
0x0FEA       [1]    FSR0H
0x0FEE       [1]    POSTINC0
0x0FF2       [1]    INTCON
0x0FF3       [1]    PRODL
0x0FF4       [1]    PRODH
0x0FF5       [1]    TABLAT
0x0FF6       [1]    TBLPTRL
0x0FF7       [1]    TBLPTRH
0x0FF8       [1]    TBLPTRU
0x0FFD       [1]    TOSL
0x0FFE       [1]    TOSH
0x0FFF       [1]    TOSU
//** Constants locations ** 
//ADDRESS    SIZE    CONSTANT
//----------------------------------------------
0x0BE2       [1]    ?ICS_vref_mask
0x0BE3       [4]    ?ICS?lstr1___Lib_Conversions
0x0BE7       [2]    ?ICS?lstr3_rs232thermometer
0x0BE9      [18]    ?ICS?lstr1_rs232thermometer
0x0BFB      [13]    ?ICS?lstr2_rs232thermometer
0x0C08       [2]    ?ICS?lstr2___Lib_Conversions
0x0C0A       [4]    ?ICS?lstr3___Lib_Conversions
