;  LST file generated by mikroListExporter - v.2.0 
; Date/Time: 26/06/2019 20:25:45
;----------------------------------------------

;Address Opcode 	ASM
0x0000	0x2CD9      	GOTO       1241
_interrupt:
0x0004	0x00FF      	MOVWF      R15
0x0005	0x0E03      	SWAPF      STATUS, 0
0x0006	0x0183      	CLRF       STATUS
0x0007	0x00D0      	MOVWF      ___saveSTATUS
0x0008	0x080A      	MOVF       PCLATH, 0
0x0009	0x00CF      	MOVWF      ___savePCLATH
0x000A	0x018A      	CLRF       PCLATH
0x000B	0x0870      	MOVF       R0, 0
0x000C	0x00A4      	MOVWF      36
0x000D	0x0871      	MOVF       R1, 0
0x000E	0x00A3      	MOVWF      35
0x000F	0x0872      	MOVF       R2, 0
0x0010	0x00A2      	MOVWF      34
0x0011	0x0873      	MOVF       R3, 0
0x0012	0x00A1      	MOVWF      33
;ReactionTimer.c,26 :: 		void interrupt(void){
;ReactionTimer.c,27 :: 		overflow++;
0x0013	0x0825      	MOVF       _overflow, 0
0x0014	0x00F0      	MOVWF      R0
0x0015	0x0826      	MOVF       _overflow+1, 0
0x0016	0x00F1      	MOVWF      R0+1
0x0017	0x0827      	MOVF       _overflow+2, 0
0x0018	0x00F2      	MOVWF      R0+2
0x0019	0x0828      	MOVF       _overflow+3, 0
0x001A	0x00F3      	MOVWF      R0+3
0x001B	0x0AF0      	INCF       R0, 1
0x001C	0x1903      	BTFSC      STATUS, 2
0x001D	0x0AF1      	INCF       R0+1, 1
0x001E	0x1903      	BTFSC      STATUS, 2
0x001F	0x0AF2      	INCF       R0+2, 1
0x0020	0x1903      	BTFSC      STATUS, 2
0x0021	0x0AF3      	INCF       R0+3, 1
0x0022	0x0870      	MOVF       R0, 0
0x0023	0x00A5      	MOVWF      _overflow
0x0024	0x0871      	MOVF       R0+1, 0
0x0025	0x00A6      	MOVWF      _overflow+1
0x0026	0x0872      	MOVF       R0+2, 0
0x0027	0x00A7      	MOVWF      _overflow+2
0x0028	0x0873      	MOVF       R0+3, 0
0x0029	0x00A8      	MOVWF      _overflow+3
;ReactionTimer.c,28 :: 		PIR1.TMR1IF=0;                                                               // Limpa a flag de interrupção do timer 1
0x002A	0x100C      	BCF        PIR1, 0
;ReactionTimer.c,29 :: 		}
L_end_interrupt:
L__interrupt7:
0x002B	0x0824      	MOVF       36, 0
0x002C	0x00F0      	MOVWF      R0
0x002D	0x0823      	MOVF       35, 0
0x002E	0x00F1      	MOVWF      R1
0x002F	0x0822      	MOVF       34, 0
0x0030	0x00F2      	MOVWF      R2
0x0031	0x0821      	MOVF       33, 0
0x0032	0x00F3      	MOVWF      R3
0x0033	0x084F      	MOVF       ___savePCLATH, 0
0x0034	0x008A      	MOVWF      PCLATH
0x0035	0x0E50      	SWAPF      ___saveSTATUS, 0
0x0036	0x0083      	MOVWF      STATUS
0x0037	0x0EFF      	SWAPF      R15, 1
0x0038	0x0E7F      	SWAPF      R15, 0
0x0039	0x0009      	RETFIE
; end of _interrupt
_Delay_50us:
;__Lib_Delays.c,19 :: 		void Delay_50us() {
;__Lib_Delays.c,20 :: 		Delay_us(50);
0x003A	0x3053      	MOVLW      83
0x003B	0x1283      	BCF        STATUS, 5
0x003C	0x1303      	BCF        STATUS, 6
0x003D	0x00FD      	MOVWF      R13
L_Delay_50us2:
0x003E	0x0BFD      	DECFSZ     R13, 1
0x003F	0x283E      	GOTO       L_Delay_50us2
;__Lib_Delays.c,21 :: 		}
L_end_Delay_50us:
0x0040	0x0008      	RETURN
; end of _Delay_50us
_Delay_5500us:
;__Lib_Delays.c,31 :: 		void Delay_5500us() {
;__Lib_Delays.c,32 :: 		Delay_us(5500);
0x0041	0x3024      	MOVLW      36
0x0042	0x1283      	BCF        STATUS, 5
0x0043	0x1303      	BCF        STATUS, 6
0x0044	0x00FC      	MOVWF      R12
0x0045	0x30B5      	MOVLW      181
0x0046	0x00FD      	MOVWF      R13
L_Delay_5500us5:
0x0047	0x0BFD      	DECFSZ     R13, 1
0x0048	0x2847      	GOTO       L_Delay_5500us5
0x0049	0x0BFC      	DECFSZ     R12, 1
0x004A	0x2847      	GOTO       L_Delay_5500us5
0x004B	0x0000      	NOP
0x004C	0x0000      	NOP
;__Lib_Delays.c,33 :: 		}
L_end_Delay_5500us:
0x004D	0x0008      	RETURN
; end of _Delay_5500us
_Delay_1us:
;__Lib_Delays.c,7 :: 		void Delay_1us() {
;__Lib_Delays.c,8 :: 		Delay_us(1);
0x004E	0x0000      	NOP
0x004F	0x0000      	NOP
0x0050	0x0000      	NOP
0x0051	0x0000      	NOP
0x0052	0x0000      	NOP
;__Lib_Delays.c,9 :: 		}
L_end_Delay_1us:
0x0053	0x0008      	RETURN
; end of _Delay_1us
_Lcd_Cmd:
;__Lib_Lcd.c,18 :: 		
;__Lib_Lcd.c,20 :: 		
0x0054	0x1283      	BCF        STATUS, 5
0x0055	0x1303      	BCF        STATUS, 6
0x0056	0x1BDF      	BTFSC      FARG_Lcd_Cmd_out_char, 7
0x0057	0x285A      	GOTO       L__Lcd_Cmd21
0x0058	0x1186      	BCF        LCD_D7, BitPos(LCD_D7+0)
0x0059	0x285B      	GOTO       L__Lcd_Cmd22
L__Lcd_Cmd21:
0x005A	0x1586      	BSF        LCD_D7, BitPos(LCD_D7+0)
L__Lcd_Cmd22:
;__Lib_Lcd.c,21 :: 		
0x005B	0x1B5F      	BTFSC      FARG_Lcd_Cmd_out_char, 6
0x005C	0x285F      	GOTO       L__Lcd_Cmd23
0x005D	0x1106      	BCF        LCD_D6, BitPos(LCD_D6+0)
0x005E	0x2860      	GOTO       L__Lcd_Cmd24
L__Lcd_Cmd23:
0x005F	0x1506      	BSF        LCD_D6, BitPos(LCD_D6+0)
L__Lcd_Cmd24:
;__Lib_Lcd.c,22 :: 		
0x0060	0x1ADF      	BTFSC      FARG_Lcd_Cmd_out_char, 5
0x0061	0x2864      	GOTO       L__Lcd_Cmd25
0x0062	0x1086      	BCF        LCD_D5, BitPos(LCD_D5+0)
0x0063	0x2865      	GOTO       L__Lcd_Cmd26
L__Lcd_Cmd25:
0x0064	0x1486      	BSF        LCD_D5, BitPos(LCD_D5+0)
L__Lcd_Cmd26:
;__Lib_Lcd.c,23 :: 		
0x0065	0x1A5F      	BTFSC      FARG_Lcd_Cmd_out_char, 4
0x0066	0x2869      	GOTO       L__Lcd_Cmd27
0x0067	0x1006      	BCF        LCD_D4, BitPos(LCD_D4+0)
0x0068	0x286A      	GOTO       L__Lcd_Cmd28
L__Lcd_Cmd27:
0x0069	0x1406      	BSF        LCD_D4, BitPos(LCD_D4+0)
L__Lcd_Cmd28:
;__Lib_Lcd.c,25 :: 		
0x006A	0x183B      	BTFSC      __Lib_Lcd_cmd_status, BitPos(__Lib_Lcd_cmd_status+0)
0x006B	0x286E      	GOTO       L__Lcd_Cmd29
0x006C	0x1606      	BSF        LCD_RS, BitPos(LCD_RS+0)
0x006D	0x286F      	GOTO       L__Lcd_Cmd30
L__Lcd_Cmd29:
0x006E	0x1206      	BCF        LCD_RS, BitPos(LCD_RS+0)
L__Lcd_Cmd30:
;__Lib_Lcd.c,28 :: 		
0x006F	0x1686      	BSF        LCD_EN, BitPos(LCD_EN+0)
;__Lib_Lcd.c,29 :: 		
0x0070	0x204E      	CALL       _Delay_1us
;__Lib_Lcd.c,30 :: 		
0x0071	0x1286      	BCF        LCD_EN, BitPos(LCD_EN+0)
;__Lib_Lcd.c,33 :: 		
0x0072	0x19DF      	BTFSC      FARG_Lcd_Cmd_out_char, 3
0x0073	0x2876      	GOTO       L__Lcd_Cmd31
0x0074	0x1186      	BCF        LCD_D7, BitPos(LCD_D7+0)
0x0075	0x2877      	GOTO       L__Lcd_Cmd32
L__Lcd_Cmd31:
0x0076	0x1586      	BSF        LCD_D7, BitPos(LCD_D7+0)
L__Lcd_Cmd32:
;__Lib_Lcd.c,34 :: 		
0x0077	0x195F      	BTFSC      FARG_Lcd_Cmd_out_char, 2
0x0078	0x287B      	GOTO       L__Lcd_Cmd33
0x0079	0x1106      	BCF        LCD_D6, BitPos(LCD_D6+0)
0x007A	0x287C      	GOTO       L__Lcd_Cmd34
L__Lcd_Cmd33:
0x007B	0x1506      	BSF        LCD_D6, BitPos(LCD_D6+0)
L__Lcd_Cmd34:
;__Lib_Lcd.c,35 :: 		
0x007C	0x18DF      	BTFSC      FARG_Lcd_Cmd_out_char, 1
0x007D	0x2880      	GOTO       L__Lcd_Cmd35
0x007E	0x1086      	BCF        LCD_D5, BitPos(LCD_D5+0)
0x007F	0x2881      	GOTO       L__Lcd_Cmd36
L__Lcd_Cmd35:
0x0080	0x1486      	BSF        LCD_D5, BitPos(LCD_D5+0)
L__Lcd_Cmd36:
;__Lib_Lcd.c,36 :: 		
0x0081	0x185F      	BTFSC      FARG_Lcd_Cmd_out_char, 0
0x0082	0x2885      	GOTO       L__Lcd_Cmd37
0x0083	0x1006      	BCF        LCD_D4, BitPos(LCD_D4+0)
0x0084	0x2886      	GOTO       L__Lcd_Cmd38
L__Lcd_Cmd37:
0x0085	0x1406      	BSF        LCD_D4, BitPos(LCD_D4+0)
L__Lcd_Cmd38:
;__Lib_Lcd.c,38 :: 		
0x0086	0x183B      	BTFSC      __Lib_Lcd_cmd_status, BitPos(__Lib_Lcd_cmd_status+0)
0x0087	0x288A      	GOTO       L__Lcd_Cmd39
0x0088	0x1606      	BSF        LCD_RS, BitPos(LCD_RS+0)
0x0089	0x288B      	GOTO       L__Lcd_Cmd40
L__Lcd_Cmd39:
0x008A	0x1206      	BCF        LCD_RS, BitPos(LCD_RS+0)
L__Lcd_Cmd40:
;__Lib_Lcd.c,40 :: 		
0x008B	0x1686      	BSF        LCD_EN, BitPos(LCD_EN+0)
;__Lib_Lcd.c,41 :: 		
0x008C	0x204E      	CALL       _Delay_1us
;__Lib_Lcd.c,42 :: 		
0x008D	0x1286      	BCF        LCD_EN, BitPos(LCD_EN+0)
;__Lib_Lcd.c,44 :: 		
0x008E	0x1C3B      	BTFSS      __Lib_Lcd_cmd_status, BitPos(__Lib_Lcd_cmd_status+0)
0x008F	0x2892      	GOTO       L_Lcd_Cmd0
;__Lib_Lcd.c,45 :: 		
0x0090	0x2041      	CALL       _Delay_5500us
0x0091	0x2893      	GOTO       L_Lcd_Cmd1
L_Lcd_Cmd0:
;__Lib_Lcd.c,47 :: 		
0x0092	0x203A      	CALL       _Delay_50us
L_Lcd_Cmd1:
;__Lib_Lcd.c,48 :: 		
L_end_Lcd_Cmd:
0x0093	0x0008      	RETURN
; end of _Lcd_Cmd
_____DoICP:
;__Lib_System.c,6 :: 		
;__Lib_System.c,9 :: 		
0x0094	0x1283      	BCF        STATUS, 5
0x0095	0x1303      	BCF        STATUS, 6
0x0096	0x0838      	MOVF       ___DoICPAddr+1, 0
0x0097	0x008A      	MOVWF      PCLATH
;__Lib_System.c,10 :: 		
0x0098	0x0837      	MOVF       ___DoICPAddr, 0
0x0099	0x0082      	MOVWF      PCL
;__Lib_System.c,12 :: 		
L_end_____DoICP:
0x009A	0x0008      	RETURN
; end of _____DoICP
_Div_32x32_U:
;__Lib_Math.c,1317 :: 		
;__Lib_Math.c,1326 :: 		
;__Lib_Math.c,1328 :: 		
0x009B	0x1283      	BCF        STATUS, 5
;__Lib_Math.c,1329 :: 		
0x009C	0x1303      	BCF        STATUS, 6
;__Lib_Math.c,1330 :: 		
0x009D	0x01FB      	CLRF       R11
;__Lib_Math.c,1331 :: 		
0x009E	0x01FA      	CLRF       R10
;__Lib_Math.c,1332 :: 		
0x009F	0x01F9      	CLRF       R9
;__Lib_Math.c,1333 :: 		
0x00A0	0x01F8      	CLRF       R8
;__Lib_Math.c,1335 :: 		
0x00A1	0x01A0      	CLRF       ___math_tempb
;__Lib_Math.c,1337 :: 		
0x00A2	0x0D73      	RLF        R3, 0
;__Lib_Math.c,1338 :: 		
0x00A3	0x0DF8      	RLF        R8, 1
;__Lib_Math.c,1339 :: 		
0x00A4	0x0874      	MOVF       R4, 0
;__Lib_Math.c,1340 :: 		
0x00A5	0x02F8      	SUBWF      R8, 1
;__Lib_Math.c,1341 :: 		
0x00A6	0x0875      	MOVF       R5, 0
;__Lib_Math.c,1342 :: 		
0x00A7	0x1C03      	BTFSS      STATUS, 0
;__Lib_Math.c,1343 :: 		
0x00A8	0x0F75      	INCFSZ     R5, 0
;__Lib_Math.c,1344 :: 		
0x00A9	0x02F9      	SUBWF      R9, 1
;__Lib_Math.c,1345 :: 		
0x00AA	0x0876      	MOVF       R6, 0
;__Lib_Math.c,1346 :: 		
0x00AB	0x1C03      	BTFSS      STATUS, 0
;__Lib_Math.c,1347 :: 		
0x00AC	0x0F76      	INCFSZ     R6, 0
;__Lib_Math.c,1348 :: 		
0x00AD	0x02FA      	SUBWF      R10, 1
;__Lib_Math.c,1349 :: 		
0x00AE	0x0877      	MOVF       R7, 0
;__Lib_Math.c,1350 :: 		
0x00AF	0x1C03      	BTFSS      STATUS, 0
;__Lib_Math.c,1351 :: 		
0x00B0	0x0F77      	INCFSZ     R7, 0
;__Lib_Math.c,1352 :: 		
0x00B1	0x02FB      	SUBWF      R11, 1
;__Lib_Math.c,1354 :: 		
0x00B2	0x0100      	CLRW
;__Lib_Math.c,1355 :: 		
0x00B3	0x1C03      	BTFSS      STATUS, 0
;__Lib_Math.c,1356 :: 		
0x00B4	0x3001      	MOVLW      1
;__Lib_Math.c,1357 :: 		
0x00B5	0x02A0      	SUBWF      ___math_tempb, 1
;__Lib_Math.c,1358 :: 		
0x00B6	0x0DF3      	RLF        R3, 1
;__Lib_Math.c,1360 :: 		
0x00B7	0x3007      	MOVLW      7
;__Lib_Math.c,1361 :: 		
0x00B8	0x00FC      	MOVWF      R12
;__Lib_Math.c,1363 :: 		
LOOPU3232A:
;__Lib_Math.c,1364 :: 		
0x00B9	0x0D73      	RLF        R3, 0
;__Lib_Math.c,1365 :: 		
0x00BA	0x0DF8      	RLF        R8, 1
;__Lib_Math.c,1366 :: 		
0x00BB	0x0DF9      	RLF        R9, 1
;__Lib_Math.c,1367 :: 		
0x00BC	0x0DFA      	RLF        R10, 1
;__Lib_Math.c,1368 :: 		
0x00BD	0x0DFB      	RLF        R11, 1
;__Lib_Math.c,1369 :: 		
0x00BE	0x0DA0      	RLF        ___math_tempb, 1
;__Lib_Math.c,1370 :: 		
0x00BF	0x0874      	MOVF       R4, 0
;__Lib_Math.c,1371 :: 		
0x00C0	0x1C73      	BTFSS      R3, 0
;__Lib_Math.c,1372 :: 		
0x00C1	0x28D4      	GOTO       UADD22LA
;__Lib_Math.c,1374 :: 		
0x00C2	0x02F8      	SUBWF      R8, 1
;__Lib_Math.c,1375 :: 		
0x00C3	0x0875      	MOVF       R5, 0
;__Lib_Math.c,1376 :: 		
0x00C4	0x1C03      	BTFSS      STATUS, 0
;__Lib_Math.c,1377 :: 		
0x00C5	0x0F75      	INCFSZ     R5, 0
;__Lib_Math.c,1378 :: 		
0x00C6	0x02F9      	SUBWF      R9, 1
;__Lib_Math.c,1379 :: 		
0x00C7	0x0876      	MOVF       R6, 0
;__Lib_Math.c,1380 :: 		
0x00C8	0x1C03      	BTFSS      STATUS, 0
;__Lib_Math.c,1381 :: 		
0x00C9	0x0F76      	INCFSZ     R6, 0
;__Lib_Math.c,1382 :: 		
0x00CA	0x02FA      	SUBWF      R10, 1
;__Lib_Math.c,1383 :: 		
0x00CB	0x0877      	MOVF       R7, 0
;__Lib_Math.c,1384 :: 		
0x00CC	0x1C03      	BTFSS      STATUS, 0
;__Lib_Math.c,1385 :: 		
0x00CD	0x0F77      	INCFSZ     R7, 0
;__Lib_Math.c,1386 :: 		
0x00CE	0x02FB      	SUBWF      R11, 1
;__Lib_Math.c,1387 :: 		
0x00CF	0x0100      	CLRW
;__Lib_Math.c,1388 :: 		
0x00D0	0x1C03      	BTFSS      STATUS, 0
;__Lib_Math.c,1389 :: 		
0x00D1	0x3001      	MOVLW      1
;__Lib_Math.c,1390 :: 		
0x00D2	0x02A0      	SUBWF      ___math_tempb, 1
;__Lib_Math.c,1391 :: 		
0x00D3	0x28E5      	GOTO       UOK22LA
;__Lib_Math.c,1393 :: 		
UADD22LA:
;__Lib_Math.c,1394 :: 		
0x00D4	0x07F8      	ADDWF      R8, 1
;__Lib_Math.c,1395 :: 		
0x00D5	0x0875      	MOVF       R5, 0
;__Lib_Math.c,1396 :: 		
0x00D6	0x1803      	BTFSC      STATUS, 0
;__Lib_Math.c,1397 :: 		
0x00D7	0x0F75      	INCFSZ     R5, 0
;__Lib_Math.c,1398 :: 		
0x00D8	0x07F9      	ADDWF      R9, 1
;__Lib_Math.c,1399 :: 		
0x00D9	0x0876      	MOVF       R6, 0
;__Lib_Math.c,1400 :: 		
0x00DA	0x1803      	BTFSC      STATUS, 0
;__Lib_Math.c,1401 :: 		
0x00DB	0x0F76      	INCFSZ     R6, 0
;__Lib_Math.c,1402 :: 		
0x00DC	0x07FA      	ADDWF      R10, 1
;__Lib_Math.c,1403 :: 		
0x00DD	0x0877      	MOVF       R7, 0
;__Lib_Math.c,1404 :: 		
0x00DE	0x1803      	BTFSC      STATUS, 0
;__Lib_Math.c,1405 :: 		
0x00DF	0x0F77      	INCFSZ     R7, 0
;__Lib_Math.c,1406 :: 		
0x00E0	0x07FB      	ADDWF      R11, 1
;__Lib_Math.c,1407 :: 		
0x00E1	0x0100      	CLRW
;__Lib_Math.c,1408 :: 		
0x00E2	0x1803      	BTFSC      STATUS, 0
;__Lib_Math.c,1409 :: 		
0x00E3	0x3001      	MOVLW      1
;__Lib_Math.c,1410 :: 		
0x00E4	0x07A0      	ADDWF      ___math_tempb, 1
;__Lib_Math.c,1412 :: 		
UOK22LA:
;__Lib_Math.c,1413 :: 		
0x00E5	0x0DF3      	RLF        R3, 1
;__Lib_Math.c,1415 :: 		
0x00E6	0x0BFC      	DECFSZ     R12, 1
;__Lib_Math.c,1416 :: 		
0x00E7	0x28B9      	GOTO       LOOPU3232A
;__Lib_Math.c,1418 :: 		
0x00E8	0x0D72      	RLF        R2, 0
;__Lib_Math.c,1419 :: 		
0x00E9	0x0DF8      	RLF        R8, 1
;__Lib_Math.c,1420 :: 		
0x00EA	0x0DF9      	RLF        R9, 1
;__Lib_Math.c,1421 :: 		
0x00EB	0x0DFA      	RLF        R10, 1
;__Lib_Math.c,1422 :: 		
0x00EC	0x0DFB      	RLF        R11, 1
;__Lib_Math.c,1423 :: 		
0x00ED	0x0DA0      	RLF        ___math_tempb, 1
;__Lib_Math.c,1424 :: 		
0x00EE	0x0874      	MOVF       R4, 0
;__Lib_Math.c,1425 :: 		
0x00EF	0x1C73      	BTFSS      R3, 0
;__Lib_Math.c,1426 :: 		
0x00F0	0x2903      	GOTO       UADD22L8
;__Lib_Math.c,1428 :: 		
0x00F1	0x02F8      	SUBWF      R8, 1
;__Lib_Math.c,1429 :: 		
0x00F2	0x0875      	MOVF       R5, 0
;__Lib_Math.c,1430 :: 		
0x00F3	0x1C03      	BTFSS      STATUS, 0
;__Lib_Math.c,1431 :: 		
0x00F4	0x0F75      	INCFSZ     R5, 0
;__Lib_Math.c,1432 :: 		
0x00F5	0x02F9      	SUBWF      R9, 1
;__Lib_Math.c,1433 :: 		
0x00F6	0x0876      	MOVF       R6, 0
;__Lib_Math.c,1434 :: 		
0x00F7	0x1C03      	BTFSS      STATUS, 0
;__Lib_Math.c,1435 :: 		
0x00F8	0x0F76      	INCFSZ     R6, 0
;__Lib_Math.c,1436 :: 		
0x00F9	0x02FA      	SUBWF      R10, 1
;__Lib_Math.c,1437 :: 		
0x00FA	0x0877      	MOVF       R7, 0
;__Lib_Math.c,1438 :: 		
0x00FB	0x1C03      	BTFSS      STATUS, 0
;__Lib_Math.c,1439 :: 		
0x00FC	0x0F77      	INCFSZ     R7, 0
;__Lib_Math.c,1440 :: 		
0x00FD	0x02FB      	SUBWF      R11, 1
;__Lib_Math.c,1441 :: 		
0x00FE	0x0100      	CLRW
;__Lib_Math.c,1442 :: 		
0x00FF	0x1C03      	BTFSS      STATUS, 0
;__Lib_Math.c,1443 :: 		
0x0100	0x3001      	MOVLW      1
;__Lib_Math.c,1444 :: 		
0x0101	0x02A0      	SUBWF      ___math_tempb, 1
;__Lib_Math.c,1445 :: 		
0x0102	0x2914      	GOTO       UOK22L8
;__Lib_Math.c,1447 :: 		
UADD22L8:
;__Lib_Math.c,1448 :: 		
0x0103	0x07F8      	ADDWF      R8, 1
;__Lib_Math.c,1449 :: 		
0x0104	0x0875      	MOVF       R5, 0
;__Lib_Math.c,1450 :: 		
0x0105	0x1803      	BTFSC      STATUS, 0
;__Lib_Math.c,1451 :: 		
0x0106	0x0F75      	INCFSZ     R5, 0
;__Lib_Math.c,1452 :: 		
0x0107	0x07F9      	ADDWF      R9, 1
;__Lib_Math.c,1453 :: 		
0x0108	0x0876      	MOVF       R6, 0
;__Lib_Math.c,1454 :: 		
0x0109	0x1803      	BTFSC      STATUS, 0
;__Lib_Math.c,1455 :: 		
0x010A	0x0F76      	INCFSZ     R6, 0
;__Lib_Math.c,1456 :: 		
0x010B	0x07FA      	ADDWF      R10, 1
;__Lib_Math.c,1457 :: 		
0x010C	0x0877      	MOVF       R7, 0
;__Lib_Math.c,1458 :: 		
0x010D	0x1803      	BTFSC      STATUS, 0
;__Lib_Math.c,1459 :: 		
0x010E	0x0F77      	INCFSZ     R7, 0
;__Lib_Math.c,1460 :: 		
0x010F	0x07FB      	ADDWF      R11, 1
;__Lib_Math.c,1461 :: 		
0x0110	0x0100      	CLRW
;__Lib_Math.c,1462 :: 		
0x0111	0x1803      	BTFSC      STATUS, 0
;__Lib_Math.c,1463 :: 		
0x0112	0x3001      	MOVLW      1
;__Lib_Math.c,1464 :: 		
0x0113	0x07A0      	ADDWF      ___math_tempb, 1
;__Lib_Math.c,1466 :: 		
UOK22L8:
;__Lib_Math.c,1467 :: 		
0x0114	0x0DF2      	RLF        R2, 1
;__Lib_Math.c,1469 :: 		
0x0115	0x3007      	MOVLW      7
;__Lib_Math.c,1470 :: 		
0x0116	0x00FC      	MOVWF      R12
;__Lib_Math.c,1472 :: 		
LOOPU3232B:
;__Lib_Math.c,1473 :: 		
0x0117	0x0D72      	RLF        R2, 0
;__Lib_Math.c,1474 :: 		
0x0118	0x0DF8      	RLF        R8, 1
;__Lib_Math.c,1475 :: 		
0x0119	0x0DF9      	RLF        R9, 1
;__Lib_Math.c,1476 :: 		
0x011A	0x0DFA      	RLF        R10, 1
;__Lib_Math.c,1477 :: 		
0x011B	0x0DFB      	RLF        R11, 1
;__Lib_Math.c,1478 :: 		
0x011C	0x0DA0      	RLF        ___math_tempb, 1
;__Lib_Math.c,1479 :: 		
0x011D	0x0874      	MOVF       R4, 0
;__Lib_Math.c,1480 :: 		
0x011E	0x1C72      	BTFSS      R2, 0
;__Lib_Math.c,1481 :: 		
0x011F	0x2932      	GOTO       UADD22LB
;__Lib_Math.c,1483 :: 		
0x0120	0x02F8      	SUBWF      R8, 1
;__Lib_Math.c,1484 :: 		
0x0121	0x0875      	MOVF       R5, 0
;__Lib_Math.c,1485 :: 		
0x0122	0x1C03      	BTFSS      STATUS, 0
;__Lib_Math.c,1486 :: 		
0x0123	0x0F75      	INCFSZ     R5, 0
;__Lib_Math.c,1487 :: 		
0x0124	0x02F9      	SUBWF      R9, 1
;__Lib_Math.c,1488 :: 		
0x0125	0x0876      	MOVF       R6, 0
;__Lib_Math.c,1489 :: 		
0x0126	0x1C03      	BTFSS      STATUS, 0
;__Lib_Math.c,1490 :: 		
0x0127	0x0F76      	INCFSZ     R6, 0
;__Lib_Math.c,1491 :: 		
0x0128	0x02FA      	SUBWF      R10, 1
;__Lib_Math.c,1492 :: 		
0x0129	0x0877      	MOVF       R7, 0
;__Lib_Math.c,1493 :: 		
0x012A	0x1C03      	BTFSS      STATUS, 0
;__Lib_Math.c,1494 :: 		
0x012B	0x0F77      	INCFSZ     R7, 0
;__Lib_Math.c,1495 :: 		
0x012C	0x02FB      	SUBWF      R11, 1
;__Lib_Math.c,1496 :: 		
0x012D	0x0100      	CLRW
;__Lib_Math.c,1497 :: 		
0x012E	0x1C03      	BTFSS      STATUS, 0
;__Lib_Math.c,1498 :: 		
0x012F	0x3001      	MOVLW      1
;__Lib_Math.c,1499 :: 		
0x0130	0x02A0      	SUBWF      ___math_tempb, 1
;__Lib_Math.c,1500 :: 		
0x0131	0x2943      	GOTO       UOK22LB
;__Lib_Math.c,1502 :: 		
UADD22LB:
;__Lib_Math.c,1503 :: 		
0x0132	0x07F8      	ADDWF      R8, 1
;__Lib_Math.c,1504 :: 		
0x0133	0x0875      	MOVF       R5, 0
;__Lib_Math.c,1505 :: 		
0x0134	0x1803      	BTFSC      STATUS, 0
;__Lib_Math.c,1506 :: 		
0x0135	0x0F75      	INCFSZ     R5, 0
;__Lib_Math.c,1507 :: 		
0x0136	0x07F9      	ADDWF      R9, 1
;__Lib_Math.c,1508 :: 		
0x0137	0x0876      	MOVF       R6, 0
;__Lib_Math.c,1509 :: 		
0x0138	0x1803      	BTFSC      STATUS, 0
;__Lib_Math.c,1510 :: 		
0x0139	0x0F76      	INCFSZ     R6, 0
;__Lib_Math.c,1511 :: 		
0x013A	0x07FA      	ADDWF      R10, 1
;__Lib_Math.c,1512 :: 		
0x013B	0x0877      	MOVF       R7, 0
;__Lib_Math.c,1513 :: 		
0x013C	0x1803      	BTFSC      STATUS, 0
;__Lib_Math.c,1514 :: 		
0x013D	0x0F77      	INCFSZ     R7, 0
;__Lib_Math.c,1515 :: 		
0x013E	0x07FB      	ADDWF      R11, 1
;__Lib_Math.c,1516 :: 		
0x013F	0x0100      	CLRW
;__Lib_Math.c,1517 :: 		
0x0140	0x1803      	BTFSC      STATUS, 0
;__Lib_Math.c,1518 :: 		
0x0141	0x3001      	MOVLW      1
;__Lib_Math.c,1519 :: 		
0x0142	0x07A0      	ADDWF      ___math_tempb, 1
;__Lib_Math.c,1521 :: 		
UOK22LB:
;__Lib_Math.c,1522 :: 		
0x0143	0x0DF2      	RLF        R2, 1
;__Lib_Math.c,1524 :: 		
0x0144	0x0BFC      	DECFSZ     R12, 1
;__Lib_Math.c,1525 :: 		
0x0145	0x2917      	GOTO       LOOPU3232B
;__Lib_Math.c,1527 :: 		
0x0146	0x0D71      	RLF        R1, 0
;__Lib_Math.c,1528 :: 		
0x0147	0x0DF8      	RLF        R8, 1
;__Lib_Math.c,1529 :: 		
0x0148	0x0DF9      	RLF        R9, 1
;__Lib_Math.c,1530 :: 		
0x0149	0x0DFA      	RLF        R10, 1
;__Lib_Math.c,1531 :: 		
0x014A	0x0DFB      	RLF        R11, 1
;__Lib_Math.c,1532 :: 		
0x014B	0x0DA0      	RLF        ___math_tempb, 1
;__Lib_Math.c,1533 :: 		
0x014C	0x0874      	MOVF       R4, 0
;__Lib_Math.c,1534 :: 		
0x014D	0x1C72      	BTFSS      R2, 0
;__Lib_Math.c,1535 :: 		
0x014E	0x2961      	GOTO       UADD22L16
;__Lib_Math.c,1537 :: 		
0x014F	0x02F8      	SUBWF      R8, 1
;__Lib_Math.c,1538 :: 		
0x0150	0x0875      	MOVF       R5, 0
;__Lib_Math.c,1539 :: 		
0x0151	0x1C03      	BTFSS      STATUS, 0
;__Lib_Math.c,1540 :: 		
0x0152	0x0F75      	INCFSZ     R5, 0
;__Lib_Math.c,1541 :: 		
0x0153	0x02F9      	SUBWF      R9, 1
;__Lib_Math.c,1542 :: 		
0x0154	0x0876      	MOVF       R6, 0
;__Lib_Math.c,1543 :: 		
0x0155	0x1C03      	BTFSS      STATUS, 0
;__Lib_Math.c,1544 :: 		
0x0156	0x0F76      	INCFSZ     R6, 0
;__Lib_Math.c,1545 :: 		
0x0157	0x02FA      	SUBWF      R10, 1
;__Lib_Math.c,1546 :: 		
0x0158	0x0877      	MOVF       R7, 0
;__Lib_Math.c,1547 :: 		
0x0159	0x1C03      	BTFSS      STATUS, 0
;__Lib_Math.c,1548 :: 		
0x015A	0x0F77      	INCFSZ     R7, 0
;__Lib_Math.c,1549 :: 		
0x015B	0x02FB      	SUBWF      R11, 1
;__Lib_Math.c,1550 :: 		
0x015C	0x0100      	CLRW
;__Lib_Math.c,1551 :: 		
0x015D	0x1C03      	BTFSS      STATUS, 0
;__Lib_Math.c,1552 :: 		
0x015E	0x3001      	MOVLW      1
;__Lib_Math.c,1553 :: 		
0x015F	0x02A0      	SUBWF      ___math_tempb, 1
;__Lib_Math.c,1554 :: 		
0x0160	0x2972      	GOTO       UOK22L16
;__Lib_Math.c,1556 :: 		
UADD22L16:
;__Lib_Math.c,1557 :: 		
0x0161	0x07F8      	ADDWF      R8, 1
;__Lib_Math.c,1558 :: 		
0x0162	0x0875      	MOVF       R5, 0
;__Lib_Math.c,1559 :: 		
0x0163	0x1803      	BTFSC      STATUS, 0
;__Lib_Math.c,1560 :: 		
0x0164	0x0F75      	INCFSZ     R5, 0
;__Lib_Math.c,1561 :: 		
0x0165	0x07F9      	ADDWF      R9, 1
;__Lib_Math.c,1562 :: 		
0x0166	0x0876      	MOVF       R6, 0
;__Lib_Math.c,1563 :: 		
0x0167	0x1803      	BTFSC      STATUS, 0
;__Lib_Math.c,1564 :: 		
0x0168	0x0F76      	INCFSZ     R6, 0
;__Lib_Math.c,1565 :: 		
0x0169	0x07FA      	ADDWF      R10, 1
;__Lib_Math.c,1566 :: 		
0x016A	0x0877      	MOVF       R7, 0
;__Lib_Math.c,1567 :: 		
0x016B	0x1803      	BTFSC      STATUS, 0
;__Lib_Math.c,1568 :: 		
0x016C	0x0F77      	INCFSZ     R7, 0
;__Lib_Math.c,1569 :: 		
0x016D	0x07FB      	ADDWF      R11, 1
;__Lib_Math.c,1570 :: 		
0x016E	0x0100      	CLRW
;__Lib_Math.c,1571 :: 		
0x016F	0x1803      	BTFSC      STATUS, 0
;__Lib_Math.c,1572 :: 		
0x0170	0x3001      	MOVLW      1
;__Lib_Math.c,1573 :: 		
0x0171	0x07A0      	ADDWF      ___math_tempb, 1
;__Lib_Math.c,1575 :: 		
UOK22L16:
;__Lib_Math.c,1576 :: 		
0x0172	0x0DF1      	RLF        R1, 1
;__Lib_Math.c,1578 :: 		
0x0173	0x3007      	MOVLW      7
;__Lib_Math.c,1579 :: 		
0x0174	0x00FC      	MOVWF      R12
;__Lib_Math.c,1581 :: 		
LOOPU3232C:
;__Lib_Math.c,1582 :: 		
0x0175	0x0D71      	RLF        R1, 0
;__Lib_Math.c,1583 :: 		
0x0176	0x0DF8      	RLF        R8, 1
;__Lib_Math.c,1584 :: 		
0x0177	0x0DF9      	RLF        R9, 1
;__Lib_Math.c,1585 :: 		
0x0178	0x0DFA      	RLF        R10, 1
;__Lib_Math.c,1586 :: 		
0x0179	0x0DFB      	RLF        R11, 1
;__Lib_Math.c,1587 :: 		
0x017A	0x0DA0      	RLF        ___math_tempb, 1
;__Lib_Math.c,1588 :: 		
0x017B	0x0874      	MOVF       R4, 0
;__Lib_Math.c,1589 :: 		
0x017C	0x1C71      	BTFSS      R1, 0
;__Lib_Math.c,1590 :: 		
0x017D	0x2990      	GOTO       UADD22LC
;__Lib_Math.c,1592 :: 		
0x017E	0x02F8      	SUBWF      R8, 1
;__Lib_Math.c,1593 :: 		
0x017F	0x0875      	MOVF       R5, 0
;__Lib_Math.c,1594 :: 		
0x0180	0x1C03      	BTFSS      STATUS, 0
;__Lib_Math.c,1595 :: 		
0x0181	0x0F75      	INCFSZ     R5, 0
;__Lib_Math.c,1596 :: 		
0x0182	0x02F9      	SUBWF      R9, 1
;__Lib_Math.c,1597 :: 		
0x0183	0x0876      	MOVF       R6, 0
;__Lib_Math.c,1598 :: 		
0x0184	0x1C03      	BTFSS      STATUS, 0
;__Lib_Math.c,1599 :: 		
0x0185	0x0F76      	INCFSZ     R6, 0
;__Lib_Math.c,1600 :: 		
0x0186	0x02FA      	SUBWF      R10, 1
;__Lib_Math.c,1601 :: 		
0x0187	0x0877      	MOVF       R7, 0
;__Lib_Math.c,1602 :: 		
0x0188	0x1C03      	BTFSS      STATUS, 0
;__Lib_Math.c,1603 :: 		
0x0189	0x0F77      	INCFSZ     R7, 0
;__Lib_Math.c,1604 :: 		
0x018A	0x02FB      	SUBWF      R11, 1
;__Lib_Math.c,1605 :: 		
0x018B	0x0100      	CLRW
;__Lib_Math.c,1606 :: 		
0x018C	0x1C03      	BTFSS      STATUS, 0
;__Lib_Math.c,1607 :: 		
0x018D	0x3001      	MOVLW      1
;__Lib_Math.c,1608 :: 		
0x018E	0x02A0      	SUBWF      ___math_tempb, 1
;__Lib_Math.c,1609 :: 		
0x018F	0x29A1      	GOTO       UOK22LC
;__Lib_Math.c,1611 :: 		
UADD22LC:
;__Lib_Math.c,1612 :: 		
0x0190	0x07F8      	ADDWF      R8, 1
;__Lib_Math.c,1613 :: 		
0x0191	0x0875      	MOVF       R5, 0
;__Lib_Math.c,1614 :: 		
0x0192	0x1803      	BTFSC      STATUS, 0
;__Lib_Math.c,1615 :: 		
0x0193	0x0F75      	INCFSZ     R5, 0
;__Lib_Math.c,1616 :: 		
0x0194	0x07F9      	ADDWF      R9, 1
;__Lib_Math.c,1617 :: 		
0x0195	0x0876      	MOVF       R6, 0
;__Lib_Math.c,1618 :: 		
0x0196	0x1803      	BTFSC      STATUS, 0
;__Lib_Math.c,1619 :: 		
0x0197	0x0F76      	INCFSZ     R6, 0
;__Lib_Math.c,1620 :: 		
0x0198	0x07FA      	ADDWF      R10, 1
;__Lib_Math.c,1621 :: 		
0x0199	0x0877      	MOVF       R7, 0
;__Lib_Math.c,1622 :: 		
0x019A	0x1803      	BTFSC      STATUS, 0
;__Lib_Math.c,1623 :: 		
0x019B	0x0F77      	INCFSZ     R7, 0
;__Lib_Math.c,1624 :: 		
0x019C	0x07FB      	ADDWF      R11, 1
;__Lib_Math.c,1625 :: 		
0x019D	0x0100      	CLRW
;__Lib_Math.c,1626 :: 		
0x019E	0x1803      	BTFSC      STATUS, 0
;__Lib_Math.c,1627 :: 		
0x019F	0x3001      	MOVLW      1
;__Lib_Math.c,1628 :: 		
0x01A0	0x07A0      	ADDWF      ___math_tempb, 1
;__Lib_Math.c,1630 :: 		
UOK22LC:
;__Lib_Math.c,1631 :: 		
0x01A1	0x0DF1      	RLF        R1, 1
;__Lib_Math.c,1633 :: 		
0x01A2	0x0BFC      	DECFSZ     R12, 1
;__Lib_Math.c,1634 :: 		
0x01A3	0x2975      	GOTO       LOOPU3232C
;__Lib_Math.c,1636 :: 		
0x01A4	0x0D70      	RLF        R0, 0
;__Lib_Math.c,1637 :: 		
0x01A5	0x0DF8      	RLF        R8, 1
;__Lib_Math.c,1638 :: 		
0x01A6	0x0DF9      	RLF        R9, 1
;__Lib_Math.c,1639 :: 		
0x01A7	0x0DFA      	RLF        R10, 1
;__Lib_Math.c,1640 :: 		
0x01A8	0x0DFB      	RLF        R11, 1
;__Lib_Math.c,1641 :: 		
0x01A9	0x0DA0      	RLF        ___math_tempb, 1
;__Lib_Math.c,1642 :: 		
0x01AA	0x0874      	MOVF       R4, 0
;__Lib_Math.c,1643 :: 		
0x01AB	0x1C71      	BTFSS      R1, 0
;__Lib_Math.c,1644 :: 		
0x01AC	0x29BF      	GOTO       UADD22L24
;__Lib_Math.c,1646 :: 		
0x01AD	0x02F8      	SUBWF      R8, 1
;__Lib_Math.c,1647 :: 		
0x01AE	0x0875      	MOVF       R5, 0
;__Lib_Math.c,1648 :: 		
0x01AF	0x1C03      	BTFSS      STATUS, 0
;__Lib_Math.c,1649 :: 		
0x01B0	0x0F75      	INCFSZ     R5, 0
;__Lib_Math.c,1650 :: 		
0x01B1	0x02F9      	SUBWF      R9, 1
;__Lib_Math.c,1651 :: 		
0x01B2	0x0876      	MOVF       R6, 0
;__Lib_Math.c,1652 :: 		
0x01B3	0x1C03      	BTFSS      STATUS, 0
;__Lib_Math.c,1653 :: 		
0x01B4	0x0F76      	INCFSZ     R6, 0
;__Lib_Math.c,1654 :: 		
0x01B5	0x02FA      	SUBWF      R10, 1
;__Lib_Math.c,1655 :: 		
0x01B6	0x0877      	MOVF       R7, 0
;__Lib_Math.c,1656 :: 		
0x01B7	0x1C03      	BTFSS      STATUS, 0
;__Lib_Math.c,1657 :: 		
0x01B8	0x0F77      	INCFSZ     R7, 0
;__Lib_Math.c,1658 :: 		
0x01B9	0x02FB      	SUBWF      R11, 1
;__Lib_Math.c,1659 :: 		
0x01BA	0x0100      	CLRW
;__Lib_Math.c,1660 :: 		
0x01BB	0x1C03      	BTFSS      STATUS, 0
;__Lib_Math.c,1661 :: 		
0x01BC	0x3001      	MOVLW      1
;__Lib_Math.c,1662 :: 		
0x01BD	0x02A0      	SUBWF      ___math_tempb, 1
;__Lib_Math.c,1663 :: 		
0x01BE	0x29D0      	GOTO       UOK22L24
;__Lib_Math.c,1665 :: 		
UADD22L24:
;__Lib_Math.c,1666 :: 		
0x01BF	0x07F8      	ADDWF      R8, 1
;__Lib_Math.c,1667 :: 		
0x01C0	0x0875      	MOVF       R5, 0
;__Lib_Math.c,1668 :: 		
0x01C1	0x1803      	BTFSC      STATUS, 0
;__Lib_Math.c,1669 :: 		
0x01C2	0x0F75      	INCFSZ     R5, 0
;__Lib_Math.c,1670 :: 		
0x01C3	0x07F9      	ADDWF      R9, 1
;__Lib_Math.c,1671 :: 		
0x01C4	0x0876      	MOVF       R6, 0
;__Lib_Math.c,1672 :: 		
0x01C5	0x1803      	BTFSC      STATUS, 0
;__Lib_Math.c,1673 :: 		
0x01C6	0x0F76      	INCFSZ     R6, 0
;__Lib_Math.c,1674 :: 		
0x01C7	0x07FA      	ADDWF      R10, 1
;__Lib_Math.c,1675 :: 		
0x01C8	0x0877      	MOVF       R7, 0
;__Lib_Math.c,1676 :: 		
0x01C9	0x1803      	BTFSC      STATUS, 0
;__Lib_Math.c,1677 :: 		
0x01CA	0x0F77      	INCFSZ     R7, 0
;__Lib_Math.c,1678 :: 		
0x01CB	0x07FB      	ADDWF      R11, 1
;__Lib_Math.c,1679 :: 		
0x01CC	0x0100      	CLRW
;__Lib_Math.c,1680 :: 		
0x01CD	0x1803      	BTFSC      STATUS, 0
;__Lib_Math.c,1681 :: 		
0x01CE	0x3001      	MOVLW      1
;__Lib_Math.c,1682 :: 		
0x01CF	0x07A0      	ADDWF      ___math_tempb, 1
;__Lib_Math.c,1684 :: 		
UOK22L24:
;__Lib_Math.c,1685 :: 		
0x01D0	0x0DF0      	RLF        R0, 1
;__Lib_Math.c,1687 :: 		
0x01D1	0x3007      	MOVLW      7
;__Lib_Math.c,1688 :: 		
0x01D2	0x00FC      	MOVWF      R12
;__Lib_Math.c,1690 :: 		
LOOPU3232D:
;__Lib_Math.c,1691 :: 		
0x01D3	0x0D70      	RLF        R0, 0
;__Lib_Math.c,1692 :: 		
0x01D4	0x0DF8      	RLF        R8, 1
;__Lib_Math.c,1693 :: 		
0x01D5	0x0DF9      	RLF        R9, 1
;__Lib_Math.c,1694 :: 		
0x01D6	0x0DFA      	RLF        R10, 1
;__Lib_Math.c,1695 :: 		
0x01D7	0x0DFB      	RLF        R11, 1
;__Lib_Math.c,1696 :: 		
0x01D8	0x0DA0      	RLF        ___math_tempb, 1
;__Lib_Math.c,1697 :: 		
0x01D9	0x0874      	MOVF       R4, 0
;__Lib_Math.c,1698 :: 		
0x01DA	0x1C70      	BTFSS      R0, 0
;__Lib_Math.c,1699 :: 		
0x01DB	0x29EE      	GOTO       UADD22LD
;__Lib_Math.c,1701 :: 		
0x01DC	0x02F8      	SUBWF      R8, 1
;__Lib_Math.c,1702 :: 		
0x01DD	0x0875      	MOVF       R5, 0
;__Lib_Math.c,1703 :: 		
0x01DE	0x1C03      	BTFSS      STATUS, 0
;__Lib_Math.c,1704 :: 		
0x01DF	0x0F75      	INCFSZ     R5, 0
;__Lib_Math.c,1705 :: 		
0x01E0	0x02F9      	SUBWF      R9, 1
;__Lib_Math.c,1706 :: 		
0x01E1	0x0876      	MOVF       R6, 0
;__Lib_Math.c,1707 :: 		
0x01E2	0x1C03      	BTFSS      STATUS, 0
;__Lib_Math.c,1708 :: 		
0x01E3	0x0F76      	INCFSZ     R6, 0
;__Lib_Math.c,1709 :: 		
0x01E4	0x02FA      	SUBWF      R10, 1
;__Lib_Math.c,1710 :: 		
0x01E5	0x0877      	MOVF       R7, 0
;__Lib_Math.c,1711 :: 		
0x01E6	0x1C03      	BTFSS      STATUS, 0
;__Lib_Math.c,1712 :: 		
0x01E7	0x0F77      	INCFSZ     R7, 0
;__Lib_Math.c,1713 :: 		
0x01E8	0x02FB      	SUBWF      R11, 1
;__Lib_Math.c,1714 :: 		
0x01E9	0x0100      	CLRW
;__Lib_Math.c,1715 :: 		
0x01EA	0x1C03      	BTFSS      STATUS, 0
;__Lib_Math.c,1716 :: 		
0x01EB	0x3001      	MOVLW      1
;__Lib_Math.c,1717 :: 		
0x01EC	0x02A0      	SUBWF      ___math_tempb, 1
;__Lib_Math.c,1718 :: 		
0x01ED	0x29FF      	GOTO       UOK22LD
;__Lib_Math.c,1720 :: 		
UADD22LD:
;__Lib_Math.c,1721 :: 		
0x01EE	0x07F8      	ADDWF      R8, 1
;__Lib_Math.c,1722 :: 		
0x01EF	0x0875      	MOVF       R5, 0
;__Lib_Math.c,1723 :: 		
0x01F0	0x1803      	BTFSC      STATUS, 0
;__Lib_Math.c,1724 :: 		
0x01F1	0x0F75      	INCFSZ     R5, 0
;__Lib_Math.c,1725 :: 		
0x01F2	0x07F9      	ADDWF      R9, 1
;__Lib_Math.c,1726 :: 		
0x01F3	0x0876      	MOVF       R6, 0
;__Lib_Math.c,1727 :: 		
0x01F4	0x1803      	BTFSC      STATUS, 0
;__Lib_Math.c,1728 :: 		
0x01F5	0x0F76      	INCFSZ     R6, 0
;__Lib_Math.c,1729 :: 		
0x01F6	0x07FA      	ADDWF      R10, 1
;__Lib_Math.c,1730 :: 		
0x01F7	0x0877      	MOVF       R7, 0
;__Lib_Math.c,1731 :: 		
0x01F8	0x1803      	BTFSC      STATUS, 0
;__Lib_Math.c,1732 :: 		
0x01F9	0x0F77      	INCFSZ     R7, 0
;__Lib_Math.c,1733 :: 		
0x01FA	0x07FB      	ADDWF      R11, 1
;__Lib_Math.c,1734 :: 		
0x01FB	0x0100      	CLRW
;__Lib_Math.c,1735 :: 		
0x01FC	0x1803      	BTFSC      STATUS, 0
;__Lib_Math.c,1736 :: 		
0x01FD	0x3001      	MOVLW      1
;__Lib_Math.c,1737 :: 		
0x01FE	0x07A0      	ADDWF      ___math_tempb, 1
;__Lib_Math.c,1739 :: 		
UOK22LD:
;__Lib_Math.c,1740 :: 		
0x01FF	0x0DF0      	RLF        R0, 1
;__Lib_Math.c,1742 :: 		
0x0200	0x0BFC      	DECFSZ     R12, 1
;__Lib_Math.c,1743 :: 		
0x0201	0x29D3      	GOTO       LOOPU3232D
;__Lib_Math.c,1745 :: 		
0x0202	0x1870      	BTFSC      R0, 0
;__Lib_Math.c,1746 :: 		
0x0203	0x2A12      	GOTO       UOK22L
;__Lib_Math.c,1747 :: 		
0x0204	0x0874      	MOVF       R4, 0
;__Lib_Math.c,1748 :: 		
0x0205	0x07F8      	ADDWF      R8, 1
;__Lib_Math.c,1749 :: 		
0x0206	0x0875      	MOVF       R5, 0
;__Lib_Math.c,1750 :: 		
0x0207	0x1803      	BTFSC      STATUS, 0
;__Lib_Math.c,1751 :: 		
0x0208	0x0F75      	INCFSZ     R5, 0
;__Lib_Math.c,1752 :: 		
0x0209	0x07F9      	ADDWF      R9, 1
;__Lib_Math.c,1753 :: 		
0x020A	0x0876      	MOVF       R6, 0
;__Lib_Math.c,1754 :: 		
0x020B	0x1803      	BTFSC      STATUS, 0
;__Lib_Math.c,1755 :: 		
0x020C	0x0F76      	INCFSZ     R6, 0
;__Lib_Math.c,1756 :: 		
0x020D	0x07FA      	ADDWF      R10, 1
;__Lib_Math.c,1757 :: 		
0x020E	0x0877      	MOVF       R7, 0
;__Lib_Math.c,1758 :: 		
0x020F	0x1803      	BTFSC      STATUS, 0
;__Lib_Math.c,1759 :: 		
0x0210	0x0F77      	INCFSZ     R7, 0
;__Lib_Math.c,1760 :: 		
0x0211	0x07FB      	ADDWF      R11, 1
;__Lib_Math.c,1762 :: 		
UOK22L:
;__Lib_Math.c,1765 :: 		
L_end_Div_32x32_U:
0x0212	0x0008      	RETURN
; end of _Div_32x32_U
_Mul_32x32_U:
;__Lib_Math.c,1774 :: 		
;__Lib_Math.c,1789 :: 		
0x0213	0x1283      	BCF        STATUS, 5
;__Lib_Math.c,1790 :: 		
0x0214	0x1303      	BCF        STATUS, 6
;__Lib_Math.c,1791 :: 		
0x0215	0x3022      	MOVLW      34
;__Lib_Math.c,1792 :: 		
0x0216	0x00FC      	MOVWF      R12
;__Lib_Math.c,1793 :: 		
0x0217	0x01F8      	CLRF       R8
;__Lib_Math.c,1794 :: 		
0x0218	0x01F9      	CLRF       R9
;__Lib_Math.c,1795 :: 		
0x0219	0x01FA      	CLRF       R10
;__Lib_Math.c,1796 :: 		
0x021A	0x01FB      	CLRF       R11
;__Lib_Math.c,1798 :: 		
_NEXT:
;__Lib_Math.c,1802 :: 		
0x021B	0x03FC      	DECF       R12, 1
;__Lib_Math.c,1803 :: 		
0x021C	0x1903      	BTFSC      STATUS, 2
;__Lib_Math.c,1804 :: 		
0x021D	0x2A49      	GOTO       _EXIT2
;__Lib_Math.c,1805 :: 		
0x021E	0x1003      	BCF        STATUS, 0
;__Lib_Math.c,1807 :: 		
_LOOP:
;__Lib_Math.c,1816 :: 		
0x021F	0x0CFB      	RRF        R11, 1
;__Lib_Math.c,1817 :: 		
0x0220	0x0CFA      	RRF        R10, 1
;__Lib_Math.c,1818 :: 		
0x0221	0x0CF9      	RRF        R9, 1
;__Lib_Math.c,1819 :: 		
0x0222	0x0CF8      	RRF        R8, 1
;__Lib_Math.c,1820 :: 		
0x0223	0x0CF3      	RRF        R3, 1
;__Lib_Math.c,1821 :: 		
0x0224	0x0CF2      	RRF        R2, 1
;__Lib_Math.c,1822 :: 		
0x0225	0x0CF1      	RRF        R1, 1
;__Lib_Math.c,1823 :: 		
0x0226	0x0CF0      	RRF        R0, 1
;__Lib_Math.c,1828 :: 		
0x0227	0x1C03      	BTFSS      STATUS, 0
;__Lib_Math.c,1829 :: 		
0x0228	0x2A1B      	GOTO       _NEXT
;__Lib_Math.c,1830 :: 		
0x0229	0x03FC      	DECF       R12, 1
;__Lib_Math.c,1831 :: 		
0x022A	0x1903      	BTFSC      STATUS, 2
;__Lib_Math.c,1832 :: 		
0x022B	0x2A3B      	GOTO       _EXIT1
;__Lib_Math.c,1839 :: 		
0x022C	0x0874      	MOVF       R4, 0
;__Lib_Math.c,1840 :: 		
0x022D	0x07F8      	ADDWF      R8, 1
;__Lib_Math.c,1841 :: 		
0x022E	0x0875      	MOVF       R5, 0
;__Lib_Math.c,1842 :: 		
0x022F	0x1803      	BTFSC      STATUS, 0
;__Lib_Math.c,1843 :: 		
0x0230	0x0F75      	INCFSZ     R5, 0
;__Lib_Math.c,1844 :: 		
0x0231	0x07F9      	ADDWF      R9, 1
;__Lib_Math.c,1845 :: 		
0x0232	0x0876      	MOVF       R6, 0
;__Lib_Math.c,1846 :: 		
0x0233	0x1803      	BTFSC      STATUS, 0
;__Lib_Math.c,1847 :: 		
0x0234	0x0F76      	INCFSZ     R6, 0
;__Lib_Math.c,1848 :: 		
0x0235	0x07FA      	ADDWF      R10, 1
;__Lib_Math.c,1849 :: 		
0x0236	0x0877      	MOVF       R7, 0
;__Lib_Math.c,1850 :: 		
0x0237	0x1803      	BTFSC      STATUS, 0
;__Lib_Math.c,1851 :: 		
0x0238	0x0F77      	INCFSZ     R7, 0
;__Lib_Math.c,1852 :: 		
0x0239	0x07FB      	ADDWF      R11, 1
;__Lib_Math.c,1854 :: 		
0x023A	0x2A1F      	GOTO       _LOOP
;__Lib_Math.c,1856 :: 		
_EXIT1:
;__Lib_Math.c,1861 :: 		
0x023B	0x0874      	MOVF       R4, 0
;__Lib_Math.c,1862 :: 		
0x023C	0x07F8      	ADDWF      R8, 1
;__Lib_Math.c,1863 :: 		
0x023D	0x0875      	MOVF       R5, 0
;__Lib_Math.c,1864 :: 		
0x023E	0x1803      	BTFSC      STATUS, 0
;__Lib_Math.c,1865 :: 		
0x023F	0x0F75      	INCFSZ     R5, 0
;__Lib_Math.c,1866 :: 		
0x0240	0x07F9      	ADDWF      R9, 1
;__Lib_Math.c,1867 :: 		
0x0241	0x0876      	MOVF       R6, 0
;__Lib_Math.c,1868 :: 		
0x0242	0x1803      	BTFSC      STATUS, 0
;__Lib_Math.c,1869 :: 		
0x0243	0x0F76      	INCFSZ     R6, 0
;__Lib_Math.c,1870 :: 		
0x0244	0x07FA      	ADDWF      R10, 1
;__Lib_Math.c,1871 :: 		
0x0245	0x0877      	MOVF       R7, 0
;__Lib_Math.c,1872 :: 		
0x0246	0x1803      	BTFSC      STATUS, 0
;__Lib_Math.c,1873 :: 		
0x0247	0x0F77      	INCFSZ     R7, 0
;__Lib_Math.c,1874 :: 		
0x0248	0x07FB      	ADDWF      R11, 1
;__Lib_Math.c,1877 :: 		
_EXIT2:
;__Lib_Math.c,1879 :: 		
L_end_Mul_32x32_U:
0x0249	0x0008      	RETURN
; end of _Mul_32x32_U
_Div_16x16_S_L:
;__Lib_Math.c,420 :: 		
;__Lib_Math.c,426 :: 		
0x024A	0x0D71      	RLF        R1, 0
;__Lib_Math.c,427 :: 		
0x024B	0x0DF8      	RLF        R8, 1
;__Lib_Math.c,428 :: 		
0x024C	0x0DF9      	RLF        R9, 1
;__Lib_Math.c,429 :: 		
0x024D	0x0874      	MOVF       R4, 0
;__Lib_Math.c,430 :: 		
0x024E	0x02F8      	SUBWF      R8, 1
;__Lib_Math.c,431 :: 		
0x024F	0x0875      	MOVF       R5, 0
;__Lib_Math.c,432 :: 		
0x0250	0x1C03      	BTFSS      STATUS, 0
;__Lib_Math.c,433 :: 		
0x0251	0x0F75      	INCFSZ     R5, 0
;__Lib_Math.c,434 :: 		
0x0252	0x02F9      	SUBWF      R9, 1
;__Lib_Math.c,435 :: 		
0x0253	0x0DF0      	RLF        R0, 1
;__Lib_Math.c,436 :: 		
0x0254	0x0DF1      	RLF        R1, 1
;__Lib_Math.c,438 :: 		
0x0255	0x300F      	MOVLW      15
;__Lib_Math.c,439 :: 		
0x0256	0x00FC      	MOVWF      R12
;__Lib_Math.c,441 :: 		
0x0257	0x0D71      	RLF        R1, 0
;__Lib_Math.c,442 :: 		
0x0258	0x0DF8      	RLF        R8, 1
;__Lib_Math.c,443 :: 		
0x0259	0x0DF9      	RLF        R9, 1
;__Lib_Math.c,444 :: 		
0x025A	0x0874      	MOVF       R4, 0
;__Lib_Math.c,446 :: 		
0x025B	0x1C70      	BTFSS      R0, 0
;__Lib_Math.c,447 :: 		
0x025C	0x2A63      	GOTO       $+7
;__Lib_Math.c,448 :: 		
0x025D	0x02F8      	SUBWF      R8, 1
;__Lib_Math.c,449 :: 		
0x025E	0x0875      	MOVF       R5, 0
;__Lib_Math.c,450 :: 		
0x025F	0x1C03      	BTFSS      STATUS, 0
;__Lib_Math.c,451 :: 		
0x0260	0x0F75      	INCFSZ     R5, 0
;__Lib_Math.c,452 :: 		
0x0261	0x02F9      	SUBWF      R9, 1
;__Lib_Math.c,453 :: 		
0x0262	0x2A68      	GOTO       $+6
;__Lib_Math.c,455 :: 		
0x0263	0x07F8      	ADDWF      R8, 1
;__Lib_Math.c,456 :: 		
0x0264	0x0875      	MOVF       R5, 0
;__Lib_Math.c,457 :: 		
0x0265	0x1803      	BTFSC      STATUS, 0
;__Lib_Math.c,458 :: 		
0x0266	0x0F75      	INCFSZ     R5, 0
;__Lib_Math.c,459 :: 		
0x0267	0x07F9      	ADDWF      R9, 1
;__Lib_Math.c,461 :: 		
0x0268	0x0DF0      	RLF        R0, 1
;__Lib_Math.c,462 :: 		
0x0269	0x0DF1      	RLF        R1, 1
;__Lib_Math.c,464 :: 		
0x026A	0x0BFC      	DECFSZ     R12, 1
;__Lib_Math.c,465 :: 		
0x026B	0x2A57      	GOTO       $-20
;__Lib_Math.c,467 :: 		
0x026C	0x1870      	BTFSC      R0, 0
;__Lib_Math.c,468 :: 		
0x026D	0x2A74      	GOTO       $+7
;__Lib_Math.c,469 :: 		
0x026E	0x0874      	MOVF       R4, 0
;__Lib_Math.c,470 :: 		
0x026F	0x07F8      	ADDWF      R8, 1
;__Lib_Math.c,471 :: 		
0x0270	0x0875      	MOVF       R5, 0
;__Lib_Math.c,472 :: 		
0x0271	0x1803      	BTFSC      STATUS, 0
;__Lib_Math.c,473 :: 		
0x0272	0x0F75      	INCFSZ     R5, 0
;__Lib_Math.c,474 :: 		
0x0273	0x07F9      	ADDWF      R9, 1
;__Lib_Math.c,475 :: 		
0x0274	0x0000      	NOP
;__Lib_Math.c,477 :: 		
L_end_Div_16x16_S_L:
0x0275	0x0008      	RETURN
; end of _Div_16x16_S_L
_srand:
;__Lib_CStdlib.c,301 :: 		
;__Lib_CStdlib.c,302 :: 		
0x0276	0x1283      	BCF        STATUS, 5
0x0277	0x1303      	BCF        STATUS, 6
0x0278	0x085D      	MOVF       FARG_srand_x, 0
0x0279	0x00BC      	MOVWF      __Lib_CStdlib_randx
0x027A	0x085E      	MOVF       FARG_srand_x+1, 0
0x027B	0x00BD      	MOVWF      __Lib_CStdlib_randx+1
0x027C	0x01BE      	CLRF       __Lib_CStdlib_randx+2
0x027D	0x01BF      	CLRF       __Lib_CStdlib_randx+3
;__Lib_CStdlib.c,303 :: 		
0x027E	0x3001      	MOVLW      1
0x027F	0x00BA      	MOVWF      __Lib_CStdlib_randf
;__Lib_CStdlib.c,304 :: 		
L_end_srand:
0x0280	0x0008      	RETURN
; end of _srand
_Lcd_Chr_CP:
;__Lib_Lcd.c,50 :: 		
;__Lib_Lcd.c,52 :: 		
0x0281	0x1283      	BCF        STATUS, 5
0x0282	0x1303      	BCF        STATUS, 6
0x0283	0x103B      	BCF        __Lib_Lcd_cmd_status, BitPos(__Lib_Lcd_cmd_status+0)
;__Lib_Lcd.c,53 :: 		
0x0284	0x085D      	MOVF       FARG_Lcd_Chr_CP_out_char, 0
0x0285	0x00DF      	MOVWF      FARG_Lcd_Cmd_out_char
0x0286	0x2054      	CALL       _Lcd_Cmd
;__Lib_Lcd.c,54 :: 		
0x0287	0x143B      	BSF        __Lib_Lcd_cmd_status, BitPos(__Lib_Lcd_cmd_status+0)
;__Lib_Lcd.c,55 :: 		
L_end_Lcd_Chr_CP:
0x0288	0x0008      	RETURN
; end of _Lcd_Chr_CP
_VDelay_ms:
;__Lib_Delays.c,82 :: 		void VDelay_ms(unsigned Time_ms){
;__Lib_Delays.c,84 :: 		NumberOfCyc = Clock_kHz()>>2; // this will be done by compiler, no asm will be genereated except that for assignment;
0x0289	0x3088      	MOVLW      136
0x028A	0x1283      	BCF        STATUS, 5
0x028B	0x1303      	BCF        STATUS, 6
0x028C	0x00D7      	MOVWF      VDelay_ms_NumberOfCyc_L0
0x028D	0x3013      	MOVLW      19
0x028E	0x00D8      	MOVWF      VDelay_ms_NumberOfCyc_L0+1
0x028F	0x01D9      	CLRF       VDelay_ms_NumberOfCyc_L0+2
0x0290	0x01DA      	CLRF       VDelay_ms_NumberOfCyc_L0+3
;__Lib_Delays.c,85 :: 		NumberOfCyc *= Time_ms;
0x0291	0x3088      	MOVLW      136
0x0292	0x00F0      	MOVWF      R0
0x0293	0x3013      	MOVLW      19
0x0294	0x00F1      	MOVWF      R0+1
0x0295	0x3000      	MOVLW      0
0x0296	0x00F2      	MOVWF      R0+2
0x0297	0x3000      	MOVLW      0
0x0298	0x00F3      	MOVWF      R0+3
0x0299	0x0855      	MOVF       FARG_VDelay_ms_Time_ms, 0
0x029A	0x00F4      	MOVWF      R4
0x029B	0x0856      	MOVF       FARG_VDelay_ms_Time_ms+1, 0
0x029C	0x00F5      	MOVWF      R4+1
0x029D	0x01F6      	CLRF       R4+2
0x029E	0x01F7      	CLRF       R4+3
0x029F	0x2213      	CALL       _Mul_32x32_U
0x02A0	0x0870      	MOVF       R0, 0
0x02A1	0x00D7      	MOVWF      VDelay_ms_NumberOfCyc_L0
0x02A2	0x0871      	MOVF       R0+1, 0
0x02A3	0x00D8      	MOVWF      VDelay_ms_NumberOfCyc_L0+1
0x02A4	0x0872      	MOVF       R0+2, 0
0x02A5	0x00D9      	MOVWF      VDelay_ms_NumberOfCyc_L0+2
0x02A6	0x0873      	MOVF       R0+3, 0
0x02A7	0x00DA      	MOVWF      VDelay_ms_NumberOfCyc_L0+3
;__Lib_Delays.c,86 :: 		if (NumberOfCyc < 690)
0x02A8	0x3000      	MOVLW      0
0x02A9	0x0273      	SUBWF      R0+3, 0
0x02AA	0x1D03      	BTFSS      STATUS, 2
0x02AB	0x2AB6      	GOTO       L__VDelay_ms38
0x02AC	0x3000      	MOVLW      0
0x02AD	0x0272      	SUBWF      R0+2, 0
0x02AE	0x1D03      	BTFSS      STATUS, 2
0x02AF	0x2AB6      	GOTO       L__VDelay_ms38
0x02B0	0x3002      	MOVLW      2
0x02B1	0x0271      	SUBWF      R0+1, 0
0x02B2	0x1D03      	BTFSS      STATUS, 2
0x02B3	0x2AB6      	GOTO       L__VDelay_ms38
0x02B4	0x30B2      	MOVLW      178
0x02B5	0x0270      	SUBWF      R0, 0
L__VDelay_ms38:
0x02B6	0x1803      	BTFSC      STATUS, 0
0x02B7	0x2AB9      	GOTO       L_VDelay_ms15
;__Lib_Delays.c,87 :: 		return;
0x02B8	0x2AF8      	GOTO       L_end_VDelay_ms
L_VDelay_ms15:
;__Lib_Delays.c,88 :: 		NumberOfCyc -= 690;
0x02B9	0x30B2      	MOVLW      178
0x02BA	0x00F0      	MOVWF      R0
0x02BB	0x3002      	MOVLW      2
0x02BC	0x00F1      	MOVWF      R0+1
0x02BD	0x01F2      	CLRF       R0+2
0x02BE	0x01F3      	CLRF       R0+3
0x02BF	0x0870      	MOVF       R0, 0
0x02C0	0x02D7      	SUBWF      VDelay_ms_NumberOfCyc_L0, 1
0x02C1	0x0871      	MOVF       R0+1, 0
0x02C2	0x1C03      	BTFSS      STATUS, 0
0x02C3	0x0F71      	INCFSZ     R0+1, 0
0x02C4	0x02D8      	SUBWF      VDelay_ms_NumberOfCyc_L0+1, 1
0x02C5	0x0872      	MOVF       R0+2, 0
0x02C6	0x1C03      	BTFSS      STATUS, 0
0x02C7	0x0F72      	INCFSZ     R0+2, 0
0x02C8	0x02D9      	SUBWF      VDelay_ms_NumberOfCyc_L0+2, 1
0x02C9	0x0873      	MOVF       R0+3, 0
0x02CA	0x1C03      	BTFSS      STATUS, 0
0x02CB	0x0F73      	INCFSZ     R0+3, 0
0x02CC	0x02DA      	SUBWF      VDelay_ms_NumberOfCyc_L0+3, 1
;__Lib_Delays.c,89 :: 		NumberOfCyc =  NumberOfCyc >> 5; // Dec and While below take around 32 instructions
0x02CD	0x3005      	MOVLW      5
0x02CE	0x00F0      	MOVWF      R0
0x02CF	0x0870      	MOVF       R0, 0
L__VDelay_ms39:
0x02D0	0x1903      	BTFSC      STATUS, 2
0x02D1	0x2AD9      	GOTO       L__VDelay_ms40
0x02D2	0x0CDA      	RRF        VDelay_ms_NumberOfCyc_L0+3, 1
0x02D3	0x0CD9      	RRF        VDelay_ms_NumberOfCyc_L0+2, 1
0x02D4	0x0CD8      	RRF        VDelay_ms_NumberOfCyc_L0+1, 1
0x02D5	0x0CD7      	RRF        VDelay_ms_NumberOfCyc_L0, 1
0x02D6	0x13DA      	BCF        VDelay_ms_NumberOfCyc_L0+3, 7
0x02D7	0x3EFF      	ADDLW      255
0x02D8	0x2AD0      	GOTO       L__VDelay_ms39
L__VDelay_ms40:
;__Lib_Delays.c,90 :: 		while (NumberOfCyc--)
L_VDelay_ms16:
0x02D9	0x0857      	MOVF       VDelay_ms_NumberOfCyc_L0, 0
0x02DA	0x00F0      	MOVWF      R0
0x02DB	0x0858      	MOVF       VDelay_ms_NumberOfCyc_L0+1, 0
0x02DC	0x00F1      	MOVWF      R0+1
0x02DD	0x0859      	MOVF       VDelay_ms_NumberOfCyc_L0+2, 0
0x02DE	0x00F2      	MOVWF      R0+2
0x02DF	0x085A      	MOVF       VDelay_ms_NumberOfCyc_L0+3, 0
0x02E0	0x00F3      	MOVWF      R0+3
0x02E1	0x3001      	MOVLW      1
0x02E2	0x02D7      	SUBWF      VDelay_ms_NumberOfCyc_L0, 1
0x02E3	0x1C03      	BTFSS      STATUS, 0
0x02E4	0x02D8      	SUBWF      VDelay_ms_NumberOfCyc_L0+1, 1
0x02E5	0x1C03      	BTFSS      STATUS, 0
0x02E6	0x02D9      	SUBWF      VDelay_ms_NumberOfCyc_L0+2, 1
0x02E7	0x1C03      	BTFSS      STATUS, 0
0x02E8	0x02DA      	SUBWF      VDelay_ms_NumberOfCyc_L0+3, 1
0x02E9	0x0870      	MOVF       R0, 0
0x02EA	0x0471      	IORWF      R0+1, 0
0x02EB	0x0472      	IORWF      R0+2, 0
0x02EC	0x0473      	IORWF      R0+3, 0
0x02ED	0x1903      	BTFSC      STATUS, 2
0x02EE	0x2AF8      	GOTO       L_VDelay_ms17
;__Lib_Delays.c,92 :: 		asm nop;
0x02EF	0x0000      	NOP
;__Lib_Delays.c,93 :: 		asm nop;
0x02F0	0x0000      	NOP
;__Lib_Delays.c,94 :: 		asm nop;
0x02F1	0x0000      	NOP
;__Lib_Delays.c,95 :: 		asm nop;
0x02F2	0x0000      	NOP
;__Lib_Delays.c,96 :: 		asm nop;
0x02F3	0x0000      	NOP
;__Lib_Delays.c,97 :: 		asm nop;
0x02F4	0x0000      	NOP
;__Lib_Delays.c,98 :: 		asm nop;
0x02F5	0x0000      	NOP
;__Lib_Delays.c,99 :: 		asm nop;
0x02F6	0x0000      	NOP
;__Lib_Delays.c,100 :: 		}
0x02F7	0x2AD9      	GOTO       L_VDelay_ms16
L_VDelay_ms17:
;__Lib_Delays.c,101 :: 		}
L_end_VDelay_ms:
0x02F8	0x0008      	RETURN
; end of _VDelay_ms
_Lcd_Out:
;__Lib_Lcd.c,184 :: 		
;__Lib_Lcd.c,187 :: 		
0x02F9	0x2B0B      	GOTO       L_Lcd_Out11
;__Lib_Lcd.c,188 :: 		
L_Lcd_Out13:
0x02FA	0x3080      	MOVLW      128
0x02FB	0x1283      	BCF        STATUS, 5
0x02FC	0x1303      	BCF        STATUS, 6
0x02FD	0x00D5      	MOVWF      FARG_Lcd_Out_row
0x02FE	0x2B1E      	GOTO       L_Lcd_Out12
;__Lib_Lcd.c,189 :: 		
L_Lcd_Out14:
0x02FF	0x30C0      	MOVLW      192
0x0300	0x00D5      	MOVWF      FARG_Lcd_Out_row
0x0301	0x2B1E      	GOTO       L_Lcd_Out12
;__Lib_Lcd.c,190 :: 		
L_Lcd_Out15:
0x0302	0x3094      	MOVLW      148
0x0303	0x00D5      	MOVWF      FARG_Lcd_Out_row
0x0304	0x2B1E      	GOTO       L_Lcd_Out12
;__Lib_Lcd.c,191 :: 		
L_Lcd_Out16:
0x0305	0x30D4      	MOVLW      212
0x0306	0x00D5      	MOVWF      FARG_Lcd_Out_row
0x0307	0x2B1E      	GOTO       L_Lcd_Out12
;__Lib_Lcd.c,192 :: 		
L_Lcd_Out17:
0x0308	0x3080      	MOVLW      128
0x0309	0x00D5      	MOVWF      FARG_Lcd_Out_row
;__Lib_Lcd.c,193 :: 		
0x030A	0x2B1E      	GOTO       L_Lcd_Out12
L_Lcd_Out11:
0x030B	0x1283      	BCF        STATUS, 5
0x030C	0x1303      	BCF        STATUS, 6
0x030D	0x0855      	MOVF       FARG_Lcd_Out_row, 0
0x030E	0x3A01      	XORLW      1
0x030F	0x1903      	BTFSC      STATUS, 2
0x0310	0x2AFA      	GOTO       L_Lcd_Out13
0x0311	0x0855      	MOVF       FARG_Lcd_Out_row, 0
0x0312	0x3A02      	XORLW      2
0x0313	0x1903      	BTFSC      STATUS, 2
0x0314	0x2AFF      	GOTO       L_Lcd_Out14
0x0315	0x0855      	MOVF       FARG_Lcd_Out_row, 0
0x0316	0x3A03      	XORLW      3
0x0317	0x1903      	BTFSC      STATUS, 2
0x0318	0x2B02      	GOTO       L_Lcd_Out15
0x0319	0x0855      	MOVF       FARG_Lcd_Out_row, 0
0x031A	0x3A04      	XORLW      4
0x031B	0x1903      	BTFSC      STATUS, 2
0x031C	0x2B05      	GOTO       L_Lcd_Out16
0x031D	0x2B08      	GOTO       L_Lcd_Out17
L_Lcd_Out12:
;__Lib_Lcd.c,194 :: 		
0x031E	0x0356      	DECF       FARG_Lcd_Out_column, 0
0x031F	0x00F0      	MOVWF      R0
0x0320	0x0855      	MOVF       FARG_Lcd_Out_row, 0
0x0321	0x07F0      	ADDWF      R0, 1
0x0322	0x0870      	MOVF       R0, 0
0x0323	0x00D5      	MOVWF      FARG_Lcd_Out_row
;__Lib_Lcd.c,196 :: 		
0x0324	0x0870      	MOVF       R0, 0
0x0325	0x00DF      	MOVWF      FARG_Lcd_Cmd_out_char
0x0326	0x2054      	CALL       _Lcd_Cmd
;__Lib_Lcd.c,197 :: 		
0x0327	0x103B      	BCF        __Lib_Lcd_cmd_status, BitPos(__Lib_Lcd_cmd_status+0)
;__Lib_Lcd.c,198 :: 		
0x0328	0x01D8      	CLRF       Lcd_Out_i_L0
;__Lib_Lcd.c,199 :: 		
L_Lcd_Out18:
0x0329	0x0858      	MOVF       Lcd_Out_i_L0, 0
0x032A	0x0757      	ADDWF      FARG_Lcd_Out_text, 0
0x032B	0x0084      	MOVWF      FSR
0x032C	0x0800      	MOVF       INDF, 0
0x032D	0x1903      	BTFSC      STATUS, 2
0x032E	0x2B37      	GOTO       L_Lcd_Out19
;__Lib_Lcd.c,200 :: 		
0x032F	0x0858      	MOVF       Lcd_Out_i_L0, 0
0x0330	0x0757      	ADDWF      FARG_Lcd_Out_text, 0
0x0331	0x0084      	MOVWF      FSR
0x0332	0x0800      	MOVF       INDF, 0
0x0333	0x00DD      	MOVWF      FARG_Lcd_Chr_CP_out_char
0x0334	0x2281      	CALL       _Lcd_Chr_CP
0x0335	0x0AD8      	INCF       Lcd_Out_i_L0, 1
0x0336	0x2B29      	GOTO       L_Lcd_Out18
L_Lcd_Out19:
;__Lib_Lcd.c,201 :: 		
0x0337	0x143B      	BSF        __Lib_Lcd_cmd_status, BitPos(__Lib_Lcd_cmd_status+0)
;__Lib_Lcd.c,202 :: 		
L_end_Lcd_Out:
0x0338	0x0008      	RETURN
; end of _Lcd_Out
_Mul_16X16_U:
;__Lib_Math.c,136 :: 		
;__Lib_Math.c,143 :: 		
0x0339	0x1283      	BCF        STATUS, 5
;__Lib_Math.c,144 :: 		
0x033A	0x1303      	BCF        STATUS, 6
;__Lib_Math.c,145 :: 		
0x033B	0x01FB      	CLRF       R11
;__Lib_Math.c,146 :: 		
0x033C	0x01FA      	CLRF       R10
;__Lib_Math.c,147 :: 		
0x033D	0x01F9      	CLRF       R9
;__Lib_Math.c,148 :: 		
0x033E	0x3080      	MOVLW      128
;__Lib_Math.c,149 :: 		
0x033F	0x00F8      	MOVWF      R8
;__Lib_Math.c,150 :: 		
0x0340	0x0CF1      	RRF        R1, 1
;__Lib_Math.c,151 :: 		
0x0341	0x0CF0      	RRF        R0, 1
;__Lib_Math.c,152 :: 		
0x0342	0x1C03      	BTFSS      STATUS, 0
;__Lib_Math.c,153 :: 		
0x0343	0x2B4D      	GOTO       $+10
;__Lib_Math.c,154 :: 		
0x0344	0x0874      	MOVF       R4, 0
;__Lib_Math.c,155 :: 		
0x0345	0x07F9      	ADDWF      R9, 1
;__Lib_Math.c,156 :: 		
0x0346	0x0875      	MOVF       R5, 0
;__Lib_Math.c,157 :: 		
0x0347	0x1803      	BTFSC      STATUS, 0
;__Lib_Math.c,158 :: 		
0x0348	0x0F75      	INCFSZ     R5, 0
;__Lib_Math.c,159 :: 		
0x0349	0x07FA      	ADDWF      R10, 1
;__Lib_Math.c,160 :: 		
0x034A	0x1803      	BTFSC      STATUS, 0
;__Lib_Math.c,161 :: 		
0x034B	0x0AFB      	INCF       R11, 1
;__Lib_Math.c,162 :: 		
0x034C	0x1003      	BCF        STATUS, 0
;__Lib_Math.c,163 :: 		
0x034D	0x1FF0      	BTFSS      R0, 7
;__Lib_Math.c,164 :: 		
0x034E	0x2B55      	GOTO       $+7
;__Lib_Math.c,165 :: 		
0x034F	0x0874      	MOVF       R4, 0
;__Lib_Math.c,166 :: 		
0x0350	0x07FA      	ADDWF      R10, 1
;__Lib_Math.c,167 :: 		
0x0351	0x0875      	MOVF       R5, 0
;__Lib_Math.c,168 :: 		
0x0352	0x1803      	BTFSC      STATUS, 0
;__Lib_Math.c,169 :: 		
0x0353	0x0F75      	INCFSZ     R5, 0
;__Lib_Math.c,170 :: 		
0x0354	0x07FB      	ADDWF      R11, 1
;__Lib_Math.c,171 :: 		
0x0355	0x0CFB      	RRF        R11, 1
;__Lib_Math.c,172 :: 		
0x0356	0x0CFA      	RRF        R10, 1
;__Lib_Math.c,173 :: 		
0x0357	0x0CF9      	RRF        R9, 1
;__Lib_Math.c,174 :: 		
0x0358	0x0CF8      	RRF        R8, 1
;__Lib_Math.c,175 :: 		
0x0359	0x1C03      	BTFSS      STATUS, 0
;__Lib_Math.c,176 :: 		
0x035A	0x2B40      	GOTO       $-26
;__Lib_Math.c,177 :: 		
0x035B	0x087B      	MOVF       R11, 0
;__Lib_Math.c,178 :: 		
0x035C	0x00F3      	MOVWF      R3
;__Lib_Math.c,179 :: 		
0x035D	0x087A      	MOVF       R10, 0
;__Lib_Math.c,180 :: 		
0x035E	0x00F2      	MOVWF      R2
;__Lib_Math.c,181 :: 		
0x035F	0x0879      	MOVF       R9, 0
;__Lib_Math.c,182 :: 		
0x0360	0x00F1      	MOVWF      R1
;__Lib_Math.c,183 :: 		
0x0361	0x0878      	MOVF       R8, 0
;__Lib_Math.c,184 :: 		
0x0362	0x00F0      	MOVWF      R0
;__Lib_Math.c,187 :: 		
L_end_Mul_16X16_U:
0x0363	0x0008      	RETURN
; end of _Mul_16X16_U
_Div_16x16_S:
;__Lib_Math.c,479 :: 		
;__Lib_Math.c,487 :: 		
0x0364	0x1283      	BCF        STATUS, 5
0x0365	0x1303      	BCF        STATUS, 6
0x0366	0x0874      	MOVF       R4, 0
0x0367	0x3A00      	XORLW      0
0x0368	0x1D03      	BTFSS      STATUS, 2
0x0369	0x2B73      	GOTO       L_Div_16x16_S0
;__Lib_Math.c,488 :: 		
0x036A	0x0875      	MOVF       R5, 0
0x036B	0x3A00      	XORLW      0
0x036C	0x1D03      	BTFSS      STATUS, 2
0x036D	0x2B73      	GOTO       L_Div_16x16_S1
;__Lib_Math.c,489 :: 		
0x036E	0x30FF      	MOVLW      255
0x036F	0x00F0      	MOVWF      R0
;__Lib_Math.c,490 :: 		
0x0370	0x307F      	MOVLW      127
0x0371	0x00F1      	MOVWF      R1
;__Lib_Math.c,491 :: 		
0x0372	0x2BCC      	GOTO       L_end_Div_16x16_S
;__Lib_Math.c,492 :: 		
L_Div_16x16_S1:
L_Div_16x16_S0:
;__Lib_Math.c,495 :: 		
0x0373	0x1283      	BCF        STATUS, 5
;__Lib_Math.c,496 :: 		
0x0374	0x1303      	BCF        STATUS, 6
;__Lib_Math.c,497 :: 		
0x0375	0x01FD      	CLRF       R13
;__Lib_Math.c,498 :: 		
0x0376	0x01F9      	CLRF       R9
;__Lib_Math.c,499 :: 		
0x0377	0x01F8      	CLRF       R8
;__Lib_Math.c,500 :: 		
0x0378	0x0871      	MOVF       R1, 0
;__Lib_Math.c,501 :: 		
0x0379	0x0470      	IORWF      R0, 0
;__Lib_Math.c,502 :: 		
0x037A	0x1903      	BTFSC      STATUS, 2
;__Lib_Math.c,503 :: 		
0x037B	0x3400      	RETLW      0
;__Lib_Math.c,505 :: 		
0x037C	0x0871      	MOVF       R1, 0
;__Lib_Math.c,506 :: 		
0x037D	0x0675      	XORWF      R5, 0
;__Lib_Math.c,507 :: 		
0x037E	0x00FA      	MOVWF      R10
;__Lib_Math.c,508 :: 		
0x037F	0x1BFA      	BTFSC      R10, 7
;__Lib_Math.c,509 :: 		
0x0380	0x09FD      	COMF       R13, 1
;__Lib_Math.c,511 :: 		
0x0381	0x01FB      	CLRF       R11
;__Lib_Math.c,513 :: 		
0x0382	0x1FF5      	BTFSS      R5, 7
;__Lib_Math.c,514 :: 		
0x0383	0x2B89      	GOTO       $+6
;__Lib_Math.c,516 :: 		
0x0384	0x09F4      	COMF       R4, 1
;__Lib_Math.c,517 :: 		
0x0385	0x09F5      	COMF       R5, 1
;__Lib_Math.c,518 :: 		
0x0386	0x0AF4      	INCF       R4, 1
;__Lib_Math.c,519 :: 		
0x0387	0x1903      	BTFSC      STATUS, 2
;__Lib_Math.c,520 :: 		
0x0388	0x0AF5      	INCF       R5, 1
;__Lib_Math.c,522 :: 		
0x0389	0x1FF1      	BTFSS      R1, 7
;__Lib_Math.c,523 :: 		
0x038A	0x2B90      	GOTO       $+6
;__Lib_Math.c,525 :: 		
0x038B	0x09F0      	COMF       R0, 1
;__Lib_Math.c,526 :: 		
0x038C	0x09F1      	COMF       R1, 1
;__Lib_Math.c,527 :: 		
0x038D	0x0AF0      	INCF       R0, 1
;__Lib_Math.c,528 :: 		
0x038E	0x1903      	BTFSC      STATUS, 2
;__Lib_Math.c,529 :: 		
0x038F	0x0AF1      	INCF       R1, 1
;__Lib_Math.c,531 :: 		
0x0390	0x0871      	MOVF       R1, 0
;__Lib_Math.c,532 :: 		
0x0391	0x0475      	IORWF      R5, 0
;__Lib_Math.c,533 :: 		
0x0392	0x00FA      	MOVWF      R10
;__Lib_Math.c,534 :: 		
0x0393	0x1BFA      	BTFSC      R10, 7
;__Lib_Math.c,535 :: 		
0x0394	0x2BA5      	GOTO       $+17
;__Lib_Math.c,537 :: 		
0x0395	0x224A      	CALL       _Div_16x16_S_L
;__Lib_Math.c,539 :: 		
0x0396	0x187B      	BTFSC      R11, 0
;__Lib_Math.c,540 :: 		
0x0397	0x2BB8      	GOTO       $+33
;__Lib_Math.c,542 :: 		
0x0398	0x1FFD      	BTFSS      R13, 7
;__Lib_Math.c,543 :: 		
0x0399	0x3400      	RETLW      0
;__Lib_Math.c,545 :: 		
0x039A	0x09F0      	COMF       R0, 1
;__Lib_Math.c,546 :: 		
0x039B	0x09F1      	COMF       R1, 1
;__Lib_Math.c,547 :: 		
0x039C	0x0AF0      	INCF       R0, 1
;__Lib_Math.c,548 :: 		
0x039D	0x1903      	BTFSC      STATUS, 2
;__Lib_Math.c,549 :: 		
0x039E	0x0AF1      	INCF       R1, 1
;__Lib_Math.c,551 :: 		
0x039F	0x09F8      	COMF       R8, 1
;__Lib_Math.c,552 :: 		
0x03A0	0x09F9      	COMF       R9, 1
;__Lib_Math.c,553 :: 		
0x03A1	0x0AF8      	INCF       R8, 1
;__Lib_Math.c,554 :: 		
0x03A2	0x1903      	BTFSC      STATUS, 2
;__Lib_Math.c,555 :: 		
0x03A3	0x0AF9      	INCF       R9, 1
;__Lib_Math.c,557 :: 		
0x03A4	0x3400      	RETLW      0
;__Lib_Math.c,559 :: 		
0x03A5	0x1FF5      	BTFSS      R5, 7
;__Lib_Math.c,560 :: 		
0x03A6	0x2BB4      	GOTO       $+14
;__Lib_Math.c,561 :: 		
0x03A7	0x1BF1      	BTFSC      R1, 7
;__Lib_Math.c,562 :: 		
0x03A8	0x2BB0      	GOTO       $+8
;__Lib_Math.c,563 :: 		
0x03A9	0x0871      	MOVF       R1, 0
;__Lib_Math.c,564 :: 		
0x03AA	0x00F9      	MOVWF      R9
;__Lib_Math.c,565 :: 		
0x03AB	0x0870      	MOVF       R0, 0
;__Lib_Math.c,566 :: 		
0x03AC	0x00F8      	MOVWF      R8
;__Lib_Math.c,567 :: 		
0x03AD	0x01F1      	CLRF       R1
;__Lib_Math.c,568 :: 		
0x03AE	0x01F0      	CLRF       R0
;__Lib_Math.c,569 :: 		
0x03AF	0x2B98      	GOTO       $-23
;__Lib_Math.c,570 :: 		
0x03B0	0x01F1      	CLRF       R1
;__Lib_Math.c,571 :: 		
0x03B1	0x01F0      	CLRF       R0
;__Lib_Math.c,572 :: 		
0x03B2	0x0AF0      	INCF       R0, 1
;__Lib_Math.c,573 :: 		
0x03B3	0x3400      	RETLW      0
;__Lib_Math.c,575 :: 		
0x03B4	0x09F1      	COMF       R1, 1
;__Lib_Math.c,576 :: 		
0x03B5	0x09F0      	COMF       R0, 1
;__Lib_Math.c,577 :: 		
0x03B6	0x0AFB      	INCF       R11, 1
;__Lib_Math.c,578 :: 		
0x03B7	0x2B95      	GOTO       $-34
;__Lib_Math.c,580 :: 		
0x03B8	0x0AF8      	INCF       R8, 1
;__Lib_Math.c,581 :: 		
0x03B9	0x1903      	BTFSC      STATUS, 2
;__Lib_Math.c,582 :: 		
0x03BA	0x0AF9      	INCF       R9, 1
;__Lib_Math.c,583 :: 		
0x03BB	0x0874      	MOVF       R4, 0
;__Lib_Math.c,584 :: 		
0x03BC	0x0278      	SUBWF      R8, 0
;__Lib_Math.c,585 :: 		
0x03BD	0x1D03      	BTFSS      STATUS, 2
;__Lib_Math.c,586 :: 		
0x03BE	0x2B98      	GOTO       $-38
;__Lib_Math.c,587 :: 		
0x03BF	0x0875      	MOVF       R5, 0
;__Lib_Math.c,588 :: 		
0x03C0	0x0279      	SUBWF      R9, 0
;__Lib_Math.c,589 :: 		
0x03C1	0x1D03      	BTFSS      STATUS, 2
;__Lib_Math.c,590 :: 		
0x03C2	0x2B98      	GOTO       $-42
;__Lib_Math.c,591 :: 		
0x03C3	0x01F9      	CLRF       R9
;__Lib_Math.c,592 :: 		
0x03C4	0x01F8      	CLRF       R8
;__Lib_Math.c,593 :: 		
0x03C5	0x0AF0      	INCF       R0, 1
;__Lib_Math.c,594 :: 		
0x03C6	0x1903      	BTFSC      STATUS, 2
;__Lib_Math.c,595 :: 		
0x03C7	0x0AF1      	INCF       R1, 1
;__Lib_Math.c,596 :: 		
0x03C8	0x1FF1      	BTFSS      R1, 7
;__Lib_Math.c,597 :: 		
0x03C9	0x2B98      	GOTO       $-49
;__Lib_Math.c,598 :: 		
0x03CA	0x0000      	NOP
;__Lib_Math.c,599 :: 		
0x03CB	0x34FF      	RETLW      255
;__Lib_Math.c,601 :: 		
L_end_Div_16x16_S:
0x03CC	0x0008      	RETURN
; end of _Div_16x16_S
___CC2DW:
;__Lib_System.c,134 :: 		
;__Lib_System.c,137 :: 		
_CC2D_Loop1:
;__Lib_System.c,139 :: 		
0x03CD	0x2094      	CALL       _____DoICP
0x03CE	0x118A      	BCF        PCLATH, 3
0x03CF	0x120A      	BCF        PCLATH, 4
;__Lib_System.c,141 :: 		
0x03D0	0x0080      	MOVWF      INDF
;__Lib_System.c,142 :: 		
0x03D1	0x0A84      	INCF       FSR, 1
;__Lib_System.c,143 :: 		
0x03D2	0x0AB7      	INCF       ___DoICPAddr, 1
;__Lib_System.c,145 :: 		
0x03D3	0x1903      	BTFSC      STATUS, 2
;__Lib_System.c,146 :: 		
0x03D4	0x0AB8      	INCF       ___DoICPAddr+1, 1
;__Lib_System.c,147 :: 		
0x03D5	0x03F0      	DECF       R0, 1
;__Lib_System.c,149 :: 		
0x03D6	0x1D03      	BTFSS      STATUS, 2
;__Lib_System.c,150 :: 		
0x03D7	0x2BCD      	GOTO       _CC2D_Loop1
;__Lib_System.c,152 :: 		
L_end___CC2DW:
0x03D8	0x0008      	RETURN
; end of ___CC2DW
_Lcd_Init:
;__Lib_Lcd.c,84 :: 		
;__Lib_Lcd.c,86 :: 		
0x03D9	0x1683      	BSF        STATUS, 5
0x03DA	0x1303      	BCF        STATUS, 6
0x03DB	0x1286      	BCF        LCD_EN_Direction, BitPos(LCD_EN_Direction+0)
;__Lib_Lcd.c,87 :: 		
0x03DC	0x1206      	BCF        LCD_RS_Direction, BitPos(LCD_RS_Direction+0)
;__Lib_Lcd.c,88 :: 		
0x03DD	0x1006      	BCF        LCD_D4_Direction, BitPos(LCD_D4_Direction+0)
;__Lib_Lcd.c,89 :: 		
0x03DE	0x1086      	BCF        LCD_D5_Direction, BitPos(LCD_D5_Direction+0)
;__Lib_Lcd.c,90 :: 		
0x03DF	0x1106      	BCF        LCD_D6_Direction, BitPos(LCD_D6_Direction+0)
;__Lib_Lcd.c,91 :: 		
0x03E0	0x1186      	BCF        LCD_D7_Direction, BitPos(LCD_D7_Direction+0)
;__Lib_Lcd.c,93 :: 		
0x03E1	0x1283      	BCF        STATUS, 5
0x03E2	0x1286      	BCF        LCD_EN, BitPos(LCD_EN+0)
;__Lib_Lcd.c,94 :: 		
0x03E3	0x1206      	BCF        LCD_RS, BitPos(LCD_RS+0)
;__Lib_Lcd.c,95 :: 		
0x03E4	0x1186      	BCF        LCD_D7, BitPos(LCD_D7+0)
;__Lib_Lcd.c,96 :: 		
0x03E5	0x1106      	BCF        LCD_D6, BitPos(LCD_D6+0)
;__Lib_Lcd.c,97 :: 		
0x03E6	0x1086      	BCF        LCD_D5, BitPos(LCD_D5+0)
;__Lib_Lcd.c,98 :: 		
0x03E7	0x1006      	BCF        LCD_D4, BitPos(LCD_D4+0)
;__Lib_Lcd.c,100 :: 		
0x03E8	0x2041      	CALL       _Delay_5500us
;__Lib_Lcd.c,101 :: 		
0x03E9	0x2041      	CALL       _Delay_5500us
;__Lib_Lcd.c,102 :: 		
0x03EA	0x2041      	CALL       _Delay_5500us
;__Lib_Lcd.c,105 :: 		
0x03EB	0x1486      	BSF        LCD_D5, BitPos(LCD_D5+0)
;__Lib_Lcd.c,106 :: 		
0x03EC	0x1406      	BSF        LCD_D4, BitPos(LCD_D4+0)
;__Lib_Lcd.c,107 :: 		
0x03ED	0x1686      	BSF        LCD_EN, BitPos(LCD_EN+0)
;__Lib_Lcd.c,108 :: 		
0x03EE	0x204E      	CALL       _Delay_1us
;__Lib_Lcd.c,109 :: 		
0x03EF	0x1286      	BCF        LCD_EN, BitPos(LCD_EN+0)
;__Lib_Lcd.c,110 :: 		
0x03F0	0x2041      	CALL       _Delay_5500us
;__Lib_Lcd.c,112 :: 		
0x03F1	0x1686      	BSF        LCD_EN, BitPos(LCD_EN+0)
;__Lib_Lcd.c,113 :: 		
0x03F2	0x204E      	CALL       _Delay_1us
;__Lib_Lcd.c,114 :: 		
0x03F3	0x1286      	BCF        LCD_EN, BitPos(LCD_EN+0)
;__Lib_Lcd.c,115 :: 		
0x03F4	0x2041      	CALL       _Delay_5500us
;__Lib_Lcd.c,117 :: 		
0x03F5	0x1686      	BSF        LCD_EN, BitPos(LCD_EN+0)
;__Lib_Lcd.c,118 :: 		
0x03F6	0x204E      	CALL       _Delay_1us
;__Lib_Lcd.c,119 :: 		
0x03F7	0x1286      	BCF        LCD_EN, BitPos(LCD_EN+0)
;__Lib_Lcd.c,120 :: 		
0x03F8	0x2041      	CALL       _Delay_5500us
;__Lib_Lcd.c,123 :: 		
0x03F9	0x1006      	BCF        LCD_D4, BitPos(LCD_D4+0)
;__Lib_Lcd.c,124 :: 		
0x03FA	0x1686      	BSF        LCD_EN, BitPos(LCD_EN+0)
;__Lib_Lcd.c,125 :: 		
0x03FB	0x204E      	CALL       _Delay_1us
;__Lib_Lcd.c,126 :: 		
0x03FC	0x1286      	BCF        LCD_EN, BitPos(LCD_EN+0)
;__Lib_Lcd.c,127 :: 		
0x03FD	0x2041      	CALL       _Delay_5500us
;__Lib_Lcd.c,130 :: 		
0x03FE	0x1686      	BSF        LCD_EN, BitPos(LCD_EN+0)
;__Lib_Lcd.c,131 :: 		
0x03FF	0x204E      	CALL       _Delay_1us
;__Lib_Lcd.c,132 :: 		
0x0400	0x1286      	BCF        LCD_EN, BitPos(LCD_EN+0)
;__Lib_Lcd.c,134 :: 		
0x0401	0x1086      	BCF        LCD_D5, BitPos(LCD_D5+0)
;__Lib_Lcd.c,135 :: 		
0x0402	0x1586      	BSF        LCD_D7, BitPos(LCD_D7+0)
;__Lib_Lcd.c,136 :: 		
0x0403	0x1686      	BSF        LCD_EN, BitPos(LCD_EN+0)
;__Lib_Lcd.c,137 :: 		
0x0404	0x204E      	CALL       _Delay_1us
;__Lib_Lcd.c,138 :: 		
0x0405	0x1286      	BCF        LCD_EN, BitPos(LCD_EN+0)
;__Lib_Lcd.c,139 :: 		
0x0406	0x2041      	CALL       _Delay_5500us
;__Lib_Lcd.c,142 :: 		
0x0407	0x1186      	BCF        LCD_D7, BitPos(LCD_D7+0)
;__Lib_Lcd.c,143 :: 		
0x0408	0x1406      	BSF        LCD_D4, BitPos(LCD_D4+0)
;__Lib_Lcd.c,144 :: 		
0x0409	0x1686      	BSF        LCD_EN, BitPos(LCD_EN+0)
;__Lib_Lcd.c,145 :: 		
0x040A	0x204E      	CALL       _Delay_1us
;__Lib_Lcd.c,146 :: 		
0x040B	0x1286      	BCF        LCD_EN, BitPos(LCD_EN+0)
;__Lib_Lcd.c,148 :: 		
0x040C	0x1006      	BCF        LCD_D4, BitPos(LCD_D4+0)
;__Lib_Lcd.c,149 :: 		
0x040D	0x1686      	BSF        LCD_EN, BitPos(LCD_EN+0)
;__Lib_Lcd.c,150 :: 		
0x040E	0x204E      	CALL       _Delay_1us
;__Lib_Lcd.c,151 :: 		
0x040F	0x1286      	BCF        LCD_EN, BitPos(LCD_EN+0)
;__Lib_Lcd.c,152 :: 		
0x0410	0x2041      	CALL       _Delay_5500us
;__Lib_Lcd.c,155 :: 		
0x0411	0x1686      	BSF        LCD_EN, BitPos(LCD_EN+0)
;__Lib_Lcd.c,156 :: 		
0x0412	0x204E      	CALL       _Delay_1us
;__Lib_Lcd.c,157 :: 		
0x0413	0x1286      	BCF        LCD_EN, BitPos(LCD_EN+0)
;__Lib_Lcd.c,159 :: 		
0x0414	0x1406      	BSF        LCD_D4, BitPos(LCD_D4+0)
;__Lib_Lcd.c,160 :: 		
0x0415	0x1686      	BSF        LCD_EN, BitPos(LCD_EN+0)
;__Lib_Lcd.c,161 :: 		
0x0416	0x204E      	CALL       _Delay_1us
;__Lib_Lcd.c,162 :: 		
0x0417	0x1286      	BCF        LCD_EN, BitPos(LCD_EN+0)
;__Lib_Lcd.c,163 :: 		
0x0418	0x2041      	CALL       _Delay_5500us
;__Lib_Lcd.c,166 :: 		
0x0419	0x1006      	BCF        LCD_D4, BitPos(LCD_D4+0)
;__Lib_Lcd.c,167 :: 		
0x041A	0x1686      	BSF        LCD_EN, BitPos(LCD_EN+0)
;__Lib_Lcd.c,168 :: 		
0x041B	0x204E      	CALL       _Delay_1us
;__Lib_Lcd.c,169 :: 		
0x041C	0x1286      	BCF        LCD_EN, BitPos(LCD_EN+0)
;__Lib_Lcd.c,171 :: 		
0x041D	0x1586      	BSF        LCD_D7, BitPos(LCD_D7+0)
;__Lib_Lcd.c,172 :: 		
0x041E	0x1506      	BSF        LCD_D6, BitPos(LCD_D6+0)
;__Lib_Lcd.c,173 :: 		
0x041F	0x1486      	BSF        LCD_D5, BitPos(LCD_D5+0)
;__Lib_Lcd.c,174 :: 		
0x0420	0x1406      	BSF        LCD_D4, BitPos(LCD_D4+0)
;__Lib_Lcd.c,175 :: 		
0x0421	0x1686      	BSF        LCD_EN, BitPos(LCD_EN+0)
;__Lib_Lcd.c,176 :: 		
0x0422	0x204E      	CALL       _Delay_1us
;__Lib_Lcd.c,177 :: 		
0x0423	0x1286      	BCF        LCD_EN, BitPos(LCD_EN+0)
;__Lib_Lcd.c,179 :: 		
0x0424	0x2041      	CALL       _Delay_5500us
;__Lib_Lcd.c,181 :: 		
0x0425	0x143B      	BSF        __Lib_Lcd_cmd_status, BitPos(__Lib_Lcd_cmd_status+0)
;__Lib_Lcd.c,182 :: 		
L_end_Lcd_Init:
0x0426	0x0008      	RETURN
; end of _Lcd_Init
_LongWordToStr:
;__Lib_Conversions.c,258 :: 		
;__Lib_Conversions.c,261 :: 		
0x0427	0x1283      	BCF        STATUS, 5
0x0428	0x1303      	BCF        STATUS, 6
0x0429	0x01DA      	CLRF       LongWordToStr_len_L0
0x042A	0x01DB      	CLRF       LongWordToStr_len_L0+1
L_LongWordToStr52:
0x042B	0x3000      	MOVLW      0
0x042C	0x025B      	SUBWF      LongWordToStr_len_L0+1, 0
0x042D	0x1D03      	BTFSS      STATUS, 2
0x042E	0x2C31      	GOTO       L__LongWordToStr174
0x042F	0x300A      	MOVLW      10
0x0430	0x025A      	SUBWF      LongWordToStr_len_L0, 0
L__LongWordToStr174:
0x0431	0x1803      	BTFSC      STATUS, 0
0x0432	0x2C3C      	GOTO       L_LongWordToStr53
;__Lib_Conversions.c,262 :: 		
0x0433	0x085A      	MOVF       LongWordToStr_len_L0, 0
0x0434	0x0759      	ADDWF      FARG_LongWordToStr_output, 0
0x0435	0x0084      	MOVWF      FSR
0x0436	0x3020      	MOVLW      32
0x0437	0x0080      	MOVWF      INDF
;__Lib_Conversions.c,261 :: 		
0x0438	0x0ADA      	INCF       LongWordToStr_len_L0, 1
0x0439	0x1903      	BTFSC      STATUS, 2
0x043A	0x0ADB      	INCF       LongWordToStr_len_L0+1, 1
;__Lib_Conversions.c,262 :: 		
0x043B	0x2C2B      	GOTO       L_LongWordToStr52
L_LongWordToStr53:
;__Lib_Conversions.c,263 :: 		
0x043C	0x085A      	MOVF       LongWordToStr_len_L0, 0
0x043D	0x0759      	ADDWF      FARG_LongWordToStr_output, 0
0x043E	0x0084      	MOVWF      FSR
0x043F	0x0180      	CLRF       INDF
0x0440	0x3001      	MOVLW      1
0x0441	0x02DA      	SUBWF      LongWordToStr_len_L0, 1
0x0442	0x1C03      	BTFSS      STATUS, 0
0x0443	0x03DB      	DECF       LongWordToStr_len_L0+1, 1
;__Lib_Conversions.c,265 :: 		
L_LongWordToStr55:
;__Lib_Conversions.c,266 :: 		
0x0444	0x085A      	MOVF       LongWordToStr_len_L0, 0
0x0445	0x0759      	ADDWF      FARG_LongWordToStr_output, 0
0x0446	0x00DC      	MOVWF      FLOC__LongWordToStr
0x0447	0x300A      	MOVLW      10
0x0448	0x00F4      	MOVWF      R4
0x0449	0x01F5      	CLRF       R4+1
0x044A	0x01F6      	CLRF       R4+2
0x044B	0x01F7      	CLRF       R4+3
0x044C	0x0855      	MOVF       FARG_LongWordToStr_input, 0
0x044D	0x00F0      	MOVWF      R0
0x044E	0x0856      	MOVF       FARG_LongWordToStr_input+1, 0
0x044F	0x00F1      	MOVWF      R0+1
0x0450	0x0857      	MOVF       FARG_LongWordToStr_input+2, 0
0x0451	0x00F2      	MOVWF      R0+2
0x0452	0x0858      	MOVF       FARG_LongWordToStr_input+3, 0
0x0453	0x00F3      	MOVWF      R0+3
0x0454	0x209B      	CALL       _Div_32x32_U
0x0455	0x0878      	MOVF       R8, 0
0x0456	0x00F0      	MOVWF      R0
0x0457	0x0879      	MOVF       R8+1, 0
0x0458	0x00F1      	MOVWF      R0+1
0x0459	0x087A      	MOVF       R8+2, 0
0x045A	0x00F2      	MOVWF      R0+2
0x045B	0x087B      	MOVF       R8+3, 0
0x045C	0x00F3      	MOVWF      R0+3
0x045D	0x3030      	MOVLW      48
0x045E	0x07F0      	ADDWF      R0, 1
0x045F	0x085C      	MOVF       FLOC__LongWordToStr, 0
0x0460	0x0084      	MOVWF      FSR
0x0461	0x0870      	MOVF       R0, 0
0x0462	0x0080      	MOVWF      INDF
;__Lib_Conversions.c,267 :: 		
0x0463	0x300A      	MOVLW      10
0x0464	0x00F4      	MOVWF      R4
0x0465	0x01F5      	CLRF       R4+1
0x0466	0x01F6      	CLRF       R4+2
0x0467	0x01F7      	CLRF       R4+3
0x0468	0x0855      	MOVF       FARG_LongWordToStr_input, 0
0x0469	0x00F0      	MOVWF      R0
0x046A	0x0856      	MOVF       FARG_LongWordToStr_input+1, 0
0x046B	0x00F1      	MOVWF      R0+1
0x046C	0x0857      	MOVF       FARG_LongWordToStr_input+2, 0
0x046D	0x00F2      	MOVWF      R0+2
0x046E	0x0858      	MOVF       FARG_LongWordToStr_input+3, 0
0x046F	0x00F3      	MOVWF      R0+3
0x0470	0x209B      	CALL       _Div_32x32_U
0x0471	0x0870      	MOVF       R0, 0
0x0472	0x00D5      	MOVWF      FARG_LongWordToStr_input
0x0473	0x0871      	MOVF       R0+1, 0
0x0474	0x00D6      	MOVWF      FARG_LongWordToStr_input+1
0x0475	0x0872      	MOVF       R0+2, 0
0x0476	0x00D7      	MOVWF      FARG_LongWordToStr_input+2
0x0477	0x0873      	MOVF       R0+3, 0
0x0478	0x00D8      	MOVWF      FARG_LongWordToStr_input+3
;__Lib_Conversions.c,268 :: 		
0x0479	0x3000      	MOVLW      0
0x047A	0x00F4      	MOVWF      R4
0x047B	0x0673      	XORWF      R0+3, 0
0x047C	0x1D03      	BTFSS      STATUS, 2
0x047D	0x2C88      	GOTO       L__LongWordToStr175
0x047E	0x0874      	MOVF       R4, 0
0x047F	0x0672      	XORWF      R0+2, 0
0x0480	0x1D03      	BTFSS      STATUS, 2
0x0481	0x2C88      	GOTO       L__LongWordToStr175
0x0482	0x0874      	MOVF       R4, 0
0x0483	0x0671      	XORWF      R0+1, 0
0x0484	0x1D03      	BTFSS      STATUS, 2
0x0485	0x2C88      	GOTO       L__LongWordToStr175
0x0486	0x0870      	MOVF       R0, 0
0x0487	0x3A00      	XORLW      0
L__LongWordToStr175:
0x0488	0x1D03      	BTFSS      STATUS, 2
0x0489	0x2C8B      	GOTO       L_LongWordToStr57
;__Lib_Conversions.c,269 :: 		
0x048A	0x2C90      	GOTO       L_LongWordToStr56
L_LongWordToStr57:
;__Lib_Conversions.c,270 :: 		
0x048B	0x3001      	MOVLW      1
0x048C	0x02DA      	SUBWF      LongWordToStr_len_L0, 1
0x048D	0x1C03      	BTFSS      STATUS, 0
0x048E	0x03DB      	DECF       LongWordToStr_len_L0+1, 1
;__Lib_Conversions.c,271 :: 		
0x048F	0x2C44      	GOTO       L_LongWordToStr55
L_LongWordToStr56:
;__Lib_Conversions.c,272 :: 		
L_end_LongWordToStr:
0x0490	0x0008      	RETURN
; end of _LongWordToStr
_rand:
;__Lib_CStdlib.c,307 :: 		
;__Lib_CStdlib.c,308 :: 		
0x0491	0x1283      	BCF        STATUS, 5
0x0492	0x1303      	BCF        STATUS, 6
0x0493	0x083A      	MOVF       __Lib_CStdlib_randf, 0
0x0494	0x1D03      	BTFSS      STATUS, 2
0x0495	0x2C9B      	GOTO       L_rand75
;__Lib_CStdlib.c,309 :: 		
0x0496	0x3001      	MOVLW      1
0x0497	0x00DD      	MOVWF      FARG_srand_x
0x0498	0x3000      	MOVLW      0
0x0499	0x00DE      	MOVWF      FARG_srand_x+1
0x049A	0x2276      	CALL       _srand
L_rand75:
;__Lib_CStdlib.c,310 :: 		
0x049B	0x083C      	MOVF       __Lib_CStdlib_randx, 0
0x049C	0x00F0      	MOVWF      R0
0x049D	0x083D      	MOVF       __Lib_CStdlib_randx+1, 0
0x049E	0x00F1      	MOVWF      R0+1
0x049F	0x083E      	MOVF       __Lib_CStdlib_randx+2, 0
0x04A0	0x00F2      	MOVWF      R0+2
0x04A1	0x083F      	MOVF       __Lib_CStdlib_randx+3, 0
0x04A2	0x00F3      	MOVWF      R0+3
0x04A3	0x306D      	MOVLW      109
0x04A4	0x00F4      	MOVWF      R4
0x04A5	0x304E      	MOVLW      78
0x04A6	0x00F5      	MOVWF      R4+1
0x04A7	0x30C6      	MOVLW      198
0x04A8	0x00F6      	MOVWF      R4+2
0x04A9	0x3041      	MOVLW      65
0x04AA	0x00F7      	MOVWF      R4+3
0x04AB	0x2213      	CALL       _Mul_32x32_U
0x04AC	0x3039      	MOVLW      57
0x04AD	0x00F5      	MOVWF      R5
0x04AE	0x3030      	MOVLW      48
0x04AF	0x00F6      	MOVWF      R5+1
0x04B0	0x01F7      	CLRF       R5+2
0x04B1	0x01F8      	CLRF       R5+3
0x04B2	0x0870      	MOVF       R0, 0
0x04B3	0x07F5      	ADDWF      R5, 1
0x04B4	0x0871      	MOVF       R0+1, 0
0x04B5	0x1803      	BTFSC      STATUS, 0
0x04B6	0x0F71      	INCFSZ     R0+1, 0
0x04B7	0x07F6      	ADDWF      R5+1, 1
0x04B8	0x0872      	MOVF       R0+2, 0
0x04B9	0x1803      	BTFSC      STATUS, 0
0x04BA	0x0F72      	INCFSZ     R0+2, 0
0x04BB	0x07F7      	ADDWF      R5+2, 1
0x04BC	0x0873      	MOVF       R0+3, 0
0x04BD	0x1803      	BTFSC      STATUS, 0
0x04BE	0x0F73      	INCFSZ     R0+3, 0
0x04BF	0x07F8      	ADDWF      R5+3, 1
0x04C0	0x0877      	MOVF       R5+2, 0
0x04C1	0x00F0      	MOVWF      R0
0x04C2	0x0878      	MOVF       R5+3, 0
0x04C3	0x00F1      	MOVWF      R0+1
0x04C4	0x3000      	MOVLW      0
0x04C5	0x1BF8      	BTFSC      R5+3, 7
0x04C6	0x30FF      	MOVLW      255
0x04C7	0x00F2      	MOVWF      R0+2
0x04C8	0x00F3      	MOVWF      R0+3
0x04C9	0x30FF      	MOVLW      255
0x04CA	0x05F0      	ANDWF      R0, 1
0x04CB	0x307F      	MOVLW      127
0x04CC	0x05F1      	ANDWF      R0+1, 1
0x04CD	0x3000      	MOVLW      0
0x04CE	0x05F2      	ANDWF      R0+2, 1
0x04CF	0x05F3      	ANDWF      R0+3, 1
0x04D0	0x0870      	MOVF       R0, 0
0x04D1	0x00BC      	MOVWF      __Lib_CStdlib_randx
0x04D2	0x0871      	MOVF       R0+1, 0
0x04D3	0x00BD      	MOVWF      __Lib_CStdlib_randx+1
0x04D4	0x0872      	MOVF       R0+2, 0
0x04D5	0x00BE      	MOVWF      __Lib_CStdlib_randx+2
0x04D6	0x0873      	MOVF       R0+3, 0
0x04D7	0x00BF      	MOVWF      __Lib_CStdlib_randx+3
;__Lib_CStdlib.c,311 :: 		
;__Lib_CStdlib.c,312 :: 		
L_end_rand:
0x04D8	0x0008      	RETURN
; end of _rand
_main:
0x04D9	0x1283      	BCF        STATUS, 5
0x04DA	0x1303      	BCF        STATUS, 6
0x04DB	0x01A5      	CLRF       _overflow
0x04DC	0x01A6      	CLRF       38
0x04DD	0x01A7      	CLRF       39
0x04DE	0x01A8      	CLRF       40
0x04DF	0x3052      	MOVLW      82
0x04E0	0x00A9      	MOVWF      ?lstr1_ReactionTimer
0x04E1	0x3065      	MOVLW      101
0x04E2	0x00AA      	MOVWF      42
0x04E3	0x3061      	MOVLW      97
0x04E4	0x00AB      	MOVWF      43
0x04E5	0x3063      	MOVLW      99
0x04E6	0x00AC      	MOVWF      44
0x04E7	0x3074      	MOVLW      116
0x04E8	0x00AD      	MOVWF      45
0x04E9	0x3069      	MOVLW      105
0x04EA	0x00AE      	MOVWF      46
0x04EB	0x306F      	MOVLW      111
0x04EC	0x00AF      	MOVWF      47
0x04ED	0x306E      	MOVLW      110
0x04EE	0x00B0      	MOVWF      48
0x04EF	0x3028      	MOVLW      40
0x04F0	0x00B1      	MOVWF      49
0x04F1	0x306D      	MOVLW      109
0x04F2	0x00B2      	MOVWF      50
0x04F3	0x3073      	MOVLW      115
0x04F4	0x00B3      	MOVWF      51
0x04F5	0x3029      	MOVLW      41
0x04F6	0x00B4      	MOVWF      52
0x04F7	0x303A      	MOVLW      58
0x04F8	0x00B5      	MOVWF      53
0x04F9	0x01B6      	CLRF       54
;ReactionTimer.c,31 :: 		void main() {
;ReactionTimer.c,32 :: 		TRISD.RD1=0;                                                                 // Led é OUTPUT
0x04FA	0x1683      	BSF        STATUS, 5
0x04FB	0x1088      	BCF        TRISD, 1
;ReactionTimer.c,33 :: 		TRISD.RD0=1;                                                                 // Switch é INPUT
0x04FC	0x1408      	BSF        TRISD, 0
;ReactionTimer.c,34 :: 		ADCON1=0x06;                                                                 // Todas as portas são digitais
0x04FD	0x3006      	MOVLW      6
0x04FE	0x009F      	MOVWF      ADCON1
;ReactionTimer.c,35 :: 		T1CON=0x30;                                                                  // Configuração do timer 1, 16bits, prescale de 8, parado, 1.6 us por contagem
0x04FF	0x3030      	MOVLW      48
0x0500	0x1283      	BCF        STATUS, 5
0x0501	0x0090      	MOVWF      T1CON
;ReactionTimer.c,36 :: 		Lcd_Init();                                                                  // Inicializa o LCD conectado ao PORTB
0x0502	0x23D9      	CALL       _Lcd_Init
;ReactionTimer.c,37 :: 		Lcd_Cmd(_LCD_CLEAR);                                                         // Limpa o lcd
0x0503	0x3001      	MOVLW      1
0x0504	0x00DF      	MOVWF      FARG_Lcd_Cmd_out_char
0x0505	0x2054      	CALL       _Lcd_Cmd
;ReactionTimer.c,38 :: 		Lcd_Cmd(_LCD_CURSOR_OFF);                                                    // Desativa o cursor
0x0506	0x300C      	MOVLW      12
0x0507	0x00DF      	MOVWF      FARG_Lcd_Cmd_out_char
0x0508	0x2054      	CALL       _Lcd_Cmd
;ReactionTimer.c,39 :: 		LED=0;                                                                       // LED desligado
0x0509	0x1088      	BCF        PORTD, 1
;ReactionTimer.c,40 :: 		srand(10);                                                                   // Inicializa a semente de números aleatórios
0x050A	0x300A      	MOVLW      10
0x050B	0x00DD      	MOVWF      FARG_srand_x
0x050C	0x3000      	MOVLW      0
0x050D	0x00DE      	MOVWF      FARG_srand_x+1
0x050E	0x2276      	CALL       _srand
;ReactionTimer.c,41 :: 		INTCON=0xC0;                                                                 // Habilita as interrupções dos periféricos e globais
0x050F	0x30C0      	MOVLW      192
0x0510	0x008B      	MOVWF      INTCON
;ReactionTimer.c,42 :: 		PIE1=1;                                                                      // Habilita a interrupção do timer 1
0x0511	0x3001      	MOVLW      1
0x0512	0x1683      	BSF        STATUS, 5
0x0513	0x008C      	MOVWF      PIE1
;ReactionTimer.c,45 :: 		for(;;){                                                                     // Loop Infinito
L_main0:
;ReactionTimer.c,46 :: 		no=rand()%10+1;                                                           // Número aleatório entre 1 e 10
0x0514	0x2491      	CALL       _rand
0x0515	0x300A      	MOVLW      10
0x0516	0x00F4      	MOVWF      R4
0x0517	0x3000      	MOVLW      0
0x0518	0x00F5      	MOVWF      R4+1
0x0519	0x2364      	CALL       _Div_16x16_S
0x051A	0x0878      	MOVF       R8, 0
0x051B	0x00F0      	MOVWF      R0
0x051C	0x0879      	MOVF       R8+1, 0
0x051D	0x00F1      	MOVWF      R0+1
0x051E	0x0AF0      	INCF       R0, 1
0x051F	0x0870      	MOVF       R0, 0
0x0520	0x00B9      	MOVWF      _no
;ReactionTimer.c,47 :: 		Vdelay_ms(no*1000);                                                       // Delay aleatório entre 1 e 10s, Vdelay é para variavel
0x0521	0x3000      	MOVLW      0
0x0522	0x00F1      	MOVWF      R0+1
0x0523	0x30E8      	MOVLW      232
0x0524	0x00F4      	MOVWF      R4
0x0525	0x3003      	MOVLW      3
0x0526	0x00F5      	MOVWF      R4+1
0x0527	0x2339      	CALL       _Mul_16X16_U
0x0528	0x0870      	MOVF       R0, 0
0x0529	0x00D5      	MOVWF      FARG_VDelay_ms_Time_ms
0x052A	0x0871      	MOVF       R0+1, 0
0x052B	0x00D6      	MOVWF      FARG_VDelay_ms_Time_ms+1
0x052C	0x2289      	CALL       _VDelay_ms
;ReactionTimer.c,48 :: 		overflow=0;
0x052D	0x01A5      	CLRF       _overflow
0x052E	0x01A6      	CLRF       _overflow+1
0x052F	0x01A7      	CLRF       _overflow+2
0x0530	0x01A8      	CLRF       _overflow+3
;ReactionTimer.c,49 :: 		TMR1H=0;
0x0531	0x018F      	CLRF       TMR1H
;ReactionTimer.c,50 :: 		TMR1L=0;
0x0532	0x018E      	CLRF       TMR1L
;ReactionTimer.c,51 :: 		LED=1;                                                                    // Acende o led
0x0533	0x1488      	BSF        PORTD, 1
;ReactionTimer.c,52 :: 		T1CON.TMR1ON=1;                                                           // Dispara o timer 1
0x0534	0x1410      	BSF        T1CON, 0
;ReactionTimer.c,53 :: 		while (Switch);                                                           // Espera até que o botão seja pressionado
L_main3:
0x0535	0x1D08      	BTFSS      PORTD, 2
0x0536	0x2D38      	GOTO       L_main4
0x0537	0x2D35      	GOTO       L_main3
L_main4:
;ReactionTimer.c,54 :: 		T1CON.TMR1ON=0;                                                           // para o timer 1
0x0538	0x1010      	BCF        T1CON, 0
;ReactionTimer.c,55 :: 		LED=0;                                                                    // Apaga o led
0x0539	0x1088      	BCF        PORTD, 1
;ReactionTimer.c,56 :: 		ElapsedTime=TMR1L;                                                        // LOW byte do timer 1
0x053A	0x080E      	MOVF       TMR1L, 0
0x053B	0x00C0      	MOVWF      _ElapsedTime
0x053C	0x01C1      	CLRF       _ElapsedTime+1
0x053D	0x01C2      	CLRF       _ElapsedTime+2
0x053E	0x01C3      	CLRF       _ElapsedTime+3
;ReactionTimer.c,57 :: 		ElapsedTime+=(TMR1H<<8);                                                  // HIGH byte do timer 1
0x053F	0x080F      	MOVF       TMR1H, 0
0x0540	0x00F1      	MOVWF      R0+1
0x0541	0x01F0      	CLRF       R0
0x0542	0x3000      	MOVLW      0
0x0543	0x00F2      	MOVWF      R0+2
0x0544	0x00F3      	MOVWF      R0+3
0x0545	0x0840      	MOVF       _ElapsedTime, 0
0x0546	0x07F0      	ADDWF      R0, 1
0x0547	0x0841      	MOVF       _ElapsedTime+1, 0
0x0548	0x1803      	BTFSC      STATUS, 0
0x0549	0x0F41      	INCFSZ     _ElapsedTime+1, 0
0x054A	0x07F1      	ADDWF      R0+1, 1
0x054B	0x0842      	MOVF       _ElapsedTime+2, 0
0x054C	0x1803      	BTFSC      STATUS, 0
0x054D	0x0F42      	INCFSZ     _ElapsedTime+2, 0
0x054E	0x07F2      	ADDWF      R0+2, 1
0x054F	0x0843      	MOVF       _ElapsedTime+3, 0
0x0550	0x1803      	BTFSC      STATUS, 0
0x0551	0x0F43      	INCFSZ     _ElapsedTime+3, 0
0x0552	0x07F3      	ADDWF      R0+3, 1
0x0553	0x0870      	MOVF       R0, 0
0x0554	0x00C0      	MOVWF      _ElapsedTime
0x0555	0x0871      	MOVF       R0+1, 0
0x0556	0x00C1      	MOVWF      _ElapsedTime+1
0x0557	0x0872      	MOVF       R0+2, 0
0x0558	0x00C2      	MOVWF      _ElapsedTime+2
0x0559	0x0873      	MOVF       R0+3, 0
0x055A	0x00C3      	MOVWF      _ElapsedTime+3
;ReactionTimer.c,58 :: 		ElapsedTime=(ElapsedTime/10)*16+104857*overflow;                          // Tempo em us
0x055B	0x300A      	MOVLW      10
0x055C	0x00F4      	MOVWF      R4
0x055D	0x01F5      	CLRF       R4+1
0x055E	0x01F6      	CLRF       R4+2
0x055F	0x01F7      	CLRF       R4+3
0x0560	0x209B      	CALL       _Div_32x32_U
0x0561	0x3004      	MOVLW      4
0x0562	0x00F4      	MOVWF      R4
0x0563	0x0870      	MOVF       R0, 0
0x0564	0x00D1      	MOVWF      FLOC__main
0x0565	0x0871      	MOVF       R0+1, 0
0x0566	0x00D2      	MOVWF      FLOC__main+1
0x0567	0x0872      	MOVF       R0+2, 0
0x0568	0x00D3      	MOVWF      FLOC__main+2
0x0569	0x0873      	MOVF       R0+3, 0
0x056A	0x00D4      	MOVWF      FLOC__main+3
0x056B	0x0874      	MOVF       R4, 0
L__main9:
0x056C	0x1903      	BTFSC      STATUS, 2
0x056D	0x2D75      	GOTO       L__main10
0x056E	0x0DD1      	RLF        FLOC__main, 1
0x056F	0x0DD2      	RLF        FLOC__main+1, 1
0x0570	0x0DD3      	RLF        FLOC__main+2, 1
0x0571	0x0DD4      	RLF        FLOC__main+3, 1
0x0572	0x1051      	BCF        FLOC__main, 0
0x0573	0x3EFF      	ADDLW      255
0x0574	0x2D6C      	GOTO       L__main9
L__main10:
0x0575	0x3099      	MOVLW      153
0x0576	0x00F0      	MOVWF      R0
0x0577	0x3099      	MOVLW      153
0x0578	0x00F1      	MOVWF      R0+1
0x0579	0x3001      	MOVLW      1
0x057A	0x00F2      	MOVWF      R0+2
0x057B	0x3000      	MOVLW      0
0x057C	0x00F3      	MOVWF      R0+3
0x057D	0x0825      	MOVF       _overflow, 0
0x057E	0x00F4      	MOVWF      R4
0x057F	0x0826      	MOVF       _overflow+1, 0
0x0580	0x00F5      	MOVWF      R4+1
0x0581	0x0827      	MOVF       _overflow+2, 0
0x0582	0x00F6      	MOVWF      R4+2
0x0583	0x0828      	MOVF       _overflow+3, 0
0x0584	0x00F7      	MOVWF      R4+3
0x0585	0x2213      	CALL       _Mul_32x32_U
0x0586	0x0851      	MOVF       FLOC__main, 0
0x0587	0x07F0      	ADDWF      R0, 1
0x0588	0x0852      	MOVF       FLOC__main+1, 0
0x0589	0x1803      	BTFSC      STATUS, 0
0x058A	0x0F52      	INCFSZ     FLOC__main+1, 0
0x058B	0x07F1      	ADDWF      R0+1, 1
0x058C	0x0853      	MOVF       FLOC__main+2, 0
0x058D	0x1803      	BTFSC      STATUS, 0
0x058E	0x0F53      	INCFSZ     FLOC__main+2, 0
0x058F	0x07F2      	ADDWF      R0+2, 1
0x0590	0x0854      	MOVF       FLOC__main+3, 0
0x0591	0x1803      	BTFSC      STATUS, 0
0x0592	0x0F54      	INCFSZ     FLOC__main+3, 0
0x0593	0x07F3      	ADDWF      R0+3, 1
0x0594	0x0870      	MOVF       R0, 0
0x0595	0x00C0      	MOVWF      _ElapsedTime
0x0596	0x0871      	MOVF       R0+1, 0
0x0597	0x00C1      	MOVWF      _ElapsedTime+1
0x0598	0x0872      	MOVF       R0+2, 0
0x0599	0x00C2      	MOVWF      _ElapsedTime+2
0x059A	0x0873      	MOVF       R0+3, 0
0x059B	0x00C3      	MOVWF      _ElapsedTime+3
;ReactionTimer.c,59 :: 		ElapsedTime=ElapsedTime/1000;                                             // Tempo em ms
0x059C	0x30E8      	MOVLW      232
0x059D	0x00F4      	MOVWF      R4
0x059E	0x3003      	MOVLW      3
0x059F	0x00F5      	MOVWF      R4+1
0x05A0	0x01F6      	CLRF       R4+2
0x05A1	0x01F7      	CLRF       R4+3
0x05A2	0x209B      	CALL       _Div_32x32_U
0x05A3	0x0870      	MOVF       R0, 0
0x05A4	0x00C0      	MOVWF      _ElapsedTime
0x05A5	0x0871      	MOVF       R0+1, 0
0x05A6	0x00C1      	MOVWF      _ElapsedTime+1
0x05A7	0x0872      	MOVF       R0+2, 0
0x05A8	0x00C2      	MOVWF      _ElapsedTime+2
0x05A9	0x0873      	MOVF       R0+3, 0
0x05AA	0x00C3      	MOVWF      _ElapsedTime+3
;ReactionTimer.c,60 :: 		LongWordToStr(ElapsedTime,Txt);                                           // Converte o tempo para string
0x05AB	0x0870      	MOVF       R0, 0
0x05AC	0x00D5      	MOVWF      FARG_LongWordToStr_input
0x05AD	0x0871      	MOVF       R0+1, 0
0x05AE	0x00D6      	MOVWF      FARG_LongWordToStr_input+1
0x05AF	0x0872      	MOVF       R0+2, 0
0x05B0	0x00D7      	MOVWF      FARG_LongWordToStr_input+2
0x05B1	0x0873      	MOVF       R0+3, 0
0x05B2	0x00D8      	MOVWF      FARG_LongWordToStr_input+3
0x05B3	0x3044      	MOVLW      _Txt
0x05B4	0x00D9      	MOVWF      FARG_LongWordToStr_output
0x05B5	0x2427      	CALL       _LongWordToStr
;ReactionTimer.c,61 :: 		Lcd_out(1,1,"Reaction(ms):");
0x05B6	0x3001      	MOVLW      1
0x05B7	0x00D5      	MOVWF      FARG_Lcd_Out_row
0x05B8	0x3001      	MOVLW      1
0x05B9	0x00D6      	MOVWF      FARG_Lcd_Out_column
0x05BA	0x3029      	MOVLW      ?lstr1_ReactionTimer
0x05BB	0x00D7      	MOVWF      FARG_Lcd_Out_text
0x05BC	0x22F9      	CALL       _Lcd_Out
;ReactionTimer.c,62 :: 		Lcd_out(2,1,Txt);
0x05BD	0x3002      	MOVLW      2
0x05BE	0x00D5      	MOVWF      FARG_Lcd_Out_row
0x05BF	0x3001      	MOVLW      1
0x05C0	0x00D6      	MOVWF      FARG_Lcd_Out_column
0x05C1	0x3044      	MOVLW      _Txt
0x05C2	0x00D7      	MOVWF      FARG_Lcd_Out_text
0x05C3	0x22F9      	CALL       _Lcd_Out
;ReactionTimer.c,63 :: 		Delay_ms(2000);
0x05C4	0x3033      	MOVLW      51
0x05C5	0x00FB      	MOVWF      R11
0x05C6	0x30BB      	MOVLW      187
0x05C7	0x00FC      	MOVWF      R12
0x05C8	0x30DF      	MOVLW      223
0x05C9	0x00FD      	MOVWF      R13
L_main5:
0x05CA	0x0BFD      	DECFSZ     R13, 1
0x05CB	0x2DCA      	GOTO       L_main5
0x05CC	0x0BFC      	DECFSZ     R12, 1
0x05CD	0x2DCA      	GOTO       L_main5
0x05CE	0x0BFB      	DECFSZ     R11, 1
0x05CF	0x2DCA      	GOTO       L_main5
0x05D0	0x0000      	NOP
0x05D1	0x0000      	NOP
;ReactionTimer.c,64 :: 		Lcd_cmd(_LCD_CLEAR);
0x05D2	0x3001      	MOVLW      1
0x05D3	0x00DF      	MOVWF      FARG_Lcd_Cmd_out_char
0x05D4	0x2054      	CALL       _Lcd_Cmd
;ReactionTimer.c,65 :: 		}
0x05D5	0x2D14      	GOTO       L_main0
;ReactionTimer.c,67 :: 		}
L_end_main:
0x05D6	0x2DD6      	GOTO       $+0
; end of _main
Symbol List:
//** Routines locations **
//ADDRESS    SIZE    PROCEDURE
//----------------------------------------------
0x0004      [54]    _interrupt
0x003A       [7]    _Delay_50us
0x0041      [13]    _Delay_5500us
0x004E       [6]    _Delay_1us
0x0054      [64]    _Lcd_Cmd
0x0094       [7]    _____DoICP
0x009B     [376]    _Div_32x32_U
0x0213      [55]    _Mul_32x32_U
0x024A      [44]    _Div_16x16_S_L
0x0276      [11]    _srand
0x0281       [8]    _Lcd_Chr_CP
0x0289     [112]    _VDelay_ms
0x02F9      [64]    _Lcd_Out
0x0339      [43]    _Mul_16X16_U
0x0364     [105]    _Div_16x16_S
0x03CD      [12]    ___CC2DW
0x03D9      [78]    _Lcd_Init
0x0427     [106]    _LongWordToStr
0x0491      [72]    _rand
0x04D9     [254]    _main
//** Variables locations ** 
//ADDRESS    SIZE    VARIABLE
//----------------------------------------------
0x0000       [1]    INDF
0x0002       [1]    PCL
0x0003       [1]    STATUS
0x0004       [1]    FSR
0x0006       [0]    RB1_bit
0x0006       [0]    RB2_bit
0x0006       [0]    RB0_bit
0x0006       [0]    RB5_bit
0x0006       [0]    RB3_bit
0x0006       [0]    RB4_bit
0x0006       [0]    LCD_D4
0x0006       [0]    LCD_EN
0x0006       [0]    LCD_D7
0x0006       [0]    LCD_D5
0x0006       [0]    LCD_RS
0x0006       [0]    LCD_D6
0x0008       [1]    PORTD
0x000A       [1]    PCLATH
0x000B       [1]    INTCON
0x000C       [1]    PIR1
0x000E       [1]    TMR1L
0x000F       [1]    TMR1H
0x0010       [1]    T1CON
0x0020       [1]    ___math_tempb
0x0025       [4]    _overflow
0x0029      [14]    ?lstr1_ReactionTimer
0x0037       [2]    ___DoICPAddr
0x0039       [1]    _no
0x003A       [1]    __Lib_CStdlib_randf
0x003B       [0]    __Lib_Lcd_cmd_status
0x003C       [4]    __Lib_CStdlib_randx
0x0040       [4]    _ElapsedTime
0x0044      [11]    _Txt
0x004F       [1]    ___savePCLATH
0x0050       [1]    ___saveSTATUS
0x0051       [4]    FLOC__main
0x0055       [1]    FARG_Lcd_Out_row
0x0055       [4]    FARG_LongWordToStr_input
0x0055       [2]    FARG_VDelay_ms_Time_ms
0x0056       [1]    FARG_Lcd_Out_column
0x0057       [4]    VDelay_ms_NumberOfCyc_L0
0x0057       [1]    FARG_Lcd_Out_text
0x0058       [1]    Lcd_Out_i_L0
0x0059       [1]    FARG_LongWordToStr_output
0x005A       [2]    LongWordToStr_len_L0
0x005C       [1]    FLOC__LongWordToStr
0x005D       [1]    FARG_Lcd_Chr_CP_out_char
0x005D       [2]    FARG_srand_x
0x005F       [1]    FARG_Lcd_Cmd_out_char
0x0070       [1]    R0
0x0071       [1]    R1
0x0072       [1]    R2
0x0073       [1]    R3
0x0074       [1]    R4
0x0075       [1]    R5
0x0076       [1]    R6
0x0077       [1]    R7
0x0078       [1]    R8
0x0079       [1]    R9
0x007A       [1]    R10
0x007B       [1]    R11
0x007C       [1]    R12
0x007D       [1]    R13
0x007E       [1]    R14
0x007F       [1]    R15
0x0086       [0]    LCD_RS_Direction
0x0086       [0]    LCD_EN_Direction
0x0086       [0]    LCD_D5_Direction
0x0086       [0]    LCD_D4_Direction
0x0086       [0]    LCD_D7_Direction
0x0086       [0]    LCD_D6_Direction
0x0086       [0]    TRISB2_bit
0x0086       [0]    TRISB3_bit
0x0086       [0]    TRISB0_bit
0x0086       [0]    TRISB1_bit
0x0086       [0]    TRISB4_bit
0x0086       [0]    TRISB5_bit
0x0088       [1]    TRISD
0x008C       [1]    PIE1
0x009F       [1]    ADCON1
