;  LST file generated by mikroListExporter - v.2.0 
; Date/Time: 22/05/2019 22:26:25
;----------------------------------------------

;Address Opcode 	ASM
0x0000	0x2A0E      	GOTO       526
_Delay_1us:
;__Lib_Delays.c,7 :: 		void Delay_1us() {
;__Lib_Delays.c,8 :: 		Delay_us(1);
0x0003	0x0000      	NOP
0x0004	0x0000      	NOP
0x0005	0x0000      	NOP
0x0006	0x0000      	NOP
0x0007	0x0000      	NOP
;__Lib_Delays.c,9 :: 		}
L_end_Delay_1us:
0x0008	0x0008      	RETURN
; end of _Delay_1us
_Delay_5500us:
;__Lib_Delays.c,31 :: 		void Delay_5500us() {
;__Lib_Delays.c,32 :: 		Delay_us(5500);
0x0009	0x3024      	MOVLW      36
0x000A	0x1283      	BCF        STATUS, 5
0x000B	0x1303      	BCF        STATUS, 6
0x000C	0x00FC      	MOVWF      R12
0x000D	0x30B5      	MOVLW      181
0x000E	0x00FD      	MOVWF      R13
L_Delay_5500us5:
0x000F	0x0BFD      	DECFSZ     R13, 1
0x0010	0x280F      	GOTO       L_Delay_5500us5
0x0011	0x0BFC      	DECFSZ     R12, 1
0x0012	0x280F      	GOTO       L_Delay_5500us5
0x0013	0x0000      	NOP
0x0014	0x0000      	NOP
;__Lib_Delays.c,33 :: 		}
L_end_Delay_5500us:
0x0015	0x0008      	RETURN
; end of _Delay_5500us
_Delay_50us:
;__Lib_Delays.c,19 :: 		void Delay_50us() {
;__Lib_Delays.c,20 :: 		Delay_us(50);
0x0016	0x3053      	MOVLW      83
0x0017	0x1283      	BCF        STATUS, 5
0x0018	0x1303      	BCF        STATUS, 6
0x0019	0x00FD      	MOVWF      R13
L_Delay_50us2:
0x001A	0x0BFD      	DECFSZ     R13, 1
0x001B	0x281A      	GOTO       L_Delay_50us2
;__Lib_Delays.c,21 :: 		}
L_end_Delay_50us:
0x001C	0x0008      	RETURN
; end of _Delay_50us
_Lcd_Cmd:
;__Lib_Lcd.c,18 :: 		
;__Lib_Lcd.c,20 :: 		
0x001D	0x1683      	BSF        STATUS, 5
0x001E	0x1303      	BCF        STATUS, 6
0x001F	0x1BE5      	BTFSC      FARG_Lcd_Cmd_out_char, 7
0x0020	0x2824      	GOTO       L__Lcd_Cmd21
0x0021	0x1283      	BCF        STATUS, 5
0x0022	0x1186      	BCF        LCD_D7, BitPos(LCD_D7+0)
0x0023	0x2826      	GOTO       L__Lcd_Cmd22
L__Lcd_Cmd21:
0x0024	0x1283      	BCF        STATUS, 5
0x0025	0x1586      	BSF        LCD_D7, BitPos(LCD_D7+0)
L__Lcd_Cmd22:
;__Lib_Lcd.c,21 :: 		
0x0026	0x1683      	BSF        STATUS, 5
0x0027	0x1B65      	BTFSC      FARG_Lcd_Cmd_out_char, 6
0x0028	0x282C      	GOTO       L__Lcd_Cmd23
0x0029	0x1283      	BCF        STATUS, 5
0x002A	0x1106      	BCF        LCD_D6, BitPos(LCD_D6+0)
0x002B	0x282E      	GOTO       L__Lcd_Cmd24
L__Lcd_Cmd23:
0x002C	0x1283      	BCF        STATUS, 5
0x002D	0x1506      	BSF        LCD_D6, BitPos(LCD_D6+0)
L__Lcd_Cmd24:
;__Lib_Lcd.c,22 :: 		
0x002E	0x1683      	BSF        STATUS, 5
0x002F	0x1AE5      	BTFSC      FARG_Lcd_Cmd_out_char, 5
0x0030	0x2834      	GOTO       L__Lcd_Cmd25
0x0031	0x1283      	BCF        STATUS, 5
0x0032	0x1086      	BCF        LCD_D5, BitPos(LCD_D5+0)
0x0033	0x2836      	GOTO       L__Lcd_Cmd26
L__Lcd_Cmd25:
0x0034	0x1283      	BCF        STATUS, 5
0x0035	0x1486      	BSF        LCD_D5, BitPos(LCD_D5+0)
L__Lcd_Cmd26:
;__Lib_Lcd.c,23 :: 		
0x0036	0x1683      	BSF        STATUS, 5
0x0037	0x1A65      	BTFSC      FARG_Lcd_Cmd_out_char, 4
0x0038	0x283C      	GOTO       L__Lcd_Cmd27
0x0039	0x1283      	BCF        STATUS, 5
0x003A	0x1006      	BCF        LCD_D4, BitPos(LCD_D4+0)
0x003B	0x283E      	GOTO       L__Lcd_Cmd28
L__Lcd_Cmd27:
0x003C	0x1283      	BCF        STATUS, 5
0x003D	0x1406      	BSF        LCD_D4, BitPos(LCD_D4+0)
L__Lcd_Cmd28:
;__Lib_Lcd.c,25 :: 		
0x003E	0x1683      	BSF        STATUS, 5
0x003F	0x1840      	BTFSC      __Lib_Lcd_cmd_status, BitPos(__Lib_Lcd_cmd_status+0)
0x0040	0x2844      	GOTO       L__Lcd_Cmd29
0x0041	0x1283      	BCF        STATUS, 5
0x0042	0x1606      	BSF        LCD_RS, BitPos(LCD_RS+0)
0x0043	0x2846      	GOTO       L__Lcd_Cmd30
L__Lcd_Cmd29:
0x0044	0x1283      	BCF        STATUS, 5
0x0045	0x1206      	BCF        LCD_RS, BitPos(LCD_RS+0)
L__Lcd_Cmd30:
;__Lib_Lcd.c,28 :: 		
0x0046	0x1686      	BSF        LCD_EN, BitPos(LCD_EN+0)
;__Lib_Lcd.c,29 :: 		
0x0047	0x2003      	CALL       _Delay_1us
;__Lib_Lcd.c,30 :: 		
0x0048	0x1286      	BCF        LCD_EN, BitPos(LCD_EN+0)
;__Lib_Lcd.c,33 :: 		
0x0049	0x1683      	BSF        STATUS, 5
0x004A	0x19E5      	BTFSC      FARG_Lcd_Cmd_out_char, 3
0x004B	0x284F      	GOTO       L__Lcd_Cmd31
0x004C	0x1283      	BCF        STATUS, 5
0x004D	0x1186      	BCF        LCD_D7, BitPos(LCD_D7+0)
0x004E	0x2851      	GOTO       L__Lcd_Cmd32
L__Lcd_Cmd31:
0x004F	0x1283      	BCF        STATUS, 5
0x0050	0x1586      	BSF        LCD_D7, BitPos(LCD_D7+0)
L__Lcd_Cmd32:
;__Lib_Lcd.c,34 :: 		
0x0051	0x1683      	BSF        STATUS, 5
0x0052	0x1965      	BTFSC      FARG_Lcd_Cmd_out_char, 2
0x0053	0x2857      	GOTO       L__Lcd_Cmd33
0x0054	0x1283      	BCF        STATUS, 5
0x0055	0x1106      	BCF        LCD_D6, BitPos(LCD_D6+0)
0x0056	0x2859      	GOTO       L__Lcd_Cmd34
L__Lcd_Cmd33:
0x0057	0x1283      	BCF        STATUS, 5
0x0058	0x1506      	BSF        LCD_D6, BitPos(LCD_D6+0)
L__Lcd_Cmd34:
;__Lib_Lcd.c,35 :: 		
0x0059	0x1683      	BSF        STATUS, 5
0x005A	0x18E5      	BTFSC      FARG_Lcd_Cmd_out_char, 1
0x005B	0x285F      	GOTO       L__Lcd_Cmd35
0x005C	0x1283      	BCF        STATUS, 5
0x005D	0x1086      	BCF        LCD_D5, BitPos(LCD_D5+0)
0x005E	0x2861      	GOTO       L__Lcd_Cmd36
L__Lcd_Cmd35:
0x005F	0x1283      	BCF        STATUS, 5
0x0060	0x1486      	BSF        LCD_D5, BitPos(LCD_D5+0)
L__Lcd_Cmd36:
;__Lib_Lcd.c,36 :: 		
0x0061	0x1683      	BSF        STATUS, 5
0x0062	0x1865      	BTFSC      FARG_Lcd_Cmd_out_char, 0
0x0063	0x2867      	GOTO       L__Lcd_Cmd37
0x0064	0x1283      	BCF        STATUS, 5
0x0065	0x1006      	BCF        LCD_D4, BitPos(LCD_D4+0)
0x0066	0x2869      	GOTO       L__Lcd_Cmd38
L__Lcd_Cmd37:
0x0067	0x1283      	BCF        STATUS, 5
0x0068	0x1406      	BSF        LCD_D4, BitPos(LCD_D4+0)
L__Lcd_Cmd38:
;__Lib_Lcd.c,38 :: 		
0x0069	0x1683      	BSF        STATUS, 5
0x006A	0x1840      	BTFSC      __Lib_Lcd_cmd_status, BitPos(__Lib_Lcd_cmd_status+0)
0x006B	0x286F      	GOTO       L__Lcd_Cmd39
0x006C	0x1283      	BCF        STATUS, 5
0x006D	0x1606      	BSF        LCD_RS, BitPos(LCD_RS+0)
0x006E	0x2871      	GOTO       L__Lcd_Cmd40
L__Lcd_Cmd39:
0x006F	0x1283      	BCF        STATUS, 5
0x0070	0x1206      	BCF        LCD_RS, BitPos(LCD_RS+0)
L__Lcd_Cmd40:
;__Lib_Lcd.c,40 :: 		
0x0071	0x1686      	BSF        LCD_EN, BitPos(LCD_EN+0)
;__Lib_Lcd.c,41 :: 		
0x0072	0x2003      	CALL       _Delay_1us
;__Lib_Lcd.c,42 :: 		
0x0073	0x1286      	BCF        LCD_EN, BitPos(LCD_EN+0)
;__Lib_Lcd.c,44 :: 		
0x0074	0x1683      	BSF        STATUS, 5
0x0075	0x1C40      	BTFSS      __Lib_Lcd_cmd_status, BitPos(__Lib_Lcd_cmd_status+0)
0x0076	0x2879      	GOTO       L_Lcd_Cmd0
;__Lib_Lcd.c,45 :: 		
0x0077	0x2009      	CALL       _Delay_5500us
0x0078	0x287A      	GOTO       L_Lcd_Cmd1
L_Lcd_Cmd0:
;__Lib_Lcd.c,47 :: 		
0x0079	0x2016      	CALL       _Delay_50us
L_Lcd_Cmd1:
;__Lib_Lcd.c,48 :: 		
L_end_Lcd_Cmd:
0x007A	0x0008      	RETURN
; end of _Lcd_Cmd
_srand:
;__Lib_CStdlib.c,301 :: 		
;__Lib_CStdlib.c,302 :: 		
0x007B	0x1683      	BSF        STATUS, 5
0x007C	0x1303      	BCF        STATUS, 6
0x007D	0x0860      	MOVF       FARG_srand_x, 0
0x007E	0x00C1      	MOVWF      __Lib_CStdlib_randx
0x007F	0x0861      	MOVF       FARG_srand_x+1, 0
0x0080	0x00C2      	MOVWF      __Lib_CStdlib_randx+1
0x0081	0x01C3      	CLRF       __Lib_CStdlib_randx+2
0x0082	0x01C4      	CLRF       __Lib_CStdlib_randx+3
;__Lib_CStdlib.c,303 :: 		
0x0083	0x3001      	MOVLW      1
0x0084	0x1283      	BCF        STATUS, 5
0x0085	0x00EF      	MOVWF      __Lib_CStdlib_randf
;__Lib_CStdlib.c,304 :: 		
L_end_srand:
0x0086	0x0008      	RETURN
; end of _srand
_____DoICP:
;__Lib_System.c,6 :: 		
;__Lib_System.c,9 :: 		
0x0087	0x1683      	BSF        STATUS, 5
0x0088	0x1303      	BCF        STATUS, 6
0x0089	0x083F      	MOVF       ___DoICPAddr+1, 0
0x008A	0x008A      	MOVWF      PCLATH
;__Lib_System.c,10 :: 		
0x008B	0x083E      	MOVF       ___DoICPAddr, 0
0x008C	0x0082      	MOVWF      PCL
;__Lib_System.c,12 :: 		
L_end_____DoICP:
0x008D	0x0008      	RETURN
; end of _____DoICP
_Lcd_Chr_CP:
;__Lib_Lcd.c,50 :: 		
;__Lib_Lcd.c,52 :: 		
0x008E	0x1683      	BSF        STATUS, 5
0x008F	0x1303      	BCF        STATUS, 6
0x0090	0x1040      	BCF        __Lib_Lcd_cmd_status, BitPos(__Lib_Lcd_cmd_status+0)
;__Lib_Lcd.c,53 :: 		
0x0091	0x0860      	MOVF       FARG_Lcd_Chr_CP_out_char, 0
0x0092	0x00E5      	MOVWF      FARG_Lcd_Cmd_out_char
0x0093	0x201D      	CALL       _Lcd_Cmd
;__Lib_Lcd.c,54 :: 		
0x0094	0x1683      	BSF        STATUS, 5
0x0095	0x1440      	BSF        __Lib_Lcd_cmd_status, BitPos(__Lib_Lcd_cmd_status+0)
;__Lib_Lcd.c,55 :: 		
L_end_Lcd_Chr_CP:
0x0096	0x0008      	RETURN
; end of _Lcd_Chr_CP
_Mul_32x32_U:
;__Lib_Math.c,1774 :: 		
;__Lib_Math.c,1789 :: 		
0x0097	0x1283      	BCF        STATUS, 5
;__Lib_Math.c,1790 :: 		
0x0098	0x1303      	BCF        STATUS, 6
;__Lib_Math.c,1791 :: 		
0x0099	0x3022      	MOVLW      34
;__Lib_Math.c,1792 :: 		
0x009A	0x00FC      	MOVWF      R12
;__Lib_Math.c,1793 :: 		
0x009B	0x01F8      	CLRF       R8
;__Lib_Math.c,1794 :: 		
0x009C	0x01F9      	CLRF       R9
;__Lib_Math.c,1795 :: 		
0x009D	0x01FA      	CLRF       R10
;__Lib_Math.c,1796 :: 		
0x009E	0x01FB      	CLRF       R11
;__Lib_Math.c,1798 :: 		
_NEXT:
;__Lib_Math.c,1802 :: 		
0x009F	0x03FC      	DECF       R12, 1
;__Lib_Math.c,1803 :: 		
0x00A0	0x1903      	BTFSC      STATUS, 2
;__Lib_Math.c,1804 :: 		
0x00A1	0x28CD      	GOTO       _EXIT2
;__Lib_Math.c,1805 :: 		
0x00A2	0x1003      	BCF        STATUS, 0
;__Lib_Math.c,1807 :: 		
_LOOP:
;__Lib_Math.c,1816 :: 		
0x00A3	0x0CFB      	RRF        R11, 1
;__Lib_Math.c,1817 :: 		
0x00A4	0x0CFA      	RRF        R10, 1
;__Lib_Math.c,1818 :: 		
0x00A5	0x0CF9      	RRF        R9, 1
;__Lib_Math.c,1819 :: 		
0x00A6	0x0CF8      	RRF        R8, 1
;__Lib_Math.c,1820 :: 		
0x00A7	0x0CF3      	RRF        R3, 1
;__Lib_Math.c,1821 :: 		
0x00A8	0x0CF2      	RRF        R2, 1
;__Lib_Math.c,1822 :: 		
0x00A9	0x0CF1      	RRF        R1, 1
;__Lib_Math.c,1823 :: 		
0x00AA	0x0CF0      	RRF        R0, 1
;__Lib_Math.c,1828 :: 		
0x00AB	0x1C03      	BTFSS      STATUS, 0
;__Lib_Math.c,1829 :: 		
0x00AC	0x289F      	GOTO       _NEXT
;__Lib_Math.c,1830 :: 		
0x00AD	0x03FC      	DECF       R12, 1
;__Lib_Math.c,1831 :: 		
0x00AE	0x1903      	BTFSC      STATUS, 2
;__Lib_Math.c,1832 :: 		
0x00AF	0x28BF      	GOTO       _EXIT1
;__Lib_Math.c,1839 :: 		
0x00B0	0x0874      	MOVF       R4, 0
;__Lib_Math.c,1840 :: 		
0x00B1	0x07F8      	ADDWF      R8, 1
;__Lib_Math.c,1841 :: 		
0x00B2	0x0875      	MOVF       R5, 0
;__Lib_Math.c,1842 :: 		
0x00B3	0x1803      	BTFSC      STATUS, 0
;__Lib_Math.c,1843 :: 		
0x00B4	0x0F75      	INCFSZ     R5, 0
;__Lib_Math.c,1844 :: 		
0x00B5	0x07F9      	ADDWF      R9, 1
;__Lib_Math.c,1845 :: 		
0x00B6	0x0876      	MOVF       R6, 0
;__Lib_Math.c,1846 :: 		
0x00B7	0x1803      	BTFSC      STATUS, 0
;__Lib_Math.c,1847 :: 		
0x00B8	0x0F76      	INCFSZ     R6, 0
;__Lib_Math.c,1848 :: 		
0x00B9	0x07FA      	ADDWF      R10, 1
;__Lib_Math.c,1849 :: 		
0x00BA	0x0877      	MOVF       R7, 0
;__Lib_Math.c,1850 :: 		
0x00BB	0x1803      	BTFSC      STATUS, 0
;__Lib_Math.c,1851 :: 		
0x00BC	0x0F77      	INCFSZ     R7, 0
;__Lib_Math.c,1852 :: 		
0x00BD	0x07FB      	ADDWF      R11, 1
;__Lib_Math.c,1854 :: 		
0x00BE	0x28A3      	GOTO       _LOOP
;__Lib_Math.c,1856 :: 		
_EXIT1:
;__Lib_Math.c,1861 :: 		
0x00BF	0x0874      	MOVF       R4, 0
;__Lib_Math.c,1862 :: 		
0x00C0	0x07F8      	ADDWF      R8, 1
;__Lib_Math.c,1863 :: 		
0x00C1	0x0875      	MOVF       R5, 0
;__Lib_Math.c,1864 :: 		
0x00C2	0x1803      	BTFSC      STATUS, 0
;__Lib_Math.c,1865 :: 		
0x00C3	0x0F75      	INCFSZ     R5, 0
;__Lib_Math.c,1866 :: 		
0x00C4	0x07F9      	ADDWF      R9, 1
;__Lib_Math.c,1867 :: 		
0x00C5	0x0876      	MOVF       R6, 0
;__Lib_Math.c,1868 :: 		
0x00C6	0x1803      	BTFSC      STATUS, 0
;__Lib_Math.c,1869 :: 		
0x00C7	0x0F76      	INCFSZ     R6, 0
;__Lib_Math.c,1870 :: 		
0x00C8	0x07FA      	ADDWF      R10, 1
;__Lib_Math.c,1871 :: 		
0x00C9	0x0877      	MOVF       R7, 0
;__Lib_Math.c,1872 :: 		
0x00CA	0x1803      	BTFSC      STATUS, 0
;__Lib_Math.c,1873 :: 		
0x00CB	0x0F77      	INCFSZ     R7, 0
;__Lib_Math.c,1874 :: 		
0x00CC	0x07FB      	ADDWF      R11, 1
;__Lib_Math.c,1877 :: 		
_EXIT2:
;__Lib_Math.c,1879 :: 		
L_end_Mul_32x32_U:
0x00CD	0x0008      	RETURN
; end of _Mul_32x32_U
_Delay_10us:
;__Lib_Delays.c,11 :: 		void Delay_10us() {
;__Lib_Delays.c,12 :: 		Delay_us(10);
0x00CE	0x3010      	MOVLW      16
0x00CF	0x1283      	BCF        STATUS, 5
0x00D0	0x1303      	BCF        STATUS, 6
0x00D1	0x00FD      	MOVWF      R13
L_Delay_10us0:
0x00D2	0x0BFD      	DECFSZ     R13, 1
0x00D3	0x28D2      	GOTO       L_Delay_10us0
0x00D4	0x0000      	NOP
;__Lib_Delays.c,13 :: 		}
L_end_Delay_10us:
0x00D5	0x0008      	RETURN
; end of _Delay_10us
_Keypad_Key_Press:
;__Lib_Keypad4x4.c,39 :: 		
;__Lib_Keypad4x4.c,43 :: 		
0x00D6	0x1683      	BSF        STATUS, 5
0x00D7	0x1303      	BCF        STATUS, 6
0x00D8	0x01E0      	CLRF       Keypad_Key_Press_rslt_L0
;__Lib_Keypad4x4.c,44 :: 		
0x00D9	0x01E2      	CLRF       Keypad_Key_Press_loc_L0
;__Lib_Keypad4x4.c,45 :: 		
0x00DA	0x01E3      	CLRF       Keypad_Key_Press_rowcnt_L0
;__Lib_Keypad4x4.c,46 :: 		
0x00DB	0x3010      	MOVLW      16
0x00DC	0x00E4      	MOVWF      Keypad_Key_Press_shifter_L0
;__Lib_Keypad4x4.c,48 :: 		
L_Keypad_Key_Press0:
0x00DD	0x3004      	MOVLW      4
0x00DE	0x0263      	SUBWF      Keypad_Key_Press_rowcnt_L0, 0
0x00DF	0x1803      	BTFSC      STATUS, 0
0x00E0	0x290B      	GOTO       L_Keypad_Key_Press1
;__Lib_Keypad4x4.c,50 :: 		
0x00E1	0x30F0      	MOVLW      240
0x00E2	0x1283      	BCF        STATUS, 5
0x00E3	0x0088      	MOVWF      keypadPort
;__Lib_Keypad4x4.c,51 :: 		
0x00E4	0x3080      	MOVLW      128
0x00E5	0x00F0      	MOVWF      R0
0x00E6	0x0870      	MOVF       R0, 0
0x00E7	0x3E08      	ADDLW      keypadPort
0x00E8	0x0084      	MOVWF      FSR
0x00E9	0x1683      	BSF        STATUS, 5
0x00EA	0x0964      	COMF       Keypad_Key_Press_shifter_L0, 0
0x00EB	0x00F0      	MOVWF      R0
0x00EC	0x0870      	MOVF       R0, 0
0x00ED	0x0080      	MOVWF      INDF
;__Lib_Keypad4x4.c,55 :: 		
0x00EE	0x2003      	CALL       _Delay_1us
;__Lib_Keypad4x4.c,56 :: 		
0x00EF	0x2003      	CALL       _Delay_1us
;__Lib_Keypad4x4.c,57 :: 		
0x00F0	0x300F      	MOVLW      15
0x00F1	0x1283      	BCF        STATUS, 5
0x00F2	0x0508      	ANDWF      keypadPort, 0
0x00F3	0x00F0      	MOVWF      R0
0x00F4	0x0870      	MOVF       R0, 0
0x00F5	0x1683      	BSF        STATUS, 5
0x00F6	0x00E1      	MOVWF      Keypad_Key_Press_kdata_L0
;__Lib_Keypad4x4.c,58 :: 		
0x00F7	0x0870      	MOVF       R0, 0
0x00F8	0x1903      	BTFSC      STATUS, 2
0x00F9	0x2905      	GOTO       L_Keypad_Key_Press2
;__Lib_Keypad4x4.c,60 :: 		
0x00FA	0x0862      	MOVF       Keypad_Key_Press_loc_L0, 0
0x00FB	0x00E0      	MOVWF      Keypad_Key_Press_rslt_L0
;__Lib_Keypad4x4.c,61 :: 		
L_Keypad_Key_Press3:
0x00FC	0x0861      	MOVF       Keypad_Key_Press_kdata_L0, 0
0x00FD	0x1903      	BTFSC      STATUS, 2
0x00FE	0x2903      	GOTO       L_Keypad_Key_Press4
;__Lib_Keypad4x4.c,62 :: 		
0x00FF	0x0CE1      	RRF        Keypad_Key_Press_kdata_L0, 1
0x0100	0x13E1      	BCF        Keypad_Key_Press_kdata_L0, 7
;__Lib_Keypad4x4.c,63 :: 		
0x0101	0x0AE0      	INCF       Keypad_Key_Press_rslt_L0, 1
;__Lib_Keypad4x4.c,64 :: 		
0x0102	0x28FC      	GOTO       L_Keypad_Key_Press3
L_Keypad_Key_Press4:
;__Lib_Keypad4x4.c,66 :: 		
0x0103	0x3004      	MOVLW      4
0x0104	0x00E3      	MOVWF      Keypad_Key_Press_rowcnt_L0
;__Lib_Keypad4x4.c,67 :: 		
L_Keypad_Key_Press2:
;__Lib_Keypad4x4.c,68 :: 		
0x0105	0x0DE4      	RLF        Keypad_Key_Press_shifter_L0, 1
0x0106	0x1064      	BCF        Keypad_Key_Press_shifter_L0, 0
;__Lib_Keypad4x4.c,69 :: 		
0x0107	0x3004      	MOVLW      4
0x0108	0x07E2      	ADDWF      Keypad_Key_Press_loc_L0, 1
;__Lib_Keypad4x4.c,70 :: 		
0x0109	0x0AE3      	INCF       Keypad_Key_Press_rowcnt_L0, 1
;__Lib_Keypad4x4.c,71 :: 		
0x010A	0x28DD      	GOTO       L_Keypad_Key_Press0
L_Keypad_Key_Press1:
;__Lib_Keypad4x4.c,73 :: 		
0x010B	0x0860      	MOVF       Keypad_Key_Press_rslt_L0, 0
0x010C	0x00F0      	MOVWF      R0
;__Lib_Keypad4x4.c,74 :: 		
L_end_Keypad_Key_Press:
0x010D	0x0008      	RETURN
; end of _Keypad_Key_Press
_Keypad_Key_Click:
;__Lib_Keypad4x4.c,77 :: 		
;__Lib_Keypad4x4.c,81 :: 		
0x010E	0x20D6      	CALL       _Keypad_Key_Press
0x010F	0x0870      	MOVF       R0, 0
0x0110	0x00DC      	MOVWF      Keypad_Key_Click_rslt_L0
;__Lib_Keypad4x4.c,83 :: 		
L_Keypad_Key_Click5:
0x0111	0x300F      	MOVLW      15
0x0112	0x1283      	BCF        STATUS, 5
0x0113	0x0508      	ANDWF      keypadPort, 0
0x0114	0x00F0      	MOVWF      R0
0x0115	0x1903      	BTFSC      STATUS, 2
0x0116	0x2919      	GOTO       L_Keypad_Key_Click6
;__Lib_Keypad4x4.c,84 :: 		
0x0117	0x20CE      	CALL       _Delay_10us
0x0118	0x2911      	GOTO       L_Keypad_Key_Click5
L_Keypad_Key_Click6:
;__Lib_Keypad4x4.c,86 :: 		
0x0119	0x1683      	BSF        STATUS, 5
0x011A	0x085C      	MOVF       Keypad_Key_Click_rslt_L0, 0
0x011B	0x00F0      	MOVWF      R0
;__Lib_Keypad4x4.c,87 :: 		
L_end_Keypad_Key_Click:
0x011C	0x0008      	RETURN
; end of _Keypad_Key_Click
_rand:
;__Lib_CStdlib.c,307 :: 		
;__Lib_CStdlib.c,308 :: 		
0x011D	0x1283      	BCF        STATUS, 5
0x011E	0x1303      	BCF        STATUS, 6
0x011F	0x086F      	MOVF       __Lib_CStdlib_randf, 0
0x0120	0x1D03      	BTFSS      STATUS, 2
0x0121	0x2928      	GOTO       L_rand75
;__Lib_CStdlib.c,309 :: 		
0x0122	0x3001      	MOVLW      1
0x0123	0x1683      	BSF        STATUS, 5
0x0124	0x00E0      	MOVWF      FARG_srand_x
0x0125	0x3000      	MOVLW      0
0x0126	0x00E1      	MOVWF      FARG_srand_x+1
0x0127	0x207B      	CALL       _srand
L_rand75:
;__Lib_CStdlib.c,310 :: 		
0x0128	0x1683      	BSF        STATUS, 5
0x0129	0x0841      	MOVF       __Lib_CStdlib_randx, 0
0x012A	0x00F0      	MOVWF      R0
0x012B	0x0842      	MOVF       __Lib_CStdlib_randx+1, 0
0x012C	0x00F1      	MOVWF      R0+1
0x012D	0x0843      	MOVF       __Lib_CStdlib_randx+2, 0
0x012E	0x00F2      	MOVWF      R0+2
0x012F	0x0844      	MOVF       __Lib_CStdlib_randx+3, 0
0x0130	0x00F3      	MOVWF      R0+3
0x0131	0x306D      	MOVLW      109
0x0132	0x00F4      	MOVWF      R4
0x0133	0x304E      	MOVLW      78
0x0134	0x00F5      	MOVWF      R4+1
0x0135	0x30C6      	MOVLW      198
0x0136	0x00F6      	MOVWF      R4+2
0x0137	0x3041      	MOVLW      65
0x0138	0x00F7      	MOVWF      R4+3
0x0139	0x2097      	CALL       _Mul_32x32_U
0x013A	0x3039      	MOVLW      57
0x013B	0x00F5      	MOVWF      R5
0x013C	0x3030      	MOVLW      48
0x013D	0x00F6      	MOVWF      R5+1
0x013E	0x01F7      	CLRF       R5+2
0x013F	0x01F8      	CLRF       R5+3
0x0140	0x0870      	MOVF       R0, 0
0x0141	0x07F5      	ADDWF      R5, 1
0x0142	0x0871      	MOVF       R0+1, 0
0x0143	0x1803      	BTFSC      STATUS, 0
0x0144	0x0F71      	INCFSZ     R0+1, 0
0x0145	0x07F6      	ADDWF      R5+1, 1
0x0146	0x0872      	MOVF       R0+2, 0
0x0147	0x1803      	BTFSC      STATUS, 0
0x0148	0x0F72      	INCFSZ     R0+2, 0
0x0149	0x07F7      	ADDWF      R5+2, 1
0x014A	0x0873      	MOVF       R0+3, 0
0x014B	0x1803      	BTFSC      STATUS, 0
0x014C	0x0F73      	INCFSZ     R0+3, 0
0x014D	0x07F8      	ADDWF      R5+3, 1
0x014E	0x0877      	MOVF       R5+2, 0
0x014F	0x00F0      	MOVWF      R0
0x0150	0x0878      	MOVF       R5+3, 0
0x0151	0x00F1      	MOVWF      R0+1
0x0152	0x3000      	MOVLW      0
0x0153	0x1BF8      	BTFSC      R5+3, 7
0x0154	0x30FF      	MOVLW      255
0x0155	0x00F2      	MOVWF      R0+2
0x0156	0x00F3      	MOVWF      R0+3
0x0157	0x30FF      	MOVLW      255
0x0158	0x05F0      	ANDWF      R0, 1
0x0159	0x307F      	MOVLW      127
0x015A	0x05F1      	ANDWF      R0+1, 1
0x015B	0x3000      	MOVLW      0
0x015C	0x05F2      	ANDWF      R0+2, 1
0x015D	0x05F3      	ANDWF      R0+3, 1
0x015E	0x0870      	MOVF       R0, 0
0x015F	0x1683      	BSF        STATUS, 5
0x0160	0x00C1      	MOVWF      __Lib_CStdlib_randx
0x0161	0x0871      	MOVF       R0+1, 0
0x0162	0x00C2      	MOVWF      __Lib_CStdlib_randx+1
0x0163	0x0872      	MOVF       R0+2, 0
0x0164	0x00C3      	MOVWF      __Lib_CStdlib_randx+2
0x0165	0x0873      	MOVF       R0+3, 0
0x0166	0x00C4      	MOVWF      __Lib_CStdlib_randx+3
;__Lib_CStdlib.c,311 :: 		
;__Lib_CStdlib.c,312 :: 		
L_end_rand:
0x0167	0x0008      	RETURN
; end of _rand
_Lcd_Out:
;__Lib_Lcd.c,184 :: 		
;__Lib_Lcd.c,187 :: 		
0x0168	0x297A      	GOTO       L_Lcd_Out11
;__Lib_Lcd.c,188 :: 		
L_Lcd_Out13:
0x0169	0x3080      	MOVLW      128
0x016A	0x1683      	BSF        STATUS, 5
0x016B	0x1303      	BCF        STATUS, 6
0x016C	0x00DC      	MOVWF      FARG_Lcd_Out_row
0x016D	0x298D      	GOTO       L_Lcd_Out12
;__Lib_Lcd.c,189 :: 		
L_Lcd_Out14:
0x016E	0x30C0      	MOVLW      192
0x016F	0x00DC      	MOVWF      FARG_Lcd_Out_row
0x0170	0x298D      	GOTO       L_Lcd_Out12
;__Lib_Lcd.c,190 :: 		
L_Lcd_Out15:
0x0171	0x3094      	MOVLW      148
0x0172	0x00DC      	MOVWF      FARG_Lcd_Out_row
0x0173	0x298D      	GOTO       L_Lcd_Out12
;__Lib_Lcd.c,191 :: 		
L_Lcd_Out16:
0x0174	0x30D4      	MOVLW      212
0x0175	0x00DC      	MOVWF      FARG_Lcd_Out_row
0x0176	0x298D      	GOTO       L_Lcd_Out12
;__Lib_Lcd.c,192 :: 		
L_Lcd_Out17:
0x0177	0x3080      	MOVLW      128
0x0178	0x00DC      	MOVWF      FARG_Lcd_Out_row
;__Lib_Lcd.c,193 :: 		
0x0179	0x298D      	GOTO       L_Lcd_Out12
L_Lcd_Out11:
0x017A	0x1683      	BSF        STATUS, 5
0x017B	0x1303      	BCF        STATUS, 6
0x017C	0x085C      	MOVF       FARG_Lcd_Out_row, 0
0x017D	0x3A01      	XORLW      1
0x017E	0x1903      	BTFSC      STATUS, 2
0x017F	0x2969      	GOTO       L_Lcd_Out13
0x0180	0x085C      	MOVF       FARG_Lcd_Out_row, 0
0x0181	0x3A02      	XORLW      2
0x0182	0x1903      	BTFSC      STATUS, 2
0x0183	0x296E      	GOTO       L_Lcd_Out14
0x0184	0x085C      	MOVF       FARG_Lcd_Out_row, 0
0x0185	0x3A03      	XORLW      3
0x0186	0x1903      	BTFSC      STATUS, 2
0x0187	0x2971      	GOTO       L_Lcd_Out15
0x0188	0x085C      	MOVF       FARG_Lcd_Out_row, 0
0x0189	0x3A04      	XORLW      4
0x018A	0x1903      	BTFSC      STATUS, 2
0x018B	0x2974      	GOTO       L_Lcd_Out16
0x018C	0x2977      	GOTO       L_Lcd_Out17
L_Lcd_Out12:
;__Lib_Lcd.c,194 :: 		
0x018D	0x035D      	DECF       FARG_Lcd_Out_column, 0
0x018E	0x00F0      	MOVWF      R0
0x018F	0x085C      	MOVF       FARG_Lcd_Out_row, 0
0x0190	0x07F0      	ADDWF      R0, 1
0x0191	0x0870      	MOVF       R0, 0
0x0192	0x00DC      	MOVWF      FARG_Lcd_Out_row
;__Lib_Lcd.c,196 :: 		
0x0193	0x0870      	MOVF       R0, 0
0x0194	0x00E5      	MOVWF      FARG_Lcd_Cmd_out_char
0x0195	0x201D      	CALL       _Lcd_Cmd
;__Lib_Lcd.c,197 :: 		
0x0196	0x1683      	BSF        STATUS, 5
0x0197	0x1040      	BCF        __Lib_Lcd_cmd_status, BitPos(__Lib_Lcd_cmd_status+0)
;__Lib_Lcd.c,198 :: 		
0x0198	0x01DF      	CLRF       Lcd_Out_i_L0
;__Lib_Lcd.c,199 :: 		
L_Lcd_Out18:
0x0199	0x085F      	MOVF       Lcd_Out_i_L0, 0
0x019A	0x075E      	ADDWF      FARG_Lcd_Out_text, 0
0x019B	0x0084      	MOVWF      FSR
0x019C	0x0800      	MOVF       INDF, 0
0x019D	0x1903      	BTFSC      STATUS, 2
0x019E	0x29A7      	GOTO       L_Lcd_Out19
;__Lib_Lcd.c,200 :: 		
0x019F	0x085F      	MOVF       Lcd_Out_i_L0, 0
0x01A0	0x075E      	ADDWF      FARG_Lcd_Out_text, 0
0x01A1	0x0084      	MOVWF      FSR
0x01A2	0x0800      	MOVF       INDF, 0
0x01A3	0x00E0      	MOVWF      FARG_Lcd_Chr_CP_out_char
0x01A4	0x208E      	CALL       _Lcd_Chr_CP
0x01A5	0x0ADF      	INCF       Lcd_Out_i_L0, 1
0x01A6	0x2999      	GOTO       L_Lcd_Out18
L_Lcd_Out19:
;__Lib_Lcd.c,201 :: 		
0x01A7	0x1440      	BSF        __Lib_Lcd_cmd_status, BitPos(__Lib_Lcd_cmd_status+0)
;__Lib_Lcd.c,202 :: 		
L_end_Lcd_Out:
0x01A8	0x0008      	RETURN
; end of _Lcd_Out
_Keypad_Init:
;__Lib_Keypad4x4.c,34 :: 		
;__Lib_Keypad4x4.c,35 :: 		
0x01A9	0x3080      	MOVLW      128
0x01AA	0x1283      	BCF        STATUS, 5
0x01AB	0x1303      	BCF        STATUS, 6
0x01AC	0x00F0      	MOVWF      R0
0x01AD	0x0870      	MOVF       R0, 0
0x01AE	0x3E08      	ADDLW      keypadPort
0x01AF	0x0084      	MOVWF      FSR
0x01B0	0x30FF      	MOVLW      255
0x01B1	0x0080      	MOVWF      INDF
;__Lib_Keypad4x4.c,36 :: 		
L_end_Keypad_Init:
0x01B2	0x0008      	RETURN
; end of _Keypad_Init
___CC2DW:
;__Lib_System.c,134 :: 		
;__Lib_System.c,137 :: 		
_CC2D_Loop1:
;__Lib_System.c,139 :: 		
0x01B3	0x2087      	CALL       _____DoICP
0x01B4	0x118A      	BCF        PCLATH, 3
0x01B5	0x120A      	BCF        PCLATH, 4
;__Lib_System.c,141 :: 		
0x01B6	0x0080      	MOVWF      INDF
;__Lib_System.c,142 :: 		
0x01B7	0x0A84      	INCF       FSR, 1
;__Lib_System.c,143 :: 		
0x01B8	0x0ABE      	INCF       ___DoICPAddr, 1
;__Lib_System.c,145 :: 		
0x01B9	0x1903      	BTFSC      STATUS, 2
;__Lib_System.c,146 :: 		
0x01BA	0x0ABF      	INCF       ___DoICPAddr+1, 1
;__Lib_System.c,147 :: 		
0x01BB	0x03F0      	DECF       R0, 1
;__Lib_System.c,149 :: 		
0x01BC	0x1D03      	BTFSS      STATUS, 2
;__Lib_System.c,150 :: 		
0x01BD	0x29B3      	GOTO       _CC2D_Loop1
;__Lib_System.c,152 :: 		
L_end___CC2DW:
0x01BE	0x0008      	RETURN
; end of ___CC2DW
_Lcd_Init:
;__Lib_Lcd.c,84 :: 		
;__Lib_Lcd.c,86 :: 		
0x01BF	0x1683      	BSF        STATUS, 5
0x01C0	0x1303      	BCF        STATUS, 6
0x01C1	0x1286      	BCF        LCD_EN_Direction, BitPos(LCD_EN_Direction+0)
;__Lib_Lcd.c,87 :: 		
0x01C2	0x1206      	BCF        LCD_RS_Direction, BitPos(LCD_RS_Direction+0)
;__Lib_Lcd.c,88 :: 		
0x01C3	0x1006      	BCF        LCD_D4_Direction, BitPos(LCD_D4_Direction+0)
;__Lib_Lcd.c,89 :: 		
0x01C4	0x1086      	BCF        LCD_D5_Direction, BitPos(LCD_D5_Direction+0)
;__Lib_Lcd.c,90 :: 		
0x01C5	0x1106      	BCF        LCD_D6_Direction, BitPos(LCD_D6_Direction+0)
;__Lib_Lcd.c,91 :: 		
0x01C6	0x1186      	BCF        LCD_D7_Direction, BitPos(LCD_D7_Direction+0)
;__Lib_Lcd.c,93 :: 		
0x01C7	0x1283      	BCF        STATUS, 5
0x01C8	0x1286      	BCF        LCD_EN, BitPos(LCD_EN+0)
;__Lib_Lcd.c,94 :: 		
0x01C9	0x1206      	BCF        LCD_RS, BitPos(LCD_RS+0)
;__Lib_Lcd.c,95 :: 		
0x01CA	0x1186      	BCF        LCD_D7, BitPos(LCD_D7+0)
;__Lib_Lcd.c,96 :: 		
0x01CB	0x1106      	BCF        LCD_D6, BitPos(LCD_D6+0)
;__Lib_Lcd.c,97 :: 		
0x01CC	0x1086      	BCF        LCD_D5, BitPos(LCD_D5+0)
;__Lib_Lcd.c,98 :: 		
0x01CD	0x1006      	BCF        LCD_D4, BitPos(LCD_D4+0)
;__Lib_Lcd.c,100 :: 		
0x01CE	0x2009      	CALL       _Delay_5500us
;__Lib_Lcd.c,101 :: 		
0x01CF	0x2009      	CALL       _Delay_5500us
;__Lib_Lcd.c,102 :: 		
0x01D0	0x2009      	CALL       _Delay_5500us
;__Lib_Lcd.c,105 :: 		
0x01D1	0x1486      	BSF        LCD_D5, BitPos(LCD_D5+0)
;__Lib_Lcd.c,106 :: 		
0x01D2	0x1406      	BSF        LCD_D4, BitPos(LCD_D4+0)
;__Lib_Lcd.c,107 :: 		
0x01D3	0x1686      	BSF        LCD_EN, BitPos(LCD_EN+0)
;__Lib_Lcd.c,108 :: 		
0x01D4	0x2003      	CALL       _Delay_1us
;__Lib_Lcd.c,109 :: 		
0x01D5	0x1286      	BCF        LCD_EN, BitPos(LCD_EN+0)
;__Lib_Lcd.c,110 :: 		
0x01D6	0x2009      	CALL       _Delay_5500us
;__Lib_Lcd.c,112 :: 		
0x01D7	0x1686      	BSF        LCD_EN, BitPos(LCD_EN+0)
;__Lib_Lcd.c,113 :: 		
0x01D8	0x2003      	CALL       _Delay_1us
;__Lib_Lcd.c,114 :: 		
0x01D9	0x1286      	BCF        LCD_EN, BitPos(LCD_EN+0)
;__Lib_Lcd.c,115 :: 		
0x01DA	0x2009      	CALL       _Delay_5500us
;__Lib_Lcd.c,117 :: 		
0x01DB	0x1686      	BSF        LCD_EN, BitPos(LCD_EN+0)
;__Lib_Lcd.c,118 :: 		
0x01DC	0x2003      	CALL       _Delay_1us
;__Lib_Lcd.c,119 :: 		
0x01DD	0x1286      	BCF        LCD_EN, BitPos(LCD_EN+0)
;__Lib_Lcd.c,120 :: 		
0x01DE	0x2009      	CALL       _Delay_5500us
;__Lib_Lcd.c,123 :: 		
0x01DF	0x1006      	BCF        LCD_D4, BitPos(LCD_D4+0)
;__Lib_Lcd.c,124 :: 		
0x01E0	0x1686      	BSF        LCD_EN, BitPos(LCD_EN+0)
;__Lib_Lcd.c,125 :: 		
0x01E1	0x2003      	CALL       _Delay_1us
;__Lib_Lcd.c,126 :: 		
0x01E2	0x1286      	BCF        LCD_EN, BitPos(LCD_EN+0)
;__Lib_Lcd.c,127 :: 		
0x01E3	0x2009      	CALL       _Delay_5500us
;__Lib_Lcd.c,130 :: 		
0x01E4	0x1686      	BSF        LCD_EN, BitPos(LCD_EN+0)
;__Lib_Lcd.c,131 :: 		
0x01E5	0x2003      	CALL       _Delay_1us
;__Lib_Lcd.c,132 :: 		
0x01E6	0x1286      	BCF        LCD_EN, BitPos(LCD_EN+0)
;__Lib_Lcd.c,134 :: 		
0x01E7	0x1086      	BCF        LCD_D5, BitPos(LCD_D5+0)
;__Lib_Lcd.c,135 :: 		
0x01E8	0x1586      	BSF        LCD_D7, BitPos(LCD_D7+0)
;__Lib_Lcd.c,136 :: 		
0x01E9	0x1686      	BSF        LCD_EN, BitPos(LCD_EN+0)
;__Lib_Lcd.c,137 :: 		
0x01EA	0x2003      	CALL       _Delay_1us
;__Lib_Lcd.c,138 :: 		
0x01EB	0x1286      	BCF        LCD_EN, BitPos(LCD_EN+0)
;__Lib_Lcd.c,139 :: 		
0x01EC	0x2009      	CALL       _Delay_5500us
;__Lib_Lcd.c,142 :: 		
0x01ED	0x1186      	BCF        LCD_D7, BitPos(LCD_D7+0)
;__Lib_Lcd.c,143 :: 		
0x01EE	0x1406      	BSF        LCD_D4, BitPos(LCD_D4+0)
;__Lib_Lcd.c,144 :: 		
0x01EF	0x1686      	BSF        LCD_EN, BitPos(LCD_EN+0)
;__Lib_Lcd.c,145 :: 		
0x01F0	0x2003      	CALL       _Delay_1us
;__Lib_Lcd.c,146 :: 		
0x01F1	0x1286      	BCF        LCD_EN, BitPos(LCD_EN+0)
;__Lib_Lcd.c,148 :: 		
0x01F2	0x1006      	BCF        LCD_D4, BitPos(LCD_D4+0)
;__Lib_Lcd.c,149 :: 		
0x01F3	0x1686      	BSF        LCD_EN, BitPos(LCD_EN+0)
;__Lib_Lcd.c,150 :: 		
0x01F4	0x2003      	CALL       _Delay_1us
;__Lib_Lcd.c,151 :: 		
0x01F5	0x1286      	BCF        LCD_EN, BitPos(LCD_EN+0)
;__Lib_Lcd.c,152 :: 		
0x01F6	0x2009      	CALL       _Delay_5500us
;__Lib_Lcd.c,155 :: 		
0x01F7	0x1686      	BSF        LCD_EN, BitPos(LCD_EN+0)
;__Lib_Lcd.c,156 :: 		
0x01F8	0x2003      	CALL       _Delay_1us
;__Lib_Lcd.c,157 :: 		
0x01F9	0x1286      	BCF        LCD_EN, BitPos(LCD_EN+0)
;__Lib_Lcd.c,159 :: 		
0x01FA	0x1406      	BSF        LCD_D4, BitPos(LCD_D4+0)
;__Lib_Lcd.c,160 :: 		
0x01FB	0x1686      	BSF        LCD_EN, BitPos(LCD_EN+0)
;__Lib_Lcd.c,161 :: 		
0x01FC	0x2003      	CALL       _Delay_1us
;__Lib_Lcd.c,162 :: 		
0x01FD	0x1286      	BCF        LCD_EN, BitPos(LCD_EN+0)
;__Lib_Lcd.c,163 :: 		
0x01FE	0x2009      	CALL       _Delay_5500us
;__Lib_Lcd.c,166 :: 		
0x01FF	0x1006      	BCF        LCD_D4, BitPos(LCD_D4+0)
;__Lib_Lcd.c,167 :: 		
0x0200	0x1686      	BSF        LCD_EN, BitPos(LCD_EN+0)
;__Lib_Lcd.c,168 :: 		
0x0201	0x2003      	CALL       _Delay_1us
;__Lib_Lcd.c,169 :: 		
0x0202	0x1286      	BCF        LCD_EN, BitPos(LCD_EN+0)
;__Lib_Lcd.c,171 :: 		
0x0203	0x1586      	BSF        LCD_D7, BitPos(LCD_D7+0)
;__Lib_Lcd.c,172 :: 		
0x0204	0x1506      	BSF        LCD_D6, BitPos(LCD_D6+0)
;__Lib_Lcd.c,173 :: 		
0x0205	0x1486      	BSF        LCD_D5, BitPos(LCD_D5+0)
;__Lib_Lcd.c,174 :: 		
0x0206	0x1406      	BSF        LCD_D4, BitPos(LCD_D4+0)
;__Lib_Lcd.c,175 :: 		
0x0207	0x1686      	BSF        LCD_EN, BitPos(LCD_EN+0)
;__Lib_Lcd.c,176 :: 		
0x0208	0x2003      	CALL       _Delay_1us
;__Lib_Lcd.c,177 :: 		
0x0209	0x1286      	BCF        LCD_EN, BitPos(LCD_EN+0)
;__Lib_Lcd.c,179 :: 		
0x020A	0x2009      	CALL       _Delay_5500us
;__Lib_Lcd.c,181 :: 		
0x020B	0x1683      	BSF        STATUS, 5
0x020C	0x1440      	BSF        __Lib_Lcd_cmd_status, BitPos(__Lib_Lcd_cmd_status+0)
;__Lib_Lcd.c,182 :: 		
L_end_Lcd_Init:
0x020D	0x0008      	RETURN
; end of _Lcd_Init
_main:
0x020E	0x23BA      	CALL       954
;highlowgame.c,31 :: 		void main() {
;highlowgame.c,32 :: 		unsigned char keytab[]={0,1,2,3,0,4,5,6,0,7,8,9,0,'*',0,'#'};
0x020F	0x1683      	BSF        STATUS, 5
0x0210	0x1303      	BCF        STATUS, 6
0x0211	0x01C8      	CLRF       main_keytab_L0
0x0212	0x3001      	MOVLW      1
0x0213	0x00C9      	MOVWF      main_keytab_L0+1
0x0214	0x3002      	MOVLW      2
0x0215	0x00CA      	MOVWF      main_keytab_L0+2
0x0216	0x3003      	MOVLW      3
0x0217	0x00CB      	MOVWF      main_keytab_L0+3
0x0218	0x01CC      	CLRF       main_keytab_L0+4
0x0219	0x3004      	MOVLW      4
0x021A	0x00CD      	MOVWF      main_keytab_L0+5
0x021B	0x3005      	MOVLW      5
0x021C	0x00CE      	MOVWF      main_keytab_L0+6
0x021D	0x3006      	MOVLW      6
0x021E	0x00CF      	MOVWF      main_keytab_L0+7
0x021F	0x01D0      	CLRF       main_keytab_L0+8
0x0220	0x3007      	MOVLW      7
0x0221	0x00D1      	MOVWF      main_keytab_L0+9
0x0222	0x3008      	MOVLW      8
0x0223	0x00D2      	MOVWF      main_keytab_L0+10
0x0224	0x3009      	MOVLW      9
0x0225	0x00D3      	MOVWF      main_keytab_L0+11
0x0226	0x01D4      	CLRF       main_keytab_L0+12
0x0227	0x302A      	MOVLW      42
0x0228	0x00D5      	MOVWF      main_keytab_L0+13
0x0229	0x01D6      	CLRF       main_keytab_L0+14
0x022A	0x3023      	MOVLW      35
0x022B	0x00D7      	MOVWF      main_keytab_L0+15
0x022C	0x01D8      	CLRF       main_player_L0
0x022D	0x01D9      	CLRF       main_player_L0+1
0x022E	0x01DA      	CLRF       main_player_L0+2
0x022F	0x01DB      	CLRF       main_player_L0+3
;highlowgame.c,37 :: 		ADCON1=0x0E;      //configuração de portas como digitais - AN0 é analógica
0x0230	0x300E      	MOVLW      14
0x0231	0x009F      	MOVWF      ADCON1
;highlowgame.c,38 :: 		Keypad_Init();    // inicializa o keypad
0x0232	0x21A9      	CALL       _Keypad_Init
;highlowgame.c,40 :: 		Lcd_Init(); // LCD é conectado ao PORTB
0x0233	0x21BF      	CALL       _Lcd_Init
;highlowgame.c,41 :: 		Lcd_Cmd(_LCD_CLEAR); // Limpa o lcd
0x0234	0x3001      	MOVLW      1
0x0235	0x00E5      	MOVWF      FARG_Lcd_Cmd_out_char
0x0236	0x201D      	CALL       _Lcd_Cmd
;highlowgame.c,42 :: 		Lcd_Out(1,1,"High/Low Game"); // Escreve na posição 1,1
0x0237	0x3001      	MOVLW      1
0x0238	0x1683      	BSF        STATUS, 5
0x0239	0x00DC      	MOVWF      FARG_Lcd_Out_row
0x023A	0x3001      	MOVLW      1
0x023B	0x00DD      	MOVWF      FARG_Lcd_Out_column
0x023C	0x3020      	MOVLW      ?lstr1_highlowgame
0x023D	0x00DE      	MOVWF      FARG_Lcd_Out_text
0x023E	0x2168      	CALL       _Lcd_Out
;highlowgame.c,43 :: 		Delay_ms(2000);
0x023F	0x3033      	MOVLW      51
0x0240	0x00FB      	MOVWF      R11
0x0241	0x30BB      	MOVLW      187
0x0242	0x00FC      	MOVWF      R12
0x0243	0x30DF      	MOVLW      223
0x0244	0x00FD      	MOVWF      R13
L_main0:
0x0245	0x0BFD      	DECFSZ     R13, 1
0x0246	0x2A45      	GOTO       L_main0
0x0247	0x0BFC      	DECFSZ     R12, 1
0x0248	0x2A45      	GOTO       L_main0
0x0249	0x0BFB      	DECFSZ     R11, 1
0x024A	0x2A45      	GOTO       L_main0
0x024B	0x0000      	NOP
0x024C	0x0000      	NOP
;highlowgame.c,44 :: 		Lcd_Cmd(_LCD_CLEAR); // Limpa o lcd
0x024D	0x3001      	MOVLW      1
0x024E	0x00E5      	MOVWF      FARG_Lcd_Cmd_out_char
0x024F	0x201D      	CALL       _Lcd_Cmd
;highlowgame.c,46 :: 		srand(5);
0x0250	0x3005      	MOVLW      5
0x0251	0x1683      	BSF        STATUS, 5
0x0252	0x00E0      	MOVWF      FARG_srand_x
0x0253	0x3000      	MOVLW      0
0x0254	0x00E1      	MOVWF      FARG_srand_x+1
0x0255	0x207B      	CALL       _srand
;highlowgame.c,47 :: 		Lcd_Out(1,1,"Guess Now..");
0x0256	0x3001      	MOVLW      1
0x0257	0x1683      	BSF        STATUS, 5
0x0258	0x00DC      	MOVWF      FARG_Lcd_Out_row
0x0259	0x3001      	MOVLW      1
0x025A	0x00DD      	MOVWF      FARG_Lcd_Out_column
0x025B	0x3052      	MOVLW      ?lstr2_highlowgame
0x025C	0x00DE      	MOVWF      FARG_Lcd_Out_text
0x025D	0x2168      	CALL       _Lcd_Out
;highlowgame.c,48 :: 		Lcd_Out(2,1,"");
0x025E	0x3002      	MOVLW      2
0x025F	0x00DC      	MOVWF      FARG_Lcd_Out_row
0x0260	0x3001      	MOVLW      1
0x0261	0x00DD      	MOVWF      FARG_Lcd_Out_column
0x0262	0x3051      	MOVLW      ?lstr3_highlowgame
0x0263	0x00DE      	MOVWF      FARG_Lcd_Out_text
0x0264	0x2168      	CALL       _Lcd_Out
;highlowgame.c,49 :: 		aleatorio=rand();
0x0265	0x211D      	CALL       _rand
0x0266	0x0870      	MOVF       R0, 0
0x0267	0x00C5      	MOVWF      main_aleatorio_L0
0x0268	0x0871      	MOVF       R0+1, 0
0x0269	0x00C6      	MOVWF      main_aleatorio_L0+1
;highlowgame.c,51 :: 		for (;;){
L_main1:
;highlowgame.c,53 :: 		while(1){ // Recebe o numero do usuario e imprime na segunda linha do diplay lcd
L_main4:
;highlowgame.c,54 :: 		do
L_main6:
;highlowgame.c,55 :: 		key = Keypad_Key_Click();
0x026A	0x210E      	CALL       _Keypad_Key_Click
0x026B	0x0870      	MOVF       R0, 0
0x026C	0x00C7      	MOVWF      main_key_L0
;highlowgame.c,56 :: 		while(!key);           // enquanto a tecla nao for pressionada
0x026D	0x0870      	MOVF       R0, 0
0x026E	0x1903      	BTFSC      STATUS, 2
0x026F	0x2A6A      	GOTO       L_main6
;highlowgame.c,57 :: 		key=keytab[key];
0x0270	0x0847      	MOVF       main_key_L0, 0
0x0271	0x3EC8      	ADDLW      main_keytab_L0
0x0272	0x0084      	MOVWF      FSR
0x0273	0x0800      	MOVF       INDF, 0
0x0274	0x00F1      	MOVWF      R1
0x0275	0x0871      	MOVF       R1, 0
0x0276	0x00C7      	MOVWF      main_key_L0
;highlowgame.c,58 :: 		if (key=='#') break;
0x0277	0x0871      	MOVF       R1, 0
0x0278	0x3A23      	XORLW      35
0x0279	0x1D03      	BTFSS      STATUS, 2
0x027A	0x2A7C      	GOTO       L_main9
0x027B	0x2AB8      	GOTO       L_main5
L_main9:
;highlowgame.c,59 :: 		if (key!='*'){
0x027C	0x0847      	MOVF       main_key_L0, 0
0x027D	0x3A2A      	XORLW      42
0x027E	0x1903      	BTFSC      STATUS, 2
0x027F	0x2AA6      	GOTO       L_main10
;highlowgame.c,60 :: 		Lcd_Chr_Cp(key+'0');      // escreve na posição do cursor
0x0280	0x3030      	MOVLW      48
0x0281	0x0747      	ADDWF      main_key_L0, 0
0x0282	0x00E0      	MOVWF      FARG_Lcd_Chr_CP_out_char
0x0283	0x208E      	CALL       _Lcd_Chr_CP
;highlowgame.c,61 :: 		player=10*player+key;
0x0284	0x300A      	MOVLW      10
0x0285	0x00F0      	MOVWF      R0
0x0286	0x01F1      	CLRF       R0+1
0x0287	0x01F2      	CLRF       R0+2
0x0288	0x01F3      	CLRF       R0+3
0x0289	0x0858      	MOVF       main_player_L0, 0
0x028A	0x00F4      	MOVWF      R4
0x028B	0x0859      	MOVF       main_player_L0+1, 0
0x028C	0x00F5      	MOVWF      R4+1
0x028D	0x085A      	MOVF       main_player_L0+2, 0
0x028E	0x00F6      	MOVWF      R4+2
0x028F	0x085B      	MOVF       main_player_L0+3, 0
0x0290	0x00F7      	MOVWF      R4+3
0x0291	0x2097      	CALL       _Mul_32x32_U
0x0292	0x1683      	BSF        STATUS, 5
0x0293	0x0847      	MOVF       main_key_L0, 0
0x0294	0x00D8      	MOVWF      main_player_L0
0x0295	0x01D9      	CLRF       main_player_L0+1
0x0296	0x01DA      	CLRF       main_player_L0+2
0x0297	0x01DB      	CLRF       main_player_L0+3
0x0298	0x0870      	MOVF       R0, 0
0x0299	0x07D8      	ADDWF      main_player_L0, 1
0x029A	0x0871      	MOVF       R0+1, 0
0x029B	0x1803      	BTFSC      STATUS, 0
0x029C	0x0F71      	INCFSZ     R0+1, 0
0x029D	0x07D9      	ADDWF      main_player_L0+1, 1
0x029E	0x0872      	MOVF       R0+2, 0
0x029F	0x1803      	BTFSC      STATUS, 0
0x02A0	0x0F72      	INCFSZ     R0+2, 0
0x02A1	0x07DA      	ADDWF      main_player_L0+2, 1
0x02A2	0x0873      	MOVF       R0+3, 0
0x02A3	0x1803      	BTFSC      STATUS, 0
0x02A4	0x0F73      	INCFSZ     R0+3, 0
0x02A5	0x07DB      	ADDWF      main_player_L0+3, 1
;highlowgame.c,62 :: 		}
L_main10:
;highlowgame.c,63 :: 		if (player>32767) break;
0x02A6	0x085B      	MOVF       main_player_L0+3, 0
0x02A7	0x3C00      	SUBLW      0
0x02A8	0x1D03      	BTFSS      STATUS, 2
0x02A9	0x2AB4      	GOTO       L__main21
0x02AA	0x085A      	MOVF       main_player_L0+2, 0
0x02AB	0x3C00      	SUBLW      0
0x02AC	0x1D03      	BTFSS      STATUS, 2
0x02AD	0x2AB4      	GOTO       L__main21
0x02AE	0x0859      	MOVF       main_player_L0+1, 0
0x02AF	0x3C7F      	SUBLW      127
0x02B0	0x1D03      	BTFSS      STATUS, 2
0x02B1	0x2AB4      	GOTO       L__main21
0x02B2	0x0858      	MOVF       main_player_L0, 0
0x02B3	0x3CFF      	SUBLW      255
L__main21:
0x02B4	0x1803      	BTFSC      STATUS, 0
0x02B5	0x2AB7      	GOTO       L_main11
0x02B6	0x2AB8      	GOTO       L_main5
L_main11:
;highlowgame.c,64 :: 		}
0x02B7	0x2A6A      	GOTO       L_main4
L_main5:
;highlowgame.c,65 :: 		Lcd_out(2,1,"                "); // Limpa a segunda linha do display lcd
0x02B8	0x3002      	MOVLW      2
0x02B9	0x00DC      	MOVWF      FARG_Lcd_Out_row
0x02BA	0x3001      	MOVLW      1
0x02BB	0x00DD      	MOVWF      FARG_Lcd_Out_column
0x02BC	0x305E      	MOVLW      ?lstr4_highlowgame
0x02BD	0x00DE      	MOVWF      FARG_Lcd_Out_text
0x02BE	0x2168      	CALL       _Lcd_Out
;highlowgame.c,67 :: 		if (player==aleatorio){
0x02BF	0x3000      	MOVLW      0
0x02C0	0x00F0      	MOVWF      R0
0x02C1	0x065B      	XORWF      main_player_L0+3, 0
0x02C2	0x1D03      	BTFSS      STATUS, 2
0x02C3	0x2ACE      	GOTO       L__main22
0x02C4	0x0870      	MOVF       R0, 0
0x02C5	0x065A      	XORWF      main_player_L0+2, 0
0x02C6	0x1D03      	BTFSS      STATUS, 2
0x02C7	0x2ACE      	GOTO       L__main22
0x02C8	0x0846      	MOVF       main_aleatorio_L0+1, 0
0x02C9	0x0659      	XORWF      main_player_L0+1, 0
0x02CA	0x1D03      	BTFSS      STATUS, 2
0x02CB	0x2ACE      	GOTO       L__main22
0x02CC	0x0858      	MOVF       main_player_L0, 0
0x02CD	0x0645      	XORWF      main_aleatorio_L0, 0
L__main22:
0x02CE	0x1D03      	BTFSS      STATUS, 2
0x02CF	0x2AEA      	GOTO       L_main12
;highlowgame.c,68 :: 		Lcd_out(2,1,"Well Done!!!");
0x02D0	0x3002      	MOVLW      2
0x02D1	0x00DC      	MOVWF      FARG_Lcd_Out_row
0x02D2	0x3001      	MOVLW      1
0x02D3	0x00DD      	MOVWF      FARG_Lcd_Out_column
0x02D4	0x30B1      	MOVLW      ?lstr5_highlowgame
0x02D5	0x00DE      	MOVWF      FARG_Lcd_Out_text
0x02D6	0x2168      	CALL       _Lcd_Out
;highlowgame.c,69 :: 		Delay_ms(1000);
0x02D7	0x301A      	MOVLW      26
0x02D8	0x00FB      	MOVWF      R11
0x02D9	0x305E      	MOVLW      94
0x02DA	0x00FC      	MOVWF      R12
0x02DB	0x306E      	MOVLW      110
0x02DC	0x00FD      	MOVWF      R13
L_main13:
0x02DD	0x0BFD      	DECFSZ     R13, 1
0x02DE	0x2ADD      	GOTO       L_main13
0x02DF	0x0BFC      	DECFSZ     R12, 1
0x02E0	0x2ADD      	GOTO       L_main13
0x02E1	0x0BFB      	DECFSZ     R11, 1
0x02E2	0x2ADD      	GOTO       L_main13
0x02E3	0x0000      	NOP
;highlowgame.c,70 :: 		aleatorio=rand();
0x02E4	0x211D      	CALL       _rand
0x02E5	0x0870      	MOVF       R0, 0
0x02E6	0x00C5      	MOVWF      main_aleatorio_L0
0x02E7	0x0871      	MOVF       R0+1, 0
0x02E8	0x00C6      	MOVWF      main_aleatorio_L0+1
;highlowgame.c,71 :: 		}
0x02E9	0x2B33      	GOTO       L_main14
L_main12:
;highlowgame.c,72 :: 		else if (player>aleatorio){
0x02EA	0x085B      	MOVF       main_player_L0+3, 0
0x02EB	0x3C00      	SUBLW      0
0x02EC	0x1D03      	BTFSS      STATUS, 2
0x02ED	0x2AF8      	GOTO       L__main23
0x02EE	0x085A      	MOVF       main_player_L0+2, 0
0x02EF	0x3C00      	SUBLW      0
0x02F0	0x1D03      	BTFSS      STATUS, 2
0x02F1	0x2AF8      	GOTO       L__main23
0x02F2	0x0859      	MOVF       main_player_L0+1, 0
0x02F3	0x0246      	SUBWF      main_aleatorio_L0+1, 0
0x02F4	0x1D03      	BTFSS      STATUS, 2
0x02F5	0x2AF8      	GOTO       L__main23
0x02F6	0x0858      	MOVF       main_player_L0, 0
0x02F7	0x0245      	SUBWF      main_aleatorio_L0, 0
L__main23:
0x02F8	0x1803      	BTFSC      STATUS, 0
0x02F9	0x2B0F      	GOTO       L_main15
;highlowgame.c,73 :: 		Lcd_out(2,1,"HIGH - Try Again");
0x02FA	0x3002      	MOVLW      2
0x02FB	0x00DC      	MOVWF      FARG_Lcd_Out_row
0x02FC	0x3001      	MOVLW      1
0x02FD	0x00DD      	MOVWF      FARG_Lcd_Out_column
0x02FE	0x30A0      	MOVLW      ?lstr6_highlowgame
0x02FF	0x00DE      	MOVWF      FARG_Lcd_Out_text
0x0300	0x2168      	CALL       _Lcd_Out
;highlowgame.c,74 :: 		Delay_ms(1000);
0x0301	0x301A      	MOVLW      26
0x0302	0x00FB      	MOVWF      R11
0x0303	0x305E      	MOVLW      94
0x0304	0x00FC      	MOVWF      R12
0x0305	0x306E      	MOVLW      110
0x0306	0x00FD      	MOVWF      R13
L_main16:
0x0307	0x0BFD      	DECFSZ     R13, 1
0x0308	0x2B07      	GOTO       L_main16
0x0309	0x0BFC      	DECFSZ     R12, 1
0x030A	0x2B07      	GOTO       L_main16
0x030B	0x0BFB      	DECFSZ     R11, 1
0x030C	0x2B07      	GOTO       L_main16
0x030D	0x0000      	NOP
;highlowgame.c,75 :: 		}
0x030E	0x2B33      	GOTO       L_main17
L_main15:
;highlowgame.c,76 :: 		else if (player<aleatorio){
0x030F	0x3000      	MOVLW      0
0x0310	0x025B      	SUBWF      main_player_L0+3, 0
0x0311	0x1D03      	BTFSS      STATUS, 2
0x0312	0x2B1D      	GOTO       L__main24
0x0313	0x3000      	MOVLW      0
0x0314	0x025A      	SUBWF      main_player_L0+2, 0
0x0315	0x1D03      	BTFSS      STATUS, 2
0x0316	0x2B1D      	GOTO       L__main24
0x0317	0x0846      	MOVF       main_aleatorio_L0+1, 0
0x0318	0x0259      	SUBWF      main_player_L0+1, 0
0x0319	0x1D03      	BTFSS      STATUS, 2
0x031A	0x2B1D      	GOTO       L__main24
0x031B	0x0845      	MOVF       main_aleatorio_L0, 0
0x031C	0x0258      	SUBWF      main_player_L0, 0
L__main24:
0x031D	0x1803      	BTFSC      STATUS, 0
0x031E	0x2B33      	GOTO       L_main18
;highlowgame.c,77 :: 		Lcd_out(2,1,"LOW - Try Again!");
0x031F	0x3002      	MOVLW      2
0x0320	0x00DC      	MOVWF      FARG_Lcd_Out_row
0x0321	0x3001      	MOVLW      1
0x0322	0x00DD      	MOVWF      FARG_Lcd_Out_column
0x0323	0x3040      	MOVLW      ?lstr7_highlowgame
0x0324	0x00DE      	MOVWF      FARG_Lcd_Out_text
0x0325	0x2168      	CALL       _Lcd_Out
;highlowgame.c,78 :: 		Delay_ms(1000);
0x0326	0x301A      	MOVLW      26
0x0327	0x00FB      	MOVWF      R11
0x0328	0x305E      	MOVLW      94
0x0329	0x00FC      	MOVWF      R12
0x032A	0x306E      	MOVLW      110
0x032B	0x00FD      	MOVWF      R13
L_main19:
0x032C	0x0BFD      	DECFSZ     R13, 1
0x032D	0x2B2C      	GOTO       L_main19
0x032E	0x0BFC      	DECFSZ     R12, 1
0x032F	0x2B2C      	GOTO       L_main19
0x0330	0x0BFB      	DECFSZ     R11, 1
0x0331	0x2B2C      	GOTO       L_main19
0x0332	0x0000      	NOP
;highlowgame.c,79 :: 		}
L_main18:
L_main17:
L_main14:
;highlowgame.c,80 :: 		Lcd_out(2,1,"                ");
0x0333	0x3002      	MOVLW      2
0x0334	0x00DC      	MOVWF      FARG_Lcd_Out_row
0x0335	0x3001      	MOVLW      1
0x0336	0x00DD      	MOVWF      FARG_Lcd_Out_column
0x0337	0x302F      	MOVLW      ?lstr8_highlowgame
0x0338	0x00DE      	MOVWF      FARG_Lcd_Out_text
0x0339	0x2168      	CALL       _Lcd_Out
;highlowgame.c,81 :: 		Lcd_out(2,1,"");
0x033A	0x3002      	MOVLW      2
0x033B	0x00DC      	MOVWF      FARG_Lcd_Out_row
0x033C	0x3001      	MOVLW      1
0x033D	0x00DD      	MOVWF      FARG_Lcd_Out_column
0x033E	0x302E      	MOVLW      ?lstr9_highlowgame
0x033F	0x00DE      	MOVWF      FARG_Lcd_Out_text
0x0340	0x2168      	CALL       _Lcd_Out
;highlowgame.c,82 :: 		player=0;
0x0341	0x01D8      	CLRF       main_player_L0
0x0342	0x01D9      	CLRF       main_player_L0+1
0x0343	0x01DA      	CLRF       main_player_L0+2
0x0344	0x01DB      	CLRF       main_player_L0+3
;highlowgame.c,83 :: 		}
0x0345	0x2A6A      	GOTO       L_main1
;highlowgame.c,84 :: 		}
L_end_main:
0x0346	0x2B46      	GOTO       $+0
; end of _main
0x03BA	0x3020      	MOVLW      32
0x03BB	0x0084      	MOVWF      FSR
0x03BC	0x304F      	MOVLW      79
0x03BD	0x1283      	BCF        STATUS, 5
0x03BE	0x1303      	BCF        STATUS, 6
0x03BF	0x00F0      	MOVWF      R0
0x03C0	0x304C      	MOVLW      76
0x03C1	0x1683      	BSF        STATUS, 5
0x03C2	0x00BE      	MOVWF      ___DoICPAddr
0x03C3	0x3003      	MOVLW      3
0x03C4	0x00BF      	MOVWF      191
0x03C5	0x21B3      	CALL       435
0x03C6	0x30A0      	MOVLW      160
0x03C7	0x0084      	MOVWF      FSR
0x03C8	0x301E      	MOVLW      30
0x03C9	0x1283      	BCF        STATUS, 5
0x03CA	0x1303      	BCF        STATUS, 6
0x03CB	0x00F0      	MOVWF      R0
0x03CC	0x309B      	MOVLW      155
0x03CD	0x1683      	BSF        STATUS, 5
0x03CE	0x00BE      	MOVWF      ___DoICPAddr
0x03CF	0x3003      	MOVLW      3
0x03D0	0x00BF      	MOVWF      191
0x03D1	0x21B3      	CALL       435
0x03D2	0x0008      	RETURN
;highlowgame.c,0 :: ?ICS?lstr1_highlowgame
0x034C	0x3448 ;?ICS?lstr1_highlowgame+0
0x034D	0x3469 ;?ICS?lstr1_highlowgame+1
0x034E	0x3467 ;?ICS?lstr1_highlowgame+2
0x034F	0x3468 ;?ICS?lstr1_highlowgame+3
0x0350	0x342F ;?ICS?lstr1_highlowgame+4
0x0351	0x344C ;?ICS?lstr1_highlowgame+5
0x0352	0x346F ;?ICS?lstr1_highlowgame+6
0x0353	0x3477 ;?ICS?lstr1_highlowgame+7
0x0354	0x3420 ;?ICS?lstr1_highlowgame+8
0x0355	0x3447 ;?ICS?lstr1_highlowgame+9
0x0356	0x3461 ;?ICS?lstr1_highlowgame+10
0x0357	0x346D ;?ICS?lstr1_highlowgame+11
0x0358	0x3465 ;?ICS?lstr1_highlowgame+12
0x0359	0x3400 ;?ICS?lstr1_highlowgame+13
; end of ?ICS?lstr1_highlowgame
;highlowgame.c,0 :: ?ICS?lstr9_highlowgame
0x035A	0x3400 ;?ICS?lstr9_highlowgame+0
; end of ?ICS?lstr9_highlowgame
;highlowgame.c,0 :: ?ICS?lstr8_highlowgame
0x035B	0x3420 ;?ICS?lstr8_highlowgame+0
0x035C	0x3420 ;?ICS?lstr8_highlowgame+1
0x035D	0x3420 ;?ICS?lstr8_highlowgame+2
0x035E	0x3420 ;?ICS?lstr8_highlowgame+3
0x035F	0x3420 ;?ICS?lstr8_highlowgame+4
0x0360	0x3420 ;?ICS?lstr8_highlowgame+5
0x0361	0x3420 ;?ICS?lstr8_highlowgame+6
0x0362	0x3420 ;?ICS?lstr8_highlowgame+7
0x0363	0x3420 ;?ICS?lstr8_highlowgame+8
0x0364	0x3420 ;?ICS?lstr8_highlowgame+9
0x0365	0x3420 ;?ICS?lstr8_highlowgame+10
0x0366	0x3420 ;?ICS?lstr8_highlowgame+11
0x0367	0x3420 ;?ICS?lstr8_highlowgame+12
0x0368	0x3420 ;?ICS?lstr8_highlowgame+13
0x0369	0x3420 ;?ICS?lstr8_highlowgame+14
0x036A	0x3420 ;?ICS?lstr8_highlowgame+15
0x036B	0x3400 ;?ICS?lstr8_highlowgame+16
; end of ?ICS?lstr8_highlowgame
;highlowgame.c,0 :: ?ICS?lstr7_highlowgame
0x036C	0x344C ;?ICS?lstr7_highlowgame+0
0x036D	0x344F ;?ICS?lstr7_highlowgame+1
0x036E	0x3457 ;?ICS?lstr7_highlowgame+2
0x036F	0x3420 ;?ICS?lstr7_highlowgame+3
0x0370	0x342D ;?ICS?lstr7_highlowgame+4
0x0371	0x3420 ;?ICS?lstr7_highlowgame+5
0x0372	0x3454 ;?ICS?lstr7_highlowgame+6
0x0373	0x3472 ;?ICS?lstr7_highlowgame+7
0x0374	0x3479 ;?ICS?lstr7_highlowgame+8
0x0375	0x3420 ;?ICS?lstr7_highlowgame+9
0x0376	0x3441 ;?ICS?lstr7_highlowgame+10
0x0377	0x3467 ;?ICS?lstr7_highlowgame+11
0x0378	0x3461 ;?ICS?lstr7_highlowgame+12
0x0379	0x3469 ;?ICS?lstr7_highlowgame+13
0x037A	0x346E ;?ICS?lstr7_highlowgame+14
0x037B	0x3421 ;?ICS?lstr7_highlowgame+15
0x037C	0x3400 ;?ICS?lstr7_highlowgame+16
; end of ?ICS?lstr7_highlowgame
;highlowgame.c,0 :: ?ICS?lstr3_highlowgame
0x037D	0x3400 ;?ICS?lstr3_highlowgame+0
; end of ?ICS?lstr3_highlowgame
;highlowgame.c,0 :: ?ICS?lstr2_highlowgame
0x037E	0x3447 ;?ICS?lstr2_highlowgame+0
0x037F	0x3475 ;?ICS?lstr2_highlowgame+1
0x0380	0x3465 ;?ICS?lstr2_highlowgame+2
0x0381	0x3473 ;?ICS?lstr2_highlowgame+3
0x0382	0x3473 ;?ICS?lstr2_highlowgame+4
0x0383	0x3420 ;?ICS?lstr2_highlowgame+5
0x0384	0x344E ;?ICS?lstr2_highlowgame+6
0x0385	0x346F ;?ICS?lstr2_highlowgame+7
0x0386	0x3477 ;?ICS?lstr2_highlowgame+8
0x0387	0x342E ;?ICS?lstr2_highlowgame+9
0x0388	0x342E ;?ICS?lstr2_highlowgame+10
0x0389	0x3400 ;?ICS?lstr2_highlowgame+11
; end of ?ICS?lstr2_highlowgame
;highlowgame.c,0 :: ?ICS?lstr4_highlowgame
0x038A	0x3420 ;?ICS?lstr4_highlowgame+0
0x038B	0x3420 ;?ICS?lstr4_highlowgame+1
0x038C	0x3420 ;?ICS?lstr4_highlowgame+2
0x038D	0x3420 ;?ICS?lstr4_highlowgame+3
0x038E	0x3420 ;?ICS?lstr4_highlowgame+4
0x038F	0x3420 ;?ICS?lstr4_highlowgame+5
0x0390	0x3420 ;?ICS?lstr4_highlowgame+6
0x0391	0x3420 ;?ICS?lstr4_highlowgame+7
0x0392	0x3420 ;?ICS?lstr4_highlowgame+8
0x0393	0x3420 ;?ICS?lstr4_highlowgame+9
0x0394	0x3420 ;?ICS?lstr4_highlowgame+10
0x0395	0x3420 ;?ICS?lstr4_highlowgame+11
0x0396	0x3420 ;?ICS?lstr4_highlowgame+12
0x0397	0x3420 ;?ICS?lstr4_highlowgame+13
0x0398	0x3420 ;?ICS?lstr4_highlowgame+14
0x0399	0x3420 ;?ICS?lstr4_highlowgame+15
0x039A	0x3400 ;?ICS?lstr4_highlowgame+16
; end of ?ICS?lstr4_highlowgame
;highlowgame.c,0 :: ?ICS?lstr6_highlowgame
0x039B	0x3448 ;?ICS?lstr6_highlowgame+0
0x039C	0x3449 ;?ICS?lstr6_highlowgame+1
0x039D	0x3447 ;?ICS?lstr6_highlowgame+2
0x039E	0x3448 ;?ICS?lstr6_highlowgame+3
0x039F	0x3420 ;?ICS?lstr6_highlowgame+4
0x03A0	0x342D ;?ICS?lstr6_highlowgame+5
0x03A1	0x3420 ;?ICS?lstr6_highlowgame+6
0x03A2	0x3454 ;?ICS?lstr6_highlowgame+7
0x03A3	0x3472 ;?ICS?lstr6_highlowgame+8
0x03A4	0x3479 ;?ICS?lstr6_highlowgame+9
0x03A5	0x3420 ;?ICS?lstr6_highlowgame+10
0x03A6	0x3441 ;?ICS?lstr6_highlowgame+11
0x03A7	0x3467 ;?ICS?lstr6_highlowgame+12
0x03A8	0x3461 ;?ICS?lstr6_highlowgame+13
0x03A9	0x3469 ;?ICS?lstr6_highlowgame+14
0x03AA	0x346E ;?ICS?lstr6_highlowgame+15
0x03AB	0x3400 ;?ICS?lstr6_highlowgame+16
; end of ?ICS?lstr6_highlowgame
;highlowgame.c,0 :: ?ICS?lstr5_highlowgame
0x03AC	0x3457 ;?ICS?lstr5_highlowgame+0
0x03AD	0x3465 ;?ICS?lstr5_highlowgame+1
0x03AE	0x346C ;?ICS?lstr5_highlowgame+2
0x03AF	0x346C ;?ICS?lstr5_highlowgame+3
0x03B0	0x3420 ;?ICS?lstr5_highlowgame+4
0x03B1	0x3444 ;?ICS?lstr5_highlowgame+5
0x03B2	0x346F ;?ICS?lstr5_highlowgame+6
0x03B3	0x346E ;?ICS?lstr5_highlowgame+7
0x03B4	0x3465 ;?ICS?lstr5_highlowgame+8
0x03B5	0x3421 ;?ICS?lstr5_highlowgame+9
0x03B6	0x3421 ;?ICS?lstr5_highlowgame+10
0x03B7	0x3421 ;?ICS?lstr5_highlowgame+11
0x03B8	0x3400 ;?ICS?lstr5_highlowgame+12
; end of ?ICS?lstr5_highlowgame
Symbol List:
//** Routines locations **
//ADDRESS    SIZE    PROCEDURE
//----------------------------------------------
0x0003       [6]    _Delay_1us
0x0009      [13]    _Delay_5500us
0x0016       [7]    _Delay_50us
0x001D      [94]    _Lcd_Cmd
0x007B      [12]    _srand
0x0087       [7]    _____DoICP
0x008E       [9]    _Lcd_Chr_CP
0x0097      [55]    _Mul_32x32_U
0x00CE       [8]    _Delay_10us
0x00D6      [56]    _Keypad_Key_Press
0x010E      [15]    _Keypad_Key_Click
0x011D      [75]    _rand
0x0168      [65]    _Lcd_Out
0x01A9      [10]    _Keypad_Init
0x01B3      [12]    ___CC2DW
0x01BF      [79]    _Lcd_Init
0x020E     [312]    _main
//** Variables locations ** 
//ADDRESS    SIZE    VARIABLE
//----------------------------------------------
0x0000       [1]    INDF
0x0002       [1]    PCL
0x0003       [1]    STATUS
0x0004       [1]    FSR
0x0006       [0]    RB5_bit
0x0006       [0]    RB4_bit
0x0006       [0]    RB3_bit
0x0006       [0]    RB0_bit
0x0006       [0]    RB1_bit
0x0006       [0]    RB2_bit
0x0006       [0]    LCD_D5
0x0006       [0]    LCD_D6
0x0006       [0]    LCD_D7
0x0006       [0]    LCD_D4
0x0006       [0]    LCD_RS
0x0006       [0]    LCD_EN
0x0008       [1]    PORTD
0x0008       [1]    keypadPort
0x000A       [1]    PCLATH
0x0020      [14]    ?lstr1_highlowgame
0x002E       [1]    ?lstr9_highlowgame
0x002F      [17]    ?lstr8_highlowgame
0x0040      [17]    ?lstr7_highlowgame
0x0051       [1]    ?lstr3_highlowgame
0x0052      [12]    ?lstr2_highlowgame
0x005E      [17]    ?lstr4_highlowgame
0x006F       [1]    __Lib_CStdlib_randf
0x0070       [1]    R0
0x0071       [1]    R1
0x0072       [1]    R2
0x0073       [1]    R3
0x0074       [1]    R4
0x0075       [1]    R5
0x0076       [1]    R6
0x0077       [1]    R7
0x0078       [1]    R8
0x0079       [1]    R9
0x007A       [1]    R10
0x007B       [1]    R11
0x007C       [1]    R12
0x007D       [1]    R13
0x007E       [1]    R14
0x007F       [1]    R15
0x0086       [0]    LCD_D7_Direction
0x0086       [0]    LCD_EN_Direction
0x0086       [0]    LCD_RS_Direction
0x0086       [0]    LCD_D4_Direction
0x0086       [0]    LCD_D5_Direction
0x0086       [0]    LCD_D6_Direction
0x0086       [0]    TRISB0_bit
0x0086       [0]    TRISB3_bit
0x0086       [0]    TRISB5_bit
0x0086       [0]    TRISB4_bit
0x0086       [0]    TRISB1_bit
0x0086       [0]    TRISB2_bit
0x009F       [1]    ADCON1
0x00A0      [17]    ?lstr6_highlowgame
0x00B1      [13]    ?lstr5_highlowgame
0x00BE       [2]    ___DoICPAddr
0x00C0       [0]    __Lib_Lcd_cmd_status
0x00C1       [4]    __Lib_CStdlib_randx
0x00C5       [2]    main_aleatorio_L0
0x00C7       [1]    main_key_L0
0x00C8      [16]    main_keytab_L0
0x00D8       [4]    main_player_L0
0x00DC       [1]    Keypad_Key_Click_rslt_L0
0x00DC       [1]    FARG_Lcd_Out_row
0x00DD       [1]    FARG_Lcd_Out_column
0x00DE       [1]    FARG_Lcd_Out_text
0x00DF       [1]    Lcd_Out_i_L0
0x00E0       [1]    Keypad_Key_Press_rslt_L0
0x00E0       [1]    FARG_Lcd_Chr_CP_out_char
0x00E0       [2]    FARG_srand_x
0x00E1       [1]    Keypad_Key_Press_kdata_L0
0x00E2       [1]    Keypad_Key_Press_loc_L0
0x00E3       [1]    Keypad_Key_Press_rowcnt_L0
0x00E4       [1]    Keypad_Key_Press_shifter_L0
0x00E5       [1]    FARG_Lcd_Cmd_out_char
//** Constants locations ** 
//ADDRESS    SIZE    CONSTANT
//----------------------------------------------
0x034C      [14]    ?ICS?lstr1_highlowgame
0x035A       [1]    ?ICS?lstr9_highlowgame
0x035B      [17]    ?ICS?lstr8_highlowgame
0x036C      [17]    ?ICS?lstr7_highlowgame
0x037D       [1]    ?ICS?lstr3_highlowgame
0x037E      [12]    ?ICS?lstr2_highlowgame
0x038A      [17]    ?ICS?lstr4_highlowgame
0x039B      [17]    ?ICS?lstr6_highlowgame
0x03AC      [13]    ?ICS?lstr5_highlowgame
