;  LST file generated by mikroListExporter - v.2.0 
; Date/Time: 20/12/2020 15:43:35
;----------------------------------------------

;Address Opcode 	ASM
0x0000	0xF000EFFC  	GOTO        504
_interrupt:
;pythonFitaLed.c,65 :: 		void interrupt(void){
;pythonFitaLed.c,66 :: 		if(PIR1.RCIF){
0x0008	0xAA9E      	BTFSS       PIR1, 5 
0x000A	0xD00B      	BRA         L_interrupt15
;pythonFitaLed.c,67 :: 		matriz[indice_matriz] = RCREG;
0x000C	0x0E23      	MOVLW       _matriz
0x000E	0x2415      	ADDWF       _indice_matriz, 0 
0x0010	0x6EE1      	MOVWF       FSR1L 
0x0012	0x0E00      	MOVLW       hi_addr(_matriz)
0x0014	0x2016      	ADDWFC      _indice_matriz+1, 0 
0x0016	0x6EE2      	MOVWF       FSR1H 
0x0018	0xFFE6CFAE  	MOVFF       RCREG, POSTINC1
;pythonFitaLed.c,68 :: 		indice_matriz++;
0x001C	0x4A15      	INFSNZ      _indice_matriz, 1 
0x001E	0x2A16      	INCF        _indice_matriz+1, 1 
;pythonFitaLed.c,69 :: 		TMR0L = 0;
0x0020	0x6AD6      	CLRF        TMR0L 
;pythonFitaLed.c,70 :: 		}
L_interrupt15:
;pythonFitaLed.c,71 :: 		if(INTCON.TMR0IF){
0x0022	0xA4F2      	BTFSS       INTCON, 2 
0x0024	0xD003      	BRA         L_interrupt16
;pythonFitaLed.c,72 :: 		INTCON.TMR0IF = 0;
0x0026	0x94F2      	BCF         INTCON, 2 
;pythonFitaLed.c,73 :: 		indice_matriz = 0;
0x0028	0x6A15      	CLRF        _indice_matriz 
0x002A	0x6A16      	CLRF        _indice_matriz+1 
;pythonFitaLed.c,74 :: 		}
L_interrupt16:
;pythonFitaLed.c,75 :: 		}
L_end_interrupt:
L__interrupt43:
0x002C	0x0011      	RETFIE      1
; end of _interrupt
_ledstrip_write1:
;pythonFitaLed.c,16 :: 		void ledstrip_write1(void){
;pythonFitaLed.c,18 :: 		PORTB.RB2=1; //100ns   1 ciclo de maquina
0x002E	0x8481      	BSF         PORTB, 2 
;pythonFitaLed.c,19 :: 		asm nop      // desperdiça 100ns
0x0030	0x0000      	NOP
;pythonFitaLed.c,20 :: 		asm nop      // desperdiça 100ns
0x0032	0x0000      	NOP
;pythonFitaLed.c,21 :: 		asm nop      // desperdiça 100ns
0x0034	0x0000      	NOP
;pythonFitaLed.c,22 :: 		asm nop      // desperdiça 100ns
0x0036	0x0000      	NOP
;pythonFitaLed.c,23 :: 		PORTB.RB2=0; //100ns
0x0038	0x9481      	BCF         PORTB, 2 
;pythonFitaLed.c,25 :: 		}
L_end_ledstrip_write1:
0x003A	0x0012      	RETURN      0
; end of _ledstrip_write1
_ledstrip_write0:
;pythonFitaLed.c,8 :: 		void ledstrip_write0(void){
;pythonFitaLed.c,10 :: 		PORTB.RB2=1; //100ns   1 ciclo de maquina
0x003C	0x8481      	BSF         PORTB, 2 
;pythonFitaLed.c,11 :: 		asm nop      // desperdiça 100ns
0x003E	0x0000      	NOP
;pythonFitaLed.c,12 :: 		asm nop      // desperdiça 100ns
0x0040	0x0000      	NOP
;pythonFitaLed.c,13 :: 		PORTB.RB2=0; //100ns
0x0042	0x9481      	BCF         PORTB, 2 
;pythonFitaLed.c,15 :: 		}
L_end_ledstrip_write0:
0x0044	0x0012      	RETURN      0
; end of _ledstrip_write0
_UART1_Init:
;__Lib_UART_c67.c,15 :: 		
;__Lib_UART_c67.c,18 :: 		
0x0046	0x0EFF      	MOVLW       _UART1_Write
0x0048	0x6E1F      	MOVWF       _UART_Wr_Ptr 
0x004A	0x0EFF      	MOVLW       hi_addr(_UART1_Write)
0x004C	0x6E20      	MOVWF       _UART_Wr_Ptr+1 
0x004E	0x0EFF      	MOVLW       FARG_UART1_Write_data_
0x0050	0x6E21      	MOVWF       _UART_Wr_Ptr+2 
0x0052	0x0EFF      	MOVLW       hi_addr(FARG_UART1_Write_data_)
0x0054	0x6E22      	MOVWF       _UART_Wr_Ptr+3 
;__Lib_UART_c67.c,19 :: 		
0x0056	0x0EFF      	MOVLW       _UART1_Read
0x0058	0x6E1B      	MOVWF       _UART_Rd_Ptr 
0x005A	0x0EFF      	MOVLW       hi_addr(_UART1_Read)
0x005C	0x6E1C      	MOVWF       _UART_Rd_Ptr+1 
0x005E	0x0E00      	MOVLW       0
0x0060	0x6E1D      	MOVWF       _UART_Rd_Ptr+2 
0x0062	0x0E00      	MOVLW       0
0x0064	0x6E1E      	MOVWF       _UART_Rd_Ptr+3 
;__Lib_UART_c67.c,20 :: 		
0x0066	0x0EFF      	MOVLW       _UART1_Data_Ready
0x0068	0x6E17      	MOVWF       _UART_Rdy_Ptr 
0x006A	0x0EFF      	MOVLW       hi_addr(_UART1_Data_Ready)
0x006C	0x6E18      	MOVWF       _UART_Rdy_Ptr+1 
0x006E	0x0E00      	MOVLW       0
0x0070	0x6E19      	MOVWF       _UART_Rdy_Ptr+2 
0x0072	0x0E00      	MOVLW       0
0x0074	0x6E1A      	MOVWF       _UART_Rdy_Ptr+3 
;__Lib_UART_c67.c,21 :: 		
0x0076	0x0EFF      	MOVLW       _UART1_Tx_Idle
0x0078	0x0101      	MOVLB       1
0x007A	0x6FE5      	MOVWF       _UART_Tx_Idle_Ptr, 1
0x007C	0x0EFF      	MOVLW       hi_addr(_UART1_Tx_Idle)
0x007E	0x6FE6      	MOVWF       _UART_Tx_Idle_Ptr+1, 1
0x0080	0x0E00      	MOVLW       0
0x0082	0x6FE7      	MOVWF       _UART_Tx_Idle_Ptr+2, 1
0x0084	0x0E00      	MOVLW       0
0x0086	0x6FE8      	MOVWF       _UART_Tx_Idle_Ptr+3, 1
;__Lib_UART_c67.c,23 :: 		
0x0088	0x8AAC      	BSF         TXSTA, 5 
;__Lib_UART_c67.c,24 :: 		
0x008A	0x0E90      	MOVLW       144
0x008C	0x6EAB      	MOVWF       RCSTA 
;__Lib_UART_c67.c,25 :: 		
0x008E	0x8E94      	BSF         TRISC7_bit, BitPos(TRISC7_bit+0) 
;__Lib_UART_c67.c,26 :: 		
0x0090	0x9C94      	BCF         TRISC6_bit, BitPos(TRISC6_bit+0) 
;__Lib_UART_c67.c,28 :: 		
L_UART1_Init0:
0x0092	0xAA9E      	BTFSS       PIR1, 5 
0x0094	0xD003      	BRA         L_UART1_Init1
;__Lib_UART_c67.c,29 :: 		
0x0096	0xF000CFAE  	MOVFF       RCREG, R0
0x009A	0xD7FB      	BRA         L_UART1_Init0
L_UART1_Init1:
;__Lib_UART_c67.c,30 :: 		
L_end_UART1_Init:
0x009C	0x0012      	RETURN      0
; end of _UART1_Init
_Mul_16X16_U:
;__Lib_Math.c,440 :: 		
;__Lib_Math.c,447 :: 		
0x009E	0x6A0B      	CLRF        R11, 0
;__Lib_Math.c,448 :: 		
0x00A0	0x6A0A      	CLRF        R10, 0
;__Lib_Math.c,449 :: 		
0x00A2	0x6A09      	CLRF        R9, 0
;__Lib_Math.c,450 :: 		
0x00A4	0x5000      	MOVF        R0, 0, 0
;__Lib_Math.c,451 :: 		
0x00A6	0x0204      	MULWF       R4, 0
;__Lib_Math.c,453 :: 		
0x00A8	0xF009CFF4  	MOVFF       PRODH, R9
;__Lib_Math.c,454 :: 		
0x00AC	0xF008CFF3  	MOVFF       PRODL, R8
;__Lib_Math.c,455 :: 		
0x00B0	0x5001      	MOVF        R1, 0, 0
;__Lib_Math.c,456 :: 		
0x00B2	0x0205      	MULWF       R5, 0
;__Lib_Math.c,458 :: 		
0x00B4	0xF00BCFF4  	MOVFF       PRODH, R11
;__Lib_Math.c,459 :: 		
0x00B8	0xF00ACFF3  	MOVFF       PRODL, R10
;__Lib_Math.c,460 :: 		
0x00BC	0x5000      	MOVF        R0, 0, 0
;__Lib_Math.c,461 :: 		
0x00BE	0x0205      	MULWF       R5, 0
;__Lib_Math.c,463 :: 		
0x00C0	0x50F3      	MOVF        PRODL, 0, 0
;__Lib_Math.c,464 :: 		
0x00C2	0x2609      	ADDWF       R9, 1, 0
;__Lib_Math.c,465 :: 		
0x00C4	0x50F4      	MOVF        PRODH, 0, 0
;__Lib_Math.c,466 :: 		
0x00C6	0x220A      	ADDWFC      R10, 1, 0
;__Lib_Math.c,467 :: 		
0x00C8	0x6AE8      	CLRF        WREG, 0
;__Lib_Math.c,468 :: 		
0x00CA	0x220B      	ADDWFC      R11, 1, 0
;__Lib_Math.c,469 :: 		
0x00CC	0x5001      	MOVF        R1, 0, 0
;__Lib_Math.c,470 :: 		
0x00CE	0x0204      	MULWF       R4, 0
;__Lib_Math.c,472 :: 		
0x00D0	0x50F3      	MOVF        PRODL, 0, 0
;__Lib_Math.c,473 :: 		
0x00D2	0x2609      	ADDWF       R9, 1, 0
;__Lib_Math.c,474 :: 		
0x00D4	0x50F4      	MOVF        PRODH, 0, 0
;__Lib_Math.c,475 :: 		
0x00D6	0x220A      	ADDWFC      R10, 1, 0
;__Lib_Math.c,476 :: 		
0x00D8	0x6AE8      	CLRF        WREG, 0
;__Lib_Math.c,477 :: 		
0x00DA	0x220B      	ADDWFC      R11, 1, 0
;__Lib_Math.c,479 :: 		
0x00DC	0xF000C008  	MOVFF       R8, R0
;__Lib_Math.c,480 :: 		
0x00E0	0xF001C009  	MOVFF       R9, R1
;__Lib_Math.c,481 :: 		
0x00E4	0xF002C00A  	MOVFF       R10, R2
;__Lib_Math.c,482 :: 		
0x00E8	0xF003C00B  	MOVFF       R11, R3
;__Lib_Math.c,485 :: 		
L_end_Mul_16X16_U:
0x00EC	0x0012      	RETURN      0
; end of _Mul_16X16_U
___CC2DW:
;__Lib_System.c,21 :: 		
;__Lib_System.c,23 :: 		
_CC2DL_Loop1:
;__Lib_System.c,24 :: 		
0x00EE	0x0009      	TBLRD*+
;__Lib_System.c,25 :: 		
0x00F0	0xFFE6CFF5  	MOVFF       TABLAT, POSTINC1
;__Lib_System.c,26 :: 		
0x00F4	0x0600      	DECF        R0, 1, 0
;__Lib_System.c,27 :: 		
0x00F6	0xE1FB      	BNZ         _CC2DL_Loop1
;__Lib_System.c,28 :: 		
0x00F8	0x0601      	DECF        R1, 1, 0
;__Lib_System.c,29 :: 		
0x00FA	0xE1F9      	BNZ         _CC2DL_Loop1
;__Lib_System.c,31 :: 		
L_end___CC2DW:
0x00FC	0x0012      	RETURN      0
; end of ___CC2DW
_ledstrip:
;pythonFitaLed.c,26 :: 		void ledstrip(unsigned char red, unsigned char green, unsigned char blue){
;pythonFitaLed.c,30 :: 		for (k=7;k>=0;k--){  // enviando bit mais significante primeiro
0x00FE	0x0E07      	MOVLW       7
0x0100	0x0101      	MOVLB       1
0x0102	0x6FEE      	MOVWF       ledstrip_k_L0, 1
L_ledstrip0:
0x0104	0x0E80      	MOVLW       128
0x0106	0x19EE      	XORWF       ledstrip_k_L0, 0, 1
0x0108	0x6E00      	MOVWF       R0 
0x010A	0x0E80      	MOVLW       128
0x010C	0x0A00      	XORLW       0
0x010E	0x5C00      	SUBWF       R0, 0 
0x0110	0xE320      	BNC         L_ledstrip1
;pythonFitaLed.c,31 :: 		INTCON.GIE = 0;
0x0112	0x9EF2      	BCF         INTCON, 7 
;pythonFitaLed.c,32 :: 		if ((green &(0x01<<k))==0){ // green and ( binario 0000 0001 desviado de k unidades para a esquerda). Se o resultado do and for zero, quer dizer que o bit de green na posição k é 0, caso contrário, ele é 1
0x0114	0xF002C1EE  	MOVFF       ledstrip_k_L0, R2
0x0118	0x0E01      	MOVLW       1
0x011A	0x6E00      	MOVWF       R0 
0x011C	0x0E00      	MOVLW       0
0x011E	0x6E01      	MOVWF       R1 
0x0120	0x5002      	MOVF        R2, 0 
L__ledstrip33:
0x0122	0xE005      	BZ          L__ledstrip34
0x0124	0x3600      	RLCF        R0, 1 
0x0126	0x9000      	BCF         R0, 0 
0x0128	0x3601      	RLCF        R1, 1 
0x012A	0x0FFF      	ADDLW       255
0x012C	0xD7FA      	BRA         L__ledstrip33
L__ledstrip34:
0x012E	0x5000      	MOVF        R0, 0 
0x0130	0x15EC      	ANDWF       FARG_ledstrip_green, 0, 1
0x0132	0x6E02      	MOVWF       R2 
0x0134	0x0E00      	MOVLW       0
0x0136	0x1401      	ANDWF       R1, 0 
0x0138	0x6E03      	MOVWF       R3 
0x013A	0x0E00      	MOVLW       0
0x013C	0x1803      	XORWF       R3, 0 
0x013E	0xE102      	BNZ         L__ledstrip35
0x0140	0x0E00      	MOVLW       0
0x0142	0x1802      	XORWF       R2, 0 
L__ledstrip35:
0x0144	0xE102      	BNZ         L_ledstrip3
;pythonFitaLed.c,33 :: 		ledstrip_write0();
0x0146	0xDF7A      	RCALL       _ledstrip_write0
;pythonFitaLed.c,34 :: 		}
0x0148	0xD001      	BRA         L_ledstrip4
L_ledstrip3:
;pythonFitaLed.c,36 :: 		ledstrip_write1();
0x014A	0xDF71      	RCALL       _ledstrip_write1
;pythonFitaLed.c,37 :: 		}
L_ledstrip4:
;pythonFitaLed.c,38 :: 		INTCON.GIE = 1;
0x014C	0x8EF2      	BSF         INTCON, 7 
;pythonFitaLed.c,30 :: 		for (k=7;k>=0;k--){  // enviando bit mais significante primeiro
0x014E	0x07EE      	DECF        ledstrip_k_L0, 1, 1
;pythonFitaLed.c,39 :: 		}
0x0150	0xD7D9      	BRA         L_ledstrip0
L_ledstrip1:
;pythonFitaLed.c,41 :: 		for (k=7;k>=0;k--){  // enviando bit mais significante primeiro
0x0152	0x0E07      	MOVLW       7
0x0154	0x6FEE      	MOVWF       ledstrip_k_L0, 1
L_ledstrip5:
0x0156	0x0E80      	MOVLW       128
0x0158	0x19EE      	XORWF       ledstrip_k_L0, 0, 1
0x015A	0x6E00      	MOVWF       R0 
0x015C	0x0E80      	MOVLW       128
0x015E	0x0A00      	XORLW       0
0x0160	0x5C00      	SUBWF       R0, 0 
0x0162	0xE320      	BNC         L_ledstrip6
;pythonFitaLed.c,42 :: 		INTCON.GIE = 0;
0x0164	0x9EF2      	BCF         INTCON, 7 
;pythonFitaLed.c,43 :: 		if ((red &(0x01<<k))==0){  // red and ( binario 0000 0001 desviado de k unidades para a esquerda). Se o resultado do and for zero, quer dizer que o bit de red na posição k é 0, caso contrário, ele é 1
0x0166	0xF002C1EE  	MOVFF       ledstrip_k_L0, R2
0x016A	0x0E01      	MOVLW       1
0x016C	0x6E00      	MOVWF       R0 
0x016E	0x0E00      	MOVLW       0
0x0170	0x6E01      	MOVWF       R1 
0x0172	0x5002      	MOVF        R2, 0 
L__ledstrip36:
0x0174	0xE005      	BZ          L__ledstrip37
0x0176	0x3600      	RLCF        R0, 1 
0x0178	0x9000      	BCF         R0, 0 
0x017A	0x3601      	RLCF        R1, 1 
0x017C	0x0FFF      	ADDLW       255
0x017E	0xD7FA      	BRA         L__ledstrip36
L__ledstrip37:
0x0180	0x5000      	MOVF        R0, 0 
0x0182	0x15EB      	ANDWF       FARG_ledstrip_red, 0, 1
0x0184	0x6E02      	MOVWF       R2 
0x0186	0x0E00      	MOVLW       0
0x0188	0x1401      	ANDWF       R1, 0 
0x018A	0x6E03      	MOVWF       R3 
0x018C	0x0E00      	MOVLW       0
0x018E	0x1803      	XORWF       R3, 0 
0x0190	0xE102      	BNZ         L__ledstrip38
0x0192	0x0E00      	MOVLW       0
0x0194	0x1802      	XORWF       R2, 0 
L__ledstrip38:
0x0196	0xE102      	BNZ         L_ledstrip8
;pythonFitaLed.c,44 :: 		ledstrip_write0();
0x0198	0xDF51      	RCALL       _ledstrip_write0
;pythonFitaLed.c,45 :: 		}
0x019A	0xD001      	BRA         L_ledstrip9
L_ledstrip8:
;pythonFitaLed.c,47 :: 		ledstrip_write1();
0x019C	0xDF48      	RCALL       _ledstrip_write1
;pythonFitaLed.c,48 :: 		}
L_ledstrip9:
;pythonFitaLed.c,49 :: 		INTCON.GIE = 1;
0x019E	0x8EF2      	BSF         INTCON, 7 
;pythonFitaLed.c,41 :: 		for (k=7;k>=0;k--){  // enviando bit mais significante primeiro
0x01A0	0x07EE      	DECF        ledstrip_k_L0, 1, 1
;pythonFitaLed.c,50 :: 		}
0x01A2	0xD7D9      	BRA         L_ledstrip5
L_ledstrip6:
;pythonFitaLed.c,52 :: 		for (k=7;k>=0;k--){   // enviando bit mais significante primeiro
0x01A4	0x0E07      	MOVLW       7
0x01A6	0x6FEE      	MOVWF       ledstrip_k_L0, 1
L_ledstrip10:
0x01A8	0x0E80      	MOVLW       128
0x01AA	0x19EE      	XORWF       ledstrip_k_L0, 0, 1
0x01AC	0x6E00      	MOVWF       R0 
0x01AE	0x0E80      	MOVLW       128
0x01B0	0x0A00      	XORLW       0
0x01B2	0x5C00      	SUBWF       R0, 0 
0x01B4	0xE320      	BNC         L_ledstrip11
;pythonFitaLed.c,53 :: 		INTCON.GIE = 0;
0x01B6	0x9EF2      	BCF         INTCON, 7 
;pythonFitaLed.c,54 :: 		if ((blue &(0x01<<k))==0){   // blue and ( binario 0000 0001 desviado de k unidades para a esquerda). Se o resultado do and for zero, quer dizer que o bit de blue na posição k é 0, caso contrário, ele é 1
0x01B8	0xF002C1EE  	MOVFF       ledstrip_k_L0, R2
0x01BC	0x0E01      	MOVLW       1
0x01BE	0x6E00      	MOVWF       R0 
0x01C0	0x0E00      	MOVLW       0
0x01C2	0x6E01      	MOVWF       R1 
0x01C4	0x5002      	MOVF        R2, 0 
L__ledstrip39:
0x01C6	0xE005      	BZ          L__ledstrip40
0x01C8	0x3600      	RLCF        R0, 1 
0x01CA	0x9000      	BCF         R0, 0 
0x01CC	0x3601      	RLCF        R1, 1 
0x01CE	0x0FFF      	ADDLW       255
0x01D0	0xD7FA      	BRA         L__ledstrip39
L__ledstrip40:
0x01D2	0x5000      	MOVF        R0, 0 
0x01D4	0x15ED      	ANDWF       FARG_ledstrip_blue, 0, 1
0x01D6	0x6E02      	MOVWF       R2 
0x01D8	0x0E00      	MOVLW       0
0x01DA	0x1401      	ANDWF       R1, 0 
0x01DC	0x6E03      	MOVWF       R3 
0x01DE	0x0E00      	MOVLW       0
0x01E0	0x1803      	XORWF       R3, 0 
0x01E2	0xE102      	BNZ         L__ledstrip41
0x01E4	0x0E00      	MOVLW       0
0x01E6	0x1802      	XORWF       R2, 0 
L__ledstrip41:
0x01E8	0xE102      	BNZ         L_ledstrip13
;pythonFitaLed.c,55 :: 		ledstrip_write0();
0x01EA	0xDF28      	RCALL       _ledstrip_write0
;pythonFitaLed.c,56 :: 		}
0x01EC	0xD001      	BRA         L_ledstrip14
L_ledstrip13:
;pythonFitaLed.c,58 :: 		ledstrip_write1();
0x01EE	0xDF1F      	RCALL       _ledstrip_write1
;pythonFitaLed.c,59 :: 		}
L_ledstrip14:
;pythonFitaLed.c,60 :: 		INTCON.GIE = 1;
0x01F0	0x8EF2      	BSF         INTCON, 7 
;pythonFitaLed.c,52 :: 		for (k=7;k>=0;k--){   // enviando bit mais significante primeiro
0x01F2	0x07EE      	DECF        ledstrip_k_L0, 1, 1
;pythonFitaLed.c,61 :: 		}
0x01F4	0xD7D9      	BRA         L_ledstrip10
L_ledstrip11:
;pythonFitaLed.c,63 :: 		}
L_end_ledstrip:
0x01F6	0x0012      	RETURN      0
; end of _ledstrip
_main:
0x01F8	0x6A15      	CLRF        _indice_matriz 
0x01FA	0x6A16      	CLRF        22 
;pythonFitaLed.c,77 :: 		void main() {
;pythonFitaLed.c,82 :: 		ADCON1   =0x0F;                       // Todas as portas são digitais
0x01FC	0x0E0F      	MOVLW       15
0x01FE	0x6EC1      	MOVWF       ADCON1 
;pythonFitaLed.c,83 :: 		TRISB.RB2=0;                          // RB2 é output
0x0200	0x9493      	BCF         TRISB, 2 
;pythonFitaLed.c,84 :: 		PORTB.RB2=0;                          // RB2 inicia em 0
0x0202	0x9481      	BCF         PORTB, 2 
;pythonFitaLed.c,85 :: 		TRISD.RD1 = 0;                        // *************** teste
0x0204	0x9295      	BCF         TRISD, 1 
;pythonFitaLed.c,87 :: 		Delay_ms(1);                                    // reset da fita
0x0206	0x0E0D      	MOVLW       13
0x0208	0x6E0C      	MOVWF       R12, 0
0x020A	0x0EFB      	MOVLW       251
0x020C	0x6E0D      	MOVWF       R13, 0
L_main17:
0x020E	0x2E0D      	DECFSZ      R13, 1, 0
0x0210	0xD7FE      	BRA         L_main17
0x0212	0x2E0C      	DECFSZ      R12, 1, 0
0x0214	0xD7FC      	BRA         L_main17
0x0216	0x0000      	NOP
0x0218	0x0000      	NOP
;pythonFitaLed.c,88 :: 		for(led=0; led<150; led++) ledstrip(0,0,0);     // Apaga todos os leds
0x021A	0x0101      	MOVLB       1
0x021C	0x6BE9      	CLRF        main_led_L0, 1
0x021E	0x6BEA      	CLRF        main_led_L0+1, 1
L_main18:
0x0220	0x0E80      	MOVLW       128
0x0222	0x19EA      	XORWF       main_led_L0+1, 0, 1
0x0224	0x6E00      	MOVWF       R0 
0x0226	0x0E80      	MOVLW       128
0x0228	0x5C00      	SUBWF       R0, 0 
0x022A	0xE102      	BNZ         L__main45
0x022C	0x0E96      	MOVLW       150
0x022E	0x5DE9      	SUBWF       main_led_L0, 0, 1
L__main45:
0x0230	0xE207      	BC          L_main19
0x0232	0x6BEB      	CLRF        FARG_ledstrip_red, 1
0x0234	0x6BEC      	CLRF        FARG_ledstrip_green, 1
0x0236	0x6BED      	CLRF        FARG_ledstrip_blue, 1
0x0238	0xDF62      	RCALL       _ledstrip
0x023A	0x4BE9      	INFSNZ      main_led_L0, 1, 1
0x023C	0x2BEA      	INCF        main_led_L0+1, 1, 1
0x023E	0xD7F0      	BRA         L_main18
L_main19:
;pythonFitaLed.c,89 :: 		Delay_ms(1000);
0x0240	0x0E33      	MOVLW       51
0x0242	0x6E0B      	MOVWF       R11, 0
0x0244	0x0EBB      	MOVLW       187
0x0246	0x6E0C      	MOVWF       R12, 0
0x0248	0x0EDF      	MOVLW       223
0x024A	0x6E0D      	MOVWF       R13, 0
L_main21:
0x024C	0x2E0D      	DECFSZ      R13, 1, 0
0x024E	0xD7FE      	BRA         L_main21
0x0250	0x2E0C      	DECFSZ      R12, 1, 0
0x0252	0xD7FC      	BRA         L_main21
0x0254	0x2E0B      	DECFSZ      R11, 1, 0
0x0256	0xD7FA      	BRA         L_main21
0x0258	0x0000      	NOP
0x025A	0x0000      	NOP
;pythonFitaLed.c,91 :: 		UART1_Init(115200);
0x025C	0x86B8      	BSF         BAUDCON, 3, 0
0x025E	0x6AB0      	CLRF        SPBRGH 
0x0260	0x0E56      	MOVLW       86
0x0262	0x6EAF      	MOVWF       SPBRG 
0x0264	0x84AC      	BSF         TXSTA, 2, 0
0x0266	0xDEEF      	RCALL       _UART1_Init
;pythonFitaLed.c,94 :: 		INTCON = 0xE0;                                                             // Interrupção global ativada; Interrupções dos periféricos ativadas; Interrupção do timer 0 ativada
0x0268	0x0EE0      	MOVLW       224
0x026A	0x6EF2      	MOVWF       INTCON 
;pythonFitaLed.c,95 :: 		PIE1 = 0x20;                                                               // Interrupção da recepção EUSART ativada
0x026C	0x0E20      	MOVLW       32
0x026E	0x6E9D      	MOVWF       PIE1 
;pythonFitaLed.c,97 :: 		T0CON = 0xC4;                                                              // Timer 0 no modo 8 bits; habilitado; prescale 32; temporizando 819.2 us
0x0270	0x0EC4      	MOVLW       196
0x0272	0x6ED5      	MOVWF       T0CON 
;pythonFitaLed.c,100 :: 		for(;;){
L_main22:
;pythonFitaLed.c,101 :: 		PORTD.RD1 = 1;
0x0274	0x8283      	BSF         PORTD, 1 
;pythonFitaLed.c,102 :: 		while(indice_matriz != 450);
L_main25:
0x0276	0x5016      	MOVF        _indice_matriz+1, 0 
0x0278	0x0A01      	XORLW       1
0x027A	0xE102      	BNZ         L__main46
0x027C	0x0EC2      	MOVLW       194
0x027E	0x1815      	XORWF       _indice_matriz, 0 
L__main46:
0x0280	0xE001      	BZ          L_main26
0x0282	0xD7F9      	BRA         L_main25
L_main26:
;pythonFitaLed.c,103 :: 		PORTD.RD1 = 0;
0x0284	0x9283      	BCF         PORTD, 1 
;pythonFitaLed.c,104 :: 		indice_matriz = 0;
0x0286	0x6A15      	CLRF        _indice_matriz 
0x0288	0x6A16      	CLRF        _indice_matriz+1 
;pythonFitaLed.c,105 :: 		for(led=0; led<150; led++){
0x028A	0x6BE9      	CLRF        main_led_L0, 1
0x028C	0x6BEA      	CLRF        main_led_L0+1, 1
L_main27:
0x028E	0x0E80      	MOVLW       128
0x0290	0x19EA      	XORWF       main_led_L0+1, 0, 1
0x0292	0x6E00      	MOVWF       R0 
0x0294	0x0E80      	MOVLW       128
0x0296	0x5C00      	SUBWF       R0, 0 
0x0298	0xE102      	BNZ         L__main47
0x029A	0x0E96      	MOVLW       150
0x029C	0x5DE9      	SUBWF       main_led_L0, 0, 1
L__main47:
0x029E	0xE22F      	BC          L_main28
;pythonFitaLed.c,106 :: 		ledstrip(matriz[3*led], matriz[3*led+1], matriz[3*led+2]);
0x02A0	0x0E03      	MOVLW       3
0x02A2	0x6E00      	MOVWF       R0 
0x02A4	0x0E00      	MOVLW       0
0x02A6	0x6E01      	MOVWF       R1 
0x02A8	0xF004C1E9  	MOVFF       main_led_L0, R4
0x02AC	0xF005C1EA  	MOVFF       main_led_L0+1, R5
0x02B0	0xDEF6      	RCALL       _Mul_16X16_U
0x02B2	0x0E23      	MOVLW       _matriz
0x02B4	0x2400      	ADDWF       R0, 0 
0x02B6	0x6EE9      	MOVWF       FSR0L 
0x02B8	0x0E00      	MOVLW       hi_addr(_matriz)
0x02BA	0x2001      	ADDWFC      R1, 0 
0x02BC	0x6EEA      	MOVWF       FSR0H 
0x02BE	0xF1EBCFEE  	MOVFF       POSTINC0, FARG_ledstrip_red
0x02C2	0x0E01      	MOVLW       1
0x02C4	0x2400      	ADDWF       R0, 0 
0x02C6	0x6E02      	MOVWF       R2 
0x02C8	0x0E00      	MOVLW       0
0x02CA	0x2001      	ADDWFC      R1, 0 
0x02CC	0x6E03      	MOVWF       R3 
0x02CE	0x0E23      	MOVLW       _matriz
0x02D0	0x2402      	ADDWF       R2, 0 
0x02D2	0x6EE9      	MOVWF       FSR0L 
0x02D4	0x0E00      	MOVLW       hi_addr(_matriz)
0x02D6	0x2003      	ADDWFC      R3, 0 
0x02D8	0x6EEA      	MOVWF       FSR0H 
0x02DA	0xF1ECCFEE  	MOVFF       POSTINC0, FARG_ledstrip_green
0x02DE	0x0E02      	MOVLW       2
0x02E0	0x2600      	ADDWF       R0, 1 
0x02E2	0x0E00      	MOVLW       0
0x02E4	0x2201      	ADDWFC      R1, 1 
0x02E6	0x0E23      	MOVLW       _matriz
0x02E8	0x2400      	ADDWF       R0, 0 
0x02EA	0x6EE9      	MOVWF       FSR0L 
0x02EC	0x0E00      	MOVLW       hi_addr(_matriz)
0x02EE	0x2001      	ADDWFC      R1, 0 
0x02F0	0x6EEA      	MOVWF       FSR0H 
0x02F2	0xF1EDCFEE  	MOVFF       POSTINC0, FARG_ledstrip_blue
0x02F6	0xDF03      	RCALL       _ledstrip
;pythonFitaLed.c,105 :: 		for(led=0; led<150; led++){
0x02F8	0x4BE9      	INFSNZ      main_led_L0, 1, 1
0x02FA	0x2BEA      	INCF        main_led_L0+1, 1, 1
;pythonFitaLed.c,107 :: 		}
0x02FC	0xD7C8      	BRA         L_main27
L_main28:
;pythonFitaLed.c,108 :: 		}
0x02FE	0xD7BA      	BRA         L_main22
;pythonFitaLed.c,110 :: 		}
L_end_main:
0x0300	0xD7FF      	BRA         $+0
; end of _main
Symbol List:
//** Routines locations **
//ADDRESS    SIZE    PROCEDURE
//----------------------------------------------
0x0008      [38]    _interrupt
0x002E      [14]    _ledstrip_write1
0x003C      [10]    _ledstrip_write0
0x0046      [88]    _UART1_Init
0x009E      [80]    _Mul_16X16_U
0x00EE      [16]    ___CC2DW
0x00FE     [250]    _ledstrip
0x01F8     [266]    _main
//** Variables locations ** 
//ADDRESS    SIZE    VARIABLE
//----------------------------------------------
0x0000       [1]    R0
0x0000       [1]    SPI1_Write_tmp_L0
0x0000       [1]    FLASH_Erase_64_SaveINTCON_L0
0x0000       [1]    UART1_Init_tmp_L0
0x0000       [1]    EEPROM_Write_SaveINTCON_L0
0x0001       [1]    FLASH_Write_64_i_L0
0x0001       [1]    FLASH_Erase_Write_64_i_L0
0x0001       [1]    __Lib_TFT_JPEG_FileReadBytes_Result_L0
0x0001       [2]    FLASH_Read_N_Bytes_i_L0
0x0001       [1]    __Lib_TFT_JPEG_FileRead_i_L0
0x0001       [1]    UART1_Read___tmp_UART1_Read_L0
0x0001       [1]    __Lib_TFT_16bit_JPEG_FileRead_i_L0
0x0001       [1]    ispunct_rslt_L0
0x0001       [1]    R1
0x0001       [1]    __Lib_TFT_16bit_JPEG_FileReadBytes_Result_L0
0x0002       [2]    memcpy_dd_L0
0x0002       [2]    memset_pp_L0
0x0002       [2]    memchr_s_L0
0x0002       [1]    FLASH_Write_64_SaveINTCON_L0
0x0002       [2]    strlen_cp_L0
0x0002       [1]    FLASH_Erase_Write_64_j_L0
0x0002       [1]    R2
0x0003       [1]    R3
0x0003       [1]    FLASH_Erase_Write_64_SaveINTCON_L0
0x0003       [2]    memmove_tt_L0
0x0003       [2]    Ltrim_original_L0
0x0004       [2]    strncat_cp_L0
0x0004       [1]    R4
0x0004       [2]    strncpy_cp_L0
0x0004       [2]    strcpy_cp_L0
0x0004       [2]    frexp_pom_L0
0x0004       [2]    memcpy_ss_L0
0x0004       [2]    strcat_cp_L0
0x0005       [2]    memmove_ff_L0
0x0005       [2]    Ltrim_p_L0
0x0005       [1]    R5
0x0005       [2]    LongIntToHex_input_half_L0
0x0005       [2]    LongWordToHex_input_half_L0
0x0006       [1]    R6
0x0007       [1]    R7
0x0007       [1]    __Lib_TFT_16bit_JPEG_GenerateHuffmanTables_bLength_L0
0x0007       [1]    __Lib_TFT_JPEG_GenerateHuffmanTables_bLength_L0
0x0008       [1]    R8
0x0008       [1]    __Lib_TFT_16bit_JPEG_GenerateHuffmanTables_bTable_L0
0x0008       [1]    __Lib_TFT_JPEG_GenerateHuffmanTables_bTable_L0
0x0009       [1]    R9
0x000A       [1]    R10
0x000B       [1]    R11
0x000C       [1]    R12
0x000D       [1]    R13
0x000E       [1]    R14
0x000F       [1]    R15
0x0010       [1]    R16
0x0011       [1]    R17
0x0012       [1]    R18
0x0013       [1]    R19
0x0014       [1]    R20
0x0015       [2]    _indice_matriz
0x0017       [4]    _UART_Rdy_Ptr
0x001B       [4]    _UART_Rd_Ptr
0x001F       [4]    _UART_Wr_Ptr
0x0023     [450]    _matriz
0x01E5       [4]    _UART_Tx_Idle_Ptr
0x01E9       [2]    main_led_L0
0x01EB       [1]    FARG_ledstrip_red
0x01EC       [1]    FARG_ledstrip_green
0x01ED       [1]    FARG_ledstrip_blue
0x01EE       [1]    ledstrip_k_L0
0x0F81       [1]    PORTB
0x0F83       [1]    PORTD
0x0F93       [1]    TRISB
0x0F94       [0]    TRISC6_bit
0x0F94       [0]    TRISC7_bit
0x0F95       [1]    TRISD
0x0F9D       [1]    PIE1
0x0F9E       [1]    PIR1
0x0FAB       [1]    RCSTA
0x0FAC       [1]    TXSTA
0x0FAE       [1]    RCREG
0x0FAF       [1]    SPBRG
0x0FB0       [1]    SPBRGH
0x0FB8       [1]    BAUDCON
0x0FC1       [1]    ADCON1
0x0FD5       [1]    T0CON
0x0FD6       [1]    TMR0L
0x0FD8       [1]    STATUS
0x0FD9       [1]    FSR2L
0x0FDA       [1]    FSR2H
0x0FDE       [1]    POSTINC2
0x0FE0       [1]    BSR
0x0FE1       [1]    FSR1L
0x0FE2       [1]    FSR1H
0x0FE4       [1]    PREINC1
0x0FE6       [1]    POSTINC1
0x0FE7       [1]    INDF1
0x0FE8       [1]    WREG
0x0FE9       [1]    FSR0L
0x0FEA       [1]    FSR0H
0x0FEE       [1]    POSTINC0
0x0FF2       [1]    INTCON
0x0FF3       [1]    PRODL
0x0FF4       [1]    PRODH
0x0FF5       [1]    TABLAT
0x0FF6       [1]    TBLPTRL
0x0FF7       [1]    TBLPTRH
0x0FF8       [1]    TBLPTRU
