;  LST file generated by mikroListExporter - v.2.0 
; Date/Time: 07/07/2019 18:06:33
;----------------------------------------------

;Address Opcode 	ASM
0x0000	0x29EF      	GOTO       495
_interrupt:
0x0004	0x00FF      	MOVWF      R15
0x0005	0x0E03      	SWAPF      STATUS, 0
0x0006	0x0183      	CLRF       STATUS
0x0007	0x00C4      	MOVWF      ___saveSTATUS
0x0008	0x080A      	MOVF       PCLATH, 0
0x0009	0x00C5      	MOVWF      ___savePCLATH
0x000A	0x018A      	CLRF       PCLATH
;HumidityandTemperature.c,25 :: 		void interrupt(){
;HumidityandTemperature.c,26 :: 		PIR1.TMR2IF=0;                                                              // Limpa a flag de interrupção do timer 2
0x000B	0x108C      	BCF        PIR1, 1
;HumidityandTemperature.c,27 :: 		overflow=1;                                                                 // Sinalizador de ocorrência de overflow
0x000C	0x3001      	MOVLW      1
0x000D	0x00B5      	MOVWF      _overflow
;HumidityandTemperature.c,28 :: 		}
L_end_interrupt:
L__interrupt44:
0x000E	0x0845      	MOVF       ___savePCLATH, 0
0x000F	0x008A      	MOVWF      PCLATH
0x0010	0x0E44      	SWAPF      ___saveSTATUS, 0
0x0011	0x0083      	MOVWF      STATUS
0x0012	0x0EFF      	SWAPF      R15, 1
0x0013	0x0E7F      	SWAPF      R15, 0
0x0014	0x0009      	RETFIE
; end of _interrupt
_Delay_1us:
;__Lib_Delays.c,7 :: 		void Delay_1us() {
;__Lib_Delays.c,8 :: 		Delay_us(1);
0x0015	0x0000      	NOP
0x0016	0x0000      	NOP
0x0017	0x0000      	NOP
0x0018	0x0000      	NOP
0x0019	0x0000      	NOP
;__Lib_Delays.c,9 :: 		}
L_end_Delay_1us:
0x001A	0x0008      	RETURN
; end of _Delay_1us
_Delay_5500us:
;__Lib_Delays.c,31 :: 		void Delay_5500us() {
;__Lib_Delays.c,32 :: 		Delay_us(5500);
0x001B	0x3024      	MOVLW      36
0x001C	0x1283      	BCF        STATUS, 5
0x001D	0x1303      	BCF        STATUS, 6
0x001E	0x00FC      	MOVWF      R12
0x001F	0x30B5      	MOVLW      181
0x0020	0x00FD      	MOVWF      R13
L_Delay_5500us5:
0x0021	0x0BFD      	DECFSZ     R13, 1
0x0022	0x2821      	GOTO       L_Delay_5500us5
0x0023	0x0BFC      	DECFSZ     R12, 1
0x0024	0x2821      	GOTO       L_Delay_5500us5
0x0025	0x0000      	NOP
0x0026	0x0000      	NOP
;__Lib_Delays.c,33 :: 		}
L_end_Delay_5500us:
0x0027	0x0008      	RETURN
; end of _Delay_5500us
_Delay_50us:
;__Lib_Delays.c,19 :: 		void Delay_50us() {
;__Lib_Delays.c,20 :: 		Delay_us(50);
0x0028	0x3053      	MOVLW      83
0x0029	0x1283      	BCF        STATUS, 5
0x002A	0x1303      	BCF        STATUS, 6
0x002B	0x00FD      	MOVWF      R13
L_Delay_50us2:
0x002C	0x0BFD      	DECFSZ     R13, 1
0x002D	0x282C      	GOTO       L_Delay_50us2
;__Lib_Delays.c,21 :: 		}
L_end_Delay_50us:
0x002E	0x0008      	RETURN
; end of _Delay_50us
_Lcd_Cmd:
;__Lib_Lcd.c,18 :: 		
;__Lib_Lcd.c,20 :: 		
0x002F	0x1283      	BCF        STATUS, 5
0x0030	0x1303      	BCF        STATUS, 6
0x0031	0x1BD3      	BTFSC      FARG_Lcd_Cmd_out_char, 7
0x0032	0x2835      	GOTO       L__Lcd_Cmd21
0x0033	0x1186      	BCF        LCD_D7, BitPos(LCD_D7+0)
0x0034	0x2836      	GOTO       L__Lcd_Cmd22
L__Lcd_Cmd21:
0x0035	0x1586      	BSF        LCD_D7, BitPos(LCD_D7+0)
L__Lcd_Cmd22:
;__Lib_Lcd.c,21 :: 		
0x0036	0x1B53      	BTFSC      FARG_Lcd_Cmd_out_char, 6
0x0037	0x283A      	GOTO       L__Lcd_Cmd23
0x0038	0x1106      	BCF        LCD_D6, BitPos(LCD_D6+0)
0x0039	0x283B      	GOTO       L__Lcd_Cmd24
L__Lcd_Cmd23:
0x003A	0x1506      	BSF        LCD_D6, BitPos(LCD_D6+0)
L__Lcd_Cmd24:
;__Lib_Lcd.c,22 :: 		
0x003B	0x1AD3      	BTFSC      FARG_Lcd_Cmd_out_char, 5
0x003C	0x283F      	GOTO       L__Lcd_Cmd25
0x003D	0x1086      	BCF        LCD_D5, BitPos(LCD_D5+0)
0x003E	0x2840      	GOTO       L__Lcd_Cmd26
L__Lcd_Cmd25:
0x003F	0x1486      	BSF        LCD_D5, BitPos(LCD_D5+0)
L__Lcd_Cmd26:
;__Lib_Lcd.c,23 :: 		
0x0040	0x1A53      	BTFSC      FARG_Lcd_Cmd_out_char, 4
0x0041	0x2844      	GOTO       L__Lcd_Cmd27
0x0042	0x1006      	BCF        LCD_D4, BitPos(LCD_D4+0)
0x0043	0x2845      	GOTO       L__Lcd_Cmd28
L__Lcd_Cmd27:
0x0044	0x1406      	BSF        LCD_D4, BitPos(LCD_D4+0)
L__Lcd_Cmd28:
;__Lib_Lcd.c,25 :: 		
0x0045	0x1842      	BTFSC      __Lib_Lcd_cmd_status, BitPos(__Lib_Lcd_cmd_status+0)
0x0046	0x2849      	GOTO       L__Lcd_Cmd29
0x0047	0x1606      	BSF        LCD_RS, BitPos(LCD_RS+0)
0x0048	0x284A      	GOTO       L__Lcd_Cmd30
L__Lcd_Cmd29:
0x0049	0x1206      	BCF        LCD_RS, BitPos(LCD_RS+0)
L__Lcd_Cmd30:
;__Lib_Lcd.c,28 :: 		
0x004A	0x1686      	BSF        LCD_EN, BitPos(LCD_EN+0)
;__Lib_Lcd.c,29 :: 		
0x004B	0x2015      	CALL       _Delay_1us
;__Lib_Lcd.c,30 :: 		
0x004C	0x1286      	BCF        LCD_EN, BitPos(LCD_EN+0)
;__Lib_Lcd.c,33 :: 		
0x004D	0x19D3      	BTFSC      FARG_Lcd_Cmd_out_char, 3
0x004E	0x2851      	GOTO       L__Lcd_Cmd31
0x004F	0x1186      	BCF        LCD_D7, BitPos(LCD_D7+0)
0x0050	0x2852      	GOTO       L__Lcd_Cmd32
L__Lcd_Cmd31:
0x0051	0x1586      	BSF        LCD_D7, BitPos(LCD_D7+0)
L__Lcd_Cmd32:
;__Lib_Lcd.c,34 :: 		
0x0052	0x1953      	BTFSC      FARG_Lcd_Cmd_out_char, 2
0x0053	0x2856      	GOTO       L__Lcd_Cmd33
0x0054	0x1106      	BCF        LCD_D6, BitPos(LCD_D6+0)
0x0055	0x2857      	GOTO       L__Lcd_Cmd34
L__Lcd_Cmd33:
0x0056	0x1506      	BSF        LCD_D6, BitPos(LCD_D6+0)
L__Lcd_Cmd34:
;__Lib_Lcd.c,35 :: 		
0x0057	0x18D3      	BTFSC      FARG_Lcd_Cmd_out_char, 1
0x0058	0x285B      	GOTO       L__Lcd_Cmd35
0x0059	0x1086      	BCF        LCD_D5, BitPos(LCD_D5+0)
0x005A	0x285C      	GOTO       L__Lcd_Cmd36
L__Lcd_Cmd35:
0x005B	0x1486      	BSF        LCD_D5, BitPos(LCD_D5+0)
L__Lcd_Cmd36:
;__Lib_Lcd.c,36 :: 		
0x005C	0x1853      	BTFSC      FARG_Lcd_Cmd_out_char, 0
0x005D	0x2860      	GOTO       L__Lcd_Cmd37
0x005E	0x1006      	BCF        LCD_D4, BitPos(LCD_D4+0)
0x005F	0x2861      	GOTO       L__Lcd_Cmd38
L__Lcd_Cmd37:
0x0060	0x1406      	BSF        LCD_D4, BitPos(LCD_D4+0)
L__Lcd_Cmd38:
;__Lib_Lcd.c,38 :: 		
0x0061	0x1842      	BTFSC      __Lib_Lcd_cmd_status, BitPos(__Lib_Lcd_cmd_status+0)
0x0062	0x2865      	GOTO       L__Lcd_Cmd39
0x0063	0x1606      	BSF        LCD_RS, BitPos(LCD_RS+0)
0x0064	0x2866      	GOTO       L__Lcd_Cmd40
L__Lcd_Cmd39:
0x0065	0x1206      	BCF        LCD_RS, BitPos(LCD_RS+0)
L__Lcd_Cmd40:
;__Lib_Lcd.c,40 :: 		
0x0066	0x1686      	BSF        LCD_EN, BitPos(LCD_EN+0)
;__Lib_Lcd.c,41 :: 		
0x0067	0x2015      	CALL       _Delay_1us
;__Lib_Lcd.c,42 :: 		
0x0068	0x1286      	BCF        LCD_EN, BitPos(LCD_EN+0)
;__Lib_Lcd.c,44 :: 		
0x0069	0x1C42      	BTFSS      __Lib_Lcd_cmd_status, BitPos(__Lib_Lcd_cmd_status+0)
0x006A	0x286D      	GOTO       L_Lcd_Cmd0
;__Lib_Lcd.c,45 :: 		
0x006B	0x201B      	CALL       _Delay_5500us
0x006C	0x286E      	GOTO       L_Lcd_Cmd1
L_Lcd_Cmd0:
;__Lib_Lcd.c,47 :: 		
0x006D	0x2028      	CALL       _Delay_50us
L_Lcd_Cmd1:
;__Lib_Lcd.c,48 :: 		
L_end_Lcd_Cmd:
0x006E	0x0008      	RETURN
; end of _Lcd_Cmd
_Div_8X8_U:
;__Lib_Math.c,189 :: 		
;__Lib_Math.c,196 :: 		
0x006F	0x1283      	BCF        STATUS, 5
;__Lib_Math.c,197 :: 		
0x0070	0x1303      	BCF        STATUS, 6
;__Lib_Math.c,198 :: 		
0x0071	0x01F8      	CLRF       R8
;__Lib_Math.c,199 :: 		
0x0072	0x3008      	MOVLW      8
;__Lib_Math.c,200 :: 		
0x0073	0x00FC      	MOVWF      R12
;__Lib_Math.c,201 :: 		
0x0074	0x0D70      	RLF        R0, 0
;__Lib_Math.c,202 :: 		
0x0075	0x0DF8      	RLF        R8, 1
;__Lib_Math.c,203 :: 		
0x0076	0x0874      	MOVF       R4, 0
;__Lib_Math.c,204 :: 		
0x0077	0x02F8      	SUBWF      R8, 1
;__Lib_Math.c,205 :: 		
0x0078	0x1803      	BTFSC      STATUS, 0
;__Lib_Math.c,206 :: 		
0x0079	0x287C      	GOTO       $+3
;__Lib_Math.c,207 :: 		
0x007A	0x07F8      	ADDWF      R8, 1
;__Lib_Math.c,208 :: 		
0x007B	0x1003      	BCF        STATUS, 0
;__Lib_Math.c,209 :: 		
0x007C	0x0DF0      	RLF        R0, 1
;__Lib_Math.c,210 :: 		
0x007D	0x0BFC      	DECFSZ     R12, 1
;__Lib_Math.c,211 :: 		
0x007E	0x2874      	GOTO       $-10
;__Lib_Math.c,213 :: 		
L_end_Div_8X8_U:
0x007F	0x0008      	RETURN
; end of _Div_8X8_U
_Lcd_Chr_CP:
;__Lib_Lcd.c,50 :: 		
;__Lib_Lcd.c,52 :: 		
0x0080	0x1283      	BCF        STATUS, 5
0x0081	0x1303      	BCF        STATUS, 6
0x0082	0x1042      	BCF        __Lib_Lcd_cmd_status, BitPos(__Lib_Lcd_cmd_status+0)
;__Lib_Lcd.c,53 :: 		
0x0083	0x0852      	MOVF       FARG_Lcd_Chr_CP_out_char, 0
0x0084	0x00D3      	MOVWF      FARG_Lcd_Cmd_out_char
0x0085	0x202F      	CALL       _Lcd_Cmd
;__Lib_Lcd.c,54 :: 		
0x0086	0x1442      	BSF        __Lib_Lcd_cmd_status, BitPos(__Lib_Lcd_cmd_status+0)
;__Lib_Lcd.c,55 :: 		
L_end_Lcd_Chr_CP:
0x0087	0x0008      	RETURN
; end of _Lcd_Chr_CP
_____DoICP:
;__Lib_System.c,6 :: 		
;__Lib_System.c,9 :: 		
0x0088	0x1283      	BCF        STATUS, 5
0x0089	0x1303      	BCF        STATUS, 6
0x008A	0x0841      	MOVF       ___DoICPAddr+1, 0
0x008B	0x008A      	MOVWF      PCLATH
;__Lib_System.c,10 :: 		
0x008C	0x0840      	MOVF       ___DoICPAddr, 0
0x008D	0x0082      	MOVWF      PCL
;__Lib_System.c,12 :: 		
L_end_____DoICP:
0x008E	0x0008      	RETURN
; end of _____DoICP
_ByteToStr:
;__Lib_Conversions.c,66 :: 		
;__Lib_Conversions.c,69 :: 		
0x008F	0x1283      	BCF        STATUS, 5
0x0090	0x1303      	BCF        STATUS, 6
0x0091	0x01D0      	CLRF       ByteToStr_DigitPos_L0
L_ByteToStr0:
0x0092	0x3003      	MOVLW      3
0x0093	0x0250      	SUBWF      ByteToStr_DigitPos_L0, 0
0x0094	0x1803      	BTFSC      STATUS, 0
0x0095	0x289D      	GOTO       L_ByteToStr1
;__Lib_Conversions.c,70 :: 		
0x0096	0x0850      	MOVF       ByteToStr_DigitPos_L0, 0
0x0097	0x074F      	ADDWF      FARG_ByteToStr_output, 0
0x0098	0x0084      	MOVWF      FSR
0x0099	0x3020      	MOVLW      32
0x009A	0x0080      	MOVWF      INDF
;__Lib_Conversions.c,69 :: 		
0x009B	0x0AD0      	INCF       ByteToStr_DigitPos_L0, 1
;__Lib_Conversions.c,70 :: 		
0x009C	0x2892      	GOTO       L_ByteToStr0
L_ByteToStr1:
;__Lib_Conversions.c,72 :: 		
0x009D	0x0850      	MOVF       ByteToStr_DigitPos_L0, 0
0x009E	0x074F      	ADDWF      FARG_ByteToStr_output, 0
0x009F	0x0084      	MOVWF      FSR
0x00A0	0x0180      	CLRF       INDF
0x00A1	0x03D0      	DECF       ByteToStr_DigitPos_L0, 1
;__Lib_Conversions.c,74 :: 		
L_ByteToStr3:
;__Lib_Conversions.c,75 :: 		
0x00A2	0x0850      	MOVF       ByteToStr_DigitPos_L0, 0
0x00A3	0x074F      	ADDWF      FARG_ByteToStr_output, 0
0x00A4	0x00D1      	MOVWF      FLOC__ByteToStr
0x00A5	0x300A      	MOVLW      10
0x00A6	0x00F4      	MOVWF      R4
0x00A7	0x084E      	MOVF       FARG_ByteToStr_input, 0
0x00A8	0x00F0      	MOVWF      R0
0x00A9	0x206F      	CALL       _Div_8X8_U
0x00AA	0x0878      	MOVF       R8, 0
0x00AB	0x00F0      	MOVWF      R0
0x00AC	0x3030      	MOVLW      48
0x00AD	0x07F0      	ADDWF      R0, 1
0x00AE	0x0851      	MOVF       FLOC__ByteToStr, 0
0x00AF	0x0084      	MOVWF      FSR
0x00B0	0x0870      	MOVF       R0, 0
0x00B1	0x0080      	MOVWF      INDF
;__Lib_Conversions.c,76 :: 		
0x00B2	0x300A      	MOVLW      10
0x00B3	0x00F4      	MOVWF      R4
0x00B4	0x084E      	MOVF       FARG_ByteToStr_input, 0
0x00B5	0x00F0      	MOVWF      R0
0x00B6	0x206F      	CALL       _Div_8X8_U
0x00B7	0x0870      	MOVF       R0, 0
0x00B8	0x00CE      	MOVWF      FARG_ByteToStr_input
;__Lib_Conversions.c,77 :: 		
0x00B9	0x0870      	MOVF       R0, 0
0x00BA	0x3A00      	XORLW      0
0x00BB	0x1D03      	BTFSS      STATUS, 2
0x00BC	0x28BE      	GOTO       L_ByteToStr5
;__Lib_Conversions.c,78 :: 		
0x00BD	0x28C0      	GOTO       L_ByteToStr4
L_ByteToStr5:
;__Lib_Conversions.c,79 :: 		
0x00BE	0x03D0      	DECF       ByteToStr_DigitPos_L0, 1
;__Lib_Conversions.c,80 :: 		
0x00BF	0x28A2      	GOTO       L_ByteToStr3
L_ByteToStr4:
;__Lib_Conversions.c,81 :: 		
L_end_ByteToStr:
0x00C0	0x0008      	RETURN
; end of _ByteToStr
_Lcd_Init:
;__Lib_Lcd.c,84 :: 		
;__Lib_Lcd.c,86 :: 		
0x00C1	0x1683      	BSF        STATUS, 5
0x00C2	0x1303      	BCF        STATUS, 6
0x00C3	0x1286      	BCF        LCD_EN_Direction, BitPos(LCD_EN_Direction+0)
;__Lib_Lcd.c,87 :: 		
0x00C4	0x1206      	BCF        LCD_RS_Direction, BitPos(LCD_RS_Direction+0)
;__Lib_Lcd.c,88 :: 		
0x00C5	0x1006      	BCF        LCD_D4_Direction, BitPos(LCD_D4_Direction+0)
;__Lib_Lcd.c,89 :: 		
0x00C6	0x1086      	BCF        LCD_D5_Direction, BitPos(LCD_D5_Direction+0)
;__Lib_Lcd.c,90 :: 		
0x00C7	0x1106      	BCF        LCD_D6_Direction, BitPos(LCD_D6_Direction+0)
;__Lib_Lcd.c,91 :: 		
0x00C8	0x1186      	BCF        LCD_D7_Direction, BitPos(LCD_D7_Direction+0)
;__Lib_Lcd.c,93 :: 		
0x00C9	0x1283      	BCF        STATUS, 5
0x00CA	0x1286      	BCF        LCD_EN, BitPos(LCD_EN+0)
;__Lib_Lcd.c,94 :: 		
0x00CB	0x1206      	BCF        LCD_RS, BitPos(LCD_RS+0)
;__Lib_Lcd.c,95 :: 		
0x00CC	0x1186      	BCF        LCD_D7, BitPos(LCD_D7+0)
;__Lib_Lcd.c,96 :: 		
0x00CD	0x1106      	BCF        LCD_D6, BitPos(LCD_D6+0)
;__Lib_Lcd.c,97 :: 		
0x00CE	0x1086      	BCF        LCD_D5, BitPos(LCD_D5+0)
;__Lib_Lcd.c,98 :: 		
0x00CF	0x1006      	BCF        LCD_D4, BitPos(LCD_D4+0)
;__Lib_Lcd.c,100 :: 		
0x00D0	0x201B      	CALL       _Delay_5500us
;__Lib_Lcd.c,101 :: 		
0x00D1	0x201B      	CALL       _Delay_5500us
;__Lib_Lcd.c,102 :: 		
0x00D2	0x201B      	CALL       _Delay_5500us
;__Lib_Lcd.c,105 :: 		
0x00D3	0x1486      	BSF        LCD_D5, BitPos(LCD_D5+0)
;__Lib_Lcd.c,106 :: 		
0x00D4	0x1406      	BSF        LCD_D4, BitPos(LCD_D4+0)
;__Lib_Lcd.c,107 :: 		
0x00D5	0x1686      	BSF        LCD_EN, BitPos(LCD_EN+0)
;__Lib_Lcd.c,108 :: 		
0x00D6	0x2015      	CALL       _Delay_1us
;__Lib_Lcd.c,109 :: 		
0x00D7	0x1286      	BCF        LCD_EN, BitPos(LCD_EN+0)
;__Lib_Lcd.c,110 :: 		
0x00D8	0x201B      	CALL       _Delay_5500us
;__Lib_Lcd.c,112 :: 		
0x00D9	0x1686      	BSF        LCD_EN, BitPos(LCD_EN+0)
;__Lib_Lcd.c,113 :: 		
0x00DA	0x2015      	CALL       _Delay_1us
;__Lib_Lcd.c,114 :: 		
0x00DB	0x1286      	BCF        LCD_EN, BitPos(LCD_EN+0)
;__Lib_Lcd.c,115 :: 		
0x00DC	0x201B      	CALL       _Delay_5500us
;__Lib_Lcd.c,117 :: 		
0x00DD	0x1686      	BSF        LCD_EN, BitPos(LCD_EN+0)
;__Lib_Lcd.c,118 :: 		
0x00DE	0x2015      	CALL       _Delay_1us
;__Lib_Lcd.c,119 :: 		
0x00DF	0x1286      	BCF        LCD_EN, BitPos(LCD_EN+0)
;__Lib_Lcd.c,120 :: 		
0x00E0	0x201B      	CALL       _Delay_5500us
;__Lib_Lcd.c,123 :: 		
0x00E1	0x1006      	BCF        LCD_D4, BitPos(LCD_D4+0)
;__Lib_Lcd.c,124 :: 		
0x00E2	0x1686      	BSF        LCD_EN, BitPos(LCD_EN+0)
;__Lib_Lcd.c,125 :: 		
0x00E3	0x2015      	CALL       _Delay_1us
;__Lib_Lcd.c,126 :: 		
0x00E4	0x1286      	BCF        LCD_EN, BitPos(LCD_EN+0)
;__Lib_Lcd.c,127 :: 		
0x00E5	0x201B      	CALL       _Delay_5500us
;__Lib_Lcd.c,130 :: 		
0x00E6	0x1686      	BSF        LCD_EN, BitPos(LCD_EN+0)
;__Lib_Lcd.c,131 :: 		
0x00E7	0x2015      	CALL       _Delay_1us
;__Lib_Lcd.c,132 :: 		
0x00E8	0x1286      	BCF        LCD_EN, BitPos(LCD_EN+0)
;__Lib_Lcd.c,134 :: 		
0x00E9	0x1086      	BCF        LCD_D5, BitPos(LCD_D5+0)
;__Lib_Lcd.c,135 :: 		
0x00EA	0x1586      	BSF        LCD_D7, BitPos(LCD_D7+0)
;__Lib_Lcd.c,136 :: 		
0x00EB	0x1686      	BSF        LCD_EN, BitPos(LCD_EN+0)
;__Lib_Lcd.c,137 :: 		
0x00EC	0x2015      	CALL       _Delay_1us
;__Lib_Lcd.c,138 :: 		
0x00ED	0x1286      	BCF        LCD_EN, BitPos(LCD_EN+0)
;__Lib_Lcd.c,139 :: 		
0x00EE	0x201B      	CALL       _Delay_5500us
;__Lib_Lcd.c,142 :: 		
0x00EF	0x1186      	BCF        LCD_D7, BitPos(LCD_D7+0)
;__Lib_Lcd.c,143 :: 		
0x00F0	0x1406      	BSF        LCD_D4, BitPos(LCD_D4+0)
;__Lib_Lcd.c,144 :: 		
0x00F1	0x1686      	BSF        LCD_EN, BitPos(LCD_EN+0)
;__Lib_Lcd.c,145 :: 		
0x00F2	0x2015      	CALL       _Delay_1us
;__Lib_Lcd.c,146 :: 		
0x00F3	0x1286      	BCF        LCD_EN, BitPos(LCD_EN+0)
;__Lib_Lcd.c,148 :: 		
0x00F4	0x1006      	BCF        LCD_D4, BitPos(LCD_D4+0)
;__Lib_Lcd.c,149 :: 		
0x00F5	0x1686      	BSF        LCD_EN, BitPos(LCD_EN+0)
;__Lib_Lcd.c,150 :: 		
0x00F6	0x2015      	CALL       _Delay_1us
;__Lib_Lcd.c,151 :: 		
0x00F7	0x1286      	BCF        LCD_EN, BitPos(LCD_EN+0)
;__Lib_Lcd.c,152 :: 		
0x00F8	0x201B      	CALL       _Delay_5500us
;__Lib_Lcd.c,155 :: 		
0x00F9	0x1686      	BSF        LCD_EN, BitPos(LCD_EN+0)
;__Lib_Lcd.c,156 :: 		
0x00FA	0x2015      	CALL       _Delay_1us
;__Lib_Lcd.c,157 :: 		
0x00FB	0x1286      	BCF        LCD_EN, BitPos(LCD_EN+0)
;__Lib_Lcd.c,159 :: 		
0x00FC	0x1406      	BSF        LCD_D4, BitPos(LCD_D4+0)
;__Lib_Lcd.c,160 :: 		
0x00FD	0x1686      	BSF        LCD_EN, BitPos(LCD_EN+0)
;__Lib_Lcd.c,161 :: 		
0x00FE	0x2015      	CALL       _Delay_1us
;__Lib_Lcd.c,162 :: 		
0x00FF	0x1286      	BCF        LCD_EN, BitPos(LCD_EN+0)
;__Lib_Lcd.c,163 :: 		
0x0100	0x201B      	CALL       _Delay_5500us
;__Lib_Lcd.c,166 :: 		
0x0101	0x1006      	BCF        LCD_D4, BitPos(LCD_D4+0)
;__Lib_Lcd.c,167 :: 		
0x0102	0x1686      	BSF        LCD_EN, BitPos(LCD_EN+0)
;__Lib_Lcd.c,168 :: 		
0x0103	0x2015      	CALL       _Delay_1us
;__Lib_Lcd.c,169 :: 		
0x0104	0x1286      	BCF        LCD_EN, BitPos(LCD_EN+0)
;__Lib_Lcd.c,171 :: 		
0x0105	0x1586      	BSF        LCD_D7, BitPos(LCD_D7+0)
;__Lib_Lcd.c,172 :: 		
0x0106	0x1506      	BSF        LCD_D6, BitPos(LCD_D6+0)
;__Lib_Lcd.c,173 :: 		
0x0107	0x1486      	BSF        LCD_D5, BitPos(LCD_D5+0)
;__Lib_Lcd.c,174 :: 		
0x0108	0x1406      	BSF        LCD_D4, BitPos(LCD_D4+0)
;__Lib_Lcd.c,175 :: 		
0x0109	0x1686      	BSF        LCD_EN, BitPos(LCD_EN+0)
;__Lib_Lcd.c,176 :: 		
0x010A	0x2015      	CALL       _Delay_1us
;__Lib_Lcd.c,177 :: 		
0x010B	0x1286      	BCF        LCD_EN, BitPos(LCD_EN+0)
;__Lib_Lcd.c,179 :: 		
0x010C	0x201B      	CALL       _Delay_5500us
;__Lib_Lcd.c,181 :: 		
0x010D	0x1442      	BSF        __Lib_Lcd_cmd_status, BitPos(__Lib_Lcd_cmd_status+0)
;__Lib_Lcd.c,182 :: 		
L_end_Lcd_Init:
0x010E	0x0008      	RETURN
; end of _Lcd_Init
_ReadByteDHT:
;HumidityandTemperature.c,50 :: 		unsigned char ReadByteDHT(void){                                                // Transmissão pelo DHT e recepção pelo MCU iniciada
;HumidityandTemperature.c,52 :: 		buffer =0;                                                              // Inicia o buffer de recepção do byte
0x010F	0x1283      	BCF        STATUS, 5
0x0110	0x1303      	BCF        STATUS, 6
0x0111	0x01C3      	CLRF       _buffer
;HumidityandTemperature.c,53 :: 		for (i=1;i<=8;i++){
0x0112	0x3001      	MOVLW      1
0x0113	0x00F1      	MOVWF      R1
0x0114	0x3000      	MOVLW      0
0x0115	0x00F2      	MOVWF      R1+1
L_ReadByteDHT17:
0x0116	0x3080      	MOVLW      128
0x0117	0x00F0      	MOVWF      R0
0x0118	0x3080      	MOVLW      128
0x0119	0x0672      	XORWF      R1+1, 0
0x011A	0x0270      	SUBWF      R0, 0
0x011B	0x1D03      	BTFSS      STATUS, 2
0x011C	0x291F      	GOTO       L__ReadByteDHT48
0x011D	0x0871      	MOVF       R1, 0
0x011E	0x3C08      	SUBLW      8
L__ReadByteDHT48:
0x011F	0x1C03      	BTFSS      STATUS, 0
0x0120	0x293F      	GOTO       L_ReadByteDHT18
;HumidityandTemperature.c,54 :: 		while(!DHT_pin&&!overflow);                                         // tempo em baixo que demarca o início do bit
L_ReadByteDHT20:
0x0121	0x1908      	BTFSC      RD2_bit, BitPos(RD2_bit+0)
0x0122	0x2927      	GOTO       L_ReadByteDHT21
0x0123	0x0835      	MOVF       _overflow, 0
0x0124	0x1D03      	BTFSS      STATUS, 2
0x0125	0x2927      	GOTO       L_ReadByteDHT21
L__ReadByteDHT42:
0x0126	0x2921      	GOTO       L_ReadByteDHT20
L_ReadByteDHT21:
;HumidityandTemperature.c,55 :: 		T2CON.TMR2ON=1;                                                     // Dispara o timer 2
0x0127	0x1512      	BSF        T2CON, 2
;HumidityandTemperature.c,56 :: 		while(DHT_pin&&!overflow);                                          // Conta o tempo em alto
L_ReadByteDHT24:
0x0128	0x1D08      	BTFSS      RD2_bit, BitPos(RD2_bit+0)
0x0129	0x292E      	GOTO       L_ReadByteDHT25
0x012A	0x0835      	MOVF       _overflow, 0
0x012B	0x1D03      	BTFSS      STATUS, 2
0x012C	0x292E      	GOTO       L_ReadByteDHT25
L__ReadByteDHT41:
0x012D	0x2928      	GOTO       L_ReadByteDHT24
L_ReadByteDHT25:
;HumidityandTemperature.c,57 :: 		T2CON.TMR2ON=0;                                                     // Interrompe contagem do timer 2
0x012E	0x1112      	BCF        T2CON, 2
;HumidityandTemperature.c,58 :: 		buffer=buffer<<1;                                                   // Move os bits para a esquerda
0x012F	0x0DC3      	RLF        _buffer, 1
0x0130	0x1043      	BCF        _buffer, 0
;HumidityandTemperature.c,59 :: 		if (TMR2> 61){                                                      // maior que 48.8us
0x0131	0x0811      	MOVF       TMR2, 0
0x0132	0x3C3D      	SUBLW      61
0x0133	0x1803      	BTFSC      STATUS, 0
0x0134	0x2936      	GOTO       L_ReadByteDHT28
;HumidityandTemperature.c,60 :: 		buffer|=0x01;                                                    // Bit 1 recebido
0x0135	0x1443      	BSF        _buffer, 0
;HumidityandTemperature.c,61 :: 		}
L_ReadByteDHT28:
;HumidityandTemperature.c,62 :: 		TMR2=0;                                                             // Reseta o timer 0;
0x0136	0x0191      	CLRF       TMR2
;HumidityandTemperature.c,63 :: 		if (overflow) break;
0x0137	0x0835      	MOVF       _overflow, 0
0x0138	0x1903      	BTFSC      STATUS, 2
0x0139	0x293B      	GOTO       L_ReadByteDHT29
0x013A	0x293F      	GOTO       L_ReadByteDHT18
L_ReadByteDHT29:
;HumidityandTemperature.c,53 :: 		for (i=1;i<=8;i++){
0x013B	0x0AF1      	INCF       R1, 1
0x013C	0x1903      	BTFSC      STATUS, 2
0x013D	0x0AF2      	INCF       R1+1, 1
;HumidityandTemperature.c,64 :: 		}
0x013E	0x2916      	GOTO       L_ReadByteDHT17
L_ReadByteDHT18:
;HumidityandTemperature.c,65 :: 		return buffer;
0x013F	0x0843      	MOVF       _buffer, 0
0x0140	0x00F0      	MOVWF      R0
;HumidityandTemperature.c,66 :: 		}
L_end_ReadByteDHT:
0x0141	0x0008      	RETURN
; end of _ReadByteDHT
_Lcd_Out:
;__Lib_Lcd.c,184 :: 		
;__Lib_Lcd.c,187 :: 		
0x0142	0x2954      	GOTO       L_Lcd_Out11
;__Lib_Lcd.c,188 :: 		
L_Lcd_Out13:
0x0143	0x3080      	MOVLW      128
0x0144	0x1283      	BCF        STATUS, 5
0x0145	0x1303      	BCF        STATUS, 6
0x0146	0x00CE      	MOVWF      FARG_Lcd_Out_row
0x0147	0x2967      	GOTO       L_Lcd_Out12
;__Lib_Lcd.c,189 :: 		
L_Lcd_Out14:
0x0148	0x30C0      	MOVLW      192
0x0149	0x00CE      	MOVWF      FARG_Lcd_Out_row
0x014A	0x2967      	GOTO       L_Lcd_Out12
;__Lib_Lcd.c,190 :: 		
L_Lcd_Out15:
0x014B	0x3094      	MOVLW      148
0x014C	0x00CE      	MOVWF      FARG_Lcd_Out_row
0x014D	0x2967      	GOTO       L_Lcd_Out12
;__Lib_Lcd.c,191 :: 		
L_Lcd_Out16:
0x014E	0x30D4      	MOVLW      212
0x014F	0x00CE      	MOVWF      FARG_Lcd_Out_row
0x0150	0x2967      	GOTO       L_Lcd_Out12
;__Lib_Lcd.c,192 :: 		
L_Lcd_Out17:
0x0151	0x3080      	MOVLW      128
0x0152	0x00CE      	MOVWF      FARG_Lcd_Out_row
;__Lib_Lcd.c,193 :: 		
0x0153	0x2967      	GOTO       L_Lcd_Out12
L_Lcd_Out11:
0x0154	0x1283      	BCF        STATUS, 5
0x0155	0x1303      	BCF        STATUS, 6
0x0156	0x084E      	MOVF       FARG_Lcd_Out_row, 0
0x0157	0x3A01      	XORLW      1
0x0158	0x1903      	BTFSC      STATUS, 2
0x0159	0x2943      	GOTO       L_Lcd_Out13
0x015A	0x084E      	MOVF       FARG_Lcd_Out_row, 0
0x015B	0x3A02      	XORLW      2
0x015C	0x1903      	BTFSC      STATUS, 2
0x015D	0x2948      	GOTO       L_Lcd_Out14
0x015E	0x084E      	MOVF       FARG_Lcd_Out_row, 0
0x015F	0x3A03      	XORLW      3
0x0160	0x1903      	BTFSC      STATUS, 2
0x0161	0x294B      	GOTO       L_Lcd_Out15
0x0162	0x084E      	MOVF       FARG_Lcd_Out_row, 0
0x0163	0x3A04      	XORLW      4
0x0164	0x1903      	BTFSC      STATUS, 2
0x0165	0x294E      	GOTO       L_Lcd_Out16
0x0166	0x2951      	GOTO       L_Lcd_Out17
L_Lcd_Out12:
;__Lib_Lcd.c,194 :: 		
0x0167	0x034F      	DECF       FARG_Lcd_Out_column, 0
0x0168	0x00F0      	MOVWF      R0
0x0169	0x084E      	MOVF       FARG_Lcd_Out_row, 0
0x016A	0x07F0      	ADDWF      R0, 1
0x016B	0x0870      	MOVF       R0, 0
0x016C	0x00CE      	MOVWF      FARG_Lcd_Out_row
;__Lib_Lcd.c,196 :: 		
0x016D	0x0870      	MOVF       R0, 0
0x016E	0x00D3      	MOVWF      FARG_Lcd_Cmd_out_char
0x016F	0x202F      	CALL       _Lcd_Cmd
;__Lib_Lcd.c,197 :: 		
0x0170	0x1042      	BCF        __Lib_Lcd_cmd_status, BitPos(__Lib_Lcd_cmd_status+0)
;__Lib_Lcd.c,198 :: 		
0x0171	0x01D1      	CLRF       Lcd_Out_i_L0
;__Lib_Lcd.c,199 :: 		
L_Lcd_Out18:
0x0172	0x0851      	MOVF       Lcd_Out_i_L0, 0
0x0173	0x0750      	ADDWF      FARG_Lcd_Out_text, 0
0x0174	0x0084      	MOVWF      FSR
0x0175	0x0800      	MOVF       INDF, 0
0x0176	0x1903      	BTFSC      STATUS, 2
0x0177	0x2980      	GOTO       L_Lcd_Out19
;__Lib_Lcd.c,200 :: 		
0x0178	0x0851      	MOVF       Lcd_Out_i_L0, 0
0x0179	0x0750      	ADDWF      FARG_Lcd_Out_text, 0
0x017A	0x0084      	MOVWF      FSR
0x017B	0x0800      	MOVF       INDF, 0
0x017C	0x00D2      	MOVWF      FARG_Lcd_Chr_CP_out_char
0x017D	0x2080      	CALL       _Lcd_Chr_CP
0x017E	0x0AD1      	INCF       Lcd_Out_i_L0, 1
0x017F	0x2972      	GOTO       L_Lcd_Out18
L_Lcd_Out19:
;__Lib_Lcd.c,201 :: 		
0x0180	0x1442      	BSF        __Lib_Lcd_cmd_status, BitPos(__Lib_Lcd_cmd_status+0)
;__Lib_Lcd.c,202 :: 		
L_end_Lcd_Out:
0x0181	0x0008      	RETURN
; end of _Lcd_Out
_WakeUpDHT:
;HumidityandTemperature.c,30 :: 		void WakeUpDHT(void){                                                           // MCU enviando sinal de start para acordar DHT
;HumidityandTemperature.c,31 :: 		DHT_direction=0;                                                        // Pino de dados é OUTPUT
0x0182	0x1683      	BSF        STATUS, 5
0x0183	0x1303      	BCF        STATUS, 6
0x0184	0x1108      	BCF        TRISD2_bit, BitPos(TRISD2_bit+0)
;HumidityandTemperature.c,32 :: 		DHT_pin=0;                                                              // Nível baixo na linha de dados
0x0185	0x1283      	BCF        STATUS, 5
0x0186	0x1108      	BCF        RD2_bit, BitPos(RD2_bit+0)
;HumidityandTemperature.c,33 :: 		delay_ms(18);                                                           // Delay exigido pelo datasheet para que o DHT reconheça o sinal de start
0x0187	0x3075      	MOVLW      117
0x0188	0x00FC      	MOVWF      R12
0x0189	0x30E1      	MOVLW      225
0x018A	0x00FD      	MOVWF      R13
L_WakeUpDHT0:
0x018B	0x0BFD      	DECFSZ     R13, 1
0x018C	0x298B      	GOTO       L_WakeUpDHT0
0x018D	0x0BFC      	DECFSZ     R12, 1
0x018E	0x298B      	GOTO       L_WakeUpDHT0
;HumidityandTemperature.c,34 :: 		DHT_direction=1;                                                        // Pino de dados torna-se INPUT; resistor de pull up faz a linha retornar a HIGH
0x018F	0x1683      	BSF        STATUS, 5
0x0190	0x1508      	BSF        TRISD2_bit, BitPos(TRISD2_bit+0)
;HumidityandTemperature.c,35 :: 		delay_us(2);                                                            // Para dar tempo da linha se estabilizar em HIGH
0x0191	0x3003      	MOVLW      3
0x0192	0x00FD      	MOVWF      R13
L_WakeUpDHT1:
0x0193	0x0BFD      	DECFSZ     R13, 1
0x0194	0x2993      	GOTO       L_WakeUpDHT1
;HumidityandTemperature.c,36 :: 		}
L_end_WakeUpDHT:
0x0195	0x0008      	RETURN
; end of _WakeUpDHT
_Ltrim:
;__Lib_Conversions.c,421 :: 		
;__Lib_Conversions.c,425 :: 		
0x0196	0x1283      	BCF        STATUS, 5
0x0197	0x1303      	BCF        STATUS, 6
0x0198	0x01CF      	CLRF       Ltrim_trimmed_L0
0x0199	0x01D0      	CLRF       Ltrim_trimmed_L0+1
;__Lib_Conversions.c,426 :: 		
0x019A	0x084E      	MOVF       FARG_Ltrim_string, 0
0x019B	0x00F2      	MOVWF      R2
;__Lib_Conversions.c,427 :: 		
0x019C	0x084E      	MOVF       FARG_Ltrim_string, 0
0x019D	0x00F3      	MOVWF      R3
;__Lib_Conversions.c,428 :: 		
L_Ltrim84:
;__Lib_Conversions.c,429 :: 		
0x019E	0x0872      	MOVF       R2, 0
0x019F	0x0084      	MOVWF      FSR
0x01A0	0x0800      	MOVF       INDF, 0
0x01A1	0x3A20      	XORLW      32
0x01A2	0x1D03      	BTFSS      STATUS, 2
0x01A3	0x29A9      	GOTO       L__Ltrim147
0x01A4	0x084F      	MOVF       Ltrim_trimmed_L0, 0
0x01A5	0x0450      	IORWF      Ltrim_trimmed_L0+1, 0
0x01A6	0x1D03      	BTFSS      STATUS, 2
0x01A7	0x29A9      	GOTO       L__Ltrim147
0x01A8	0x29B6      	GOTO       L_Ltrim89
L__Ltrim147:
;__Lib_Conversions.c,430 :: 		
0x01A9	0x3001      	MOVLW      1
0x01AA	0x00CF      	MOVWF      Ltrim_trimmed_L0
0x01AB	0x3000      	MOVLW      0
0x01AC	0x00D0      	MOVWF      Ltrim_trimmed_L0+1
;__Lib_Conversions.c,431 :: 		
0x01AD	0x0872      	MOVF       R2, 0
0x01AE	0x0084      	MOVWF      FSR
0x01AF	0x0800      	MOVF       INDF, 0
0x01B0	0x00F0      	MOVWF      R0
0x01B1	0x0873      	MOVF       R3, 0
0x01B2	0x0084      	MOVWF      FSR
0x01B3	0x0870      	MOVF       R0, 0
0x01B4	0x0080      	MOVWF      INDF
0x01B5	0x0AF3      	INCF       R3, 1
;__Lib_Conversions.c,432 :: 		
L_Ltrim89:
;__Lib_Conversions.c,434 :: 		
0x01B6	0x0872      	MOVF       R2, 0
0x01B7	0x00F1      	MOVWF      R1
0x01B8	0x0AF2      	INCF       R2, 1
0x01B9	0x0871      	MOVF       R1, 0
0x01BA	0x0084      	MOVWF      FSR
0x01BB	0x0800      	MOVF       INDF, 0
0x01BC	0x3A00      	XORLW      0
0x01BD	0x1D03      	BTFSS      STATUS, 2
0x01BE	0x299E      	GOTO       L_Ltrim84
;__Lib_Conversions.c,435 :: 		
0x01BF	0x084E      	MOVF       FARG_Ltrim_string, 0
0x01C0	0x00F0      	MOVWF      R0
;__Lib_Conversions.c,436 :: 		
L_end_Ltrim:
0x01C1	0x0008      	RETURN
; end of _Ltrim
___CC2DW:
;__Lib_System.c,134 :: 		
;__Lib_System.c,137 :: 		
_CC2D_Loop1:
;__Lib_System.c,139 :: 		
0x01C2	0x2088      	CALL       _____DoICP
0x01C3	0x118A      	BCF        PCLATH, 3
0x01C4	0x120A      	BCF        PCLATH, 4
;__Lib_System.c,141 :: 		
0x01C5	0x0080      	MOVWF      INDF
;__Lib_System.c,142 :: 		
0x01C6	0x0A84      	INCF       FSR, 1
;__Lib_System.c,143 :: 		
0x01C7	0x0AC0      	INCF       ___DoICPAddr, 1
;__Lib_System.c,145 :: 		
0x01C8	0x1903      	BTFSC      STATUS, 2
;__Lib_System.c,146 :: 		
0x01C9	0x0AC1      	INCF       ___DoICPAddr+1, 1
;__Lib_System.c,147 :: 		
0x01CA	0x03F0      	DECF       R0, 1
;__Lib_System.c,149 :: 		
0x01CB	0x1D03      	BTFSS      STATUS, 2
;__Lib_System.c,150 :: 		
0x01CC	0x29C2      	GOTO       _CC2D_Loop1
;__Lib_System.c,152 :: 		
L_end___CC2DW:
0x01CD	0x0008      	RETURN
; end of ___CC2DW
_DHTcheck:
;HumidityandTemperature.c,38 :: 		void DHTcheck(void){                                                            // Sinal de confirmação enviado pelo sensor
;HumidityandTemperature.c,39 :: 		T2CON.TMR2ON=1;                                                         // Dispara o timer 2
0x01CE	0x1283      	BCF        STATUS, 5
0x01CF	0x1303      	BCF        STATUS, 6
0x01D0	0x1512      	BSF        T2CON, 2
;HumidityandTemperature.c,40 :: 		while(DHT_pin&&!(overflow.b0));                                         // Aguarda a resposta do sensor ou overflow do timer(se demorar de mais para receber resposta)
L_DHTcheck2:
0x01D1	0x1D08      	BTFSS      RD2_bit, BitPos(RD2_bit+0)
0x01D2	0x29D6      	GOTO       L_DHTcheck3
0x01D3	0x1835      	BTFSC      _overflow, 0
0x01D4	0x29D6      	GOTO       L_DHTcheck3
L__DHTcheck40:
0x01D5	0x29D1      	GOTO       L_DHTcheck2
L_DHTcheck3:
;HumidityandTemperature.c,41 :: 		T2CON.TMR2ON=0;                                                         // Interrompe contagem do timer 2
0x01D6	0x1112      	BCF        T2CON, 2
;HumidityandTemperature.c,42 :: 		TMR2=0;                                                                 // Reseta o timer 2
0x01D7	0x0191      	CLRF       TMR2
;HumidityandTemperature.c,43 :: 		delay_us(2);
0x01D8	0x3003      	MOVLW      3
0x01D9	0x00FD      	MOVWF      R13
L_DHTcheck6:
0x01DA	0x0BFD      	DECFSZ     R13, 1
0x01DB	0x29DA      	GOTO       L_DHTcheck6
;HumidityandTemperature.c,44 :: 		while(!DHT_pin&&!(overflow.b0));                                        // Aguardando inicio da transmissão
L_DHTcheck7:
0x01DC	0x1908      	BTFSC      RD2_bit, BitPos(RD2_bit+0)
0x01DD	0x29E1      	GOTO       L_DHTcheck8
0x01DE	0x1835      	BTFSC      _overflow, 0
0x01DF	0x29E1      	GOTO       L_DHTcheck8
L__DHTcheck39:
0x01E0	0x29DC      	GOTO       L_DHTcheck7
L_DHTcheck8:
;HumidityandTemperature.c,45 :: 		delay_us(2);
0x01E1	0x3003      	MOVLW      3
0x01E2	0x00FD      	MOVWF      R13
L_DHTcheck11:
0x01E3	0x0BFD      	DECFSZ     R13, 1
0x01E4	0x29E3      	GOTO       L_DHTcheck11
;HumidityandTemperature.c,46 :: 		while(DHT_pin&&!(overflow.b0));                                         // Aguardando inicio da transmissão
L_DHTcheck12:
0x01E5	0x1D08      	BTFSS      RD2_bit, BitPos(RD2_bit+0)
0x01E6	0x29EA      	GOTO       L_DHTcheck13
0x01E7	0x1835      	BTFSC      _overflow, 0
0x01E8	0x29EA      	GOTO       L_DHTcheck13
L__DHTcheck38:
0x01E9	0x29E5      	GOTO       L_DHTcheck12
L_DHTcheck13:
;HumidityandTemperature.c,47 :: 		delay_us(2);
0x01EA	0x3003      	MOVLW      3
0x01EB	0x00FD      	MOVWF      R13
L_DHTcheck16:
0x01EC	0x0BFD      	DECFSZ     R13, 1
0x01ED	0x29EC      	GOTO       L_DHTcheck16
;HumidityandTemperature.c,48 :: 		}
L_end_DHTcheck:
0x01EE	0x0008      	RETURN
; end of _DHTcheck
_main:
0x01EF	0x3025      	MOVLW      37
0x01F0	0x1283      	BCF        STATUS, 5
0x01F1	0x1303      	BCF        STATUS, 6
0x01F2	0x00A0      	MOVWF      ?lstr4_HumidityandTemperature
0x01F3	0x01A1      	CLRF       33
0x01F4	0x302E      	MOVLW      46
0x01F5	0x00A2      	MOVWF      ?lstr3_HumidityandTemperature
0x01F6	0x01A3      	CLRF       35
0x01F7	0x302E      	MOVLW      46
0x01F8	0x00A4      	MOVWF      ?lstr5_HumidityandTemperature
0x01F9	0x01A5      	CLRF       37
0x01FA	0x3045      	MOVLW      69
0x01FB	0x00A6      	MOVWF      ?lstr6_HumidityandTemperature
0x01FC	0x3052      	MOVLW      82
0x01FD	0x00A7      	MOVWF      39
0x01FE	0x3052      	MOVLW      82
0x01FF	0x00A8      	MOVWF      40
0x0200	0x304F      	MOVLW      79
0x0201	0x00A9      	MOVWF      41
0x0202	0x01AA      	CLRF       42
0x0203	0x3054      	MOVLW      84
0x0204	0x00AB      	MOVWF      ?lstr2_HumidityandTemperature
0x0205	0x3045      	MOVLW      69
0x0206	0x00AC      	MOVWF      44
0x0207	0x304D      	MOVLW      77
0x0208	0x00AD      	MOVWF      45
0x0209	0x3050      	MOVLW      80
0x020A	0x00AE      	MOVWF      46
0x020B	0x303D      	MOVLW      61
0x020C	0x00AF      	MOVWF      47
0x020D	0x3020      	MOVLW      32
0x020E	0x00B0      	MOVWF      48
0x020F	0x3020      	MOVLW      32
0x0210	0x00B1      	MOVWF      49
0x0211	0x3020      	MOVLW      32
0x0212	0x00B2      	MOVWF      50
0x0213	0x3020      	MOVLW      32
0x0214	0x00B3      	MOVWF      51
0x0215	0x01B4      	CLRF       52
0x0216	0x01B5      	CLRF       _overflow
0x0217	0x3048      	MOVLW      72
0x0218	0x00B6      	MOVWF      ?lstr1_HumidityandTemperature
0x0219	0x304D      	MOVLW      77
0x021A	0x00B7      	MOVWF      55
0x021B	0x3054      	MOVLW      84
0x021C	0x00B8      	MOVWF      56
0x021D	0x3059      	MOVLW      89
0x021E	0x00B9      	MOVWF      57
0x021F	0x303D      	MOVLW      61
0x0220	0x00BA      	MOVWF      58
0x0221	0x3020      	MOVLW      32
0x0222	0x00BB      	MOVWF      59
0x0223	0x3020      	MOVLW      32
0x0224	0x00BC      	MOVWF      60
0x0225	0x3020      	MOVLW      32
0x0226	0x00BD      	MOVWF      61
0x0227	0x3020      	MOVLW      32
0x0228	0x00BE      	MOVWF      62
0x0229	0x01BF      	CLRF       63
;HumidityandTemperature.c,69 :: 		void main() {
;HumidityandTemperature.c,75 :: 		ADCON1=0x06;                                                               // Todas as portas são digitais
0x022A	0x3006      	MOVLW      6
0x022B	0x1683      	BSF        STATUS, 5
0x022C	0x009F      	MOVWF      ADCON1
;HumidityandTemperature.c,76 :: 		DHT_Direction=1;                                                           // Pino do DHT é input
0x022D	0x1508      	BSF        TRISD2_bit, BitPos(TRISD2_bit+0)
;HumidityandTemperature.c,79 :: 		Lcd_Init();                                                                // LCD é conectado ao PORTB
0x022E	0x20C1      	CALL       _Lcd_Init
;HumidityandTemperature.c,80 :: 		Lcd_Cmd(_LCD_CLEAR);                                                       // Limpa o lcd
0x022F	0x3001      	MOVLW      1
0x0230	0x00D3      	MOVWF      FARG_Lcd_Cmd_out_char
0x0231	0x202F      	CALL       _Lcd_Cmd
;HumidityandTemperature.c,81 :: 		Lcd_Cmd(_LCD_CURSOR_OFF);
0x0232	0x300C      	MOVLW      12
0x0233	0x00D3      	MOVWF      FARG_Lcd_Cmd_out_char
0x0234	0x202F      	CALL       _Lcd_Cmd
;HumidityandTemperature.c,84 :: 		T2CON=1;                                                                   // Timer 2 prescale 4; postscale 1; desligado T2CON.TMR2ON(liga o timer); 204.8us para overflow, incremento a cada 0.8us
0x0235	0x3001      	MOVLW      1
0x0236	0x0092      	MOVWF      T2CON
;HumidityandTemperature.c,85 :: 		PR2=0xFF;                                                                  // Periodo para overflow de 256 contagens do timer 2
0x0237	0x30FF      	MOVLW      255
0x0238	0x1683      	BSF        STATUS, 5
0x0239	0x0092      	MOVWF      PR2
;HumidityandTemperature.c,88 :: 		INTCON=0xC0;                                                               // Habilita as interrupções globais e as interrupções dos periféricos
0x023A	0x30C0      	MOVLW      192
0x023B	0x008B      	MOVWF      INTCON
;HumidityandTemperature.c,89 :: 		PIE1.TMR2IE=1;                                                             // Habilita a interrupção pelo overflow do timer 2
0x023C	0x148C      	BSF        PIE1, 1
;HumidityandTemperature.c,92 :: 		delay_ms(2000);                                                            // Delay de 1s exigido pelo datasheet
0x023D	0x3033      	MOVLW      51
0x023E	0x00FB      	MOVWF      R11
0x023F	0x30BB      	MOVLW      187
0x0240	0x00FC      	MOVWF      R12
0x0241	0x30DF      	MOVLW      223
0x0242	0x00FD      	MOVWF      R13
L_main30:
0x0243	0x0BFD      	DECFSZ     R13, 1
0x0244	0x2A43      	GOTO       L_main30
0x0245	0x0BFC      	DECFSZ     R12, 1
0x0246	0x2A43      	GOTO       L_main30
0x0247	0x0BFB      	DECFSZ     R11, 1
0x0248	0x2A43      	GOTO       L_main30
0x0249	0x0000      	NOP
0x024A	0x0000      	NOP
;HumidityandTemperature.c,93 :: 		for(;;){
L_main31:
;HumidityandTemperature.c,94 :: 		WakeUpDHT();                                                            // MCU enviando sinal de start para acordar DHT
0x024B	0x2182      	CALL       _WakeUpDHT
;HumidityandTemperature.c,95 :: 		DHTcheck();                                                             // Verifica sinal de confirmação enviado pelo sensor
0x024C	0x21CE      	CALL       _DHTcheck
;HumidityandTemperature.c,96 :: 		if (!overflow){
0x024D	0x0835      	MOVF       _overflow, 0
0x024E	0x1D03      	BTFSS      STATUS, 2
0x024F	0x2ACB      	GOTO       L_main34
;HumidityandTemperature.c,97 :: 		IntegralRH=ReadByteDHT();                                           // Lê a parte integral da umidade
0x0250	0x210F      	CALL       _ReadByteDHT
0x0251	0x0870      	MOVF       R0, 0
0x0252	0x00CA      	MOVWF      main_IntegralRH_L0
;HumidityandTemperature.c,98 :: 		DecimalRH=ReadByteDHT();                                            // Lê a parte decimal da umidade
0x0253	0x210F      	CALL       _ReadByteDHT
0x0254	0x0870      	MOVF       R0, 0
0x0255	0x00CB      	MOVWF      main_DecimalRH_L0
;HumidityandTemperature.c,99 :: 		IntegralT=ReadByteDHT();                                            // Lê a parte integral da temperatura
0x0256	0x210F      	CALL       _ReadByteDHT
0x0257	0x0870      	MOVF       R0, 0
0x0258	0x00CC      	MOVWF      main_IntegralT_L0
;HumidityandTemperature.c,100 :: 		DecimalT=ReadByteDHT();                                             // Lê a parte decimal da temperatura
0x0259	0x210F      	CALL       _ReadByteDHT
0x025A	0x0870      	MOVF       R0, 0
0x025B	0x00CD      	MOVWF      main_DecimalT_L0
;HumidityandTemperature.c,101 :: 		if (!overflow){;
0x025C	0x0835      	MOVF       _overflow, 0
0x025D	0x1D03      	BTFSS      STATUS, 2
0x025E	0x2ACB      	GOTO       L_main35
;HumidityandTemperature.c,103 :: 		Lcd_Out(1,1,"HMTY=    ");
0x025F	0x3001      	MOVLW      1
0x0260	0x00CE      	MOVWF      FARG_Lcd_Out_row
0x0261	0x3001      	MOVLW      1
0x0262	0x00CF      	MOVWF      FARG_Lcd_Out_column
0x0263	0x3036      	MOVLW      ?lstr1_HumidityandTemperature
0x0264	0x00D0      	MOVWF      FARG_Lcd_Out_text
0x0265	0x2142      	CALL       _Lcd_Out
;HumidityandTemperature.c,104 :: 		Lcd_Out(2,1,"TEMP=    ");
0x0266	0x3002      	MOVLW      2
0x0267	0x00CE      	MOVWF      FARG_Lcd_Out_row
0x0268	0x3001      	MOVLW      1
0x0269	0x00CF      	MOVWF      FARG_Lcd_Out_column
0x026A	0x302B      	MOVLW      ?lstr2_HumidityandTemperature
0x026B	0x00D0      	MOVWF      FARG_Lcd_Out_text
0x026C	0x2142      	CALL       _Lcd_Out
;HumidityandTemperature.c,106 :: 		ByteTostr(IntegralRH,TXT);
0x026D	0x084A      	MOVF       main_IntegralRH_L0, 0
0x026E	0x00CE      	MOVWF      FARG_ByteToStr_input
0x026F	0x3046      	MOVLW      main_TXT_L0
0x0270	0x00CF      	MOVWF      FARG_ByteToStr_output
0x0271	0x208F      	CALL       _ByteToStr
;HumidityandTemperature.c,107 :: 		pnt=ltrim(TXT);                                                 // Remove os espaços a esqueda
0x0272	0x3046      	MOVLW      main_TXT_L0
0x0273	0x00CE      	MOVWF      FARG_Ltrim_string
0x0274	0x2196      	CALL       _Ltrim
;HumidityandTemperature.c,108 :: 		Lcd_Out(1,6,pnt);
0x0275	0x3001      	MOVLW      1
0x0276	0x00CE      	MOVWF      FARG_Lcd_Out_row
0x0277	0x3006      	MOVLW      6
0x0278	0x00CF      	MOVWF      FARG_Lcd_Out_column
0x0279	0x0870      	MOVF       R0, 0
0x027A	0x00D0      	MOVWF      FARG_Lcd_Out_text
0x027B	0x2142      	CALL       _Lcd_Out
;HumidityandTemperature.c,109 :: 		Lcd_Out(1,8,".");
0x027C	0x3001      	MOVLW      1
0x027D	0x00CE      	MOVWF      FARG_Lcd_Out_row
0x027E	0x3008      	MOVLW      8
0x027F	0x00CF      	MOVWF      FARG_Lcd_Out_column
0x0280	0x3022      	MOVLW      ?lstr3_HumidityandTemperature
0x0281	0x00D0      	MOVWF      FARG_Lcd_Out_text
0x0282	0x2142      	CALL       _Lcd_Out
;HumidityandTemperature.c,110 :: 		ByteTostr(DecimalRH,TXT);
0x0283	0x084B      	MOVF       main_DecimalRH_L0, 0
0x0284	0x00CE      	MOVWF      FARG_ByteToStr_input
0x0285	0x3046      	MOVLW      main_TXT_L0
0x0286	0x00CF      	MOVWF      FARG_ByteToStr_output
0x0287	0x208F      	CALL       _ByteToStr
;HumidityandTemperature.c,111 :: 		pnt=ltrim(TXT);                                                 // Remove os espaços a esqueda
0x0288	0x3046      	MOVLW      main_TXT_L0
0x0289	0x00CE      	MOVWF      FARG_Ltrim_string
0x028A	0x2196      	CALL       _Ltrim
;HumidityandTemperature.c,112 :: 		Lcd_Out(1,9,pnt);
0x028B	0x3001      	MOVLW      1
0x028C	0x00CE      	MOVWF      FARG_Lcd_Out_row
0x028D	0x3009      	MOVLW      9
0x028E	0x00CF      	MOVWF      FARG_Lcd_Out_column
0x028F	0x0870      	MOVF       R0, 0
0x0290	0x00D0      	MOVWF      FARG_Lcd_Out_text
0x0291	0x2142      	CALL       _Lcd_Out
;HumidityandTemperature.c,113 :: 		Lcd_Out(1,10,"%");
0x0292	0x3001      	MOVLW      1
0x0293	0x00CE      	MOVWF      FARG_Lcd_Out_row
0x0294	0x300A      	MOVLW      10
0x0295	0x00CF      	MOVWF      FARG_Lcd_Out_column
0x0296	0x3020      	MOVLW      ?lstr4_HumidityandTemperature
0x0297	0x00D0      	MOVWF      FARG_Lcd_Out_text
0x0298	0x2142      	CALL       _Lcd_Out
;HumidityandTemperature.c,116 :: 		ByteTostr(IntegralT,TXT);
0x0299	0x084C      	MOVF       main_IntegralT_L0, 0
0x029A	0x00CE      	MOVWF      FARG_ByteToStr_input
0x029B	0x3046      	MOVLW      main_TXT_L0
0x029C	0x00CF      	MOVWF      FARG_ByteToStr_output
0x029D	0x208F      	CALL       _ByteToStr
;HumidityandTemperature.c,117 :: 		pnt=ltrim(TXT);                                                 // Remove os espaços a esqueda
0x029E	0x3046      	MOVLW      main_TXT_L0
0x029F	0x00CE      	MOVWF      FARG_Ltrim_string
0x02A0	0x2196      	CALL       _Ltrim
;HumidityandTemperature.c,118 :: 		Lcd_Out(2,6,pnt);
0x02A1	0x3002      	MOVLW      2
0x02A2	0x00CE      	MOVWF      FARG_Lcd_Out_row
0x02A3	0x3006      	MOVLW      6
0x02A4	0x00CF      	MOVWF      FARG_Lcd_Out_column
0x02A5	0x0870      	MOVF       R0, 0
0x02A6	0x00D0      	MOVWF      FARG_Lcd_Out_text
0x02A7	0x2142      	CALL       _Lcd_Out
;HumidityandTemperature.c,119 :: 		Lcd_Out(2,8,".");
0x02A8	0x3002      	MOVLW      2
0x02A9	0x00CE      	MOVWF      FARG_Lcd_Out_row
0x02AA	0x3008      	MOVLW      8
0x02AB	0x00CF      	MOVWF      FARG_Lcd_Out_column
0x02AC	0x3024      	MOVLW      ?lstr5_HumidityandTemperature
0x02AD	0x00D0      	MOVWF      FARG_Lcd_Out_text
0x02AE	0x2142      	CALL       _Lcd_Out
;HumidityandTemperature.c,120 :: 		ByteTostr(DecimalT,TXT);
0x02AF	0x084D      	MOVF       main_DecimalT_L0, 0
0x02B0	0x00CE      	MOVWF      FARG_ByteToStr_input
0x02B1	0x3046      	MOVLW      main_TXT_L0
0x02B2	0x00CF      	MOVWF      FARG_ByteToStr_output
0x02B3	0x208F      	CALL       _ByteToStr
;HumidityandTemperature.c,121 :: 		pnt=ltrim(TXT);                                                 // Remove os espaços a esqueda
0x02B4	0x3046      	MOVLW      main_TXT_L0
0x02B5	0x00CE      	MOVWF      FARG_Ltrim_string
0x02B6	0x2196      	CALL       _Ltrim
;HumidityandTemperature.c,122 :: 		Lcd_Out(2,9,pnt);
0x02B7	0x3002      	MOVLW      2
0x02B8	0x00CE      	MOVWF      FARG_Lcd_Out_row
0x02B9	0x3009      	MOVLW      9
0x02BA	0x00CF      	MOVWF      FARG_Lcd_Out_column
0x02BB	0x0870      	MOVF       R0, 0
0x02BC	0x00D0      	MOVWF      FARG_Lcd_Out_text
0x02BD	0x2142      	CALL       _Lcd_Out
;HumidityandTemperature.c,123 :: 		TXT[0]=0b11011111;                                              // Símbolo º
0x02BE	0x30DF      	MOVLW      223
0x02BF	0x00C6      	MOVWF      main_TXT_L0
;HumidityandTemperature.c,124 :: 		TXT[1]='C';
0x02C0	0x3043      	MOVLW      67
0x02C1	0x00C7      	MOVWF      main_TXT_L0+1
;HumidityandTemperature.c,125 :: 		TXT[2]=' ';
0x02C2	0x3020      	MOVLW      32
0x02C3	0x00C8      	MOVWF      main_TXT_L0+2
;HumidityandTemperature.c,126 :: 		Lcd_Out(2,10,TXT);
0x02C4	0x3002      	MOVLW      2
0x02C5	0x00CE      	MOVWF      FARG_Lcd_Out_row
0x02C6	0x300A      	MOVLW      10
0x02C7	0x00CF      	MOVWF      FARG_Lcd_Out_column
0x02C8	0x3046      	MOVLW      main_TXT_L0
0x02C9	0x00D0      	MOVWF      FARG_Lcd_Out_text
0x02CA	0x2142      	CALL       _Lcd_Out
;HumidityandTemperature.c,127 :: 		}
L_main35:
;HumidityandTemperature.c,128 :: 		}
L_main34:
;HumidityandTemperature.c,129 :: 		if (overflow){                                                          // Se ocorreu overflow do timer, resposta do sensor interrompida ou não recebida
0x02CB	0x0835      	MOVF       _overflow, 0
0x02CC	0x1903      	BTFSC      STATUS, 2
0x02CD	0x2AD8      	GOTO       L_main36
;HumidityandTemperature.c,130 :: 		Lcd_Cmd(_LCD_CLEAR);                                                    // Limpa o display LCD
0x02CE	0x3001      	MOVLW      1
0x02CF	0x00D3      	MOVWF      FARG_Lcd_Cmd_out_char
0x02D0	0x202F      	CALL       _Lcd_Cmd
;HumidityandTemperature.c,131 :: 		Lcd_Out(1,1,"ERRO");
0x02D1	0x3001      	MOVLW      1
0x02D2	0x00CE      	MOVWF      FARG_Lcd_Out_row
0x02D3	0x3001      	MOVLW      1
0x02D4	0x00CF      	MOVWF      FARG_Lcd_Out_column
0x02D5	0x3026      	MOVLW      ?lstr6_HumidityandTemperature
0x02D6	0x00D0      	MOVWF      FARG_Lcd_Out_text
0x02D7	0x2142      	CALL       _Lcd_Out
;HumidityandTemperature.c,133 :: 		}
L_main36:
;HumidityandTemperature.c,134 :: 		overflow=0;                                                             // Reseta variável que indica que ocorreu overflow para realizar uma nova tentativa de comunicação
0x02D8	0x01B5      	CLRF       _overflow
;HumidityandTemperature.c,135 :: 		delay_ms(1500);                                                         // Delay necessário para o sensor coletar uma nova amostra
0x02D9	0x3027      	MOVLW      39
0x02DA	0x00FB      	MOVWF      R11
0x02DB	0x300D      	MOVLW      13
0x02DC	0x00FC      	MOVWF      R12
0x02DD	0x3026      	MOVLW      38
0x02DE	0x00FD      	MOVWF      R13
L_main37:
0x02DF	0x0BFD      	DECFSZ     R13, 1
0x02E0	0x2ADF      	GOTO       L_main37
0x02E1	0x0BFC      	DECFSZ     R12, 1
0x02E2	0x2ADF      	GOTO       L_main37
0x02E3	0x0BFB      	DECFSZ     R11, 1
0x02E4	0x2ADF      	GOTO       L_main37
0x02E5	0x0000      	NOP
;HumidityandTemperature.c,137 :: 		}
0x02E6	0x2A4B      	GOTO       L_main31
;HumidityandTemperature.c,139 :: 		}
L_end_main:
0x02E7	0x2AE7      	GOTO       $+0
; end of _main
Symbol List:
//** Routines locations **
//ADDRESS    SIZE    PROCEDURE
//----------------------------------------------
0x0004      [17]    _interrupt
0x0015       [6]    _Delay_1us
0x001B      [13]    _Delay_5500us
0x0028       [7]    _Delay_50us
0x002F      [64]    _Lcd_Cmd
0x006F      [17]    _Div_8X8_U
0x0080       [8]    _Lcd_Chr_CP
0x0088       [7]    _____DoICP
0x008F      [50]    _ByteToStr
0x00C1      [78]    _Lcd_Init
0x010F      [51]    _ReadByteDHT
0x0142      [64]    _Lcd_Out
0x0182      [20]    _WakeUpDHT
0x0196      [44]    _Ltrim
0x01C2      [12]    ___CC2DW
0x01CE      [33]    _DHTcheck
0x01EF     [249]    _main
//** Variables locations ** 
//ADDRESS    SIZE    VARIABLE
//----------------------------------------------
0x0000       [1]    INDF
0x0002       [1]    PCL
0x0003       [1]    STATUS
0x0004       [1]    FSR
0x0006       [0]    RB0_bit
0x0006       [0]    RB1_bit
0x0006       [0]    LCD_D5
0x0006       [0]    LCD_D6
0x0006       [0]    LCD_D4
0x0006       [0]    LCD_RS
0x0006       [0]    LCD_EN
0x0006       [0]    RB5_bit
0x0006       [0]    RB4_bit
0x0006       [0]    RB3_bit
0x0006       [0]    RB2_bit
0x0006       [0]    LCD_D7
0x0008       [0]    RD2_bit
0x0008       [0]    DHT_pin
0x000A       [1]    PCLATH
0x000B       [1]    INTCON
0x000C       [1]    PIR1
0x0011       [1]    TMR2
0x0012       [1]    T2CON
0x0020       [2]    ?lstr4_HumidityandTemperature
0x0022       [2]    ?lstr3_HumidityandTemperature
0x0024       [2]    ?lstr5_HumidityandTemperature
0x0026       [5]    ?lstr6_HumidityandTemperature
0x002B      [10]    ?lstr2_HumidityandTemperature
0x0035       [1]    _overflow
0x0036      [10]    ?lstr1_HumidityandTemperature
0x0040       [2]    ___DoICPAddr
0x0042       [0]    __Lib_Lcd_cmd_status
0x0043       [1]    _buffer
0x0044       [1]    ___saveSTATUS
0x0045       [1]    ___savePCLATH
0x0046       [4]    main_TXT_L0
0x004A       [1]    main_IntegralRH_L0
0x004B       [1]    main_DecimalRH_L0
0x004C       [1]    main_IntegralT_L0
0x004D       [1]    main_DecimalT_L0
0x004E       [1]    FARG_Ltrim_string
0x004E       [1]    FARG_ByteToStr_input
0x004E       [1]    FARG_Lcd_Out_row
0x004F       [2]    Ltrim_trimmed_L0
0x004F       [1]    FARG_Lcd_Out_column
0x004F       [1]    FARG_ByteToStr_output
0x0050       [1]    ByteToStr_DigitPos_L0
0x0050       [1]    FARG_Lcd_Out_text
0x0051       [1]    Lcd_Out_i_L0
0x0051       [1]    FLOC__ByteToStr
0x0052       [1]    FARG_Lcd_Chr_CP_out_char
0x0053       [1]    FARG_Lcd_Cmd_out_char
0x0070       [1]    R0
0x0071       [1]    R1
0x0072       [1]    R2
0x0073       [1]    R3
0x0074       [1]    R4
0x0075       [1]    R5
0x0076       [1]    R6
0x0077       [1]    R7
0x0078       [1]    R8
0x0079       [1]    R9
0x007A       [1]    R10
0x007B       [1]    R11
0x007C       [1]    R12
0x007D       [1]    R13
0x007E       [1]    R14
0x007F       [1]    R15
0x0086       [0]    TRISB3_bit
0x0086       [0]    LCD_D6_Direction
0x0086       [0]    LCD_RS_Direction
0x0086       [0]    LCD_D4_Direction
0x0086       [0]    TRISB5_bit
0x0086       [0]    LCD_D5_Direction
0x0086       [0]    TRISB4_bit
0x0086       [0]    TRISB2_bit
0x0086       [0]    LCD_EN_Direction
0x0086       [0]    LCD_D7_Direction
0x0086       [0]    TRISB0_bit
0x0086       [0]    TRISB1_bit
0x0088       [0]    DHT_Direction
0x0088       [0]    TRISD2_bit
0x008C       [1]    PIE1
0x0092       [1]    PR2
0x009F       [1]    ADCON1
