;  LST file generated by mikroListExporter - v.2.0 
; Date/Time: 26/04/2019 20:36:27
;----------------------------------------------

;Address Opcode 	ASM
0x0000	0xF000EF0E  	GOTO        28
0x0004	0x0000      	NOP
0x0006	0x0000      	NOP
0x0008	0xF000EF00  	GOTO        0
0x000C	0x0000      	NOP
0x000E	0x0000      	NOP
0x0010	0x0000      	NOP
0x0012	0x0000      	NOP
0x0014	0x0000      	NOP
0x0016	0x0000      	NOP
0x0018	0xD7F3      	BRA         0
_main:
;logicprobe.c,6 :: 		void main() {
;logicprobe.c,7 :: 		TRISD.RD0 = 1;    //PROBE1 é INPUT
0x001C	0x8095      	BSF         TRISD, 0 
;logicprobe.c,8 :: 		TRISA.RA0 = 1;    //PROBE2 é INPUT
0x001E	0x8092      	BSF         TRISA, 0 
;logicprobe.c,9 :: 		TRISB.RB0 = 0;    //RED_LED é OUTPUT
0x0020	0x9093      	BCF         TRISB, 0 
;logicprobe.c,10 :: 		TRISB.RB1 = 0;    //GREEN_LED é OUTPUT
0x0022	0x9293      	BCF         TRISB, 1 
;logicprobe.c,11 :: 		for (;;){
L_main0:
;logicprobe.c,12 :: 		if  (PROBE1==0 && PROBE2==0){
0x0024	0xB083      	BTFSC       PORTD, 0 
0x0026	0xD005      	BRA         L_main5
0x0028	0xB080      	BTFSC       PORTA, 0 
0x002A	0xD003      	BRA         L_main5
L__main12:
;logicprobe.c,13 :: 		RED_LED=1;
0x002C	0x8081      	BSF         PORTB, 0 
;logicprobe.c,14 :: 		GREEN_LED=0;
0x002E	0x9281      	BCF         PORTB, 1 
;logicprobe.c,15 :: 		}
0x0030	0xD009      	BRA         L_main6
L_main5:
;logicprobe.c,16 :: 		else if  (PROBE1==1 && PROBE2==1){
0x0032	0xA083      	BTFSS       PORTD, 0 
0x0034	0xD005      	BRA         L_main9
0x0036	0xA080      	BTFSS       PORTA, 0 
0x0038	0xD003      	BRA         L_main9
L__main11:
;logicprobe.c,17 :: 		RED_LED=0;
0x003A	0x9081      	BCF         PORTB, 0 
;logicprobe.c,18 :: 		GREEN_LED=1;
0x003C	0x8281      	BSF         PORTB, 1 
;logicprobe.c,19 :: 		}
0x003E	0xD002      	BRA         L_main10
L_main9:
;logicprobe.c,21 :: 		RED_LED=0;
0x0040	0x9081      	BCF         PORTB, 0 
;logicprobe.c,22 :: 		GREEN_LED=0;
0x0042	0x9281      	BCF         PORTB, 1 
;logicprobe.c,23 :: 		}
L_main10:
L_main6:
;logicprobe.c,24 :: 		}
0x0044	0xD7EF      	BRA         L_main0
;logicprobe.c,25 :: 		}
L_end_main:
0x0046	0xD7FF      	BRA         $+0
; end of _main
Symbol List:
//** Routines locations **
//ADDRESS    SIZE    PROCEDURE
//----------------------------------------------
0x001C      [44]    _main
//** Variables locations ** 
//ADDRESS    SIZE    VARIABLE
//----------------------------------------------
0x0000       [1]    R0
0x0001       [1]    R1
0x0002       [1]    R2
0x0003       [1]    R3
0x0004       [1]    R4
0x0005       [1]    R5
0x0006       [1]    R6
0x0007       [1]    R7
0x0008       [1]    R8
0x0009       [1]    R9
0x000A       [1]    R10
0x000B       [1]    R11
0x000C       [1]    R12
0x000D       [1]    R13
0x000E       [1]    R14
0x000F       [1]    R15
0x0010       [1]    R16
0x0011       [1]    R17
0x0012       [1]    R18
0x0013       [1]    R19
0x0014       [1]    R20
0x0F80       [1]    PORTA
0x0F81       [1]    PORTB
0x0F83       [1]    PORTD
0x0F92       [1]    TRISA
0x0F93       [1]    TRISB
0x0F95       [1]    TRISD
0x0FD8       [1]    STATUS
0x0FD9       [1]    FSR2L
0x0FDA       [1]    FSR2H
0x0FDE       [1]    POSTINC2
0x0FE0       [1]    BSR
0x0FE1       [1]    FSR1L
0x0FE2       [1]    FSR1H
0x0FE4       [1]    PREINC1
0x0FE6       [1]    POSTINC1
0x0FE7       [1]    INDF1
0x0FE8       [1]    WREG
0x0FE9       [1]    FSR0L
0x0FEA       [1]    FSR0H
0x0FEE       [1]    POSTINC0
0x0FF3       [1]    PRODL
0x0FF4       [1]    PRODH
0x0FF5       [1]    TABLAT
0x0FF6       [1]    TBLPTRL
0x0FF7       [1]    TBLPTRH
0x0FF8       [1]    TBLPTRU
